ARM GAS  C:\Users\sepp2\AppData\Local\Temp\ccC8rRpH.s 			page 1


   1              		.syntax unified
   2              		.cpu cortex-m3
   3              		.fpu softvfp
   4              		.eabi_attribute 20, 1
   5              		.eabi_attribute 21, 1
   6              		.eabi_attribute 23, 3
   7              		.eabi_attribute 24, 1
   8              		.eabi_attribute 25, 1
   9              		.eabi_attribute 26, 1
  10              		.eabi_attribute 30, 1
  11              		.eabi_attribute 34, 1
  12              		.eabi_attribute 18, 4
  13              		.thumb
  14              		.syntax unified
  15              		.file	"cymetadata.c"
  16              		.text
  17              	.Ltext0:
  18              		.cfi_sections	.debug_frame
  19              		.global	cy_metadata
  20              		.global	cy_meta_flashprotect
  21              		.global	cy_meta_wonvl
  22              		.global	cy_meta_custnvl
  23              		.global	cy_meta_configecc
  24              		.section	.cyconfigecc,"a",%progbits
  25              		.align	2
  26              		.type	cy_meta_configecc, %object
  27              		.size	cy_meta_configecc, 228
  28              	cy_meta_configecc:
  29 0000 04       		.byte	4
  30 0001 5A       		.byte	90
  31 0002 00       		.byte	0
  32 0003 40       		.byte	64
  33 0004 01       		.byte	1
  34 0005 03       		.byte	3
  35 0006 01       		.byte	1
  36 0007 40       		.byte	64
  37 0008 01       		.byte	1
  38 0009 05       		.byte	5
  39 000a 01       		.byte	1
  40 000b 40       		.byte	64
  41 000c 01       		.byte	1
  42 000d 0B       		.byte	11
  43 000e 01       		.byte	1
  44 000f 40       		.byte	64
  45 0010 01       		.byte	1
  46 0011 0D       		.byte	13
  47 0012 01       		.byte	1
  48 0013 40       		.byte	64
  49 0014 02       		.byte	2
  50 0015 15       		.byte	21
  51 0016 01       		.byte	1
  52 0017 40       		.byte	64
  53 0018 02       		.byte	2
  54 0019 1B       		.byte	27
  55 001a 01       		.byte	1
  56 001b 40       		.byte	64
  57 001c 03       		.byte	3
ARM GAS  C:\Users\sepp2\AppData\Local\Temp\ccC8rRpH.s 			page 2


  58 001d 40       		.byte	64
  59 001e 01       		.byte	1
  60 001f 40       		.byte	64
  61 0020 08       		.byte	8
  62 0021 41       		.byte	65
  63 0022 01       		.byte	1
  64 0023 40       		.byte	64
  65 0024 05       		.byte	5
  66 0025 42       		.byte	66
  67 0026 01       		.byte	1
  68 0027 40       		.byte	64
  69 0028 03       		.byte	3
  70 0029 43       		.byte	67
  71 002a 01       		.byte	1
  72 002b 40       		.byte	64
  73 002c 02       		.byte	2
  74 002d 44       		.byte	68
  75 002e 01       		.byte	1
  76 002f 40       		.byte	64
  77 0030 04       		.byte	4
  78 0031 45       		.byte	69
  79 0032 01       		.byte	1
  80 0033 40       		.byte	64
  81 0034 03       		.byte	3
  82 0035 46       		.byte	70
  83 0036 01       		.byte	1
  84 0037 40       		.byte	64
  85 0038 03       		.byte	3
  86 0039 47       		.byte	71
  87 003a 01       		.byte	1
  88 003b 40       		.byte	64
  89 003c 07       		.byte	7
  90 003d 48       		.byte	72
  91 003e 01       		.byte	1
  92 003f 40       		.byte	64
  93 0040 07       		.byte	7
  94 0041 49       		.byte	73
  95 0042 01       		.byte	1
  96 0043 40       		.byte	64
  97 0044 02       		.byte	2
  98 0045 4C       		.byte	76
  99 0046 01       		.byte	1
 100 0047 40       		.byte	64
 101 0048 04       		.byte	4
 102 0049 4D       		.byte	77
 103 004a 01       		.byte	1
 104 004b 40       		.byte	64
 105 004c 02       		.byte	2
 106 004d 51       		.byte	81
 107 004e 01       		.byte	1
 108 004f 40       		.byte	64
 109 0050 87       		.byte	-121
 110 0051 01       		.byte	1
 111 0052 8F       		.byte	-113
 112 0053 01       		.byte	1
 113 0054 97       		.byte	-105
 114 0055 01       		.byte	1
ARM GAS  C:\Users\sepp2\AppData\Local\Temp\ccC8rRpH.s 			page 3


 115 0056 9F       		.byte	-97
 116 0057 01       		.byte	1
 117 0058 EC       		.byte	-20
 118 0059 80       		.byte	-128
 119 005a EC       		.byte	-20
 120 005b 01       		.byte	1
 121 005c EC       		.byte	-20
 122 005d 01       		.byte	1
 123 005e EC       		.byte	-20
 124 005f 80       		.byte	-128
 125 0060 E4       		.byte	-28
 126 0061 04       		.byte	4
 127 0062 EC       		.byte	-20
 128 0063 40       		.byte	64
 129 0064 E4       		.byte	-28
 130 0065 04       		.byte	4
 131 0066 EC       		.byte	-20
 132 0067 40       		.byte	64
 133 0068 3D       		.byte	61
 134 0069 80       		.byte	-128
 135 006a 3E       		.byte	62
 136 006b 04       		.byte	4
 137 006c CE       		.byte	-50
 138 006d A0       		.byte	-96
 139 006e 3D       		.byte	61
 140 006f 02       		.byte	2
 141 0070 3E       		.byte	62
 142 0071 20       		.byte	32
 143 0072 3F       		.byte	63
 144 0073 40       		.byte	64
 145 0074 96       		.byte	-106
 146 0075 04       		.byte	4
 147 0076 9E       		.byte	-98
 148 0077 20       		.byte	32
 149 0078 A5       		.byte	-91
 150 0079 40       		.byte	64
 151 007a B2       		.byte	-78
 152 007b 20       		.byte	32
 153 007c CE       		.byte	-50
 154 007d A0       		.byte	-96
 155 007e 96       		.byte	-106
 156 007f 04       		.byte	4
 157 0080 97       		.byte	-105
 158 0081 40       		.byte	64
 159 0082 A5       		.byte	-91
 160 0083 41       		.byte	65
 161 0084 A9       		.byte	-87
 162 0085 01       		.byte	1
 163 0086 EC       		.byte	-20
 164 0087 80       		.byte	-128
 165 0088 96       		.byte	-106
 166 0089 04       		.byte	4
 167 008a 97       		.byte	-105
 168 008b 40       		.byte	64
 169 008c A5       		.byte	-91
 170 008d 41       		.byte	65
 171 008e 30       		.byte	48
ARM GAS  C:\Users\sepp2\AppData\Local\Temp\ccC8rRpH.s 			page 4


 172 008f 80       		.byte	-128
 173 0090 CC       		.byte	-52
 174 0091 08       		.byte	8
 175 0092 31       		.byte	49
 176 0093 80       		.byte	-128
 177 0094 B0       		.byte	-80
 178 0095 80       		.byte	-128
 179 0096 CC       		.byte	-52
 180 0097 08       		.byte	8
 181 0098 EC       		.byte	-20
 182 0099 01       		.byte	1
 183 009a 32       		.byte	50
 184 009b 10       		.byte	16
 185 009c A9       		.byte	-87
 186 009d 80       		.byte	-128
 187 009e CC       		.byte	-52
 188 009f 08       		.byte	8
 189 00a0 31       		.byte	49
 190 00a1 20       		.byte	32
 191 00a2 96       		.byte	-106
 192 00a3 20       		.byte	32
 193 00a4 CC       		.byte	-52
 194 00a5 08       		.byte	8
 195 00a6 23       		.byte	35
 196 00a7 40       		.byte	64
 197 00a8 25       		.byte	37
 198 00a9 41       		.byte	65
 199 00aa 27       		.byte	39
 200 00ab 08       		.byte	8
 201 00ac 96       		.byte	-106
 202 00ad 04       		.byte	4
 203 00ae 97       		.byte	-105
 204 00af 40       		.byte	64
 205 00b0 A5       		.byte	-91
 206 00b1 41       		.byte	65
 207 00b2 C8       		.byte	-56
 208 00b3 E0       		.byte	-32
 209 00b4 1A       		.byte	26
 210 00b5 04       		.byte	4
 211 00b6 1B       		.byte	27
 212 00b7 20       		.byte	32
 213 00b8 83       		.byte	-125
 214 00b9 20       		.byte	32
 215 00ba 96       		.byte	-106
 216 00bb 04       		.byte	4
 217 00bc B7       		.byte	-73
 218 00bd 08       		.byte	8
 219 00be C6       		.byte	-58
 220 00bf 40       		.byte	64
 221 00c0 E4       		.byte	-28
 222 00c1 20       		.byte	32
 223 00c2 96       		.byte	-106
 224 00c3 20       		.byte	32
 225 00c4 A5       		.byte	-91
 226 00c5 20       		.byte	32
 227 00c6 82       		.byte	-126
 228 00c7 10       		.byte	16
ARM GAS  C:\Users\sepp2\AppData\Local\Temp\ccC8rRpH.s 			page 5


 229 00c8 96       		.byte	-106
 230 00c9 20       		.byte	32
 231 00ca B5       		.byte	-75
 232 00cb 20       		.byte	32
 233 00cc EC       		.byte	-20
 234 00cd 02       		.byte	2
 235 00ce 10       		.byte	16
 236 00cf 22       		.byte	34
 237 00d0 11       		.byte	17
 238 00d1 22       		.byte	34
 239 00d2 00       		.byte	0
 240 00d3 00       		.byte	0
 241 00d4 00       		.byte	0
 242 00d5 00       		.byte	0
 243 00d6 00       		.byte	0
 244 00d7 00       		.byte	0
 245 00d8 00       		.byte	0
 246 00d9 00       		.byte	0
 247 00da 03       		.byte	3
 248 00db 00       		.byte	0
 249 00dc 00       		.byte	0
 250 00dd 0B       		.byte	11
 251 00de 0B       		.byte	11
 252 00df 00       		.byte	0
 253 00e0 00       		.byte	0
 254 00e1 00       		.byte	0
 255 00e2 00       		.byte	0
 256 00e3 00       		.byte	0
 257              		.section	.cywolatch,"a",%progbits
 258              		.align	2
 259              		.type	cy_meta_wonvl, %object
 260              		.size	cy_meta_wonvl, 4
 261              	cy_meta_wonvl:
 262 0000 BC       		.byte	-68
 263 0001 90       		.byte	-112
 264 0002 AC       		.byte	-84
 265 0003 AF       		.byte	-81
 266              		.section	.cycustnvl,"a",%progbits
 267              		.align	2
 268              		.type	cy_meta_custnvl, %object
 269              		.size	cy_meta_custnvl, 4
 270              	cy_meta_custnvl:
 271 0000 00       		.byte	0
 272 0001 00       		.byte	0
 273 0002 40       		.byte	64
 274 0003 05       		.byte	5
 275              		.section	.cymeta,"a",%progbits
 276              		.align	2
 277              		.type	cy_metadata, %object
 278              		.size	cy_metadata, 12
 279              	cy_metadata:
 280 0000 00       		.byte	0
 281 0001 01       		.byte	1
 282 0002 2E       		.byte	46
 283 0003 16       		.byte	22
 284 0004 10       		.byte	16
 285 0005 69       		.byte	105
ARM GAS  C:\Users\sepp2\AppData\Local\Temp\ccC8rRpH.s 			page 6


 286 0006 00       		.byte	0
 287 0007 01       		.byte	1
 288 0008 00       		.byte	0
 289 0009 00       		.byte	0
 290 000a 00       		.byte	0
 291 000b 00       		.byte	0
 292              		.section	.cyflashprotect,"a",%progbits
 293              		.align	2
 294              		.type	cy_meta_flashprotect, %object
 295              		.size	cy_meta_flashprotect, 256
 296              	cy_meta_flashprotect:
 297 0000 00000000 		.space	256
 297      00000000 
 297      00000000 
 297      00000000 
 297      00000000 
 298              		.text
 299              	.Letext0:
 300              		.file 1 "c:\\program files (x86)\\cypress\\psoc creator\\4.4\\psoc creator\\import\\gnu\\arm\\5.4.
 301              		.file 2 "c:\\program files (x86)\\cypress\\psoc creator\\4.4\\psoc creator\\import\\gnu\\arm\\5.4.
 302              		.file 3 "Generated_Source\\PSoC5\\cymetadata.c"
 303              		.section	.debug_info,"",%progbits
 304              	.Ldebug_info0:
 305 0000 30010000 		.4byte	0x130
 306 0004 0400     		.2byte	0x4
 307 0006 00000000 		.4byte	.Ldebug_abbrev0
 308 000a 04       		.byte	0x4
 309 000b 01       		.uleb128 0x1
 310 000c 24000000 		.4byte	.LASF17
 311 0010 0C       		.byte	0xc
 312 0011 D4010000 		.4byte	.LASF18
 313 0015 3A010000 		.4byte	.LASF19
 314 0019 00000000 		.4byte	.Ldebug_line0
 315 001d 02       		.uleb128 0x2
 316 001e 01       		.byte	0x1
 317 001f 06       		.byte	0x6
 318 0020 C8010000 		.4byte	.LASF0
 319 0024 03       		.uleb128 0x3
 320 0025 00000000 		.4byte	.LASF9
 321 0029 01       		.byte	0x1
 322 002a 1D       		.byte	0x1d
 323 002b 2F000000 		.4byte	0x2f
 324 002f 02       		.uleb128 0x2
 325 0030 01       		.byte	0x1
 326 0031 08       		.byte	0x8
 327 0032 16000000 		.4byte	.LASF1
 328 0036 02       		.uleb128 0x2
 329 0037 02       		.byte	0x2
 330 0038 05       		.byte	0x5
 331 0039 B5010000 		.4byte	.LASF2
 332 003d 02       		.uleb128 0x2
 333 003e 02       		.byte	0x2
 334 003f 07       		.byte	0x7
 335 0040 C4000000 		.4byte	.LASF3
 336 0044 02       		.uleb128 0x2
 337 0045 04       		.byte	0x4
 338 0046 05       		.byte	0x5
ARM GAS  C:\Users\sepp2\AppData\Local\Temp\ccC8rRpH.s 			page 7


 339 0047 BF010000 		.4byte	.LASF4
 340 004b 02       		.uleb128 0x2
 341 004c 04       		.byte	0x4
 342 004d 07       		.byte	0x7
 343 004e B2000000 		.4byte	.LASF5
 344 0052 02       		.uleb128 0x2
 345 0053 08       		.byte	0x8
 346 0054 05       		.byte	0x5
 347 0055 A7010000 		.4byte	.LASF6
 348 0059 02       		.uleb128 0x2
 349 005a 08       		.byte	0x8
 350 005b 07       		.byte	0x7
 351 005c 06010000 		.4byte	.LASF7
 352 0060 04       		.uleb128 0x4
 353 0061 04       		.byte	0x4
 354 0062 05       		.byte	0x5
 355 0063 696E7400 		.ascii	"int\000"
 356 0067 02       		.uleb128 0x2
 357 0068 04       		.byte	0x4
 358 0069 07       		.byte	0x7
 359 006a F9000000 		.4byte	.LASF8
 360 006e 03       		.uleb128 0x3
 361 006f 1D010000 		.4byte	.LASF10
 362 0073 02       		.byte	0x2
 363 0074 18       		.byte	0x18
 364 0075 24000000 		.4byte	0x24
 365 0079 05       		.uleb128 0x5
 366 007a 90000000 		.4byte	0x90
 367 007e 89000000 		.4byte	0x89
 368 0082 06       		.uleb128 0x6
 369 0083 89000000 		.4byte	0x89
 370 0087 E3       		.byte	0xe3
 371 0088 00       		.byte	0
 372 0089 02       		.uleb128 0x2
 373 008a 04       		.byte	0x4
 374 008b 07       		.byte	0x7
 375 008c 9E010000 		.4byte	.LASF11
 376 0090 07       		.uleb128 0x7
 377 0091 6E000000 		.4byte	0x6e
 378 0095 08       		.uleb128 0x8
 379 0096 E7000000 		.4byte	.LASF12
 380 009a 03       		.byte	0x3
 381 009b 1F       		.byte	0x1f
 382 009c A6000000 		.4byte	0xa6
 383 00a0 05       		.uleb128 0x5
 384 00a1 03       		.byte	0x3
 385 00a2 00000000 		.4byte	cy_meta_configecc
 386 00a6 07       		.uleb128 0x7
 387 00a7 79000000 		.4byte	0x79
 388 00ab 05       		.uleb128 0x5
 389 00ac 90000000 		.4byte	0x90
 390 00b0 BB000000 		.4byte	0xbb
 391 00b4 06       		.uleb128 0x6
 392 00b5 89000000 		.4byte	0x89
 393 00b9 03       		.byte	0x3
 394 00ba 00       		.byte	0
 395 00bb 08       		.uleb128 0x8
ARM GAS  C:\Users\sepp2\AppData\Local\Temp\ccC8rRpH.s 			page 8


 396 00bc D7000000 		.4byte	.LASF13
 397 00c0 03       		.byte	0x3
 398 00c1 49       		.byte	0x49
 399 00c2 CC000000 		.4byte	0xcc
 400 00c6 05       		.uleb128 0x5
 401 00c7 03       		.byte	0x3
 402 00c8 00000000 		.4byte	cy_meta_custnvl
 403 00cc 07       		.uleb128 0x7
 404 00cd AB000000 		.4byte	0xab
 405 00d1 08       		.uleb128 0x8
 406 00d2 90010000 		.4byte	.LASF14
 407 00d6 03       		.byte	0x3
 408 00d7 57       		.byte	0x57
 409 00d8 E2000000 		.4byte	0xe2
 410 00dc 05       		.uleb128 0x5
 411 00dd 03       		.byte	0x3
 412 00de 00000000 		.4byte	cy_meta_wonvl
 413 00e2 07       		.uleb128 0x7
 414 00e3 AB000000 		.4byte	0xab
 415 00e7 05       		.uleb128 0x5
 416 00e8 90000000 		.4byte	0x90
 417 00ec F7000000 		.4byte	0xf7
 418 00f0 06       		.uleb128 0x6
 419 00f1 89000000 		.4byte	0x89
 420 00f5 FF       		.byte	0xff
 421 00f6 00       		.byte	0
 422 00f7 08       		.uleb128 0x8
 423 00f8 25010000 		.4byte	.LASF15
 424 00fc 03       		.byte	0x3
 425 00fd 65       		.byte	0x65
 426 00fe 08010000 		.4byte	0x108
 427 0102 05       		.uleb128 0x5
 428 0103 03       		.byte	0x3
 429 0104 00000000 		.4byte	cy_meta_flashprotect
 430 0108 07       		.uleb128 0x7
 431 0109 E7000000 		.4byte	0xe7
 432 010d 05       		.uleb128 0x5
 433 010e 90000000 		.4byte	0x90
 434 0112 1D010000 		.4byte	0x11d
 435 0116 06       		.uleb128 0x6
 436 0117 89000000 		.4byte	0x89
 437 011b 0B       		.byte	0xb
 438 011c 00       		.byte	0
 439 011d 08       		.uleb128 0x8
 440 011e 0A000000 		.4byte	.LASF16
 441 0122 03       		.byte	0x3
 442 0123 92       		.byte	0x92
 443 0124 2E010000 		.4byte	0x12e
 444 0128 05       		.uleb128 0x5
 445 0129 03       		.byte	0x3
 446 012a 00000000 		.4byte	cy_metadata
 447 012e 07       		.uleb128 0x7
 448 012f 0D010000 		.4byte	0x10d
 449 0133 00       		.byte	0
 450              		.section	.debug_abbrev,"",%progbits
 451              	.Ldebug_abbrev0:
 452 0000 01       		.uleb128 0x1
ARM GAS  C:\Users\sepp2\AppData\Local\Temp\ccC8rRpH.s 			page 9


 453 0001 11       		.uleb128 0x11
 454 0002 01       		.byte	0x1
 455 0003 25       		.uleb128 0x25
 456 0004 0E       		.uleb128 0xe
 457 0005 13       		.uleb128 0x13
 458 0006 0B       		.uleb128 0xb
 459 0007 03       		.uleb128 0x3
 460 0008 0E       		.uleb128 0xe
 461 0009 1B       		.uleb128 0x1b
 462 000a 0E       		.uleb128 0xe
 463 000b 10       		.uleb128 0x10
 464 000c 17       		.uleb128 0x17
 465 000d 00       		.byte	0
 466 000e 00       		.byte	0
 467 000f 02       		.uleb128 0x2
 468 0010 24       		.uleb128 0x24
 469 0011 00       		.byte	0
 470 0012 0B       		.uleb128 0xb
 471 0013 0B       		.uleb128 0xb
 472 0014 3E       		.uleb128 0x3e
 473 0015 0B       		.uleb128 0xb
 474 0016 03       		.uleb128 0x3
 475 0017 0E       		.uleb128 0xe
 476 0018 00       		.byte	0
 477 0019 00       		.byte	0
 478 001a 03       		.uleb128 0x3
 479 001b 16       		.uleb128 0x16
 480 001c 00       		.byte	0
 481 001d 03       		.uleb128 0x3
 482 001e 0E       		.uleb128 0xe
 483 001f 3A       		.uleb128 0x3a
 484 0020 0B       		.uleb128 0xb
 485 0021 3B       		.uleb128 0x3b
 486 0022 0B       		.uleb128 0xb
 487 0023 49       		.uleb128 0x49
 488 0024 13       		.uleb128 0x13
 489 0025 00       		.byte	0
 490 0026 00       		.byte	0
 491 0027 04       		.uleb128 0x4
 492 0028 24       		.uleb128 0x24
 493 0029 00       		.byte	0
 494 002a 0B       		.uleb128 0xb
 495 002b 0B       		.uleb128 0xb
 496 002c 3E       		.uleb128 0x3e
 497 002d 0B       		.uleb128 0xb
 498 002e 03       		.uleb128 0x3
 499 002f 08       		.uleb128 0x8
 500 0030 00       		.byte	0
 501 0031 00       		.byte	0
 502 0032 05       		.uleb128 0x5
 503 0033 01       		.uleb128 0x1
 504 0034 01       		.byte	0x1
 505 0035 49       		.uleb128 0x49
 506 0036 13       		.uleb128 0x13
 507 0037 01       		.uleb128 0x1
 508 0038 13       		.uleb128 0x13
 509 0039 00       		.byte	0
ARM GAS  C:\Users\sepp2\AppData\Local\Temp\ccC8rRpH.s 			page 10


 510 003a 00       		.byte	0
 511 003b 06       		.uleb128 0x6
 512 003c 21       		.uleb128 0x21
 513 003d 00       		.byte	0
 514 003e 49       		.uleb128 0x49
 515 003f 13       		.uleb128 0x13
 516 0040 2F       		.uleb128 0x2f
 517 0041 0B       		.uleb128 0xb
 518 0042 00       		.byte	0
 519 0043 00       		.byte	0
 520 0044 07       		.uleb128 0x7
 521 0045 26       		.uleb128 0x26
 522 0046 00       		.byte	0
 523 0047 49       		.uleb128 0x49
 524 0048 13       		.uleb128 0x13
 525 0049 00       		.byte	0
 526 004a 00       		.byte	0
 527 004b 08       		.uleb128 0x8
 528 004c 34       		.uleb128 0x34
 529 004d 00       		.byte	0
 530 004e 03       		.uleb128 0x3
 531 004f 0E       		.uleb128 0xe
 532 0050 3A       		.uleb128 0x3a
 533 0051 0B       		.uleb128 0xb
 534 0052 3B       		.uleb128 0x3b
 535 0053 0B       		.uleb128 0xb
 536 0054 49       		.uleb128 0x49
 537 0055 13       		.uleb128 0x13
 538 0056 3F       		.uleb128 0x3f
 539 0057 19       		.uleb128 0x19
 540 0058 02       		.uleb128 0x2
 541 0059 18       		.uleb128 0x18
 542 005a 00       		.byte	0
 543 005b 00       		.byte	0
 544 005c 00       		.byte	0
 545              		.section	.debug_aranges,"",%progbits
 546 0000 14000000 		.4byte	0x14
 547 0004 0200     		.2byte	0x2
 548 0006 00000000 		.4byte	.Ldebug_info0
 549 000a 04       		.byte	0x4
 550 000b 00       		.byte	0
 551 000c 0000     		.2byte	0
 552 000e 0000     		.2byte	0
 553 0010 00000000 		.4byte	0
 554 0014 00000000 		.4byte	0
 555              		.section	.debug_line,"",%progbits
 556              	.Ldebug_line0:
 557 0000 3D010000 		.section	.debug_str,"MS",%progbits,1
 557      02003701 
 557      00000201 
 557      FB0E0D00 
 557      01010101 
 558              	.LASF9:
 559 0000 5F5F7569 		.ascii	"__uint8_t\000"
 559      6E74385F 
 559      7400
 560              	.LASF16:
ARM GAS  C:\Users\sepp2\AppData\Local\Temp\ccC8rRpH.s 			page 11


 561 000a 63795F6D 		.ascii	"cy_metadata\000"
 561      65746164 
 561      61746100 
 562              	.LASF1:
 563 0016 756E7369 		.ascii	"unsigned char\000"
 563      676E6564 
 563      20636861 
 563      7200
 564              	.LASF17:
 565 0024 474E5520 		.ascii	"GNU C11 5.4.1 20160609 (release) [ARM/embedded-5-br"
 565      43313120 
 565      352E342E 
 565      31203230 
 565      31363036 
 566 0057 616E6368 		.ascii	"anch revision 237715] -mcpu=cortex-m3 -mthumb -g -O"
 566      20726576 
 566      6973696F 
 566      6E203233 
 566      37373135 
 567 008a 67202D66 		.ascii	"g -ffunction-sections -ffat-lto-objects\000"
 567      66756E63 
 567      74696F6E 
 567      2D736563 
 567      74696F6E 
 568              	.LASF5:
 569 00b2 6C6F6E67 		.ascii	"long unsigned int\000"
 569      20756E73 
 569      69676E65 
 569      6420696E 
 569      7400
 570              	.LASF3:
 571 00c4 73686F72 		.ascii	"short unsigned int\000"
 571      7420756E 
 571      7369676E 
 571      65642069 
 571      6E7400
 572              	.LASF13:
 573 00d7 63795F6D 		.ascii	"cy_meta_custnvl\000"
 573      6574615F 
 573      63757374 
 573      6E766C00 
 574              	.LASF12:
 575 00e7 63795F6D 		.ascii	"cy_meta_configecc\000"
 575      6574615F 
 575      636F6E66 
 575      69676563 
 575      6300
 576              	.LASF8:
 577 00f9 756E7369 		.ascii	"unsigned int\000"
 577      676E6564 
 577      20696E74 
 577      00
 578              	.LASF7:
 579 0106 6C6F6E67 		.ascii	"long long unsigned int\000"
 579      206C6F6E 
 579      6720756E 
 579      7369676E 
ARM GAS  C:\Users\sepp2\AppData\Local\Temp\ccC8rRpH.s 			page 12


 579      65642069 
 580              	.LASF10:
 581 011d 75696E74 		.ascii	"uint8_t\000"
 581      385F7400 
 582              	.LASF15:
 583 0125 63795F6D 		.ascii	"cy_meta_flashprotect\000"
 583      6574615F 
 583      666C6173 
 583      6870726F 
 583      74656374 
 584              	.LASF19:
 585 013a 433A5C55 		.ascii	"C:\\Users\\sepp2\\Desktop\\Schule\\DIC\\4BHEL\\In_B"
 585      73657273 
 585      5C736570 
 585      70325C44 
 585      65736B74 
 586 0166 65617262 		.ascii	"earbeitung\\PSOC\\Synthie\\Synthesizer.cydsn\000"
 586      65697475 
 586      6E675C50 
 586      534F435C 
 586      53796E74 
 587              	.LASF14:
 588 0190 63795F6D 		.ascii	"cy_meta_wonvl\000"
 588      6574615F 
 588      776F6E76 
 588      6C00
 589              	.LASF11:
 590 019e 73697A65 		.ascii	"sizetype\000"
 590      74797065 
 590      00
 591              	.LASF6:
 592 01a7 6C6F6E67 		.ascii	"long long int\000"
 592      206C6F6E 
 592      6720696E 
 592      7400
 593              	.LASF2:
 594 01b5 73686F72 		.ascii	"short int\000"
 594      7420696E 
 594      7400
 595              	.LASF4:
 596 01bf 6C6F6E67 		.ascii	"long int\000"
 596      20696E74 
 596      00
 597              	.LASF0:
 598 01c8 7369676E 		.ascii	"signed char\000"
 598      65642063 
 598      68617200 
 599              	.LASF18:
 600 01d4 47656E65 		.ascii	"Generated_Source\\PSoC5\\cymetadata.c\000"
 600      72617465 
 600      645F536F 
 600      75726365 
 600      5C50536F 
 601              		.ident	"GCC: (GNU Tools for ARM Embedded Processors) 5.4.1 20160609 (release) [ARM/embedded-5-bran
