ARM GAS  C:\Users\sepp2\AppData\Local\Temp\ccFZUYtL.s 			page 1


   1              		.syntax unified
   2              		.cpu cortex-m3
   3              		.fpu softvfp
   4              		.eabi_attribute 20, 1
   5              		.eabi_attribute 21, 1
   6              		.eabi_attribute 23, 3
   7              		.eabi_attribute 24, 1
   8              		.eabi_attribute 25, 1
   9              		.eabi_attribute 26, 1
  10              		.eabi_attribute 30, 1
  11              		.eabi_attribute 34, 1
  12              		.eabi_attribute 18, 4
  13              		.thumb
  14              		.syntax unified
  15              		.file	"Helpers.c"
  16              		.text
  17              	.Ltext0:
  18              		.cfi_sections	.debug_frame
  19              		.section	.text.playTone,"ax",%progbits
  20              		.align	2
  21              		.global	playTone
  22              		.thumb
  23              		.thumb_func
  24              		.type	playTone, %function
  25              	playTone:
  26              	.LFB63:
  27              		.file 1 "Helpers.c"
   1:Helpers.c     **** /* ========================================
   2:Helpers.c     ****  *
   3:Helpers.c     ****  * Copyright YOUR COMPANY, THE YEAR
   4:Helpers.c     ****  * All Rights Reserved
   5:Helpers.c     ****  * UNPUBLISHED, LICENSED SOFTWARE.
   6:Helpers.c     ****  *
   7:Helpers.c     ****  * CONFIDENTIAL AND PROPRIETARY INFORMATION
   8:Helpers.c     ****  * WHICH IS THE PROPERTY OF your company.
   9:Helpers.c     ****  *
  10:Helpers.c     ****  * ========================================
  11:Helpers.c     **** */
  12:Helpers.c     **** 
  13:Helpers.c     **** /* [] END OF FILE */
  14:Helpers.c     **** #include "project.h"
  15:Helpers.c     **** #include "Helpers.h"
  16:Helpers.c     **** 
  17:Helpers.c     **** //                        c'=0                  d'=1             e'=2                f'=3          
  18:Helpers.c     **** int tones[13][4] = {{1515,757,378,189},{1346,673,336,168},{1204,602,301,150},{1130,565,282,141},{10
  19:Helpers.c     **** 
  20:Helpers.c     **** 
  21:Helpers.c     **** void playTone(int tone,int time){
  28              		.loc 1 21 0
  29              		.cfi_startproc
  30              		@ args = 0, pretend = 0, frame = 0
  31              		@ frame_needed = 0, uses_anonymous_args = 0
  32              	.LVL0:
  33 0000 38B5     		push	{r3, r4, r5, lr}
  34              		.cfi_def_cfa_offset 16
  35              		.cfi_offset 3, -16
  36              		.cfi_offset 4, -12
ARM GAS  C:\Users\sepp2\AppData\Local\Temp\ccFZUYtL.s 			page 2


  37              		.cfi_offset 5, -8
  38              		.cfi_offset 14, -4
  39 0002 0D46     		mov	r5, r1
  22:Helpers.c     ****     WaveDAC8_1_Wave1Setup(WaveDAC8_1_SINE_WAVE,tones[tone][0]);
  40              		.loc 1 22 0
  41 0004 0B4B     		ldr	r3, .L3
  42 0006 0001     		lsls	r0, r0, #4
  43              	.LVL1:
  44 0008 1C18     		adds	r4, r3, r0
  45 000a 195A     		ldrh	r1, [r3, r0]
  46              	.LVL2:
  47 000c 0020     		movs	r0, #0
  48 000e FFF7FEFF 		bl	WaveDAC8_1_Wave1Setup
  49              	.LVL3:
  23:Helpers.c     ****     WaveDAC8_2_Wave1Setup(WaveDAC8_2_SINE_WAVE,tones[tone][1]);
  50              		.loc 1 23 0
  51 0012 A188     		ldrh	r1, [r4, #4]
  52 0014 0020     		movs	r0, #0
  53 0016 FFF7FEFF 		bl	WaveDAC8_2_Wave1Setup
  54              	.LVL4:
  24:Helpers.c     ****     WaveDAC8_3_Wave1Setup(WaveDAC8_3_SINE_WAVE,tones[tone][2]);
  55              		.loc 1 24 0
  56 001a 2189     		ldrh	r1, [r4, #8]
  57 001c 0020     		movs	r0, #0
  58 001e FFF7FEFF 		bl	WaveDAC8_3_Wave1Setup
  59              	.LVL5:
  25:Helpers.c     ****     WaveDAC8_4_Wave1Setup(WaveDAC8_4_SINE_WAVE,tones[tone][3]);
  60              		.loc 1 25 0
  61 0022 A189     		ldrh	r1, [r4, #12]
  62 0024 0020     		movs	r0, #0
  63 0026 FFF7FEFF 		bl	WaveDAC8_4_Wave1Setup
  64              	.LVL6:
  26:Helpers.c     ****     CyDelay(time);
  65              		.loc 1 26 0
  66 002a 2846     		mov	r0, r5
  67 002c FFF7FEFF 		bl	CyDelay
  68              	.LVL7:
  69 0030 38BD     		pop	{r3, r4, r5, pc}
  70              	.LVL8:
  71              	.L4:
  72 0032 00BF     		.align	2
  73              	.L3:
  74 0034 00000000 		.word	.LANCHOR0
  75              		.cfi_endproc
  76              	.LFE63:
  77              		.size	playTone, .-playTone
  78              		.section	.text.sleep_DACs,"ax",%progbits
  79              		.align	2
  80              		.global	sleep_DACs
  81              		.thumb
  82              		.thumb_func
  83              		.type	sleep_DACs, %function
  84              	sleep_DACs:
  85              	.LFB64:
  27:Helpers.c     **** }
  28:Helpers.c     **** 
  29:Helpers.c     **** void sleep_DACs(int time){
ARM GAS  C:\Users\sepp2\AppData\Local\Temp\ccFZUYtL.s 			page 3


  86              		.loc 1 29 0
  87              		.cfi_startproc
  88              		@ args = 0, pretend = 0, frame = 0
  89              		@ frame_needed = 0, uses_anonymous_args = 0
  90              	.LVL9:
  91 0000 10B5     		push	{r4, lr}
  92              		.cfi_def_cfa_offset 8
  93              		.cfi_offset 4, -8
  94              		.cfi_offset 14, -4
  95 0002 0446     		mov	r4, r0
  30:Helpers.c     ****     WaveDAC8_1_Stop();
  96              		.loc 1 30 0
  97 0004 FFF7FEFF 		bl	WaveDAC8_1_Stop
  98              	.LVL10:
  31:Helpers.c     ****     WaveDAC8_2_Stop();
  99              		.loc 1 31 0
 100 0008 FFF7FEFF 		bl	WaveDAC8_2_Stop
 101              	.LVL11:
  32:Helpers.c     ****     WaveDAC8_3_Stop();
 102              		.loc 1 32 0
 103 000c FFF7FEFF 		bl	WaveDAC8_3_Stop
 104              	.LVL12:
  33:Helpers.c     ****     WaveDAC8_4_Stop();
 105              		.loc 1 33 0
 106 0010 FFF7FEFF 		bl	WaveDAC8_4_Stop
 107              	.LVL13:
  34:Helpers.c     ****     CyDelay(time);
 108              		.loc 1 34 0
 109 0014 2046     		mov	r0, r4
 110 0016 FFF7FEFF 		bl	CyDelay
 111              	.LVL14:
  35:Helpers.c     ****     WaveDAC8_1_Start();
 112              		.loc 1 35 0
 113 001a FFF7FEFF 		bl	WaveDAC8_1_Start
 114              	.LVL15:
  36:Helpers.c     ****     WaveDAC8_2_Start();
 115              		.loc 1 36 0
 116 001e FFF7FEFF 		bl	WaveDAC8_2_Start
 117              	.LVL16:
  37:Helpers.c     ****     WaveDAC8_3_Start();
 118              		.loc 1 37 0
 119 0022 FFF7FEFF 		bl	WaveDAC8_3_Start
 120              	.LVL17:
  38:Helpers.c     ****     WaveDAC8_4_Start();
 121              		.loc 1 38 0
 122 0026 FFF7FEFF 		bl	WaveDAC8_4_Start
 123              	.LVL18:
 124 002a 10BD     		pop	{r4, pc}
 125              		.cfi_endproc
 126              	.LFE64:
 127              		.size	sleep_DACs, .-sleep_DACs
 128              		.section	.text.init_dacs,"ax",%progbits
 129              		.align	2
 130              		.global	init_dacs
 131              		.thumb
 132              		.thumb_func
 133              		.type	init_dacs, %function
ARM GAS  C:\Users\sepp2\AppData\Local\Temp\ccFZUYtL.s 			page 4


 134              	init_dacs:
 135              	.LFB65:
  39:Helpers.c     **** }
  40:Helpers.c     **** 
  41:Helpers.c     **** /*
  42:Helpers.c     **** void fade_out(){
  43:Helpers.c     ****     WaveDAC8_1_
  44:Helpers.c     **** }
  45:Helpers.c     **** */
  46:Helpers.c     **** 
  47:Helpers.c     **** void init_dacs(){
 136              		.loc 1 47 0
 137              		.cfi_startproc
 138              		@ args = 0, pretend = 0, frame = 0
 139              		@ frame_needed = 0, uses_anonymous_args = 0
 140 0000 08B5     		push	{r3, lr}
 141              		.cfi_def_cfa_offset 8
 142              		.cfi_offset 3, -8
 143              		.cfi_offset 14, -4
  48:Helpers.c     ****     WaveDAC8_1_Init();
 144              		.loc 1 48 0
 145 0002 FFF7FEFF 		bl	WaveDAC8_1_Init
 146              	.LVL19:
  49:Helpers.c     ****     WaveDAC8_2_Init();
 147              		.loc 1 49 0
 148 0006 FFF7FEFF 		bl	WaveDAC8_2_Init
 149              	.LVL20:
  50:Helpers.c     ****     WaveDAC8_3_Init();
 150              		.loc 1 50 0
 151 000a FFF7FEFF 		bl	WaveDAC8_3_Init
 152              	.LVL21:
  51:Helpers.c     ****     WaveDAC8_4_Init();
 153              		.loc 1 51 0
 154 000e FFF7FEFF 		bl	WaveDAC8_4_Init
 155              	.LVL22:
 156 0012 08BD     		pop	{r3, pc}
 157              		.cfi_endproc
 158              	.LFE65:
 159              		.size	init_dacs, .-init_dacs
 160              		.global	tones
 161              		.data
 162              		.align	2
 163              		.set	.LANCHOR0,. + 0
 164              		.type	tones, %object
 165              		.size	tones, 208
 166              	tones:
 167 0000 EB050000 		.word	1515
 168 0004 F5020000 		.word	757
 169 0008 7A010000 		.word	378
 170 000c BD000000 		.word	189
 171 0010 42050000 		.word	1346
 172 0014 A1020000 		.word	673
 173 0018 50010000 		.word	336
 174 001c A8000000 		.word	168
 175 0020 B4040000 		.word	1204
 176 0024 5A020000 		.word	602
 177 0028 2D010000 		.word	301
ARM GAS  C:\Users\sepp2\AppData\Local\Temp\ccFZUYtL.s 			page 5


 178 002c 96000000 		.word	150
 179 0030 6A040000 		.word	1130
 180 0034 35020000 		.word	565
 181 0038 1A010000 		.word	282
 182 003c 8D000000 		.word	141
 183 0040 ED030000 		.word	1005
 184 0044 F6010000 		.word	502
 185 0048 FB000000 		.word	251
 186 004c 7D000000 		.word	125
 187 0050 89030000 		.word	905
 188 0054 C4010000 		.word	452
 189 0058 E2000000 		.word	226
 190 005c 71000000 		.word	113
 191 0060 28030000 		.word	808
 192 0064 94010000 		.word	404
 193 0068 CA000000 		.word	202
 194 006c 65000000 		.word	101
 195 0070 F2020000 		.word	754
 196 0074 79010000 		.word	377
 197 0078 BC000000 		.word	188
 198 007c 5E000000 		.word	94
 199 0080 A1020000 		.word	673
 200 0084 50010000 		.word	336
 201 0088 A8000000 		.word	168
 202 008c 54000000 		.word	84
 203 0090 5A020000 		.word	602
 204 0094 2D010000 		.word	301
 205 0098 96000000 		.word	150
 206 009c 4B000000 		.word	75
 207 00a0 35020000 		.word	565
 208 00a4 1A010000 		.word	282
 209 00a8 8D000000 		.word	141
 210 00ac 47000000 		.word	71
 211 00b0 F6010000 		.word	502
 212 00b4 FB000000 		.word	251
 213 00b8 7D000000 		.word	125
 214 00bc 3F000000 		.word	63
 215 00c0 C4010000 		.word	452
 216 00c4 E2000000 		.word	226
 217 00c8 71000000 		.word	113
 218 00cc 39000000 		.word	57
 219              		.text
 220              	.Letext0:
 221              		.file 2 "c:\\program files (x86)\\cypress\\psoc creator\\4.4\\psoc creator\\import\\gnu\\arm\\5.4.
 222              		.file 3 "c:\\program files (x86)\\cypress\\psoc creator\\4.4\\psoc creator\\import\\gnu\\arm\\5.4.
 223              		.file 4 "Generated_Source\\PSoC5/core_cm3.h"
 224              		.file 5 "Generated_Source\\PSoC5/WaveDAC8_1.h"
 225              		.file 6 "Generated_Source\\PSoC5/WaveDAC8_2.h"
 226              		.file 7 "Generated_Source\\PSoC5/WaveDAC8_3.h"
 227              		.file 8 "Generated_Source\\PSoC5/WaveDAC8_4.h"
 228              		.file 9 "Generated_Source\\PSoC5/CyLib.h"
 229              		.section	.debug_info,"",%progbits
 230              	.Ldebug_info0:
 231 0000 DF020000 		.4byte	0x2df
 232 0004 0400     		.2byte	0x4
 233 0006 00000000 		.4byte	.Ldebug_abbrev0
 234 000a 04       		.byte	0x4
ARM GAS  C:\Users\sepp2\AppData\Local\Temp\ccFZUYtL.s 			page 6


 235 000b 01       		.uleb128 0x1
 236 000c 6F000000 		.4byte	.LASF39
 237 0010 0C       		.byte	0xc
 238 0011 FD000000 		.4byte	.LASF40
 239 0015 EC010000 		.4byte	.LASF41
 240 0019 00000000 		.4byte	.Ldebug_ranges0+0
 241 001d 00000000 		.4byte	0
 242 0021 00000000 		.4byte	.Ldebug_line0
 243 0025 02       		.uleb128 0x2
 244 0026 01       		.byte	0x1
 245 0027 06       		.byte	0x6
 246 0028 DA020000 		.4byte	.LASF0
 247 002c 02       		.uleb128 0x2
 248 002d 01       		.byte	0x1
 249 002e 08       		.byte	0x8
 250 002f 61000000 		.4byte	.LASF1
 251 0033 02       		.uleb128 0x2
 252 0034 02       		.byte	0x2
 253 0035 05       		.byte	0x5
 254 0036 86020000 		.4byte	.LASF2
 255 003a 02       		.uleb128 0x2
 256 003b 02       		.byte	0x2
 257 003c 07       		.byte	0x7
 258 003d 3B010000 		.4byte	.LASF3
 259 0041 03       		.uleb128 0x3
 260 0042 20000000 		.4byte	.LASF9
 261 0046 02       		.byte	0x2
 262 0047 3F       		.byte	0x3f
 263 0048 4C000000 		.4byte	0x4c
 264 004c 02       		.uleb128 0x2
 265 004d 04       		.byte	0x4
 266 004e 05       		.byte	0x5
 267 004f C5020000 		.4byte	.LASF4
 268 0053 02       		.uleb128 0x2
 269 0054 04       		.byte	0x4
 270 0055 07       		.byte	0x7
 271 0056 18010000 		.4byte	.LASF5
 272 005a 02       		.uleb128 0x2
 273 005b 08       		.byte	0x8
 274 005c 05       		.byte	0x5
 275 005d 6A020000 		.4byte	.LASF6
 276 0061 02       		.uleb128 0x2
 277 0062 08       		.byte	0x8
 278 0063 07       		.byte	0x7
 279 0064 D0010000 		.4byte	.LASF7
 280 0068 04       		.uleb128 0x4
 281 0069 04       		.byte	0x4
 282 006a 05       		.byte	0x5
 283 006b 696E7400 		.ascii	"int\000"
 284 006f 02       		.uleb128 0x2
 285 0070 04       		.byte	0x4
 286 0071 07       		.byte	0x7
 287 0072 C3010000 		.4byte	.LASF8
 288 0076 03       		.uleb128 0x3
 289 0077 42020000 		.4byte	.LASF10
 290 007b 03       		.byte	0x3
 291 007c 2C       		.byte	0x2c
ARM GAS  C:\Users\sepp2\AppData\Local\Temp\ccFZUYtL.s 			page 7


 292 007d 41000000 		.4byte	0x41
 293 0081 02       		.uleb128 0x2
 294 0082 04       		.byte	0x4
 295 0083 04       		.byte	0x4
 296 0084 5B000000 		.4byte	.LASF11
 297 0088 02       		.uleb128 0x2
 298 0089 08       		.byte	0x8
 299 008a 04       		.byte	0x4
 300 008b 4B000000 		.4byte	.LASF12
 301 008f 02       		.uleb128 0x2
 302 0090 01       		.byte	0x1
 303 0091 08       		.byte	0x8
 304 0092 81020000 		.4byte	.LASF13
 305 0096 02       		.uleb128 0x2
 306 0097 08       		.byte	0x8
 307 0098 04       		.byte	0x4
 308 0099 CE020000 		.4byte	.LASF14
 309 009d 02       		.uleb128 0x2
 310 009e 04       		.byte	0x4
 311 009f 07       		.byte	0x7
 312 00a0 78020000 		.4byte	.LASF15
 313 00a4 05       		.uleb128 0x5
 314 00a5 52000000 		.4byte	.LASF18
 315 00a9 01       		.byte	0x1
 316 00aa 15       		.byte	0x15
 317 00ab 00000000 		.4byte	.LFB63
 318 00af 38000000 		.4byte	.LFE63-.LFB63
 319 00b3 01       		.uleb128 0x1
 320 00b4 9C       		.byte	0x9c
 321 00b5 34010000 		.4byte	0x134
 322 00b9 06       		.uleb128 0x6
 323 00ba A6020000 		.4byte	.LASF16
 324 00be 01       		.byte	0x1
 325 00bf 15       		.byte	0x15
 326 00c0 68000000 		.4byte	0x68
 327 00c4 00000000 		.4byte	.LLST0
 328 00c8 06       		.uleb128 0x6
 329 00c9 E7010000 		.4byte	.LASF17
 330 00cd 01       		.byte	0x1
 331 00ce 15       		.byte	0x15
 332 00cf 68000000 		.4byte	0x68
 333 00d3 21000000 		.4byte	.LLST1
 334 00d7 07       		.uleb128 0x7
 335 00d8 12000000 		.4byte	.LVL3
 336 00dc 27020000 		.4byte	0x227
 337 00e0 EA000000 		.4byte	0xea
 338 00e4 08       		.uleb128 0x8
 339 00e5 01       		.uleb128 0x1
 340 00e6 50       		.byte	0x50
 341 00e7 01       		.uleb128 0x1
 342 00e8 30       		.byte	0x30
 343 00e9 00       		.byte	0
 344 00ea 07       		.uleb128 0x7
 345 00eb 1A000000 		.4byte	.LVL4
 346 00ef 32020000 		.4byte	0x232
 347 00f3 FD000000 		.4byte	0xfd
 348 00f7 08       		.uleb128 0x8
ARM GAS  C:\Users\sepp2\AppData\Local\Temp\ccFZUYtL.s 			page 8


 349 00f8 01       		.uleb128 0x1
 350 00f9 50       		.byte	0x50
 351 00fa 01       		.uleb128 0x1
 352 00fb 30       		.byte	0x30
 353 00fc 00       		.byte	0
 354 00fd 07       		.uleb128 0x7
 355 00fe 22000000 		.4byte	.LVL5
 356 0102 3D020000 		.4byte	0x23d
 357 0106 10010000 		.4byte	0x110
 358 010a 08       		.uleb128 0x8
 359 010b 01       		.uleb128 0x1
 360 010c 50       		.byte	0x50
 361 010d 01       		.uleb128 0x1
 362 010e 30       		.byte	0x30
 363 010f 00       		.byte	0
 364 0110 07       		.uleb128 0x7
 365 0111 2A000000 		.4byte	.LVL6
 366 0115 48020000 		.4byte	0x248
 367 0119 23010000 		.4byte	0x123
 368 011d 08       		.uleb128 0x8
 369 011e 01       		.uleb128 0x1
 370 011f 50       		.byte	0x50
 371 0120 01       		.uleb128 0x1
 372 0121 30       		.byte	0x30
 373 0122 00       		.byte	0
 374 0123 09       		.uleb128 0x9
 375 0124 30000000 		.4byte	.LVL7
 376 0128 53020000 		.4byte	0x253
 377 012c 08       		.uleb128 0x8
 378 012d 01       		.uleb128 0x1
 379 012e 50       		.byte	0x50
 380 012f 02       		.uleb128 0x2
 381 0130 75       		.byte	0x75
 382 0131 00       		.sleb128 0
 383 0132 00       		.byte	0
 384 0133 00       		.byte	0
 385 0134 05       		.uleb128 0x5
 386 0135 4E010000 		.4byte	.LASF19
 387 0139 01       		.byte	0x1
 388 013a 1D       		.byte	0x1d
 389 013b 00000000 		.4byte	.LFB64
 390 013f 2C000000 		.4byte	.LFE64-.LFB64
 391 0143 01       		.uleb128 0x1
 392 0144 9C       		.byte	0x9c
 393 0145 B5010000 		.4byte	0x1b5
 394 0149 06       		.uleb128 0x6
 395 014a E7010000 		.4byte	.LASF17
 396 014e 01       		.byte	0x1
 397 014f 1D       		.byte	0x1d
 398 0150 68000000 		.4byte	0x68
 399 0154 4D000000 		.4byte	.LLST2
 400 0158 0A       		.uleb128 0xa
 401 0159 08000000 		.4byte	.LVL10
 402 015d 5E020000 		.4byte	0x25e
 403 0161 0A       		.uleb128 0xa
 404 0162 0C000000 		.4byte	.LVL11
 405 0166 69020000 		.4byte	0x269
ARM GAS  C:\Users\sepp2\AppData\Local\Temp\ccFZUYtL.s 			page 9


 406 016a 0A       		.uleb128 0xa
 407 016b 10000000 		.4byte	.LVL12
 408 016f 74020000 		.4byte	0x274
 409 0173 0A       		.uleb128 0xa
 410 0174 14000000 		.4byte	.LVL13
 411 0178 7F020000 		.4byte	0x27f
 412 017c 07       		.uleb128 0x7
 413 017d 1A000000 		.4byte	.LVL14
 414 0181 53020000 		.4byte	0x253
 415 0185 90010000 		.4byte	0x190
 416 0189 08       		.uleb128 0x8
 417 018a 01       		.uleb128 0x1
 418 018b 50       		.byte	0x50
 419 018c 02       		.uleb128 0x2
 420 018d 74       		.byte	0x74
 421 018e 00       		.sleb128 0
 422 018f 00       		.byte	0
 423 0190 0A       		.uleb128 0xa
 424 0191 1E000000 		.4byte	.LVL15
 425 0195 8A020000 		.4byte	0x28a
 426 0199 0A       		.uleb128 0xa
 427 019a 22000000 		.4byte	.LVL16
 428 019e 95020000 		.4byte	0x295
 429 01a2 0A       		.uleb128 0xa
 430 01a3 26000000 		.4byte	.LVL17
 431 01a7 A0020000 		.4byte	0x2a0
 432 01ab 0A       		.uleb128 0xa
 433 01ac 2A000000 		.4byte	.LVL18
 434 01b0 AB020000 		.4byte	0x2ab
 435 01b4 00       		.byte	0
 436 01b5 0B       		.uleb128 0xb
 437 01b6 BB020000 		.4byte	.LASF42
 438 01ba 01       		.byte	0x1
 439 01bb 2F       		.byte	0x2f
 440 01bc 00000000 		.4byte	.LFB65
 441 01c0 14000000 		.4byte	.LFE65-.LFB65
 442 01c4 01       		.uleb128 0x1
 443 01c5 9C       		.byte	0x9c
 444 01c6 EF010000 		.4byte	0x1ef
 445 01ca 0A       		.uleb128 0xa
 446 01cb 06000000 		.4byte	.LVL19
 447 01cf B6020000 		.4byte	0x2b6
 448 01d3 0A       		.uleb128 0xa
 449 01d4 0A000000 		.4byte	.LVL20
 450 01d8 C1020000 		.4byte	0x2c1
 451 01dc 0A       		.uleb128 0xa
 452 01dd 0E000000 		.4byte	.LVL21
 453 01e1 CC020000 		.4byte	0x2cc
 454 01e5 0A       		.uleb128 0xa
 455 01e6 12000000 		.4byte	.LVL22
 456 01ea D7020000 		.4byte	0x2d7
 457 01ee 00       		.byte	0
 458 01ef 0C       		.uleb128 0xc
 459 01f0 7F010000 		.4byte	.LASF20
 460 01f4 04       		.byte	0x4
 461 01f5 1207     		.2byte	0x712
 462 01f7 FB010000 		.4byte	0x1fb
ARM GAS  C:\Users\sepp2\AppData\Local\Temp\ccFZUYtL.s 			page 10


 463 01fb 0D       		.uleb128 0xd
 464 01fc 76000000 		.4byte	0x76
 465 0200 0E       		.uleb128 0xe
 466 0201 68000000 		.4byte	0x68
 467 0205 16020000 		.4byte	0x216
 468 0209 0F       		.uleb128 0xf
 469 020a 9D000000 		.4byte	0x9d
 470 020e 0C       		.byte	0xc
 471 020f 0F       		.uleb128 0xf
 472 0210 9D000000 		.4byte	0x9d
 473 0214 03       		.byte	0x3
 474 0215 00       		.byte	0
 475 0216 10       		.uleb128 0x10
 476 0217 E6020000 		.4byte	.LASF21
 477 021b 01       		.byte	0x1
 478 021c 12       		.byte	0x12
 479 021d 00020000 		.4byte	0x200
 480 0221 05       		.uleb128 0x5
 481 0222 03       		.byte	0x3
 482 0223 00000000 		.4byte	tones
 483 0227 11       		.uleb128 0x11
 484 0228 8C010000 		.4byte	.LASF22
 485 022c 8C010000 		.4byte	.LASF22
 486 0230 05       		.byte	0x5
 487 0231 6E       		.byte	0x6e
 488 0232 11       		.uleb128 0x11
 489 0233 F4020000 		.4byte	.LASF23
 490 0237 F4020000 		.4byte	.LASF23
 491 023b 06       		.byte	0x6
 492 023c 6E       		.byte	0x6e
 493 023d 11       		.uleb128 0x11
 494 023e 59010000 		.4byte	.LASF24
 495 0242 59010000 		.4byte	.LASF24
 496 0246 07       		.byte	0x7
 497 0247 6E       		.byte	0x6e
 498 0248 11       		.uleb128 0x11
 499 0249 90020000 		.4byte	.LASF25
 500 024d 90020000 		.4byte	.LASF25
 501 0251 08       		.byte	0x8
 502 0252 6E       		.byte	0x6e
 503 0253 11       		.uleb128 0x11
 504 0254 EC020000 		.4byte	.LASF26
 505 0258 EC020000 		.4byte	.LASF26
 506 025c 09       		.byte	0x9
 507 025d 76       		.byte	0x76
 508 025e 11       		.uleb128 0x11
 509 025f B3010000 		.4byte	.LASF27
 510 0263 B3010000 		.4byte	.LASF27
 511 0267 05       		.byte	0x5
 512 0268 6C       		.byte	0x6c
 513 0269 11       		.uleb128 0x11
 514 026a 4A020000 		.4byte	.LASF28
 515 026e 4A020000 		.4byte	.LASF28
 516 0272 06       		.byte	0x6
 517 0273 6C       		.byte	0x6c
 518 0274 11       		.uleb128 0x11
 519 0275 00000000 		.4byte	.LASF29
ARM GAS  C:\Users\sepp2\AppData\Local\Temp\ccFZUYtL.s 			page 11


 520 0279 00000000 		.4byte	.LASF29
 521 027d 07       		.byte	0x7
 522 027e 6C       		.byte	0x6c
 523 027f 11       		.uleb128 0x11
 524 0280 6F010000 		.4byte	.LASF30
 525 0284 6F010000 		.4byte	.LASF30
 526 0288 08       		.byte	0x8
 527 0289 6C       		.byte	0x6c
 528 028a 11       		.uleb128 0x11
 529 028b 3A000000 		.4byte	.LASF31
 530 028f 3A000000 		.4byte	.LASF31
 531 0293 05       		.byte	0x5
 532 0294 67       		.byte	0x67
 533 0295 11       		.uleb128 0x11
 534 0296 07010000 		.4byte	.LASF32
 535 029a 07010000 		.4byte	.LASF32
 536 029e 06       		.byte	0x6
 537 029f 67       		.byte	0x67
 538 02a0 11       		.uleb128 0x11
 539 02a1 2A010000 		.4byte	.LASF33
 540 02a5 2A010000 		.4byte	.LASF33
 541 02a9 07       		.byte	0x7
 542 02aa 67       		.byte	0x67
 543 02ab 11       		.uleb128 0x11
 544 02ac A2010000 		.4byte	.LASF34
 545 02b0 A2010000 		.4byte	.LASF34
 546 02b4 08       		.byte	0x8
 547 02b5 67       		.byte	0x67
 548 02b6 11       		.uleb128 0x11
 549 02b7 2A000000 		.4byte	.LASF35
 550 02bb 2A000000 		.4byte	.LASF35
 551 02bf 05       		.byte	0x5
 552 02c0 6A       		.byte	0x6a
 553 02c1 11       		.uleb128 0x11
 554 02c2 AB020000 		.4byte	.LASF36
 555 02c6 AB020000 		.4byte	.LASF36
 556 02ca 06       		.byte	0x6
 557 02cb 6A       		.byte	0x6a
 558 02cc 11       		.uleb128 0x11
 559 02cd 5A020000 		.4byte	.LASF37
 560 02d1 5A020000 		.4byte	.LASF37
 561 02d5 07       		.byte	0x7
 562 02d6 6A       		.byte	0x6a
 563 02d7 11       		.uleb128 0x11
 564 02d8 10000000 		.4byte	.LASF38
 565 02dc 10000000 		.4byte	.LASF38
 566 02e0 08       		.byte	0x8
 567 02e1 6A       		.byte	0x6a
 568 02e2 00       		.byte	0
 569              		.section	.debug_abbrev,"",%progbits
 570              	.Ldebug_abbrev0:
 571 0000 01       		.uleb128 0x1
 572 0001 11       		.uleb128 0x11
 573 0002 01       		.byte	0x1
 574 0003 25       		.uleb128 0x25
 575 0004 0E       		.uleb128 0xe
 576 0005 13       		.uleb128 0x13
ARM GAS  C:\Users\sepp2\AppData\Local\Temp\ccFZUYtL.s 			page 12


 577 0006 0B       		.uleb128 0xb
 578 0007 03       		.uleb128 0x3
 579 0008 0E       		.uleb128 0xe
 580 0009 1B       		.uleb128 0x1b
 581 000a 0E       		.uleb128 0xe
 582 000b 55       		.uleb128 0x55
 583 000c 17       		.uleb128 0x17
 584 000d 11       		.uleb128 0x11
 585 000e 01       		.uleb128 0x1
 586 000f 10       		.uleb128 0x10
 587 0010 17       		.uleb128 0x17
 588 0011 00       		.byte	0
 589 0012 00       		.byte	0
 590 0013 02       		.uleb128 0x2
 591 0014 24       		.uleb128 0x24
 592 0015 00       		.byte	0
 593 0016 0B       		.uleb128 0xb
 594 0017 0B       		.uleb128 0xb
 595 0018 3E       		.uleb128 0x3e
 596 0019 0B       		.uleb128 0xb
 597 001a 03       		.uleb128 0x3
 598 001b 0E       		.uleb128 0xe
 599 001c 00       		.byte	0
 600 001d 00       		.byte	0
 601 001e 03       		.uleb128 0x3
 602 001f 16       		.uleb128 0x16
 603 0020 00       		.byte	0
 604 0021 03       		.uleb128 0x3
 605 0022 0E       		.uleb128 0xe
 606 0023 3A       		.uleb128 0x3a
 607 0024 0B       		.uleb128 0xb
 608 0025 3B       		.uleb128 0x3b
 609 0026 0B       		.uleb128 0xb
 610 0027 49       		.uleb128 0x49
 611 0028 13       		.uleb128 0x13
 612 0029 00       		.byte	0
 613 002a 00       		.byte	0
 614 002b 04       		.uleb128 0x4
 615 002c 24       		.uleb128 0x24
 616 002d 00       		.byte	0
 617 002e 0B       		.uleb128 0xb
 618 002f 0B       		.uleb128 0xb
 619 0030 3E       		.uleb128 0x3e
 620 0031 0B       		.uleb128 0xb
 621 0032 03       		.uleb128 0x3
 622 0033 08       		.uleb128 0x8
 623 0034 00       		.byte	0
 624 0035 00       		.byte	0
 625 0036 05       		.uleb128 0x5
 626 0037 2E       		.uleb128 0x2e
 627 0038 01       		.byte	0x1
 628 0039 3F       		.uleb128 0x3f
 629 003a 19       		.uleb128 0x19
 630 003b 03       		.uleb128 0x3
 631 003c 0E       		.uleb128 0xe
 632 003d 3A       		.uleb128 0x3a
 633 003e 0B       		.uleb128 0xb
ARM GAS  C:\Users\sepp2\AppData\Local\Temp\ccFZUYtL.s 			page 13


 634 003f 3B       		.uleb128 0x3b
 635 0040 0B       		.uleb128 0xb
 636 0041 27       		.uleb128 0x27
 637 0042 19       		.uleb128 0x19
 638 0043 11       		.uleb128 0x11
 639 0044 01       		.uleb128 0x1
 640 0045 12       		.uleb128 0x12
 641 0046 06       		.uleb128 0x6
 642 0047 40       		.uleb128 0x40
 643 0048 18       		.uleb128 0x18
 644 0049 9742     		.uleb128 0x2117
 645 004b 19       		.uleb128 0x19
 646 004c 01       		.uleb128 0x1
 647 004d 13       		.uleb128 0x13
 648 004e 00       		.byte	0
 649 004f 00       		.byte	0
 650 0050 06       		.uleb128 0x6
 651 0051 05       		.uleb128 0x5
 652 0052 00       		.byte	0
 653 0053 03       		.uleb128 0x3
 654 0054 0E       		.uleb128 0xe
 655 0055 3A       		.uleb128 0x3a
 656 0056 0B       		.uleb128 0xb
 657 0057 3B       		.uleb128 0x3b
 658 0058 0B       		.uleb128 0xb
 659 0059 49       		.uleb128 0x49
 660 005a 13       		.uleb128 0x13
 661 005b 02       		.uleb128 0x2
 662 005c 17       		.uleb128 0x17
 663 005d 00       		.byte	0
 664 005e 00       		.byte	0
 665 005f 07       		.uleb128 0x7
 666 0060 898201   		.uleb128 0x4109
 667 0063 01       		.byte	0x1
 668 0064 11       		.uleb128 0x11
 669 0065 01       		.uleb128 0x1
 670 0066 31       		.uleb128 0x31
 671 0067 13       		.uleb128 0x13
 672 0068 01       		.uleb128 0x1
 673 0069 13       		.uleb128 0x13
 674 006a 00       		.byte	0
 675 006b 00       		.byte	0
 676 006c 08       		.uleb128 0x8
 677 006d 8A8201   		.uleb128 0x410a
 678 0070 00       		.byte	0
 679 0071 02       		.uleb128 0x2
 680 0072 18       		.uleb128 0x18
 681 0073 9142     		.uleb128 0x2111
 682 0075 18       		.uleb128 0x18
 683 0076 00       		.byte	0
 684 0077 00       		.byte	0
 685 0078 09       		.uleb128 0x9
 686 0079 898201   		.uleb128 0x4109
 687 007c 01       		.byte	0x1
 688 007d 11       		.uleb128 0x11
 689 007e 01       		.uleb128 0x1
 690 007f 31       		.uleb128 0x31
ARM GAS  C:\Users\sepp2\AppData\Local\Temp\ccFZUYtL.s 			page 14


 691 0080 13       		.uleb128 0x13
 692 0081 00       		.byte	0
 693 0082 00       		.byte	0
 694 0083 0A       		.uleb128 0xa
 695 0084 898201   		.uleb128 0x4109
 696 0087 00       		.byte	0
 697 0088 11       		.uleb128 0x11
 698 0089 01       		.uleb128 0x1
 699 008a 31       		.uleb128 0x31
 700 008b 13       		.uleb128 0x13
 701 008c 00       		.byte	0
 702 008d 00       		.byte	0
 703 008e 0B       		.uleb128 0xb
 704 008f 2E       		.uleb128 0x2e
 705 0090 01       		.byte	0x1
 706 0091 3F       		.uleb128 0x3f
 707 0092 19       		.uleb128 0x19
 708 0093 03       		.uleb128 0x3
 709 0094 0E       		.uleb128 0xe
 710 0095 3A       		.uleb128 0x3a
 711 0096 0B       		.uleb128 0xb
 712 0097 3B       		.uleb128 0x3b
 713 0098 0B       		.uleb128 0xb
 714 0099 11       		.uleb128 0x11
 715 009a 01       		.uleb128 0x1
 716 009b 12       		.uleb128 0x12
 717 009c 06       		.uleb128 0x6
 718 009d 40       		.uleb128 0x40
 719 009e 18       		.uleb128 0x18
 720 009f 9742     		.uleb128 0x2117
 721 00a1 19       		.uleb128 0x19
 722 00a2 01       		.uleb128 0x1
 723 00a3 13       		.uleb128 0x13
 724 00a4 00       		.byte	0
 725 00a5 00       		.byte	0
 726 00a6 0C       		.uleb128 0xc
 727 00a7 34       		.uleb128 0x34
 728 00a8 00       		.byte	0
 729 00a9 03       		.uleb128 0x3
 730 00aa 0E       		.uleb128 0xe
 731 00ab 3A       		.uleb128 0x3a
 732 00ac 0B       		.uleb128 0xb
 733 00ad 3B       		.uleb128 0x3b
 734 00ae 05       		.uleb128 0x5
 735 00af 49       		.uleb128 0x49
 736 00b0 13       		.uleb128 0x13
 737 00b1 3F       		.uleb128 0x3f
 738 00b2 19       		.uleb128 0x19
 739 00b3 3C       		.uleb128 0x3c
 740 00b4 19       		.uleb128 0x19
 741 00b5 00       		.byte	0
 742 00b6 00       		.byte	0
 743 00b7 0D       		.uleb128 0xd
 744 00b8 35       		.uleb128 0x35
 745 00b9 00       		.byte	0
 746 00ba 49       		.uleb128 0x49
 747 00bb 13       		.uleb128 0x13
ARM GAS  C:\Users\sepp2\AppData\Local\Temp\ccFZUYtL.s 			page 15


 748 00bc 00       		.byte	0
 749 00bd 00       		.byte	0
 750 00be 0E       		.uleb128 0xe
 751 00bf 01       		.uleb128 0x1
 752 00c0 01       		.byte	0x1
 753 00c1 49       		.uleb128 0x49
 754 00c2 13       		.uleb128 0x13
 755 00c3 01       		.uleb128 0x1
 756 00c4 13       		.uleb128 0x13
 757 00c5 00       		.byte	0
 758 00c6 00       		.byte	0
 759 00c7 0F       		.uleb128 0xf
 760 00c8 21       		.uleb128 0x21
 761 00c9 00       		.byte	0
 762 00ca 49       		.uleb128 0x49
 763 00cb 13       		.uleb128 0x13
 764 00cc 2F       		.uleb128 0x2f
 765 00cd 0B       		.uleb128 0xb
 766 00ce 00       		.byte	0
 767 00cf 00       		.byte	0
 768 00d0 10       		.uleb128 0x10
 769 00d1 34       		.uleb128 0x34
 770 00d2 00       		.byte	0
 771 00d3 03       		.uleb128 0x3
 772 00d4 0E       		.uleb128 0xe
 773 00d5 3A       		.uleb128 0x3a
 774 00d6 0B       		.uleb128 0xb
 775 00d7 3B       		.uleb128 0x3b
 776 00d8 0B       		.uleb128 0xb
 777 00d9 49       		.uleb128 0x49
 778 00da 13       		.uleb128 0x13
 779 00db 3F       		.uleb128 0x3f
 780 00dc 19       		.uleb128 0x19
 781 00dd 02       		.uleb128 0x2
 782 00de 18       		.uleb128 0x18
 783 00df 00       		.byte	0
 784 00e0 00       		.byte	0
 785 00e1 11       		.uleb128 0x11
 786 00e2 2E       		.uleb128 0x2e
 787 00e3 00       		.byte	0
 788 00e4 3F       		.uleb128 0x3f
 789 00e5 19       		.uleb128 0x19
 790 00e6 3C       		.uleb128 0x3c
 791 00e7 19       		.uleb128 0x19
 792 00e8 6E       		.uleb128 0x6e
 793 00e9 0E       		.uleb128 0xe
 794 00ea 03       		.uleb128 0x3
 795 00eb 0E       		.uleb128 0xe
 796 00ec 3A       		.uleb128 0x3a
 797 00ed 0B       		.uleb128 0xb
 798 00ee 3B       		.uleb128 0x3b
 799 00ef 0B       		.uleb128 0xb
 800 00f0 00       		.byte	0
 801 00f1 00       		.byte	0
 802 00f2 00       		.byte	0
 803              		.section	.debug_loc,"",%progbits
 804              	.Ldebug_loc0:
ARM GAS  C:\Users\sepp2\AppData\Local\Temp\ccFZUYtL.s 			page 16


 805              	.LLST0:
 806 0000 00000000 		.4byte	.LVL0
 807 0004 08000000 		.4byte	.LVL1
 808 0008 0100     		.2byte	0x1
 809 000a 50       		.byte	0x50
 810 000b 08000000 		.4byte	.LVL1
 811 000f 38000000 		.4byte	.LFE63
 812 0013 0400     		.2byte	0x4
 813 0015 F3       		.byte	0xf3
 814 0016 01       		.uleb128 0x1
 815 0017 50       		.byte	0x50
 816 0018 9F       		.byte	0x9f
 817 0019 00000000 		.4byte	0
 818 001d 00000000 		.4byte	0
 819              	.LLST1:
 820 0021 00000000 		.4byte	.LVL0
 821 0025 0C000000 		.4byte	.LVL2
 822 0029 0100     		.2byte	0x1
 823 002b 51       		.byte	0x51
 824 002c 0C000000 		.4byte	.LVL2
 825 0030 32000000 		.4byte	.LVL8
 826 0034 0100     		.2byte	0x1
 827 0036 55       		.byte	0x55
 828 0037 32000000 		.4byte	.LVL8
 829 003b 38000000 		.4byte	.LFE63
 830 003f 0400     		.2byte	0x4
 831 0041 F3       		.byte	0xf3
 832 0042 01       		.uleb128 0x1
 833 0043 51       		.byte	0x51
 834 0044 9F       		.byte	0x9f
 835 0045 00000000 		.4byte	0
 836 0049 00000000 		.4byte	0
 837              	.LLST2:
 838 004d 00000000 		.4byte	.LVL9
 839 0051 07000000 		.4byte	.LVL10-1
 840 0055 0100     		.2byte	0x1
 841 0057 50       		.byte	0x50
 842 0058 07000000 		.4byte	.LVL10-1
 843 005c 2C000000 		.4byte	.LFE64
 844 0060 0100     		.2byte	0x1
 845 0062 54       		.byte	0x54
 846 0063 00000000 		.4byte	0
 847 0067 00000000 		.4byte	0
 848              		.section	.debug_aranges,"",%progbits
 849 0000 2C000000 		.4byte	0x2c
 850 0004 0200     		.2byte	0x2
 851 0006 00000000 		.4byte	.Ldebug_info0
 852 000a 04       		.byte	0x4
 853 000b 00       		.byte	0
 854 000c 0000     		.2byte	0
 855 000e 0000     		.2byte	0
 856 0010 00000000 		.4byte	.LFB63
 857 0014 38000000 		.4byte	.LFE63-.LFB63
 858 0018 00000000 		.4byte	.LFB64
 859 001c 2C000000 		.4byte	.LFE64-.LFB64
 860 0020 00000000 		.4byte	.LFB65
 861 0024 14000000 		.4byte	.LFE65-.LFB65
ARM GAS  C:\Users\sepp2\AppData\Local\Temp\ccFZUYtL.s 			page 17


 862 0028 00000000 		.4byte	0
 863 002c 00000000 		.4byte	0
 864              		.section	.debug_ranges,"",%progbits
 865              	.Ldebug_ranges0:
 866 0000 00000000 		.4byte	.LFB63
 867 0004 38000000 		.4byte	.LFE63
 868 0008 00000000 		.4byte	.LFB64
 869 000c 2C000000 		.4byte	.LFE64
 870 0010 00000000 		.4byte	.LFB65
 871 0014 14000000 		.4byte	.LFE65
 872 0018 00000000 		.4byte	0
 873 001c 00000000 		.4byte	0
 874              		.section	.debug_line,"",%progbits
 875              	.Ldebug_line0:
 876 0000 D2010000 		.section	.debug_str,"MS",%progbits,1
 876      02008D01 
 876      00000201 
 876      FB0E0D00 
 876      01010101 
 877              	.LASF29:
 878 0000 57617665 		.ascii	"WaveDAC8_3_Stop\000"
 878      44414338 
 878      5F335F53 
 878      746F7000 
 879              	.LASF38:
 880 0010 57617665 		.ascii	"WaveDAC8_4_Init\000"
 880      44414338 
 880      5F345F49 
 880      6E697400 
 881              	.LASF9:
 882 0020 5F5F696E 		.ascii	"__int32_t\000"
 882      7433325F 
 882      7400
 883              	.LASF35:
 884 002a 57617665 		.ascii	"WaveDAC8_1_Init\000"
 884      44414338 
 884      5F315F49 
 884      6E697400 
 885              	.LASF31:
 886 003a 57617665 		.ascii	"WaveDAC8_1_Start\000"
 886      44414338 
 886      5F315F53 
 886      74617274 
 886      00
 887              	.LASF12:
 888 004b 646F7562 		.ascii	"double\000"
 888      6C6500
 889              	.LASF18:
 890 0052 706C6179 		.ascii	"playTone\000"
 890      546F6E65 
 890      00
 891              	.LASF11:
 892 005b 666C6F61 		.ascii	"float\000"
 892      7400
 893              	.LASF1:
 894 0061 756E7369 		.ascii	"unsigned char\000"
 894      676E6564 
ARM GAS  C:\Users\sepp2\AppData\Local\Temp\ccFZUYtL.s 			page 18


 894      20636861 
 894      7200
 895              	.LASF39:
 896 006f 474E5520 		.ascii	"GNU C11 5.4.1 20160609 (release) [ARM/embedded-5-br"
 896      43313120 
 896      352E342E 
 896      31203230 
 896      31363036 
 897 00a2 616E6368 		.ascii	"anch revision 237715] -mcpu=cortex-m3 -mthumb -g -O"
 897      20726576 
 897      6973696F 
 897      6E203233 
 897      37373135 
 898 00d5 67202D66 		.ascii	"g -ffunction-sections -ffat-lto-objects\000"
 898      66756E63 
 898      74696F6E 
 898      2D736563 
 898      74696F6E 
 899              	.LASF40:
 900 00fd 48656C70 		.ascii	"Helpers.c\000"
 900      6572732E 
 900      6300
 901              	.LASF32:
 902 0107 57617665 		.ascii	"WaveDAC8_2_Start\000"
 902      44414338 
 902      5F325F53 
 902      74617274 
 902      00
 903              	.LASF5:
 904 0118 6C6F6E67 		.ascii	"long unsigned int\000"
 904      20756E73 
 904      69676E65 
 904      6420696E 
 904      7400
 905              	.LASF33:
 906 012a 57617665 		.ascii	"WaveDAC8_3_Start\000"
 906      44414338 
 906      5F335F53 
 906      74617274 
 906      00
 907              	.LASF3:
 908 013b 73686F72 		.ascii	"short unsigned int\000"
 908      7420756E 
 908      7369676E 
 908      65642069 
 908      6E7400
 909              	.LASF19:
 910 014e 736C6565 		.ascii	"sleep_DACs\000"
 910      705F4441 
 910      437300
 911              	.LASF24:
 912 0159 57617665 		.ascii	"WaveDAC8_3_Wave1Setup\000"
 912      44414338 
 912      5F335F57 
 912      61766531 
 912      53657475 
 913              	.LASF30:
ARM GAS  C:\Users\sepp2\AppData\Local\Temp\ccFZUYtL.s 			page 19


 914 016f 57617665 		.ascii	"WaveDAC8_4_Stop\000"
 914      44414338 
 914      5F345F53 
 914      746F7000 
 915              	.LASF20:
 916 017f 49544D5F 		.ascii	"ITM_RxBuffer\000"
 916      52784275 
 916      66666572 
 916      00
 917              	.LASF22:
 918 018c 57617665 		.ascii	"WaveDAC8_1_Wave1Setup\000"
 918      44414338 
 918      5F315F57 
 918      61766531 
 918      53657475 
 919              	.LASF34:
 920 01a2 57617665 		.ascii	"WaveDAC8_4_Start\000"
 920      44414338 
 920      5F345F53 
 920      74617274 
 920      00
 921              	.LASF27:
 922 01b3 57617665 		.ascii	"WaveDAC8_1_Stop\000"
 922      44414338 
 922      5F315F53 
 922      746F7000 
 923              	.LASF8:
 924 01c3 756E7369 		.ascii	"unsigned int\000"
 924      676E6564 
 924      20696E74 
 924      00
 925              	.LASF7:
 926 01d0 6C6F6E67 		.ascii	"long long unsigned int\000"
 926      206C6F6E 
 926      6720756E 
 926      7369676E 
 926      65642069 
 927              	.LASF17:
 928 01e7 74696D65 		.ascii	"time\000"
 928      00
 929              	.LASF41:
 930 01ec 433A5C55 		.ascii	"C:\\Users\\sepp2\\Desktop\\Schule\\DIC\\4BHEL\\In_B"
 930      73657273 
 930      5C736570 
 930      70325C44 
 930      65736B74 
 931 0218 65617262 		.ascii	"earbeitung\\PSOC\\Synthie\\Synthesizer.cydsn\000"
 931      65697475 
 931      6E675C50 
 931      534F435C 
 931      53796E74 
 932              	.LASF10:
 933 0242 696E7433 		.ascii	"int32_t\000"
 933      325F7400 
 934              	.LASF28:
 935 024a 57617665 		.ascii	"WaveDAC8_2_Stop\000"
 935      44414338 
ARM GAS  C:\Users\sepp2\AppData\Local\Temp\ccFZUYtL.s 			page 20


 935      5F325F53 
 935      746F7000 
 936              	.LASF37:
 937 025a 57617665 		.ascii	"WaveDAC8_3_Init\000"
 937      44414338 
 937      5F335F49 
 937      6E697400 
 938              	.LASF6:
 939 026a 6C6F6E67 		.ascii	"long long int\000"
 939      206C6F6E 
 939      6720696E 
 939      7400
 940              	.LASF15:
 941 0278 73697A65 		.ascii	"sizetype\000"
 941      74797065 
 941      00
 942              	.LASF13:
 943 0281 63686172 		.ascii	"char\000"
 943      00
 944              	.LASF2:
 945 0286 73686F72 		.ascii	"short int\000"
 945      7420696E 
 945      7400
 946              	.LASF25:
 947 0290 57617665 		.ascii	"WaveDAC8_4_Wave1Setup\000"
 947      44414338 
 947      5F345F57 
 947      61766531 
 947      53657475 
 948              	.LASF16:
 949 02a6 746F6E65 		.ascii	"tone\000"
 949      00
 950              	.LASF36:
 951 02ab 57617665 		.ascii	"WaveDAC8_2_Init\000"
 951      44414338 
 951      5F325F49 
 951      6E697400 
 952              	.LASF42:
 953 02bb 696E6974 		.ascii	"init_dacs\000"
 953      5F646163 
 953      7300
 954              	.LASF4:
 955 02c5 6C6F6E67 		.ascii	"long int\000"
 955      20696E74 
 955      00
 956              	.LASF14:
 957 02ce 6C6F6E67 		.ascii	"long double\000"
 957      20646F75 
 957      626C6500 
 958              	.LASF0:
 959 02da 7369676E 		.ascii	"signed char\000"
 959      65642063 
 959      68617200 
 960              	.LASF21:
 961 02e6 746F6E65 		.ascii	"tones\000"
 961      7300
 962              	.LASF26:
ARM GAS  C:\Users\sepp2\AppData\Local\Temp\ccFZUYtL.s 			page 21


 963 02ec 43794465 		.ascii	"CyDelay\000"
 963      6C617900 
 964              	.LASF23:
 965 02f4 57617665 		.ascii	"WaveDAC8_2_Wave1Setup\000"
 965      44414338 
 965      5F325F57 
 965      61766531 
 965      53657475 
 966              		.ident	"GCC: (GNU Tools for ARM Embedded Processors) 5.4.1 20160609 (release) [ARM/embedded-5-bran
