ARM GAS  C:\Users\sepp2\AppData\Local\Temp\ccpZbFci.s 			page 1


   1              		.syntax unified
   2              		.cpu cortex-m3
   3              		.fpu softvfp
   4              		.eabi_attribute 20, 1
   5              		.eabi_attribute 21, 1
   6              		.eabi_attribute 23, 3
   7              		.eabi_attribute 24, 1
   8              		.eabi_attribute 25, 1
   9              		.eabi_attribute 26, 1
  10              		.eabi_attribute 30, 1
  11              		.eabi_attribute 34, 1
  12              		.eabi_attribute 18, 4
  13              		.thumb
  14              		.syntax unified
  15              		.file	"main.c"
  16              		.text
  17              	.Ltext0:
  18              		.cfi_sections	.debug_frame
  19              		.section	.text.play_Pice,"ax",%progbits
  20              		.align	2
  21              		.global	play_Pice
  22              		.thumb
  23              		.thumb_func
  24              		.type	play_Pice, %function
  25              	play_Pice:
  26              	.LFB63:
  27              		.file 1 "main.c"
   1:main.c        **** /* ========================================
   2:main.c        ****  *
   3:main.c        ****  * Copyright YOUR COMPANY, THE YEAR
   4:main.c        ****  * All Rights Reserved
   5:main.c        ****  * UNPUBLISHED, LICENSED SOFTWARE.
   6:main.c        ****  *
   7:main.c        ****  * CONFIDENTIAL AND PROPRIETARY INFORMATION
   8:main.c        ****  * WHICH IS THE PROPERTY OF your company.
   9:main.c        ****  *
  10:main.c        ****  * ========================================
  11:main.c        **** */
  12:main.c        **** #include "project.h"
  13:main.c        **** #include <math.h>
  14:main.c        **** #include "Music_Pieces.h"
  15:main.c        **** #include "Helpers.h"
  16:main.c        **** 
  17:main.c        **** 
  18:main.c        **** 
  19:main.c        **** 
  20:main.c        **** void play_Pice(int pice_id){
  28              		.loc 1 20 0
  29              		.cfi_startproc
  30              		@ args = 0, pretend = 0, frame = 0
  31              		@ frame_needed = 0, uses_anonymous_args = 0
  32              	.LVL0:
  21:main.c        ****     switch (pice_id){
  33              		.loc 1 21 0
  34 0000 18B9     		cbnz	r0, .L5
  20:main.c        ****     switch (pice_id){
  35              		.loc 1 20 0
ARM GAS  C:\Users\sepp2\AppData\Local\Temp\ccpZbFci.s 			page 2


  36 0002 08B5     		push	{r3, lr}
  37              		.cfi_def_cfa_offset 8
  38              		.cfi_offset 3, -8
  39              		.cfi_offset 14, -4
  22:main.c        ****         case 0: play_Narcotic(); break;
  40              		.loc 1 22 0
  41 0004 FFF7FEFF 		bl	play_Narcotic
  42              	.LVL1:
  43 0008 08BD     		pop	{r3, pc}
  44              	.LVL2:
  45              	.L5:
  46              		.cfi_def_cfa_offset 0
  47              		.cfi_restore 3
  48              		.cfi_restore 14
  49 000a 7047     		bx	lr
  50              		.cfi_endproc
  51              	.LFE63:
  52              		.size	play_Pice, .-play_Pice
  53              		.section	.text.main,"ax",%progbits
  54              		.align	2
  55              		.global	main
  56              		.thumb
  57              		.thumb_func
  58              		.type	main, %function
  59              	main:
  60              	.LFB64:
  23:main.c        ****     }
  24:main.c        **** }
  25:main.c        **** 
  26:main.c        **** int main(void)
  27:main.c        **** {
  61              		.loc 1 27 0
  62              		.cfi_startproc
  63              		@ Volatile: function does not return.
  64              		@ args = 0, pretend = 0, frame = 0
  65              		@ frame_needed = 0, uses_anonymous_args = 0
  66 0000 08B5     		push	{r3, lr}
  67              		.cfi_def_cfa_offset 8
  68              		.cfi_offset 3, -8
  69              		.cfi_offset 14, -4
  28:main.c        ****     CyGlobalIntEnable; /* Enable global interrupts. */
  70              		.loc 1 28 0
  71              		.syntax unified
  72              	@ 28 "main.c" 1
  73 0002 62B6     		CPSIE   i
  74              	@ 0 "" 2
  29:main.c        ****     WaveDAC8_1_Start();
  75              		.loc 1 29 0
  76              		.thumb
  77              		.syntax unified
  78 0004 FFF7FEFF 		bl	WaveDAC8_1_Start
  79              	.LVL3:
  30:main.c        ****     WaveDAC8_2_Start();
  80              		.loc 1 30 0
  81 0008 FFF7FEFF 		bl	WaveDAC8_2_Start
  82              	.LVL4:
  31:main.c        ****     WaveDAC8_3_Start();
ARM GAS  C:\Users\sepp2\AppData\Local\Temp\ccpZbFci.s 			page 3


  83              		.loc 1 31 0
  84 000c FFF7FEFF 		bl	WaveDAC8_3_Start
  85              	.LVL5:
  32:main.c        ****     WaveDAC8_4_Start();
  86              		.loc 1 32 0
  87 0010 FFF7FEFF 		bl	WaveDAC8_4_Start
  88              	.LVL6:
  89              	.L7:
  33:main.c        ****     //CyDelay(3000);
  34:main.c        ****     //WaveDAC8_1_Wave2Setup(WaveDAC8_1_SINE_WAVE,800);
  35:main.c        ****     
  36:main.c        ****     
  37:main.c        ****     /* Place your initialization/startup code here (e.g. MyInst_Start()) */
  38:main.c        ****     for(;;)
  39:main.c        ****     {
  40:main.c        ****         play_Pice(0);
  90              		.loc 1 40 0 discriminator 1
  91 0014 0020     		movs	r0, #0
  92 0016 FFF7FEFF 		bl	play_Pice
  93              	.LVL7:
  41:main.c        ****         sleep_DACs(3000);
  94              		.loc 1 41 0 discriminator 1
  95 001a 40F6B830 		movw	r0, #3000
  96 001e FFF7FEFF 		bl	sleep_DACs
  97              	.LVL8:
  98 0022 F7E7     		b	.L7
  99              		.cfi_endproc
 100              	.LFE64:
 101              		.size	main, .-main
 102              		.text
 103              	.Letext0:
 104              		.file 2 "c:\\program files (x86)\\cypress\\psoc creator\\4.4\\psoc creator\\import\\gnu\\arm\\5.4.
 105              		.file 3 "c:\\program files (x86)\\cypress\\psoc creator\\4.4\\psoc creator\\import\\gnu\\arm\\5.4.
 106              		.file 4 "Music_Pieces.h"
 107              		.file 5 "Generated_Source\\PSoC5/WaveDAC8_1.h"
 108              		.file 6 "Generated_Source\\PSoC5/WaveDAC8_2.h"
 109              		.file 7 "Generated_Source\\PSoC5/WaveDAC8_3.h"
 110              		.file 8 "Generated_Source\\PSoC5/WaveDAC8_4.h"
 111              		.file 9 "Helpers.h"
 112              		.file 10 "Generated_Source\\PSoC5/core_cm3.h"
 113              		.section	.debug_info,"",%progbits
 114              	.Ldebug_info0:
 115 0000 84010000 		.4byte	0x184
 116 0004 0400     		.2byte	0x4
 117 0006 00000000 		.4byte	.Ldebug_abbrev0
 118 000a 04       		.byte	0x4
 119 000b 01       		.uleb128 0x1
 120 000c 5D000000 		.4byte	.LASF22
 121 0010 0C       		.byte	0xc
 122 0011 2A000000 		.4byte	.LASF23
 123 0015 38010000 		.4byte	.LASF24
 124 0019 00000000 		.4byte	.Ldebug_ranges0+0
 125 001d 00000000 		.4byte	0
 126 0021 00000000 		.4byte	.Ldebug_line0
 127 0025 02       		.uleb128 0x2
 128 0026 01       		.byte	0x1
 129 0027 06       		.byte	0x6
ARM GAS  C:\Users\sepp2\AppData\Local\Temp\ccpZbFci.s 			page 4


 130 0028 CA010000 		.4byte	.LASF0
 131 002c 02       		.uleb128 0x2
 132 002d 01       		.byte	0x1
 133 002e 08       		.byte	0x8
 134 002f 25010000 		.4byte	.LASF1
 135 0033 02       		.uleb128 0x2
 136 0034 02       		.byte	0x2
 137 0035 05       		.byte	0x5
 138 0036 FD010000 		.4byte	.LASF2
 139 003a 02       		.uleb128 0x2
 140 003b 02       		.byte	0x2
 141 003c 07       		.byte	0x7
 142 003d 0A000000 		.4byte	.LASF3
 143 0041 03       		.uleb128 0x3
 144 0042 E2010000 		.4byte	.LASF9
 145 0046 02       		.byte	0x2
 146 0047 3F       		.byte	0x3f
 147 0048 4C000000 		.4byte	0x4c
 148 004c 02       		.uleb128 0x2
 149 004d 04       		.byte	0x4
 150 004e 05       		.byte	0x5
 151 004f 8E010000 		.4byte	.LASF4
 152 0053 02       		.uleb128 0x2
 153 0054 04       		.byte	0x4
 154 0055 07       		.byte	0x7
 155 0056 EB000000 		.4byte	.LASF5
 156 005a 02       		.uleb128 0x2
 157 005b 08       		.byte	0x8
 158 005c 05       		.byte	0x5
 159 005d AF010000 		.4byte	.LASF6
 160 0061 02       		.uleb128 0x2
 161 0062 08       		.byte	0x8
 162 0063 07       		.byte	0x7
 163 0064 FD000000 		.4byte	.LASF7
 164 0068 04       		.uleb128 0x4
 165 0069 04       		.byte	0x4
 166 006a 05       		.byte	0x5
 167 006b 696E7400 		.ascii	"int\000"
 168 006f 02       		.uleb128 0x2
 169 0070 04       		.byte	0x4
 170 0071 07       		.byte	0x7
 171 0072 1D000000 		.4byte	.LASF8
 172 0076 03       		.uleb128 0x3
 173 0077 07020000 		.4byte	.LASF10
 174 007b 03       		.byte	0x3
 175 007c 2C       		.byte	0x2c
 176 007d 41000000 		.4byte	0x41
 177 0081 02       		.uleb128 0x2
 178 0082 04       		.byte	0x4
 179 0083 04       		.byte	0x4
 180 0084 EC010000 		.4byte	.LASF11
 181 0088 02       		.uleb128 0x2
 182 0089 08       		.byte	0x8
 183 008a 04       		.byte	0x4
 184 008b A8010000 		.4byte	.LASF12
 185 008f 02       		.uleb128 0x2
 186 0090 01       		.byte	0x1
ARM GAS  C:\Users\sepp2\AppData\Local\Temp\ccpZbFci.s 			page 5


 187 0091 08       		.byte	0x8
 188 0092 33010000 		.4byte	.LASF13
 189 0096 02       		.uleb128 0x2
 190 0097 08       		.byte	0x8
 191 0098 04       		.byte	0x4
 192 0099 D6010000 		.4byte	.LASF14
 193 009d 02       		.uleb128 0x2
 194 009e 04       		.byte	0x4
 195 009f 07       		.byte	0x7
 196 00a0 20020000 		.4byte	.LASF15
 197 00a4 05       		.uleb128 0x5
 198 00a5 00000000 		.4byte	.LASF25
 199 00a9 01       		.byte	0x1
 200 00aa 14       		.byte	0x14
 201 00ab 00000000 		.4byte	.LFB63
 202 00af 0C000000 		.4byte	.LFE63-.LFB63
 203 00b3 01       		.uleb128 0x1
 204 00b4 9C       		.byte	0x9c
 205 00b5 D2000000 		.4byte	0xd2
 206 00b9 06       		.uleb128 0x6
 207 00ba 55000000 		.4byte	.LASF26
 208 00be 01       		.byte	0x1
 209 00bf 14       		.byte	0x14
 210 00c0 68000000 		.4byte	0x68
 211 00c4 00000000 		.4byte	.LLST0
 212 00c8 07       		.uleb128 0x7
 213 00c9 08000000 		.4byte	.LVL1
 214 00cd 45010000 		.4byte	0x145
 215 00d1 00       		.byte	0
 216 00d2 08       		.uleb128 0x8
 217 00d3 42000000 		.4byte	.LASF27
 218 00d7 01       		.byte	0x1
 219 00d8 1A       		.byte	0x1a
 220 00d9 68000000 		.4byte	0x68
 221 00dd 00000000 		.4byte	.LFB64
 222 00e1 24000000 		.4byte	.LFE64-.LFB64
 223 00e5 01       		.uleb128 0x1
 224 00e6 9C       		.byte	0x9c
 225 00e7 34010000 		.4byte	0x134
 226 00eb 07       		.uleb128 0x7
 227 00ec 08000000 		.4byte	.LVL3
 228 00f0 50010000 		.4byte	0x150
 229 00f4 07       		.uleb128 0x7
 230 00f5 0C000000 		.4byte	.LVL4
 231 00f9 5B010000 		.4byte	0x15b
 232 00fd 07       		.uleb128 0x7
 233 00fe 10000000 		.4byte	.LVL5
 234 0102 66010000 		.4byte	0x166
 235 0106 07       		.uleb128 0x7
 236 0107 14000000 		.4byte	.LVL6
 237 010b 71010000 		.4byte	0x171
 238 010f 09       		.uleb128 0x9
 239 0110 1A000000 		.4byte	.LVL7
 240 0114 A4000000 		.4byte	0xa4
 241 0118 22010000 		.4byte	0x122
 242 011c 0A       		.uleb128 0xa
 243 011d 01       		.uleb128 0x1
ARM GAS  C:\Users\sepp2\AppData\Local\Temp\ccpZbFci.s 			page 6


 244 011e 50       		.byte	0x50
 245 011f 01       		.uleb128 0x1
 246 0120 30       		.byte	0x30
 247 0121 00       		.byte	0
 248 0122 0B       		.uleb128 0xb
 249 0123 22000000 		.4byte	.LVL8
 250 0127 7C010000 		.4byte	0x17c
 251 012b 0A       		.uleb128 0xa
 252 012c 01       		.uleb128 0x1
 253 012d 50       		.byte	0x50
 254 012e 03       		.uleb128 0x3
 255 012f 0A       		.byte	0xa
 256 0130 B80B     		.2byte	0xbb8
 257 0132 00       		.byte	0
 258 0133 00       		.byte	0
 259 0134 0C       		.uleb128 0xc
 260 0135 BD010000 		.4byte	.LASF28
 261 0139 0A       		.byte	0xa
 262 013a 1207     		.2byte	0x712
 263 013c 40010000 		.4byte	0x140
 264 0140 0D       		.uleb128 0xd
 265 0141 76000000 		.4byte	0x76
 266 0145 0E       		.uleb128 0xe
 267 0146 47000000 		.4byte	.LASF16
 268 014a 47000000 		.4byte	.LASF16
 269 014e 04       		.byte	0x4
 270 014f 13       		.byte	0x13
 271 0150 0E       		.uleb128 0xe
 272 0151 0F020000 		.4byte	.LASF17
 273 0155 0F020000 		.4byte	.LASF17
 274 0159 05       		.byte	0x5
 275 015a 67       		.byte	0x67
 276 015b 0E       		.uleb128 0xe
 277 015c 31000000 		.4byte	.LASF18
 278 0160 31000000 		.4byte	.LASF18
 279 0164 06       		.byte	0x6
 280 0165 67       		.byte	0x67
 281 0166 0E       		.uleb128 0xe
 282 0167 14010000 		.4byte	.LASF19
 283 016b 14010000 		.4byte	.LASF19
 284 016f 07       		.byte	0x7
 285 0170 67       		.byte	0x67
 286 0171 0E       		.uleb128 0xe
 287 0172 97010000 		.4byte	.LASF20
 288 0176 97010000 		.4byte	.LASF20
 289 017a 08       		.byte	0x8
 290 017b 67       		.byte	0x67
 291 017c 0E       		.uleb128 0xe
 292 017d F2010000 		.4byte	.LASF21
 293 0181 F2010000 		.4byte	.LASF21
 294 0185 09       		.byte	0x9
 295 0186 19       		.byte	0x19
 296 0187 00       		.byte	0
 297              		.section	.debug_abbrev,"",%progbits
 298              	.Ldebug_abbrev0:
 299 0000 01       		.uleb128 0x1
 300 0001 11       		.uleb128 0x11
ARM GAS  C:\Users\sepp2\AppData\Local\Temp\ccpZbFci.s 			page 7


 301 0002 01       		.byte	0x1
 302 0003 25       		.uleb128 0x25
 303 0004 0E       		.uleb128 0xe
 304 0005 13       		.uleb128 0x13
 305 0006 0B       		.uleb128 0xb
 306 0007 03       		.uleb128 0x3
 307 0008 0E       		.uleb128 0xe
 308 0009 1B       		.uleb128 0x1b
 309 000a 0E       		.uleb128 0xe
 310 000b 55       		.uleb128 0x55
 311 000c 17       		.uleb128 0x17
 312 000d 11       		.uleb128 0x11
 313 000e 01       		.uleb128 0x1
 314 000f 10       		.uleb128 0x10
 315 0010 17       		.uleb128 0x17
 316 0011 00       		.byte	0
 317 0012 00       		.byte	0
 318 0013 02       		.uleb128 0x2
 319 0014 24       		.uleb128 0x24
 320 0015 00       		.byte	0
 321 0016 0B       		.uleb128 0xb
 322 0017 0B       		.uleb128 0xb
 323 0018 3E       		.uleb128 0x3e
 324 0019 0B       		.uleb128 0xb
 325 001a 03       		.uleb128 0x3
 326 001b 0E       		.uleb128 0xe
 327 001c 00       		.byte	0
 328 001d 00       		.byte	0
 329 001e 03       		.uleb128 0x3
 330 001f 16       		.uleb128 0x16
 331 0020 00       		.byte	0
 332 0021 03       		.uleb128 0x3
 333 0022 0E       		.uleb128 0xe
 334 0023 3A       		.uleb128 0x3a
 335 0024 0B       		.uleb128 0xb
 336 0025 3B       		.uleb128 0x3b
 337 0026 0B       		.uleb128 0xb
 338 0027 49       		.uleb128 0x49
 339 0028 13       		.uleb128 0x13
 340 0029 00       		.byte	0
 341 002a 00       		.byte	0
 342 002b 04       		.uleb128 0x4
 343 002c 24       		.uleb128 0x24
 344 002d 00       		.byte	0
 345 002e 0B       		.uleb128 0xb
 346 002f 0B       		.uleb128 0xb
 347 0030 3E       		.uleb128 0x3e
 348 0031 0B       		.uleb128 0xb
 349 0032 03       		.uleb128 0x3
 350 0033 08       		.uleb128 0x8
 351 0034 00       		.byte	0
 352 0035 00       		.byte	0
 353 0036 05       		.uleb128 0x5
 354 0037 2E       		.uleb128 0x2e
 355 0038 01       		.byte	0x1
 356 0039 3F       		.uleb128 0x3f
 357 003a 19       		.uleb128 0x19
ARM GAS  C:\Users\sepp2\AppData\Local\Temp\ccpZbFci.s 			page 8


 358 003b 03       		.uleb128 0x3
 359 003c 0E       		.uleb128 0xe
 360 003d 3A       		.uleb128 0x3a
 361 003e 0B       		.uleb128 0xb
 362 003f 3B       		.uleb128 0x3b
 363 0040 0B       		.uleb128 0xb
 364 0041 27       		.uleb128 0x27
 365 0042 19       		.uleb128 0x19
 366 0043 11       		.uleb128 0x11
 367 0044 01       		.uleb128 0x1
 368 0045 12       		.uleb128 0x12
 369 0046 06       		.uleb128 0x6
 370 0047 40       		.uleb128 0x40
 371 0048 18       		.uleb128 0x18
 372 0049 9742     		.uleb128 0x2117
 373 004b 19       		.uleb128 0x19
 374 004c 01       		.uleb128 0x1
 375 004d 13       		.uleb128 0x13
 376 004e 00       		.byte	0
 377 004f 00       		.byte	0
 378 0050 06       		.uleb128 0x6
 379 0051 05       		.uleb128 0x5
 380 0052 00       		.byte	0
 381 0053 03       		.uleb128 0x3
 382 0054 0E       		.uleb128 0xe
 383 0055 3A       		.uleb128 0x3a
 384 0056 0B       		.uleb128 0xb
 385 0057 3B       		.uleb128 0x3b
 386 0058 0B       		.uleb128 0xb
 387 0059 49       		.uleb128 0x49
 388 005a 13       		.uleb128 0x13
 389 005b 02       		.uleb128 0x2
 390 005c 17       		.uleb128 0x17
 391 005d 00       		.byte	0
 392 005e 00       		.byte	0
 393 005f 07       		.uleb128 0x7
 394 0060 898201   		.uleb128 0x4109
 395 0063 00       		.byte	0
 396 0064 11       		.uleb128 0x11
 397 0065 01       		.uleb128 0x1
 398 0066 31       		.uleb128 0x31
 399 0067 13       		.uleb128 0x13
 400 0068 00       		.byte	0
 401 0069 00       		.byte	0
 402 006a 08       		.uleb128 0x8
 403 006b 2E       		.uleb128 0x2e
 404 006c 01       		.byte	0x1
 405 006d 3F       		.uleb128 0x3f
 406 006e 19       		.uleb128 0x19
 407 006f 03       		.uleb128 0x3
 408 0070 0E       		.uleb128 0xe
 409 0071 3A       		.uleb128 0x3a
 410 0072 0B       		.uleb128 0xb
 411 0073 3B       		.uleb128 0x3b
 412 0074 0B       		.uleb128 0xb
 413 0075 27       		.uleb128 0x27
 414 0076 19       		.uleb128 0x19
ARM GAS  C:\Users\sepp2\AppData\Local\Temp\ccpZbFci.s 			page 9


 415 0077 49       		.uleb128 0x49
 416 0078 13       		.uleb128 0x13
 417 0079 8701     		.uleb128 0x87
 418 007b 19       		.uleb128 0x19
 419 007c 11       		.uleb128 0x11
 420 007d 01       		.uleb128 0x1
 421 007e 12       		.uleb128 0x12
 422 007f 06       		.uleb128 0x6
 423 0080 40       		.uleb128 0x40
 424 0081 18       		.uleb128 0x18
 425 0082 9742     		.uleb128 0x2117
 426 0084 19       		.uleb128 0x19
 427 0085 01       		.uleb128 0x1
 428 0086 13       		.uleb128 0x13
 429 0087 00       		.byte	0
 430 0088 00       		.byte	0
 431 0089 09       		.uleb128 0x9
 432 008a 898201   		.uleb128 0x4109
 433 008d 01       		.byte	0x1
 434 008e 11       		.uleb128 0x11
 435 008f 01       		.uleb128 0x1
 436 0090 31       		.uleb128 0x31
 437 0091 13       		.uleb128 0x13
 438 0092 01       		.uleb128 0x1
 439 0093 13       		.uleb128 0x13
 440 0094 00       		.byte	0
 441 0095 00       		.byte	0
 442 0096 0A       		.uleb128 0xa
 443 0097 8A8201   		.uleb128 0x410a
 444 009a 00       		.byte	0
 445 009b 02       		.uleb128 0x2
 446 009c 18       		.uleb128 0x18
 447 009d 9142     		.uleb128 0x2111
 448 009f 18       		.uleb128 0x18
 449 00a0 00       		.byte	0
 450 00a1 00       		.byte	0
 451 00a2 0B       		.uleb128 0xb
 452 00a3 898201   		.uleb128 0x4109
 453 00a6 01       		.byte	0x1
 454 00a7 11       		.uleb128 0x11
 455 00a8 01       		.uleb128 0x1
 456 00a9 31       		.uleb128 0x31
 457 00aa 13       		.uleb128 0x13
 458 00ab 00       		.byte	0
 459 00ac 00       		.byte	0
 460 00ad 0C       		.uleb128 0xc
 461 00ae 34       		.uleb128 0x34
 462 00af 00       		.byte	0
 463 00b0 03       		.uleb128 0x3
 464 00b1 0E       		.uleb128 0xe
 465 00b2 3A       		.uleb128 0x3a
 466 00b3 0B       		.uleb128 0xb
 467 00b4 3B       		.uleb128 0x3b
 468 00b5 05       		.uleb128 0x5
 469 00b6 49       		.uleb128 0x49
 470 00b7 13       		.uleb128 0x13
 471 00b8 3F       		.uleb128 0x3f
ARM GAS  C:\Users\sepp2\AppData\Local\Temp\ccpZbFci.s 			page 10


 472 00b9 19       		.uleb128 0x19
 473 00ba 3C       		.uleb128 0x3c
 474 00bb 19       		.uleb128 0x19
 475 00bc 00       		.byte	0
 476 00bd 00       		.byte	0
 477 00be 0D       		.uleb128 0xd
 478 00bf 35       		.uleb128 0x35
 479 00c0 00       		.byte	0
 480 00c1 49       		.uleb128 0x49
 481 00c2 13       		.uleb128 0x13
 482 00c3 00       		.byte	0
 483 00c4 00       		.byte	0
 484 00c5 0E       		.uleb128 0xe
 485 00c6 2E       		.uleb128 0x2e
 486 00c7 00       		.byte	0
 487 00c8 3F       		.uleb128 0x3f
 488 00c9 19       		.uleb128 0x19
 489 00ca 3C       		.uleb128 0x3c
 490 00cb 19       		.uleb128 0x19
 491 00cc 6E       		.uleb128 0x6e
 492 00cd 0E       		.uleb128 0xe
 493 00ce 03       		.uleb128 0x3
 494 00cf 0E       		.uleb128 0xe
 495 00d0 3A       		.uleb128 0x3a
 496 00d1 0B       		.uleb128 0xb
 497 00d2 3B       		.uleb128 0x3b
 498 00d3 0B       		.uleb128 0xb
 499 00d4 00       		.byte	0
 500 00d5 00       		.byte	0
 501 00d6 00       		.byte	0
 502              		.section	.debug_loc,"",%progbits
 503              	.Ldebug_loc0:
 504              	.LLST0:
 505 0000 00000000 		.4byte	.LVL0
 506 0004 07000000 		.4byte	.LVL1-1
 507 0008 0100     		.2byte	0x1
 508 000a 50       		.byte	0x50
 509 000b 07000000 		.4byte	.LVL1-1
 510 000f 0A000000 		.4byte	.LVL2
 511 0013 0400     		.2byte	0x4
 512 0015 F3       		.byte	0xf3
 513 0016 01       		.uleb128 0x1
 514 0017 50       		.byte	0x50
 515 0018 9F       		.byte	0x9f
 516 0019 0A000000 		.4byte	.LVL2
 517 001d 0C000000 		.4byte	.LFE63
 518 0021 0100     		.2byte	0x1
 519 0023 50       		.byte	0x50
 520 0024 00000000 		.4byte	0
 521 0028 00000000 		.4byte	0
 522              		.section	.debug_aranges,"",%progbits
 523 0000 24000000 		.4byte	0x24
 524 0004 0200     		.2byte	0x2
 525 0006 00000000 		.4byte	.Ldebug_info0
 526 000a 04       		.byte	0x4
 527 000b 00       		.byte	0
 528 000c 0000     		.2byte	0
ARM GAS  C:\Users\sepp2\AppData\Local\Temp\ccpZbFci.s 			page 11


 529 000e 0000     		.2byte	0
 530 0010 00000000 		.4byte	.LFB63
 531 0014 0C000000 		.4byte	.LFE63-.LFB63
 532 0018 00000000 		.4byte	.LFB64
 533 001c 24000000 		.4byte	.LFE64-.LFB64
 534 0020 00000000 		.4byte	0
 535 0024 00000000 		.4byte	0
 536              		.section	.debug_ranges,"",%progbits
 537              	.Ldebug_ranges0:
 538 0000 00000000 		.4byte	.LFB63
 539 0004 0C000000 		.4byte	.LFE63
 540 0008 00000000 		.4byte	.LFB64
 541 000c 24000000 		.4byte	.LFE64
 542 0010 00000000 		.4byte	0
 543 0014 00000000 		.4byte	0
 544              		.section	.debug_line,"",%progbits
 545              	.Ldebug_line0:
 546 0000 D4010000 		.section	.debug_str,"MS",%progbits,1
 546      02009E01 
 546      00000201 
 546      FB0E0D00 
 546      01010101 
 547              	.LASF25:
 548 0000 706C6179 		.ascii	"play_Pice\000"
 548      5F506963 
 548      6500
 549              	.LASF3:
 550 000a 73686F72 		.ascii	"short unsigned int\000"
 550      7420756E 
 550      7369676E 
 550      65642069 
 550      6E7400
 551              	.LASF8:
 552 001d 756E7369 		.ascii	"unsigned int\000"
 552      676E6564 
 552      20696E74 
 552      00
 553              	.LASF23:
 554 002a 6D61696E 		.ascii	"main.c\000"
 554      2E6300
 555              	.LASF18:
 556 0031 57617665 		.ascii	"WaveDAC8_2_Start\000"
 556      44414338 
 556      5F325F53 
 556      74617274 
 556      00
 557              	.LASF27:
 558 0042 6D61696E 		.ascii	"main\000"
 558      00
 559              	.LASF16:
 560 0047 706C6179 		.ascii	"play_Narcotic\000"
 560      5F4E6172 
 560      636F7469 
 560      6300
 561              	.LASF26:
 562 0055 70696365 		.ascii	"pice_id\000"
 562      5F696400 
ARM GAS  C:\Users\sepp2\AppData\Local\Temp\ccpZbFci.s 			page 12


 563              	.LASF22:
 564 005d 474E5520 		.ascii	"GNU C11 5.4.1 20160609 (release) [ARM/embedded-5-br"
 564      43313120 
 564      352E342E 
 564      31203230 
 564      31363036 
 565 0090 616E6368 		.ascii	"anch revision 237715] -mcpu=cortex-m3 -mthumb -g -O"
 565      20726576 
 565      6973696F 
 565      6E203233 
 565      37373135 
 566 00c3 67202D66 		.ascii	"g -ffunction-sections -ffat-lto-objects\000"
 566      66756E63 
 566      74696F6E 
 566      2D736563 
 566      74696F6E 
 567              	.LASF5:
 568 00eb 6C6F6E67 		.ascii	"long unsigned int\000"
 568      20756E73 
 568      69676E65 
 568      6420696E 
 568      7400
 569              	.LASF7:
 570 00fd 6C6F6E67 		.ascii	"long long unsigned int\000"
 570      206C6F6E 
 570      6720756E 
 570      7369676E 
 570      65642069 
 571              	.LASF19:
 572 0114 57617665 		.ascii	"WaveDAC8_3_Start\000"
 572      44414338 
 572      5F335F53 
 572      74617274 
 572      00
 573              	.LASF1:
 574 0125 756E7369 		.ascii	"unsigned char\000"
 574      676E6564 
 574      20636861 
 574      7200
 575              	.LASF13:
 576 0133 63686172 		.ascii	"char\000"
 576      00
 577              	.LASF24:
 578 0138 433A5C55 		.ascii	"C:\\Users\\sepp2\\Desktop\\Schule\\DIC\\4BHEL\\In_B"
 578      73657273 
 578      5C736570 
 578      70325C44 
 578      65736B74 
 579 0164 65617262 		.ascii	"earbeitung\\PSOC\\Synthie\\Synthesizer.cydsn\000"
 579      65697475 
 579      6E675C50 
 579      534F435C 
 579      53796E74 
 580              	.LASF4:
 581 018e 6C6F6E67 		.ascii	"long int\000"
 581      20696E74 
 581      00
ARM GAS  C:\Users\sepp2\AppData\Local\Temp\ccpZbFci.s 			page 13


 582              	.LASF20:
 583 0197 57617665 		.ascii	"WaveDAC8_4_Start\000"
 583      44414338 
 583      5F345F53 
 583      74617274 
 583      00
 584              	.LASF12:
 585 01a8 646F7562 		.ascii	"double\000"
 585      6C6500
 586              	.LASF6:
 587 01af 6C6F6E67 		.ascii	"long long int\000"
 587      206C6F6E 
 587      6720696E 
 587      7400
 588              	.LASF28:
 589 01bd 49544D5F 		.ascii	"ITM_RxBuffer\000"
 589      52784275 
 589      66666572 
 589      00
 590              	.LASF0:
 591 01ca 7369676E 		.ascii	"signed char\000"
 591      65642063 
 591      68617200 
 592              	.LASF14:
 593 01d6 6C6F6E67 		.ascii	"long double\000"
 593      20646F75 
 593      626C6500 
 594              	.LASF9:
 595 01e2 5F5F696E 		.ascii	"__int32_t\000"
 595      7433325F 
 595      7400
 596              	.LASF11:
 597 01ec 666C6F61 		.ascii	"float\000"
 597      7400
 598              	.LASF21:
 599 01f2 736C6565 		.ascii	"sleep_DACs\000"
 599      705F4441 
 599      437300
 600              	.LASF2:
 601 01fd 73686F72 		.ascii	"short int\000"
 601      7420696E 
 601      7400
 602              	.LASF10:
 603 0207 696E7433 		.ascii	"int32_t\000"
 603      325F7400 
 604              	.LASF17:
 605 020f 57617665 		.ascii	"WaveDAC8_1_Start\000"
 605      44414338 
 605      5F315F53 
 605      74617274 
 605      00
 606              	.LASF15:
 607 0220 73697A65 		.ascii	"sizetype\000"
 607      74797065 
 607      00
 608              		.ident	"GCC: (GNU Tools for ARM Embedded Processors) 5.4.1 20160609 (release) [ARM/embedded-5-bran
