ARM GAS  C:\Users\sepp2\AppData\Local\Temp\cc3d5cPv.s 			page 1


   1              		.syntax unified
   2              		.cpu cortex-m3
   3              		.fpu softvfp
   4              		.eabi_attribute 20, 1
   5              		.eabi_attribute 21, 1
   6              		.eabi_attribute 23, 3
   7              		.eabi_attribute 24, 1
   8              		.eabi_attribute 25, 1
   9              		.eabi_attribute 26, 1
  10              		.eabi_attribute 30, 1
  11              		.eabi_attribute 34, 1
  12              		.eabi_attribute 18, 4
  13              		.thumb
  14              		.syntax unified
  15              		.file	"Music_Pieces.c"
  16              		.text
  17              	.Ltext0:
  18              		.cfi_sections	.debug_frame
  19              		.section	.text.play_Narcotic,"ax",%progbits
  20              		.align	2
  21              		.global	play_Narcotic
  22              		.thumb
  23              		.thumb_func
  24              		.type	play_Narcotic, %function
  25              	play_Narcotic:
  26              	.LFB63:
  27              		.file 1 "Music_Pieces.c"
   1:Music_Pieces.c **** /* ========================================
   2:Music_Pieces.c ****  *
   3:Music_Pieces.c ****  * Copyright YOUR COMPANY, THE YEAR
   4:Music_Pieces.c ****  * All Rights Reserved
   5:Music_Pieces.c ****  * UNPUBLISHED, LICENSED SOFTWARE.
   6:Music_Pieces.c ****  *
   7:Music_Pieces.c ****  * CONFIDENTIAL AND PROPRIETARY INFORMATION
   8:Music_Pieces.c ****  * WHICH IS THE PROPERTY OF your company.
   9:Music_Pieces.c ****  *
  10:Music_Pieces.c ****  * ========================================
  11:Music_Pieces.c **** */
  12:Music_Pieces.c **** 
  13:Music_Pieces.c **** /* [] END OF FILE */
  14:Music_Pieces.c **** #include <math.h>
  15:Music_Pieces.c **** #include "project.h"
  16:Music_Pieces.c **** 
  17:Music_Pieces.c **** #include "Music_Pieces.h"
  18:Music_Pieces.c **** #include "Helpers.h"
  19:Music_Pieces.c **** 
  20:Music_Pieces.c **** int idle_sleep = 10;
  21:Music_Pieces.c **** void play_Narcotic(){
  28              		.loc 1 21 0
  29              		.cfi_startproc
  30              		@ args = 0, pretend = 0, frame = 0
  31              		@ frame_needed = 0, uses_anonymous_args = 0
  32 0000 38B5     		push	{r3, r4, r5, lr}
  33              		.cfi_def_cfa_offset 16
  34              		.cfi_offset 3, -16
  35              		.cfi_offset 4, -12
  36              		.cfi_offset 5, -8
ARM GAS  C:\Users\sepp2\AppData\Local\Temp\cc3d5cPv.s 			page 2


  37              		.cfi_offset 14, -4
  22:Music_Pieces.c ****     init_dacs();
  38              		.loc 1 22 0
  39 0002 FFF7FEFF 		bl	init_dacs
  40              	.LVL0:
  23:Music_Pieces.c ****     
  24:Music_Pieces.c ****     int bpm = 102;
  25:Music_Pieces.c ****     //int viertel = round(60/bpm*1000);
  26:Music_Pieces.c ****     int viertel = 450;
  27:Music_Pieces.c ****     int achtel = round(viertel/2);
  28:Music_Pieces.c ****     int sechsentel = round(viertel/4);
  29:Music_Pieces.c ****     
  30:Music_Pieces.c ****     playTone(1,achtel);
  41              		.loc 1 30 0
  42 0006 E121     		movs	r1, #225
  43 0008 0120     		movs	r0, #1
  44 000a FFF7FEFF 		bl	playTone
  45              	.LVL1:
  31:Music_Pieces.c ****     sleep_DACs(idle_sleep);
  46              		.loc 1 31 0
  47 000e D64C     		ldr	r4, .L10
  48 0010 2068     		ldr	r0, [r4]
  49 0012 FFF7FEFF 		bl	sleep_DACs
  50              	.LVL2:
  32:Music_Pieces.c ****     playTone(2,achtel);
  51              		.loc 1 32 0
  52 0016 E121     		movs	r1, #225
  53 0018 0220     		movs	r0, #2
  54 001a FFF7FEFF 		bl	playTone
  55              	.LVL3:
  33:Music_Pieces.c ****     playTone(1,achtel);
  56              		.loc 1 33 0
  57 001e E121     		movs	r1, #225
  58 0020 0120     		movs	r0, #1
  59 0022 FFF7FEFF 		bl	playTone
  60              	.LVL4:
  34:Music_Pieces.c ****     sleep_DACs(idle_sleep);
  61              		.loc 1 34 0
  62 0026 2068     		ldr	r0, [r4]
  63 0028 FFF7FEFF 		bl	sleep_DACs
  64              	.LVL5:
  35:Music_Pieces.c ****     playTone(2,achtel);
  65              		.loc 1 35 0
  66 002c E121     		movs	r1, #225
  67 002e 0220     		movs	r0, #2
  68 0030 FFF7FEFF 		bl	playTone
  69              	.LVL6:
  36:Music_Pieces.c ****     playTone(1,achtel);
  70              		.loc 1 36 0
  71 0034 E121     		movs	r1, #225
  72 0036 0120     		movs	r0, #1
  73 0038 FFF7FEFF 		bl	playTone
  74              	.LVL7:
  37:Music_Pieces.c ****     sleep_DACs(idle_sleep);
  75              		.loc 1 37 0
  76 003c 2068     		ldr	r0, [r4]
  77 003e FFF7FEFF 		bl	sleep_DACs
ARM GAS  C:\Users\sepp2\AppData\Local\Temp\cc3d5cPv.s 			page 3


  78              	.LVL8:
  38:Music_Pieces.c ****     playTone(2,achtel);
  79              		.loc 1 38 0
  80 0042 E121     		movs	r1, #225
  81 0044 0220     		movs	r0, #2
  82 0046 FFF7FEFF 		bl	playTone
  83              	.LVL9:
  39:Music_Pieces.c ****     playTone(1,sechsentel);
  84              		.loc 1 39 0
  85 004a 7021     		movs	r1, #112
  86 004c 0120     		movs	r0, #1
  87 004e FFF7FEFF 		bl	playTone
  88              	.LVL10:
  40:Music_Pieces.c ****     playTone(3,sechsentel);
  89              		.loc 1 40 0
  90 0052 7021     		movs	r1, #112
  91 0054 0320     		movs	r0, #3
  92 0056 FFF7FEFF 		bl	playTone
  93              	.LVL11:
  41:Music_Pieces.c ****     playTone(3,achtel);
  94              		.loc 1 41 0
  95 005a E121     		movs	r1, #225
  96 005c 0320     		movs	r0, #3
  97 005e FFF7FEFF 		bl	playTone
  98              	.LVL12:
  42:Music_Pieces.c ****     playTone(2,achtel);
  99              		.loc 1 42 0
 100 0062 E121     		movs	r1, #225
 101 0064 0220     		movs	r0, #2
 102 0066 FFF7FEFF 		bl	playTone
 103              	.LVL13:
  43:Music_Pieces.c ****     sleep_DACs(idle_sleep);
 104              		.loc 1 43 0
 105 006a 2068     		ldr	r0, [r4]
 106 006c FFF7FEFF 		bl	sleep_DACs
 107              	.LVL14:
  44:Music_Pieces.c ****     playTone(3,achtel);
 108              		.loc 1 44 0
 109 0070 E121     		movs	r1, #225
 110 0072 0320     		movs	r0, #3
 111 0074 FFF7FEFF 		bl	playTone
 112              	.LVL15:
  45:Music_Pieces.c ****     playTone(2,achtel);
 113              		.loc 1 45 0
 114 0078 E121     		movs	r1, #225
 115 007a 0220     		movs	r0, #2
 116 007c FFF7FEFF 		bl	playTone
 117              	.LVL16:
  46:Music_Pieces.c ****     sleep_DACs(idle_sleep);
 118              		.loc 1 46 0
 119 0080 2068     		ldr	r0, [r4]
 120 0082 FFF7FEFF 		bl	sleep_DACs
 121              	.LVL17:
  47:Music_Pieces.c ****     playTone(3,achtel);
 122              		.loc 1 47 0
 123 0086 E121     		movs	r1, #225
 124 0088 0320     		movs	r0, #3
ARM GAS  C:\Users\sepp2\AppData\Local\Temp\cc3d5cPv.s 			page 4


 125 008a FFF7FEFF 		bl	playTone
 126              	.LVL18:
  48:Music_Pieces.c ****     playTone(2,achtel);
 127              		.loc 1 48 0
 128 008e E121     		movs	r1, #225
 129 0090 0220     		movs	r0, #2
 130 0092 FFF7FEFF 		bl	playTone
 131              	.LVL19:
  49:Music_Pieces.c ****     sleep_DACs(idle_sleep);
 132              		.loc 1 49 0
 133 0096 2068     		ldr	r0, [r4]
 134 0098 FFF7FEFF 		bl	sleep_DACs
 135              	.LVL20:
  50:Music_Pieces.c ****     playTone(3,achtel);
 136              		.loc 1 50 0
 137 009c E121     		movs	r1, #225
 138 009e 0320     		movs	r0, #3
 139 00a0 FFF7FEFF 		bl	playTone
 140              	.LVL21:
  51:Music_Pieces.c ****     playTone(4,sechsentel);
 141              		.loc 1 51 0
 142 00a4 7021     		movs	r1, #112
 143 00a6 0420     		movs	r0, #4
 144 00a8 FFF7FEFF 		bl	playTone
 145              	.LVL22:
  52:Music_Pieces.c ****     playTone(5,sechsentel);
 146              		.loc 1 52 0
 147 00ac 7021     		movs	r1, #112
 148 00ae 0520     		movs	r0, #5
 149 00b0 FFF7FEFF 		bl	playTone
 150              	.LVL23:
  53:Music_Pieces.c ****     playTone(5,achtel);
 151              		.loc 1 53 0
 152 00b4 E121     		movs	r1, #225
 153 00b6 0520     		movs	r0, #5
 154 00b8 FFF7FEFF 		bl	playTone
 155              	.LVL24:
  54:Music_Pieces.c ****     playTone(4,achtel);
 156              		.loc 1 54 0
 157 00bc E121     		movs	r1, #225
 158 00be 0420     		movs	r0, #4
 159 00c0 FFF7FEFF 		bl	playTone
 160              	.LVL25:
  55:Music_Pieces.c ****     sleep_DACs(idle_sleep);
 161              		.loc 1 55 0
 162 00c4 2068     		ldr	r0, [r4]
 163 00c6 FFF7FEFF 		bl	sleep_DACs
 164              	.LVL26:
  56:Music_Pieces.c ****     playTone(5,achtel);
 165              		.loc 1 56 0
 166 00ca E121     		movs	r1, #225
 167 00cc 0520     		movs	r0, #5
 168 00ce FFF7FEFF 		bl	playTone
 169              	.LVL27:
  57:Music_Pieces.c ****     playTone(4,achtel);
 170              		.loc 1 57 0
 171 00d2 E121     		movs	r1, #225
ARM GAS  C:\Users\sepp2\AppData\Local\Temp\cc3d5cPv.s 			page 5


 172 00d4 0420     		movs	r0, #4
 173 00d6 FFF7FEFF 		bl	playTone
 174              	.LVL28:
  58:Music_Pieces.c ****     sleep_DACs(idle_sleep);
 175              		.loc 1 58 0
 176 00da 2068     		ldr	r0, [r4]
 177 00dc FFF7FEFF 		bl	sleep_DACs
 178              	.LVL29:
  59:Music_Pieces.c ****     playTone(5,achtel);
 179              		.loc 1 59 0
 180 00e0 E121     		movs	r1, #225
 181 00e2 0520     		movs	r0, #5
 182 00e4 FFF7FEFF 		bl	playTone
 183              	.LVL30:
  60:Music_Pieces.c ****     playTone(4,achtel);
 184              		.loc 1 60 0
 185 00e8 E121     		movs	r1, #225
 186 00ea 0420     		movs	r0, #4
 187 00ec FFF7FEFF 		bl	playTone
 188              	.LVL31:
  61:Music_Pieces.c ****     sleep_DACs(idle_sleep);
 189              		.loc 1 61 0
 190 00f0 2068     		ldr	r0, [r4]
 191 00f2 FFF7FEFF 		bl	sleep_DACs
 192              	.LVL32:
  62:Music_Pieces.c ****     playTone(5,achtel);
 193              		.loc 1 62 0
 194 00f6 E121     		movs	r1, #225
 195 00f8 0520     		movs	r0, #5
 196 00fa FFF7FEFF 		bl	playTone
 197              	.LVL33:
  63:Music_Pieces.c ****     playTone(4,sechsentel);
 198              		.loc 1 63 0
 199 00fe 7021     		movs	r1, #112
 200 0100 0420     		movs	r0, #4
 201 0102 FFF7FEFF 		bl	playTone
 202              	.LVL34:
  64:Music_Pieces.c ****     playTone(2,sechsentel);
 203              		.loc 1 64 0
 204 0106 7021     		movs	r1, #112
 205 0108 0220     		movs	r0, #2
 206 010a FFF7FEFF 		bl	playTone
 207              	.LVL35:
  65:Music_Pieces.c ****     playTone(2,achtel);
 208              		.loc 1 65 0
 209 010e E121     		movs	r1, #225
 210 0110 0220     		movs	r0, #2
 211 0112 FFF7FEFF 		bl	playTone
 212              	.LVL36:
  66:Music_Pieces.c ****     playTone(1,achtel);
 213              		.loc 1 66 0
 214 0116 E121     		movs	r1, #225
 215 0118 0120     		movs	r0, #1
 216 011a FFF7FEFF 		bl	playTone
 217              	.LVL37:
  67:Music_Pieces.c ****     sleep_DACs(idle_sleep);
 218              		.loc 1 67 0
ARM GAS  C:\Users\sepp2\AppData\Local\Temp\cc3d5cPv.s 			page 6


 219 011e 2068     		ldr	r0, [r4]
 220 0120 FFF7FEFF 		bl	sleep_DACs
 221              	.LVL38:
  68:Music_Pieces.c ****     playTone(2,achtel);
 222              		.loc 1 68 0
 223 0124 E121     		movs	r1, #225
 224 0126 0220     		movs	r0, #2
 225 0128 FFF7FEFF 		bl	playTone
 226              	.LVL39:
  69:Music_Pieces.c ****     playTone(1,achtel);
 227              		.loc 1 69 0
 228 012c E121     		movs	r1, #225
 229 012e 0120     		movs	r0, #1
 230 0130 FFF7FEFF 		bl	playTone
 231              	.LVL40:
  70:Music_Pieces.c ****     sleep_DACs(idle_sleep);
 232              		.loc 1 70 0
 233 0134 2068     		ldr	r0, [r4]
 234 0136 FFF7FEFF 		bl	sleep_DACs
 235              	.LVL41:
  71:Music_Pieces.c ****     //
  72:Music_Pieces.c ****     playTone(2,viertel);
 236              		.loc 1 72 0
 237 013a 4FF4E171 		mov	r1, #450
 238 013e 0220     		movs	r0, #2
 239 0140 FFF7FEFF 		bl	playTone
 240              	.LVL42:
  73:Music_Pieces.c ****     playTone(3,viertel);
 241              		.loc 1 73 0
 242 0144 4FF4E171 		mov	r1, #450
 243 0148 0320     		movs	r0, #3
 244 014a FFF7FEFF 		bl	playTone
 245              	.LVL43:
  74:Music_Pieces.c ****     playTone(2,viertel);
 246              		.loc 1 74 0
 247 014e 4FF4E171 		mov	r1, #450
 248 0152 0220     		movs	r0, #2
 249 0154 FFF7FEFF 		bl	playTone
 250              	.LVL44:
 251              	.LBB2:
  75:Music_Pieces.c ****     //
  76:Music_Pieces.c ****     for (int rep=0; rep <2; rep++){
 252              		.loc 1 76 0
 253 0158 0025     		movs	r5, #0
 254 015a 00E1     		b	.L2
 255              	.LVL45:
 256              	.L8:
  77:Music_Pieces.c ****     if (rep == 1) sleep_DACs(viertel);
 257              		.loc 1 77 0
 258 015c 012D     		cmp	r5, #1
 259 015e 03D1     		bne	.L3
 260              		.loc 1 77 0 is_stmt 0 discriminator 1
 261 0160 4FF4E170 		mov	r0, #450
 262 0164 FFF7FEFF 		bl	sleep_DACs
 263              	.LVL46:
 264              	.L3:
  78:Music_Pieces.c ****     sleep_DACs(achtel);
ARM GAS  C:\Users\sepp2\AppData\Local\Temp\cc3d5cPv.s 			page 7


 265              		.loc 1 78 0 is_stmt 1
 266 0168 E120     		movs	r0, #225
 267 016a FFF7FEFF 		bl	sleep_DACs
 268              	.LVL47:
  79:Music_Pieces.c ****     playTone(4,sechsentel);
 269              		.loc 1 79 0
 270 016e 7021     		movs	r1, #112
 271 0170 0420     		movs	r0, #4
 272 0172 FFF7FEFF 		bl	playTone
 273              	.LVL48:
  80:Music_Pieces.c ****     playTone(7,sechsentel);
 274              		.loc 1 80 0
 275 0176 7021     		movs	r1, #112
 276 0178 0720     		movs	r0, #7
 277 017a FFF7FEFF 		bl	playTone
 278              	.LVL49:
  81:Music_Pieces.c ****     sleep_DACs(idle_sleep);
 279              		.loc 1 81 0
 280 017e 7A4C     		ldr	r4, .L10
 281 0180 2068     		ldr	r0, [r4]
 282 0182 FFF7FEFF 		bl	sleep_DACs
 283              	.LVL50:
  82:Music_Pieces.c ****     playTone(9,achtel);
 284              		.loc 1 82 0
 285 0186 E121     		movs	r1, #225
 286 0188 0920     		movs	r0, #9
 287 018a FFF7FEFF 		bl	playTone
 288              	.LVL51:
  83:Music_Pieces.c ****     playTone(9,achtel);
 289              		.loc 1 83 0
 290 018e E121     		movs	r1, #225
 291 0190 0920     		movs	r0, #9
 292 0192 FFF7FEFF 		bl	playTone
 293              	.LVL52:
  84:Music_Pieces.c ****     sleep_DACs(idle_sleep);
 294              		.loc 1 84 0
 295 0196 2068     		ldr	r0, [r4]
 296 0198 FFF7FEFF 		bl	sleep_DACs
 297              	.LVL53:
  85:Music_Pieces.c ****     playTone(8,achtel);
 298              		.loc 1 85 0
 299 019c E121     		movs	r1, #225
 300 019e 0820     		movs	r0, #8
 301 01a0 FFF7FEFF 		bl	playTone
 302              	.LVL54:
  86:Music_Pieces.c ****     playTone(7,sechsentel);
 303              		.loc 1 86 0
 304 01a4 7021     		movs	r1, #112
 305 01a6 0720     		movs	r0, #7
 306 01a8 FFF7FEFF 		bl	playTone
 307              	.LVL55:
  87:Music_Pieces.c ****     playTone(8,sechsentel);
 308              		.loc 1 87 0
 309 01ac 7021     		movs	r1, #112
 310 01ae 0820     		movs	r0, #8
 311 01b0 FFF7FEFF 		bl	playTone
 312              	.LVL56:
ARM GAS  C:\Users\sepp2\AppData\Local\Temp\cc3d5cPv.s 			page 8


  88:Music_Pieces.c ****     playTone(8,viertel);
 313              		.loc 1 88 0
 314 01b4 4FF4E171 		mov	r1, #450
 315 01b8 0820     		movs	r0, #8
 316 01ba FFF7FEFF 		bl	playTone
 317              	.LVL57:
  89:Music_Pieces.c ****     sleep_DACs(achtel);
 318              		.loc 1 89 0
 319 01be E120     		movs	r0, #225
 320 01c0 FFF7FEFF 		bl	sleep_DACs
 321              	.LVL58:
  90:Music_Pieces.c ****     playTone(9,achtel);
 322              		.loc 1 90 0
 323 01c4 E121     		movs	r1, #225
 324 01c6 0920     		movs	r0, #9
 325 01c8 FFF7FEFF 		bl	playTone
 326              	.LVL59:
  91:Music_Pieces.c ****     sleep_DACs(idle_sleep);
 327              		.loc 1 91 0
 328 01cc 2068     		ldr	r0, [r4]
 329 01ce FFF7FEFF 		bl	sleep_DACs
 330              	.LVL60:
  92:Music_Pieces.c ****     playTone(10,achtel);
 331              		.loc 1 92 0
 332 01d2 E121     		movs	r1, #225
 333 01d4 0A20     		movs	r0, #10
 334 01d6 FFF7FEFF 		bl	playTone
 335              	.LVL61:
  93:Music_Pieces.c ****     playTone(9,sechsentel);
 336              		.loc 1 93 0
 337 01da 7021     		movs	r1, #112
 338 01dc 0920     		movs	r0, #9
 339 01de FFF7FEFF 		bl	playTone
 340              	.LVL62:
  94:Music_Pieces.c ****     playTone(10,sechsentel);
 341              		.loc 1 94 0
 342 01e2 7021     		movs	r1, #112
 343 01e4 0A20     		movs	r0, #10
 344 01e6 FFF7FEFF 		bl	playTone
 345              	.LVL63:
  95:Music_Pieces.c ****     playTone(10,sechsentel);
 346              		.loc 1 95 0
 347 01ea 7021     		movs	r1, #112
 348 01ec 0A20     		movs	r0, #10
 349 01ee FFF7FEFF 		bl	playTone
 350              	.LVL64:
  96:Music_Pieces.c ****     playTone(9,sechsentel);
 351              		.loc 1 96 0
 352 01f2 7021     		movs	r1, #112
 353 01f4 0920     		movs	r0, #9
 354 01f6 FFF7FEFF 		bl	playTone
 355              	.LVL65:
  97:Music_Pieces.c ****     playTone(8,achtel);
 356              		.loc 1 97 0
 357 01fa E121     		movs	r1, #225
 358 01fc 0820     		movs	r0, #8
 359 01fe FFF7FEFF 		bl	playTone
ARM GAS  C:\Users\sepp2\AppData\Local\Temp\cc3d5cPv.s 			page 9


 360              	.LVL66:
  98:Music_Pieces.c ****     sleep_DACs(idle_sleep);
 361              		.loc 1 98 0
 362 0202 2068     		ldr	r0, [r4]
 363 0204 FFF7FEFF 		bl	sleep_DACs
 364              	.LVL67:
  99:Music_Pieces.c ****     playTone(7,viertel);
 365              		.loc 1 99 0
 366 0208 4FF4E171 		mov	r1, #450
 367 020c 0720     		movs	r0, #7
 368 020e FFF7FEFF 		bl	playTone
 369              	.LVL68:
 100:Music_Pieces.c ****     //
 101:Music_Pieces.c ****     sleep_DACs(achtel);
 370              		.loc 1 101 0
 371 0212 E120     		movs	r0, #225
 372 0214 FFF7FEFF 		bl	sleep_DACs
 373              	.LVL69:
 102:Music_Pieces.c ****     playTone(7,achtel);
 374              		.loc 1 102 0
 375 0218 E121     		movs	r1, #225
 376 021a 0720     		movs	r0, #7
 377 021c FFF7FEFF 		bl	playTone
 378              	.LVL70:
 103:Music_Pieces.c ****     sleep_DACs(idle_sleep);
 379              		.loc 1 103 0
 380 0220 2068     		ldr	r0, [r4]
 381 0222 FFF7FEFF 		bl	sleep_DACs
 382              	.LVL71:
 104:Music_Pieces.c ****     playTone(7,achtel);
 383              		.loc 1 104 0
 384 0226 E121     		movs	r1, #225
 385 0228 0720     		movs	r0, #7
 386 022a FFF7FEFF 		bl	playTone
 387              	.LVL72:
 105:Music_Pieces.c ****     playTone(5,achtel);
 388              		.loc 1 105 0
 389 022e E121     		movs	r1, #225
 390 0230 0520     		movs	r0, #5
 391 0232 FFF7FEFF 		bl	playTone
 392              	.LVL73:
 106:Music_Pieces.c ****     sleep_DACs(idle_sleep);
 393              		.loc 1 106 0
 394 0236 2068     		ldr	r0, [r4]
 395 0238 FFF7FEFF 		bl	sleep_DACs
 396              	.LVL74:
 107:Music_Pieces.c ****     playTone(7,achtel);
 397              		.loc 1 107 0
 398 023c E121     		movs	r1, #225
 399 023e 0720     		movs	r0, #7
 400 0240 FFF7FEFF 		bl	playTone
 401              	.LVL75:
 108:Music_Pieces.c ****     playTone(8,sechsentel);
 402              		.loc 1 108 0
 403 0244 7021     		movs	r1, #112
 404 0246 0820     		movs	r0, #8
 405 0248 FFF7FEFF 		bl	playTone
ARM GAS  C:\Users\sepp2\AppData\Local\Temp\cc3d5cPv.s 			page 10


 406              	.LVL76:
 109:Music_Pieces.c ****     playTone(9,sechsentel);
 407              		.loc 1 109 0
 408 024c 7021     		movs	r1, #112
 409 024e 0920     		movs	r0, #9
 410 0250 FFF7FEFF 		bl	playTone
 411              	.LVL77:
 110:Music_Pieces.c ****     playTone(9,viertel);
 412              		.loc 1 110 0
 413 0254 4FF4E171 		mov	r1, #450
 414 0258 0920     		movs	r0, #9
 415 025a FFF7FEFF 		bl	playTone
 416              	.LVL78:
 111:Music_Pieces.c ****     //
 112:Music_Pieces.c ****     sleep_DACs(viertel*3);
 417              		.loc 1 112 0
 418 025e 40F24650 		movw	r0, #1350
 419 0262 FFF7FEFF 		bl	sleep_DACs
 420              	.LVL79:
 113:Music_Pieces.c ****     //
 114:Music_Pieces.c ****     sleep_DACs(viertel);
 421              		.loc 1 114 0
 422 0266 4FF4E170 		mov	r0, #450
 423 026a FFF7FEFF 		bl	sleep_DACs
 424              	.LVL80:
 115:Music_Pieces.c ****     sleep_DACs(achtel);
 425              		.loc 1 115 0
 426 026e E120     		movs	r0, #225
 427 0270 FFF7FEFF 		bl	sleep_DACs
 428              	.LVL81:
 116:Music_Pieces.c ****     playTone(4,sechsentel);
 429              		.loc 1 116 0
 430 0274 7021     		movs	r1, #112
 431 0276 0420     		movs	r0, #4
 432 0278 FFF7FEFF 		bl	playTone
 433              	.LVL82:
 117:Music_Pieces.c ****     playTone(7,sechsentel);
 434              		.loc 1 117 0
 435 027c 7021     		movs	r1, #112
 436 027e 0720     		movs	r0, #7
 437 0280 FFF7FEFF 		bl	playTone
 438              	.LVL83:
 118:Music_Pieces.c ****     sleep_DACs(idle_sleep);
 439              		.loc 1 118 0
 440 0284 2068     		ldr	r0, [r4]
 441 0286 FFF7FEFF 		bl	sleep_DACs
 442              	.LVL84:
 119:Music_Pieces.c ****     playTone(9,achtel);
 443              		.loc 1 119 0
 444 028a E121     		movs	r1, #225
 445 028c 0920     		movs	r0, #9
 446 028e FFF7FEFF 		bl	playTone
 447              	.LVL85:
 120:Music_Pieces.c ****     playTone(9,achtel);
 448              		.loc 1 120 0
 449 0292 E121     		movs	r1, #225
 450 0294 0920     		movs	r0, #9
ARM GAS  C:\Users\sepp2\AppData\Local\Temp\cc3d5cPv.s 			page 11


 451 0296 FFF7FEFF 		bl	playTone
 452              	.LVL86:
 121:Music_Pieces.c ****     sleep_DACs(idle_sleep);
 453              		.loc 1 121 0
 454 029a 2068     		ldr	r0, [r4]
 455 029c FFF7FEFF 		bl	sleep_DACs
 456              	.LVL87:
 122:Music_Pieces.c ****     playTone(8,achtel);
 457              		.loc 1 122 0
 458 02a0 E121     		movs	r1, #225
 459 02a2 0820     		movs	r0, #8
 460 02a4 FFF7FEFF 		bl	playTone
 461              	.LVL88:
 123:Music_Pieces.c ****     playTone(7,sechsentel);
 462              		.loc 1 123 0
 463 02a8 7021     		movs	r1, #112
 464 02aa 0720     		movs	r0, #7
 465 02ac FFF7FEFF 		bl	playTone
 466              	.LVL89:
 124:Music_Pieces.c ****     playTone(8,sechsentel);
 467              		.loc 1 124 0
 468 02b0 7021     		movs	r1, #112
 469 02b2 0820     		movs	r0, #8
 470 02b4 FFF7FEFF 		bl	playTone
 471              	.LVL90:
 125:Music_Pieces.c ****     playTone(8,viertel);
 472              		.loc 1 125 0
 473 02b8 4FF4E171 		mov	r1, #450
 474 02bc 0820     		movs	r0, #8
 475 02be FFF7FEFF 		bl	playTone
 476              	.LVL91:
 126:Music_Pieces.c ****     sleep_DACs(achtel);
 477              		.loc 1 126 0
 478 02c2 E120     		movs	r0, #225
 479 02c4 FFF7FEFF 		bl	sleep_DACs
 480              	.LVL92:
 127:Music_Pieces.c ****     playTone(9,achtel);
 481              		.loc 1 127 0
 482 02c8 E121     		movs	r1, #225
 483 02ca 0920     		movs	r0, #9
 484 02cc FFF7FEFF 		bl	playTone
 485              	.LVL93:
 128:Music_Pieces.c ****     sleep_DACs(idle_sleep);
 486              		.loc 1 128 0
 487 02d0 2068     		ldr	r0, [r4]
 488 02d2 FFF7FEFF 		bl	sleep_DACs
 489              	.LVL94:
 129:Music_Pieces.c ****     playTone(10,achtel);
 490              		.loc 1 129 0
 491 02d6 E121     		movs	r1, #225
 492 02d8 0A20     		movs	r0, #10
 493 02da FFF7FEFF 		bl	playTone
 494              	.LVL95:
 130:Music_Pieces.c ****     playTone(9,sechsentel);
 495              		.loc 1 130 0
 496 02de 7021     		movs	r1, #112
 497 02e0 0920     		movs	r0, #9
ARM GAS  C:\Users\sepp2\AppData\Local\Temp\cc3d5cPv.s 			page 12


 498 02e2 FFF7FEFF 		bl	playTone
 499              	.LVL96:
 131:Music_Pieces.c ****     playTone(10,sechsentel);
 500              		.loc 1 131 0
 501 02e6 7021     		movs	r1, #112
 502 02e8 0A20     		movs	r0, #10
 503 02ea FFF7FEFF 		bl	playTone
 504              	.LVL97:
 132:Music_Pieces.c ****     playTone(10,sechsentel);
 505              		.loc 1 132 0
 506 02ee 7021     		movs	r1, #112
 507 02f0 0A20     		movs	r0, #10
 508 02f2 FFF7FEFF 		bl	playTone
 509              	.LVL98:
 133:Music_Pieces.c ****     playTone(9,sechsentel);
 510              		.loc 1 133 0
 511 02f6 7021     		movs	r1, #112
 512 02f8 0920     		movs	r0, #9
 513 02fa FFF7FEFF 		bl	playTone
 514              	.LVL99:
 134:Music_Pieces.c ****     playTone(8,achtel);
 515              		.loc 1 134 0
 516 02fe E121     		movs	r1, #225
 517 0300 0820     		movs	r0, #8
 518 0302 FFF7FEFF 		bl	playTone
 519              	.LVL100:
 135:Music_Pieces.c ****     sleep_DACs(idle_sleep);
 520              		.loc 1 135 0
 521 0306 2068     		ldr	r0, [r4]
 522 0308 FFF7FEFF 		bl	sleep_DACs
 523              	.LVL101:
 524              	.LBB3:
 136:Music_Pieces.c ****     for (int i=0;i<6;i++){
 525              		.loc 1 136 0
 526 030c 0024     		movs	r4, #0
 527 030e 0DE0     		b	.L4
 528              	.LVL102:
 529              	.L6:
 137:Music_Pieces.c ****         playTone(7,achtel);
 530              		.loc 1 137 0
 531 0310 E121     		movs	r1, #225
 532 0312 0720     		movs	r0, #7
 533 0314 FFF7FEFF 		bl	playTone
 534              	.LVL103:
 138:Music_Pieces.c ****         if (i==3) sleep_DACs(idle_sleep);
 535              		.loc 1 138 0
 536 0318 032C     		cmp	r4, #3
 537 031a 03D1     		bne	.L5
 538              		.loc 1 138 0 is_stmt 0 discriminator 1
 539 031c 124B     		ldr	r3, .L10
 540 031e 1868     		ldr	r0, [r3]
 541 0320 FFF7FEFF 		bl	sleep_DACs
 542              	.LVL104:
 543              	.L5:
 139:Music_Pieces.c ****         sleep_DACs(3);
 544              		.loc 1 139 0 is_stmt 1 discriminator 2
 545 0324 0320     		movs	r0, #3
ARM GAS  C:\Users\sepp2\AppData\Local\Temp\cc3d5cPv.s 			page 13


 546 0326 FFF7FEFF 		bl	sleep_DACs
 547              	.LVL105:
 136:Music_Pieces.c ****         playTone(7,achtel);
 548              		.loc 1 136 0 discriminator 2
 549 032a 0134     		adds	r4, r4, #1
 550              	.LVL106:
 551              	.L4:
 136:Music_Pieces.c ****         playTone(7,achtel);
 552              		.loc 1 136 0 is_stmt 0 discriminator 1
 553 032c 052C     		cmp	r4, #5
 554 032e EFDD     		ble	.L6
 555              	.LBE3:
 140:Music_Pieces.c ****     }
 141:Music_Pieces.c ****     playTone(10,achtel);
 556              		.loc 1 141 0 is_stmt 1
 557 0330 E121     		movs	r1, #225
 558 0332 0A20     		movs	r0, #10
 559 0334 FFF7FEFF 		bl	playTone
 560              	.LVL107:
 142:Music_Pieces.c ****     playTone(9,achtel);
 561              		.loc 1 142 0
 562 0338 E121     		movs	r1, #225
 563 033a 0920     		movs	r0, #9
 564 033c FFF7FEFF 		bl	playTone
 565              	.LVL108:
 143:Music_Pieces.c ****     sleep_DACs(idle_sleep);
 566              		.loc 1 143 0
 567 0340 094B     		ldr	r3, .L10
 568 0342 1868     		ldr	r0, [r3]
 569 0344 FFF7FEFF 		bl	sleep_DACs
 570              	.LVL109:
 144:Music_Pieces.c ****     playTone(7,viertel);
 571              		.loc 1 144 0
 572 0348 4FF4E171 		mov	r1, #450
 573 034c 0720     		movs	r0, #7
 574 034e FFF7FEFF 		bl	playTone
 575              	.LVL110:
 145:Music_Pieces.c ****     //
 146:Music_Pieces.c ****     if (rep==0) sleep_DACs(viertel*3);
 576              		.loc 1 146 0
 577 0352 1DB9     		cbnz	r5, .L7
 578              		.loc 1 146 0 is_stmt 0 discriminator 1
 579 0354 40F24650 		movw	r0, #1350
 580 0358 FFF7FEFF 		bl	sleep_DACs
 581              	.LVL111:
 582              	.L7:
  76:Music_Pieces.c ****     if (rep == 1) sleep_DACs(viertel);
 583              		.loc 1 76 0 is_stmt 1 discriminator 2
 584 035c 0135     		adds	r5, r5, #1
 585              	.LVL112:
 586              	.L2:
  76:Music_Pieces.c ****     if (rep == 1) sleep_DACs(viertel);
 587              		.loc 1 76 0 is_stmt 0 discriminator 1
 588 035e 012D     		cmp	r5, #1
 589 0360 7FF7FCAE 		ble	.L8
 590              	.LBE2:
 147:Music_Pieces.c ****     //
ARM GAS  C:\Users\sepp2\AppData\Local\Temp\cc3d5cPv.s 			page 14


 148:Music_Pieces.c ****     }
 149:Music_Pieces.c ****     
 150:Music_Pieces.c ****     
 151:Music_Pieces.c ****     
 152:Music_Pieces.c ****    
 153:Music_Pieces.c **** }
 591              		.loc 1 153 0 is_stmt 1
 592 0364 38BD     		pop	{r3, r4, r5, pc}
 593              	.LVL113:
 594              	.L11:
 595 0366 00BF     		.align	2
 596              	.L10:
 597 0368 00000000 		.word	.LANCHOR0
 598              		.cfi_endproc
 599              	.LFE63:
 600              		.size	play_Narcotic, .-play_Narcotic
 601              		.global	idle_sleep
 602              		.data
 603              		.align	2
 604              		.set	.LANCHOR0,. + 0
 605              		.type	idle_sleep, %object
 606              		.size	idle_sleep, 4
 607              	idle_sleep:
 608 0000 0A000000 		.word	10
 609              		.text
 610              	.Letext0:
 611              		.file 2 "c:\\program files (x86)\\cypress\\psoc creator\\4.4\\psoc creator\\import\\gnu\\arm\\5.4.
 612              		.file 3 "c:\\program files (x86)\\cypress\\psoc creator\\4.4\\psoc creator\\import\\gnu\\arm\\5.4.
 613              		.file 4 "Generated_Source\\PSoC5/core_cm3.h"
 614              		.file 5 "Helpers.h"
 615              		.section	.debug_info,"",%progbits
 616              	.Ldebug_info0:
 617 0000 550A0000 		.4byte	0xa55
 618 0004 0400     		.2byte	0x4
 619 0006 00000000 		.4byte	.Ldebug_abbrev0
 620 000a 04       		.byte	0x4
 621 000b 01       		.uleb128 0x1
 622 000c 3A000000 		.4byte	.LASF24
 623 0010 0C       		.byte	0xc
 624 0011 CC010000 		.4byte	.LASF25
 625 0015 3D010000 		.4byte	.LASF26
 626 0019 00000000 		.4byte	.Ldebug_ranges0+0
 627 001d 00000000 		.4byte	0
 628 0021 00000000 		.4byte	.Ldebug_line0
 629 0025 02       		.uleb128 0x2
 630 0026 04       		.byte	0x4
 631 0027 05       		.byte	0x5
 632 0028 696E7400 		.ascii	"int\000"
 633 002c 03       		.uleb128 0x3
 634 002d 04       		.byte	0x4
 635 002e 07       		.byte	0x7
 636 002f 19010000 		.4byte	.LASF0
 637 0033 03       		.uleb128 0x3
 638 0034 08       		.byte	0x8
 639 0035 05       		.byte	0x5
 640 0036 AF010000 		.4byte	.LASF1
 641 003a 03       		.uleb128 0x3
ARM GAS  C:\Users\sepp2\AppData\Local\Temp\cc3d5cPv.s 			page 15


 642 003b 08       		.byte	0x8
 643 003c 04       		.byte	0x4
 644 003d EE010000 		.4byte	.LASF2
 645 0041 03       		.uleb128 0x3
 646 0042 01       		.byte	0x1
 647 0043 06       		.byte	0x6
 648 0044 FA010000 		.4byte	.LASF3
 649 0048 03       		.uleb128 0x3
 650 0049 01       		.byte	0x1
 651 004a 08       		.byte	0x8
 652 004b 2C000000 		.4byte	.LASF4
 653 004f 03       		.uleb128 0x3
 654 0050 02       		.byte	0x2
 655 0051 05       		.byte	0x5
 656 0052 C2010000 		.4byte	.LASF5
 657 0056 03       		.uleb128 0x3
 658 0057 02       		.byte	0x2
 659 0058 07       		.byte	0x7
 660 0059 0A000000 		.4byte	.LASF6
 661 005d 04       		.uleb128 0x4
 662 005e 00000000 		.4byte	.LASF14
 663 0062 02       		.byte	0x2
 664 0063 3F       		.byte	0x3f
 665 0064 68000000 		.4byte	0x68
 666 0068 03       		.uleb128 0x3
 667 0069 04       		.byte	0x4
 668 006a 05       		.byte	0x5
 669 006b E5010000 		.4byte	.LASF7
 670 006f 03       		.uleb128 0x3
 671 0070 04       		.byte	0x4
 672 0071 07       		.byte	0x7
 673 0072 D3000000 		.4byte	.LASF8
 674 0076 03       		.uleb128 0x3
 675 0077 08       		.byte	0x8
 676 0078 07       		.byte	0x7
 677 0079 26010000 		.4byte	.LASF9
 678 007d 03       		.uleb128 0x3
 679 007e 04       		.byte	0x4
 680 007f 07       		.byte	0x7
 681 0080 9B010000 		.4byte	.LASF10
 682 0084 03       		.uleb128 0x3
 683 0085 01       		.byte	0x1
 684 0086 08       		.byte	0x8
 685 0087 BD010000 		.4byte	.LASF11
 686 008b 03       		.uleb128 0x3
 687 008c 08       		.byte	0x8
 688 008d 04       		.byte	0x4
 689 008e 12010000 		.4byte	.LASF12
 690 0092 03       		.uleb128 0x3
 691 0093 04       		.byte	0x4
 692 0094 04       		.byte	0x4
 693 0095 26000000 		.4byte	.LASF13
 694 0099 04       		.uleb128 0x4
 695 009a 93010000 		.4byte	.LASF15
 696 009e 03       		.byte	0x3
 697 009f 2C       		.byte	0x2c
 698 00a0 5D000000 		.4byte	0x5d
ARM GAS  C:\Users\sepp2\AppData\Local\Temp\cc3d5cPv.s 			page 16


 699 00a4 05       		.uleb128 0x5
 700 00a5 E5000000 		.4byte	.LASF27
 701 00a9 01       		.byte	0x1
 702 00aa 15       		.byte	0x15
 703 00ab 00000000 		.4byte	.LFB63
 704 00af 6C030000 		.4byte	.LFE63-.LFB63
 705 00b3 01       		.uleb128 0x1
 706 00b4 9C       		.byte	0x9c
 707 00b5 150A0000 		.4byte	0xa15
 708 00b9 06       		.uleb128 0x6
 709 00ba 62706D00 		.ascii	"bpm\000"
 710 00be 01       		.byte	0x1
 711 00bf 18       		.byte	0x18
 712 00c0 25000000 		.4byte	0x25
 713 00c4 66       		.byte	0x66
 714 00c5 07       		.uleb128 0x7
 715 00c6 06020000 		.4byte	.LASF16
 716 00ca 01       		.byte	0x1
 717 00cb 1A       		.byte	0x1a
 718 00cc 25000000 		.4byte	0x25
 719 00d0 C201     		.2byte	0x1c2
 720 00d2 08       		.uleb128 0x8
 721 00d3 0B010000 		.4byte	.LASF17
 722 00d7 01       		.byte	0x1
 723 00d8 1B       		.byte	0x1b
 724 00d9 25000000 		.4byte	0x25
 725 00dd E1       		.byte	0xe1
 726 00de 08       		.uleb128 0x8
 727 00df A4010000 		.4byte	.LASF18
 728 00e3 01       		.byte	0x1
 729 00e4 1C       		.byte	0x1c
 730 00e5 25000000 		.4byte	0x25
 731 00e9 70       		.byte	0x70
 732 00ea 09       		.uleb128 0x9
 733 00eb 58010000 		.4byte	.LBB2
 734 00ef 0C020000 		.4byte	.LBE2-.LBB2
 735 00f3 70060000 		.4byte	0x670
 736 00f7 0A       		.uleb128 0xa
 737 00f8 72657000 		.ascii	"rep\000"
 738 00fc 01       		.byte	0x1
 739 00fd 4C       		.byte	0x4c
 740 00fe 25000000 		.4byte	0x25
 741 0102 00000000 		.4byte	.LLST0
 742 0106 09       		.uleb128 0x9
 743 0107 0C030000 		.4byte	.LBB3
 744 010b 24000000 		.4byte	.LBE3-.LBB3
 745 010f 52010000 		.4byte	0x152
 746 0113 0A       		.uleb128 0xa
 747 0114 6900     		.ascii	"i\000"
 748 0116 01       		.byte	0x1
 749 0117 88       		.byte	0x88
 750 0118 25000000 		.4byte	0x25
 751 011c 1F000000 		.4byte	.LLST1
 752 0120 0B       		.uleb128 0xb
 753 0121 18030000 		.4byte	.LVL103
 754 0125 370A0000 		.4byte	0xa37
 755 0129 39010000 		.4byte	0x139
ARM GAS  C:\Users\sepp2\AppData\Local\Temp\cc3d5cPv.s 			page 17


 756 012d 0C       		.uleb128 0xc
 757 012e 01       		.uleb128 0x1
 758 012f 50       		.byte	0x50
 759 0130 01       		.uleb128 0x1
 760 0131 37       		.byte	0x37
 761 0132 0C       		.uleb128 0xc
 762 0133 01       		.uleb128 0x1
 763 0134 51       		.byte	0x51
 764 0135 02       		.uleb128 0x2
 765 0136 08       		.byte	0x8
 766 0137 E1       		.byte	0xe1
 767 0138 00       		.byte	0
 768 0139 0D       		.uleb128 0xd
 769 013a 24030000 		.4byte	.LVL104
 770 013e 420A0000 		.4byte	0xa42
 771 0142 0E       		.uleb128 0xe
 772 0143 2A030000 		.4byte	.LVL105
 773 0147 420A0000 		.4byte	0xa42
 774 014b 0C       		.uleb128 0xc
 775 014c 01       		.uleb128 0x1
 776 014d 50       		.byte	0x50
 777 014e 01       		.uleb128 0x1
 778 014f 33       		.byte	0x33
 779 0150 00       		.byte	0
 780 0151 00       		.byte	0
 781 0152 0B       		.uleb128 0xb
 782 0153 68010000 		.4byte	.LVL46
 783 0157 420A0000 		.4byte	0xa42
 784 015b 67010000 		.4byte	0x167
 785 015f 0C       		.uleb128 0xc
 786 0160 01       		.uleb128 0x1
 787 0161 50       		.byte	0x50
 788 0162 03       		.uleb128 0x3
 789 0163 0A       		.byte	0xa
 790 0164 C201     		.2byte	0x1c2
 791 0166 00       		.byte	0
 792 0167 0B       		.uleb128 0xb
 793 0168 6E010000 		.4byte	.LVL47
 794 016c 420A0000 		.4byte	0xa42
 795 0170 7B010000 		.4byte	0x17b
 796 0174 0C       		.uleb128 0xc
 797 0175 01       		.uleb128 0x1
 798 0176 50       		.byte	0x50
 799 0177 02       		.uleb128 0x2
 800 0178 08       		.byte	0x8
 801 0179 E1       		.byte	0xe1
 802 017a 00       		.byte	0
 803 017b 0B       		.uleb128 0xb
 804 017c 76010000 		.4byte	.LVL48
 805 0180 370A0000 		.4byte	0xa37
 806 0184 94010000 		.4byte	0x194
 807 0188 0C       		.uleb128 0xc
 808 0189 01       		.uleb128 0x1
 809 018a 50       		.byte	0x50
 810 018b 01       		.uleb128 0x1
 811 018c 34       		.byte	0x34
 812 018d 0C       		.uleb128 0xc
ARM GAS  C:\Users\sepp2\AppData\Local\Temp\cc3d5cPv.s 			page 18


 813 018e 01       		.uleb128 0x1
 814 018f 51       		.byte	0x51
 815 0190 02       		.uleb128 0x2
 816 0191 08       		.byte	0x8
 817 0192 70       		.byte	0x70
 818 0193 00       		.byte	0
 819 0194 0B       		.uleb128 0xb
 820 0195 7E010000 		.4byte	.LVL49
 821 0199 370A0000 		.4byte	0xa37
 822 019d AD010000 		.4byte	0x1ad
 823 01a1 0C       		.uleb128 0xc
 824 01a2 01       		.uleb128 0x1
 825 01a3 50       		.byte	0x50
 826 01a4 01       		.uleb128 0x1
 827 01a5 37       		.byte	0x37
 828 01a6 0C       		.uleb128 0xc
 829 01a7 01       		.uleb128 0x1
 830 01a8 51       		.byte	0x51
 831 01a9 02       		.uleb128 0x2
 832 01aa 08       		.byte	0x8
 833 01ab 70       		.byte	0x70
 834 01ac 00       		.byte	0
 835 01ad 0D       		.uleb128 0xd
 836 01ae 86010000 		.4byte	.LVL50
 837 01b2 420A0000 		.4byte	0xa42
 838 01b6 0B       		.uleb128 0xb
 839 01b7 8E010000 		.4byte	.LVL51
 840 01bb 370A0000 		.4byte	0xa37
 841 01bf CF010000 		.4byte	0x1cf
 842 01c3 0C       		.uleb128 0xc
 843 01c4 01       		.uleb128 0x1
 844 01c5 50       		.byte	0x50
 845 01c6 01       		.uleb128 0x1
 846 01c7 39       		.byte	0x39
 847 01c8 0C       		.uleb128 0xc
 848 01c9 01       		.uleb128 0x1
 849 01ca 51       		.byte	0x51
 850 01cb 02       		.uleb128 0x2
 851 01cc 08       		.byte	0x8
 852 01cd E1       		.byte	0xe1
 853 01ce 00       		.byte	0
 854 01cf 0B       		.uleb128 0xb
 855 01d0 96010000 		.4byte	.LVL52
 856 01d4 370A0000 		.4byte	0xa37
 857 01d8 E8010000 		.4byte	0x1e8
 858 01dc 0C       		.uleb128 0xc
 859 01dd 01       		.uleb128 0x1
 860 01de 50       		.byte	0x50
 861 01df 01       		.uleb128 0x1
 862 01e0 39       		.byte	0x39
 863 01e1 0C       		.uleb128 0xc
 864 01e2 01       		.uleb128 0x1
 865 01e3 51       		.byte	0x51
 866 01e4 02       		.uleb128 0x2
 867 01e5 08       		.byte	0x8
 868 01e6 E1       		.byte	0xe1
 869 01e7 00       		.byte	0
ARM GAS  C:\Users\sepp2\AppData\Local\Temp\cc3d5cPv.s 			page 19


 870 01e8 0D       		.uleb128 0xd
 871 01e9 9C010000 		.4byte	.LVL53
 872 01ed 420A0000 		.4byte	0xa42
 873 01f1 0B       		.uleb128 0xb
 874 01f2 A4010000 		.4byte	.LVL54
 875 01f6 370A0000 		.4byte	0xa37
 876 01fa 0A020000 		.4byte	0x20a
 877 01fe 0C       		.uleb128 0xc
 878 01ff 01       		.uleb128 0x1
 879 0200 50       		.byte	0x50
 880 0201 01       		.uleb128 0x1
 881 0202 38       		.byte	0x38
 882 0203 0C       		.uleb128 0xc
 883 0204 01       		.uleb128 0x1
 884 0205 51       		.byte	0x51
 885 0206 02       		.uleb128 0x2
 886 0207 08       		.byte	0x8
 887 0208 E1       		.byte	0xe1
 888 0209 00       		.byte	0
 889 020a 0B       		.uleb128 0xb
 890 020b AC010000 		.4byte	.LVL55
 891 020f 370A0000 		.4byte	0xa37
 892 0213 23020000 		.4byte	0x223
 893 0217 0C       		.uleb128 0xc
 894 0218 01       		.uleb128 0x1
 895 0219 50       		.byte	0x50
 896 021a 01       		.uleb128 0x1
 897 021b 37       		.byte	0x37
 898 021c 0C       		.uleb128 0xc
 899 021d 01       		.uleb128 0x1
 900 021e 51       		.byte	0x51
 901 021f 02       		.uleb128 0x2
 902 0220 08       		.byte	0x8
 903 0221 70       		.byte	0x70
 904 0222 00       		.byte	0
 905 0223 0B       		.uleb128 0xb
 906 0224 B4010000 		.4byte	.LVL56
 907 0228 370A0000 		.4byte	0xa37
 908 022c 3C020000 		.4byte	0x23c
 909 0230 0C       		.uleb128 0xc
 910 0231 01       		.uleb128 0x1
 911 0232 50       		.byte	0x50
 912 0233 01       		.uleb128 0x1
 913 0234 38       		.byte	0x38
 914 0235 0C       		.uleb128 0xc
 915 0236 01       		.uleb128 0x1
 916 0237 51       		.byte	0x51
 917 0238 02       		.uleb128 0x2
 918 0239 08       		.byte	0x8
 919 023a 70       		.byte	0x70
 920 023b 00       		.byte	0
 921 023c 0B       		.uleb128 0xb
 922 023d BE010000 		.4byte	.LVL57
 923 0241 370A0000 		.4byte	0xa37
 924 0245 56020000 		.4byte	0x256
 925 0249 0C       		.uleb128 0xc
 926 024a 01       		.uleb128 0x1
ARM GAS  C:\Users\sepp2\AppData\Local\Temp\cc3d5cPv.s 			page 20


 927 024b 50       		.byte	0x50
 928 024c 01       		.uleb128 0x1
 929 024d 38       		.byte	0x38
 930 024e 0C       		.uleb128 0xc
 931 024f 01       		.uleb128 0x1
 932 0250 51       		.byte	0x51
 933 0251 03       		.uleb128 0x3
 934 0252 0A       		.byte	0xa
 935 0253 C201     		.2byte	0x1c2
 936 0255 00       		.byte	0
 937 0256 0B       		.uleb128 0xb
 938 0257 C4010000 		.4byte	.LVL58
 939 025b 420A0000 		.4byte	0xa42
 940 025f 6A020000 		.4byte	0x26a
 941 0263 0C       		.uleb128 0xc
 942 0264 01       		.uleb128 0x1
 943 0265 50       		.byte	0x50
 944 0266 02       		.uleb128 0x2
 945 0267 08       		.byte	0x8
 946 0268 E1       		.byte	0xe1
 947 0269 00       		.byte	0
 948 026a 0B       		.uleb128 0xb
 949 026b CC010000 		.4byte	.LVL59
 950 026f 370A0000 		.4byte	0xa37
 951 0273 83020000 		.4byte	0x283
 952 0277 0C       		.uleb128 0xc
 953 0278 01       		.uleb128 0x1
 954 0279 50       		.byte	0x50
 955 027a 01       		.uleb128 0x1
 956 027b 39       		.byte	0x39
 957 027c 0C       		.uleb128 0xc
 958 027d 01       		.uleb128 0x1
 959 027e 51       		.byte	0x51
 960 027f 02       		.uleb128 0x2
 961 0280 08       		.byte	0x8
 962 0281 E1       		.byte	0xe1
 963 0282 00       		.byte	0
 964 0283 0D       		.uleb128 0xd
 965 0284 D2010000 		.4byte	.LVL60
 966 0288 420A0000 		.4byte	0xa42
 967 028c 0B       		.uleb128 0xb
 968 028d DA010000 		.4byte	.LVL61
 969 0291 370A0000 		.4byte	0xa37
 970 0295 A5020000 		.4byte	0x2a5
 971 0299 0C       		.uleb128 0xc
 972 029a 01       		.uleb128 0x1
 973 029b 50       		.byte	0x50
 974 029c 01       		.uleb128 0x1
 975 029d 3A       		.byte	0x3a
 976 029e 0C       		.uleb128 0xc
 977 029f 01       		.uleb128 0x1
 978 02a0 51       		.byte	0x51
 979 02a1 02       		.uleb128 0x2
 980 02a2 08       		.byte	0x8
 981 02a3 E1       		.byte	0xe1
 982 02a4 00       		.byte	0
 983 02a5 0B       		.uleb128 0xb
ARM GAS  C:\Users\sepp2\AppData\Local\Temp\cc3d5cPv.s 			page 21


 984 02a6 E2010000 		.4byte	.LVL62
 985 02aa 370A0000 		.4byte	0xa37
 986 02ae BE020000 		.4byte	0x2be
 987 02b2 0C       		.uleb128 0xc
 988 02b3 01       		.uleb128 0x1
 989 02b4 50       		.byte	0x50
 990 02b5 01       		.uleb128 0x1
 991 02b6 39       		.byte	0x39
 992 02b7 0C       		.uleb128 0xc
 993 02b8 01       		.uleb128 0x1
 994 02b9 51       		.byte	0x51
 995 02ba 02       		.uleb128 0x2
 996 02bb 08       		.byte	0x8
 997 02bc 70       		.byte	0x70
 998 02bd 00       		.byte	0
 999 02be 0B       		.uleb128 0xb
 1000 02bf EA010000 		.4byte	.LVL63
 1001 02c3 370A0000 		.4byte	0xa37
 1002 02c7 D7020000 		.4byte	0x2d7
 1003 02cb 0C       		.uleb128 0xc
 1004 02cc 01       		.uleb128 0x1
 1005 02cd 50       		.byte	0x50
 1006 02ce 01       		.uleb128 0x1
 1007 02cf 3A       		.byte	0x3a
 1008 02d0 0C       		.uleb128 0xc
 1009 02d1 01       		.uleb128 0x1
 1010 02d2 51       		.byte	0x51
 1011 02d3 02       		.uleb128 0x2
 1012 02d4 08       		.byte	0x8
 1013 02d5 70       		.byte	0x70
 1014 02d6 00       		.byte	0
 1015 02d7 0B       		.uleb128 0xb
 1016 02d8 F2010000 		.4byte	.LVL64
 1017 02dc 370A0000 		.4byte	0xa37
 1018 02e0 F0020000 		.4byte	0x2f0
 1019 02e4 0C       		.uleb128 0xc
 1020 02e5 01       		.uleb128 0x1
 1021 02e6 50       		.byte	0x50
 1022 02e7 01       		.uleb128 0x1
 1023 02e8 3A       		.byte	0x3a
 1024 02e9 0C       		.uleb128 0xc
 1025 02ea 01       		.uleb128 0x1
 1026 02eb 51       		.byte	0x51
 1027 02ec 02       		.uleb128 0x2
 1028 02ed 08       		.byte	0x8
 1029 02ee 70       		.byte	0x70
 1030 02ef 00       		.byte	0
 1031 02f0 0B       		.uleb128 0xb
 1032 02f1 FA010000 		.4byte	.LVL65
 1033 02f5 370A0000 		.4byte	0xa37
 1034 02f9 09030000 		.4byte	0x309
 1035 02fd 0C       		.uleb128 0xc
 1036 02fe 01       		.uleb128 0x1
 1037 02ff 50       		.byte	0x50
 1038 0300 01       		.uleb128 0x1
 1039 0301 39       		.byte	0x39
 1040 0302 0C       		.uleb128 0xc
ARM GAS  C:\Users\sepp2\AppData\Local\Temp\cc3d5cPv.s 			page 22


 1041 0303 01       		.uleb128 0x1
 1042 0304 51       		.byte	0x51
 1043 0305 02       		.uleb128 0x2
 1044 0306 08       		.byte	0x8
 1045 0307 70       		.byte	0x70
 1046 0308 00       		.byte	0
 1047 0309 0B       		.uleb128 0xb
 1048 030a 02020000 		.4byte	.LVL66
 1049 030e 370A0000 		.4byte	0xa37
 1050 0312 22030000 		.4byte	0x322
 1051 0316 0C       		.uleb128 0xc
 1052 0317 01       		.uleb128 0x1
 1053 0318 50       		.byte	0x50
 1054 0319 01       		.uleb128 0x1
 1055 031a 38       		.byte	0x38
 1056 031b 0C       		.uleb128 0xc
 1057 031c 01       		.uleb128 0x1
 1058 031d 51       		.byte	0x51
 1059 031e 02       		.uleb128 0x2
 1060 031f 08       		.byte	0x8
 1061 0320 E1       		.byte	0xe1
 1062 0321 00       		.byte	0
 1063 0322 0D       		.uleb128 0xd
 1064 0323 08020000 		.4byte	.LVL67
 1065 0327 420A0000 		.4byte	0xa42
 1066 032b 0B       		.uleb128 0xb
 1067 032c 12020000 		.4byte	.LVL68
 1068 0330 370A0000 		.4byte	0xa37
 1069 0334 45030000 		.4byte	0x345
 1070 0338 0C       		.uleb128 0xc
 1071 0339 01       		.uleb128 0x1
 1072 033a 50       		.byte	0x50
 1073 033b 01       		.uleb128 0x1
 1074 033c 37       		.byte	0x37
 1075 033d 0C       		.uleb128 0xc
 1076 033e 01       		.uleb128 0x1
 1077 033f 51       		.byte	0x51
 1078 0340 03       		.uleb128 0x3
 1079 0341 0A       		.byte	0xa
 1080 0342 C201     		.2byte	0x1c2
 1081 0344 00       		.byte	0
 1082 0345 0B       		.uleb128 0xb
 1083 0346 18020000 		.4byte	.LVL69
 1084 034a 420A0000 		.4byte	0xa42
 1085 034e 59030000 		.4byte	0x359
 1086 0352 0C       		.uleb128 0xc
 1087 0353 01       		.uleb128 0x1
 1088 0354 50       		.byte	0x50
 1089 0355 02       		.uleb128 0x2
 1090 0356 08       		.byte	0x8
 1091 0357 E1       		.byte	0xe1
 1092 0358 00       		.byte	0
 1093 0359 0B       		.uleb128 0xb
 1094 035a 20020000 		.4byte	.LVL70
 1095 035e 370A0000 		.4byte	0xa37
 1096 0362 72030000 		.4byte	0x372
 1097 0366 0C       		.uleb128 0xc
ARM GAS  C:\Users\sepp2\AppData\Local\Temp\cc3d5cPv.s 			page 23


 1098 0367 01       		.uleb128 0x1
 1099 0368 50       		.byte	0x50
 1100 0369 01       		.uleb128 0x1
 1101 036a 37       		.byte	0x37
 1102 036b 0C       		.uleb128 0xc
 1103 036c 01       		.uleb128 0x1
 1104 036d 51       		.byte	0x51
 1105 036e 02       		.uleb128 0x2
 1106 036f 08       		.byte	0x8
 1107 0370 E1       		.byte	0xe1
 1108 0371 00       		.byte	0
 1109 0372 0D       		.uleb128 0xd
 1110 0373 26020000 		.4byte	.LVL71
 1111 0377 420A0000 		.4byte	0xa42
 1112 037b 0B       		.uleb128 0xb
 1113 037c 2E020000 		.4byte	.LVL72
 1114 0380 370A0000 		.4byte	0xa37
 1115 0384 94030000 		.4byte	0x394
 1116 0388 0C       		.uleb128 0xc
 1117 0389 01       		.uleb128 0x1
 1118 038a 50       		.byte	0x50
 1119 038b 01       		.uleb128 0x1
 1120 038c 37       		.byte	0x37
 1121 038d 0C       		.uleb128 0xc
 1122 038e 01       		.uleb128 0x1
 1123 038f 51       		.byte	0x51
 1124 0390 02       		.uleb128 0x2
 1125 0391 08       		.byte	0x8
 1126 0392 E1       		.byte	0xe1
 1127 0393 00       		.byte	0
 1128 0394 0B       		.uleb128 0xb
 1129 0395 36020000 		.4byte	.LVL73
 1130 0399 370A0000 		.4byte	0xa37
 1131 039d AD030000 		.4byte	0x3ad
 1132 03a1 0C       		.uleb128 0xc
 1133 03a2 01       		.uleb128 0x1
 1134 03a3 50       		.byte	0x50
 1135 03a4 01       		.uleb128 0x1
 1136 03a5 35       		.byte	0x35
 1137 03a6 0C       		.uleb128 0xc
 1138 03a7 01       		.uleb128 0x1
 1139 03a8 51       		.byte	0x51
 1140 03a9 02       		.uleb128 0x2
 1141 03aa 08       		.byte	0x8
 1142 03ab E1       		.byte	0xe1
 1143 03ac 00       		.byte	0
 1144 03ad 0D       		.uleb128 0xd
 1145 03ae 3C020000 		.4byte	.LVL74
 1146 03b2 420A0000 		.4byte	0xa42
 1147 03b6 0B       		.uleb128 0xb
 1148 03b7 44020000 		.4byte	.LVL75
 1149 03bb 370A0000 		.4byte	0xa37
 1150 03bf CF030000 		.4byte	0x3cf
 1151 03c3 0C       		.uleb128 0xc
 1152 03c4 01       		.uleb128 0x1
 1153 03c5 50       		.byte	0x50
 1154 03c6 01       		.uleb128 0x1
ARM GAS  C:\Users\sepp2\AppData\Local\Temp\cc3d5cPv.s 			page 24


 1155 03c7 37       		.byte	0x37
 1156 03c8 0C       		.uleb128 0xc
 1157 03c9 01       		.uleb128 0x1
 1158 03ca 51       		.byte	0x51
 1159 03cb 02       		.uleb128 0x2
 1160 03cc 08       		.byte	0x8
 1161 03cd E1       		.byte	0xe1
 1162 03ce 00       		.byte	0
 1163 03cf 0B       		.uleb128 0xb
 1164 03d0 4C020000 		.4byte	.LVL76
 1165 03d4 370A0000 		.4byte	0xa37
 1166 03d8 E8030000 		.4byte	0x3e8
 1167 03dc 0C       		.uleb128 0xc
 1168 03dd 01       		.uleb128 0x1
 1169 03de 50       		.byte	0x50
 1170 03df 01       		.uleb128 0x1
 1171 03e0 38       		.byte	0x38
 1172 03e1 0C       		.uleb128 0xc
 1173 03e2 01       		.uleb128 0x1
 1174 03e3 51       		.byte	0x51
 1175 03e4 02       		.uleb128 0x2
 1176 03e5 08       		.byte	0x8
 1177 03e6 70       		.byte	0x70
 1178 03e7 00       		.byte	0
 1179 03e8 0B       		.uleb128 0xb
 1180 03e9 54020000 		.4byte	.LVL77
 1181 03ed 370A0000 		.4byte	0xa37
 1182 03f1 01040000 		.4byte	0x401
 1183 03f5 0C       		.uleb128 0xc
 1184 03f6 01       		.uleb128 0x1
 1185 03f7 50       		.byte	0x50
 1186 03f8 01       		.uleb128 0x1
 1187 03f9 39       		.byte	0x39
 1188 03fa 0C       		.uleb128 0xc
 1189 03fb 01       		.uleb128 0x1
 1190 03fc 51       		.byte	0x51
 1191 03fd 02       		.uleb128 0x2
 1192 03fe 08       		.byte	0x8
 1193 03ff 70       		.byte	0x70
 1194 0400 00       		.byte	0
 1195 0401 0B       		.uleb128 0xb
 1196 0402 5E020000 		.4byte	.LVL78
 1197 0406 370A0000 		.4byte	0xa37
 1198 040a 1B040000 		.4byte	0x41b
 1199 040e 0C       		.uleb128 0xc
 1200 040f 01       		.uleb128 0x1
 1201 0410 50       		.byte	0x50
 1202 0411 01       		.uleb128 0x1
 1203 0412 39       		.byte	0x39
 1204 0413 0C       		.uleb128 0xc
 1205 0414 01       		.uleb128 0x1
 1206 0415 51       		.byte	0x51
 1207 0416 03       		.uleb128 0x3
 1208 0417 0A       		.byte	0xa
 1209 0418 C201     		.2byte	0x1c2
 1210 041a 00       		.byte	0
 1211 041b 0B       		.uleb128 0xb
ARM GAS  C:\Users\sepp2\AppData\Local\Temp\cc3d5cPv.s 			page 25


 1212 041c 66020000 		.4byte	.LVL79
 1213 0420 420A0000 		.4byte	0xa42
 1214 0424 30040000 		.4byte	0x430
 1215 0428 0C       		.uleb128 0xc
 1216 0429 01       		.uleb128 0x1
 1217 042a 50       		.byte	0x50
 1218 042b 03       		.uleb128 0x3
 1219 042c 0A       		.byte	0xa
 1220 042d 4605     		.2byte	0x546
 1221 042f 00       		.byte	0
 1222 0430 0B       		.uleb128 0xb
 1223 0431 6E020000 		.4byte	.LVL80
 1224 0435 420A0000 		.4byte	0xa42
 1225 0439 45040000 		.4byte	0x445
 1226 043d 0C       		.uleb128 0xc
 1227 043e 01       		.uleb128 0x1
 1228 043f 50       		.byte	0x50
 1229 0440 03       		.uleb128 0x3
 1230 0441 0A       		.byte	0xa
 1231 0442 C201     		.2byte	0x1c2
 1232 0444 00       		.byte	0
 1233 0445 0B       		.uleb128 0xb
 1234 0446 74020000 		.4byte	.LVL81
 1235 044a 420A0000 		.4byte	0xa42
 1236 044e 59040000 		.4byte	0x459
 1237 0452 0C       		.uleb128 0xc
 1238 0453 01       		.uleb128 0x1
 1239 0454 50       		.byte	0x50
 1240 0455 02       		.uleb128 0x2
 1241 0456 08       		.byte	0x8
 1242 0457 E1       		.byte	0xe1
 1243 0458 00       		.byte	0
 1244 0459 0B       		.uleb128 0xb
 1245 045a 7C020000 		.4byte	.LVL82
 1246 045e 370A0000 		.4byte	0xa37
 1247 0462 72040000 		.4byte	0x472
 1248 0466 0C       		.uleb128 0xc
 1249 0467 01       		.uleb128 0x1
 1250 0468 50       		.byte	0x50
 1251 0469 01       		.uleb128 0x1
 1252 046a 34       		.byte	0x34
 1253 046b 0C       		.uleb128 0xc
 1254 046c 01       		.uleb128 0x1
 1255 046d 51       		.byte	0x51
 1256 046e 02       		.uleb128 0x2
 1257 046f 08       		.byte	0x8
 1258 0470 70       		.byte	0x70
 1259 0471 00       		.byte	0
 1260 0472 0B       		.uleb128 0xb
 1261 0473 84020000 		.4byte	.LVL83
 1262 0477 370A0000 		.4byte	0xa37
 1263 047b 8B040000 		.4byte	0x48b
 1264 047f 0C       		.uleb128 0xc
 1265 0480 01       		.uleb128 0x1
 1266 0481 50       		.byte	0x50
 1267 0482 01       		.uleb128 0x1
 1268 0483 37       		.byte	0x37
ARM GAS  C:\Users\sepp2\AppData\Local\Temp\cc3d5cPv.s 			page 26


 1269 0484 0C       		.uleb128 0xc
 1270 0485 01       		.uleb128 0x1
 1271 0486 51       		.byte	0x51
 1272 0487 02       		.uleb128 0x2
 1273 0488 08       		.byte	0x8
 1274 0489 70       		.byte	0x70
 1275 048a 00       		.byte	0
 1276 048b 0D       		.uleb128 0xd
 1277 048c 8A020000 		.4byte	.LVL84
 1278 0490 420A0000 		.4byte	0xa42
 1279 0494 0B       		.uleb128 0xb
 1280 0495 92020000 		.4byte	.LVL85
 1281 0499 370A0000 		.4byte	0xa37
 1282 049d AD040000 		.4byte	0x4ad
 1283 04a1 0C       		.uleb128 0xc
 1284 04a2 01       		.uleb128 0x1
 1285 04a3 50       		.byte	0x50
 1286 04a4 01       		.uleb128 0x1
 1287 04a5 39       		.byte	0x39
 1288 04a6 0C       		.uleb128 0xc
 1289 04a7 01       		.uleb128 0x1
 1290 04a8 51       		.byte	0x51
 1291 04a9 02       		.uleb128 0x2
 1292 04aa 08       		.byte	0x8
 1293 04ab E1       		.byte	0xe1
 1294 04ac 00       		.byte	0
 1295 04ad 0B       		.uleb128 0xb
 1296 04ae 9A020000 		.4byte	.LVL86
 1297 04b2 370A0000 		.4byte	0xa37
 1298 04b6 C6040000 		.4byte	0x4c6
 1299 04ba 0C       		.uleb128 0xc
 1300 04bb 01       		.uleb128 0x1
 1301 04bc 50       		.byte	0x50
 1302 04bd 01       		.uleb128 0x1
 1303 04be 39       		.byte	0x39
 1304 04bf 0C       		.uleb128 0xc
 1305 04c0 01       		.uleb128 0x1
 1306 04c1 51       		.byte	0x51
 1307 04c2 02       		.uleb128 0x2
 1308 04c3 08       		.byte	0x8
 1309 04c4 E1       		.byte	0xe1
 1310 04c5 00       		.byte	0
 1311 04c6 0D       		.uleb128 0xd
 1312 04c7 A0020000 		.4byte	.LVL87
 1313 04cb 420A0000 		.4byte	0xa42
 1314 04cf 0B       		.uleb128 0xb
 1315 04d0 A8020000 		.4byte	.LVL88
 1316 04d4 370A0000 		.4byte	0xa37
 1317 04d8 E8040000 		.4byte	0x4e8
 1318 04dc 0C       		.uleb128 0xc
 1319 04dd 01       		.uleb128 0x1
 1320 04de 50       		.byte	0x50
 1321 04df 01       		.uleb128 0x1
 1322 04e0 38       		.byte	0x38
 1323 04e1 0C       		.uleb128 0xc
 1324 04e2 01       		.uleb128 0x1
 1325 04e3 51       		.byte	0x51
ARM GAS  C:\Users\sepp2\AppData\Local\Temp\cc3d5cPv.s 			page 27


 1326 04e4 02       		.uleb128 0x2
 1327 04e5 08       		.byte	0x8
 1328 04e6 E1       		.byte	0xe1
 1329 04e7 00       		.byte	0
 1330 04e8 0B       		.uleb128 0xb
 1331 04e9 B0020000 		.4byte	.LVL89
 1332 04ed 370A0000 		.4byte	0xa37
 1333 04f1 01050000 		.4byte	0x501
 1334 04f5 0C       		.uleb128 0xc
 1335 04f6 01       		.uleb128 0x1
 1336 04f7 50       		.byte	0x50
 1337 04f8 01       		.uleb128 0x1
 1338 04f9 37       		.byte	0x37
 1339 04fa 0C       		.uleb128 0xc
 1340 04fb 01       		.uleb128 0x1
 1341 04fc 51       		.byte	0x51
 1342 04fd 02       		.uleb128 0x2
 1343 04fe 08       		.byte	0x8
 1344 04ff 70       		.byte	0x70
 1345 0500 00       		.byte	0
 1346 0501 0B       		.uleb128 0xb
 1347 0502 B8020000 		.4byte	.LVL90
 1348 0506 370A0000 		.4byte	0xa37
 1349 050a 1A050000 		.4byte	0x51a
 1350 050e 0C       		.uleb128 0xc
 1351 050f 01       		.uleb128 0x1
 1352 0510 50       		.byte	0x50
 1353 0511 01       		.uleb128 0x1
 1354 0512 38       		.byte	0x38
 1355 0513 0C       		.uleb128 0xc
 1356 0514 01       		.uleb128 0x1
 1357 0515 51       		.byte	0x51
 1358 0516 02       		.uleb128 0x2
 1359 0517 08       		.byte	0x8
 1360 0518 70       		.byte	0x70
 1361 0519 00       		.byte	0
 1362 051a 0B       		.uleb128 0xb
 1363 051b C2020000 		.4byte	.LVL91
 1364 051f 370A0000 		.4byte	0xa37
 1365 0523 34050000 		.4byte	0x534
 1366 0527 0C       		.uleb128 0xc
 1367 0528 01       		.uleb128 0x1
 1368 0529 50       		.byte	0x50
 1369 052a 01       		.uleb128 0x1
 1370 052b 38       		.byte	0x38
 1371 052c 0C       		.uleb128 0xc
 1372 052d 01       		.uleb128 0x1
 1373 052e 51       		.byte	0x51
 1374 052f 03       		.uleb128 0x3
 1375 0530 0A       		.byte	0xa
 1376 0531 C201     		.2byte	0x1c2
 1377 0533 00       		.byte	0
 1378 0534 0B       		.uleb128 0xb
 1379 0535 C8020000 		.4byte	.LVL92
 1380 0539 420A0000 		.4byte	0xa42
 1381 053d 48050000 		.4byte	0x548
 1382 0541 0C       		.uleb128 0xc
ARM GAS  C:\Users\sepp2\AppData\Local\Temp\cc3d5cPv.s 			page 28


 1383 0542 01       		.uleb128 0x1
 1384 0543 50       		.byte	0x50
 1385 0544 02       		.uleb128 0x2
 1386 0545 08       		.byte	0x8
 1387 0546 E1       		.byte	0xe1
 1388 0547 00       		.byte	0
 1389 0548 0B       		.uleb128 0xb
 1390 0549 D0020000 		.4byte	.LVL93
 1391 054d 370A0000 		.4byte	0xa37
 1392 0551 61050000 		.4byte	0x561
 1393 0555 0C       		.uleb128 0xc
 1394 0556 01       		.uleb128 0x1
 1395 0557 50       		.byte	0x50
 1396 0558 01       		.uleb128 0x1
 1397 0559 39       		.byte	0x39
 1398 055a 0C       		.uleb128 0xc
 1399 055b 01       		.uleb128 0x1
 1400 055c 51       		.byte	0x51
 1401 055d 02       		.uleb128 0x2
 1402 055e 08       		.byte	0x8
 1403 055f E1       		.byte	0xe1
 1404 0560 00       		.byte	0
 1405 0561 0D       		.uleb128 0xd
 1406 0562 D6020000 		.4byte	.LVL94
 1407 0566 420A0000 		.4byte	0xa42
 1408 056a 0B       		.uleb128 0xb
 1409 056b DE020000 		.4byte	.LVL95
 1410 056f 370A0000 		.4byte	0xa37
 1411 0573 83050000 		.4byte	0x583
 1412 0577 0C       		.uleb128 0xc
 1413 0578 01       		.uleb128 0x1
 1414 0579 50       		.byte	0x50
 1415 057a 01       		.uleb128 0x1
 1416 057b 3A       		.byte	0x3a
 1417 057c 0C       		.uleb128 0xc
 1418 057d 01       		.uleb128 0x1
 1419 057e 51       		.byte	0x51
 1420 057f 02       		.uleb128 0x2
 1421 0580 08       		.byte	0x8
 1422 0581 E1       		.byte	0xe1
 1423 0582 00       		.byte	0
 1424 0583 0B       		.uleb128 0xb
 1425 0584 E6020000 		.4byte	.LVL96
 1426 0588 370A0000 		.4byte	0xa37
 1427 058c 9C050000 		.4byte	0x59c
 1428 0590 0C       		.uleb128 0xc
 1429 0591 01       		.uleb128 0x1
 1430 0592 50       		.byte	0x50
 1431 0593 01       		.uleb128 0x1
 1432 0594 39       		.byte	0x39
 1433 0595 0C       		.uleb128 0xc
 1434 0596 01       		.uleb128 0x1
 1435 0597 51       		.byte	0x51
 1436 0598 02       		.uleb128 0x2
 1437 0599 08       		.byte	0x8
 1438 059a 70       		.byte	0x70
 1439 059b 00       		.byte	0
ARM GAS  C:\Users\sepp2\AppData\Local\Temp\cc3d5cPv.s 			page 29


 1440 059c 0B       		.uleb128 0xb
 1441 059d EE020000 		.4byte	.LVL97
 1442 05a1 370A0000 		.4byte	0xa37
 1443 05a5 B5050000 		.4byte	0x5b5
 1444 05a9 0C       		.uleb128 0xc
 1445 05aa 01       		.uleb128 0x1
 1446 05ab 50       		.byte	0x50
 1447 05ac 01       		.uleb128 0x1
 1448 05ad 3A       		.byte	0x3a
 1449 05ae 0C       		.uleb128 0xc
 1450 05af 01       		.uleb128 0x1
 1451 05b0 51       		.byte	0x51
 1452 05b1 02       		.uleb128 0x2
 1453 05b2 08       		.byte	0x8
 1454 05b3 70       		.byte	0x70
 1455 05b4 00       		.byte	0
 1456 05b5 0B       		.uleb128 0xb
 1457 05b6 F6020000 		.4byte	.LVL98
 1458 05ba 370A0000 		.4byte	0xa37
 1459 05be CE050000 		.4byte	0x5ce
 1460 05c2 0C       		.uleb128 0xc
 1461 05c3 01       		.uleb128 0x1
 1462 05c4 50       		.byte	0x50
 1463 05c5 01       		.uleb128 0x1
 1464 05c6 3A       		.byte	0x3a
 1465 05c7 0C       		.uleb128 0xc
 1466 05c8 01       		.uleb128 0x1
 1467 05c9 51       		.byte	0x51
 1468 05ca 02       		.uleb128 0x2
 1469 05cb 08       		.byte	0x8
 1470 05cc 70       		.byte	0x70
 1471 05cd 00       		.byte	0
 1472 05ce 0B       		.uleb128 0xb
 1473 05cf FE020000 		.4byte	.LVL99
 1474 05d3 370A0000 		.4byte	0xa37
 1475 05d7 E7050000 		.4byte	0x5e7
 1476 05db 0C       		.uleb128 0xc
 1477 05dc 01       		.uleb128 0x1
 1478 05dd 50       		.byte	0x50
 1479 05de 01       		.uleb128 0x1
 1480 05df 39       		.byte	0x39
 1481 05e0 0C       		.uleb128 0xc
 1482 05e1 01       		.uleb128 0x1
 1483 05e2 51       		.byte	0x51
 1484 05e3 02       		.uleb128 0x2
 1485 05e4 08       		.byte	0x8
 1486 05e5 70       		.byte	0x70
 1487 05e6 00       		.byte	0
 1488 05e7 0B       		.uleb128 0xb
 1489 05e8 06030000 		.4byte	.LVL100
 1490 05ec 370A0000 		.4byte	0xa37
 1491 05f0 00060000 		.4byte	0x600
 1492 05f4 0C       		.uleb128 0xc
 1493 05f5 01       		.uleb128 0x1
 1494 05f6 50       		.byte	0x50
 1495 05f7 01       		.uleb128 0x1
 1496 05f8 38       		.byte	0x38
ARM GAS  C:\Users\sepp2\AppData\Local\Temp\cc3d5cPv.s 			page 30


 1497 05f9 0C       		.uleb128 0xc
 1498 05fa 01       		.uleb128 0x1
 1499 05fb 51       		.byte	0x51
 1500 05fc 02       		.uleb128 0x2
 1501 05fd 08       		.byte	0x8
 1502 05fe E1       		.byte	0xe1
 1503 05ff 00       		.byte	0
 1504 0600 0D       		.uleb128 0xd
 1505 0601 0C030000 		.4byte	.LVL101
 1506 0605 420A0000 		.4byte	0xa42
 1507 0609 0B       		.uleb128 0xb
 1508 060a 38030000 		.4byte	.LVL107
 1509 060e 370A0000 		.4byte	0xa37
 1510 0612 22060000 		.4byte	0x622
 1511 0616 0C       		.uleb128 0xc
 1512 0617 01       		.uleb128 0x1
 1513 0618 50       		.byte	0x50
 1514 0619 01       		.uleb128 0x1
 1515 061a 3A       		.byte	0x3a
 1516 061b 0C       		.uleb128 0xc
 1517 061c 01       		.uleb128 0x1
 1518 061d 51       		.byte	0x51
 1519 061e 02       		.uleb128 0x2
 1520 061f 08       		.byte	0x8
 1521 0620 E1       		.byte	0xe1
 1522 0621 00       		.byte	0
 1523 0622 0B       		.uleb128 0xb
 1524 0623 40030000 		.4byte	.LVL108
 1525 0627 370A0000 		.4byte	0xa37
 1526 062b 3B060000 		.4byte	0x63b
 1527 062f 0C       		.uleb128 0xc
 1528 0630 01       		.uleb128 0x1
 1529 0631 50       		.byte	0x50
 1530 0632 01       		.uleb128 0x1
 1531 0633 39       		.byte	0x39
 1532 0634 0C       		.uleb128 0xc
 1533 0635 01       		.uleb128 0x1
 1534 0636 51       		.byte	0x51
 1535 0637 02       		.uleb128 0x2
 1536 0638 08       		.byte	0x8
 1537 0639 E1       		.byte	0xe1
 1538 063a 00       		.byte	0
 1539 063b 0D       		.uleb128 0xd
 1540 063c 48030000 		.4byte	.LVL109
 1541 0640 420A0000 		.4byte	0xa42
 1542 0644 0B       		.uleb128 0xb
 1543 0645 52030000 		.4byte	.LVL110
 1544 0649 370A0000 		.4byte	0xa37
 1545 064d 5E060000 		.4byte	0x65e
 1546 0651 0C       		.uleb128 0xc
 1547 0652 01       		.uleb128 0x1
 1548 0653 50       		.byte	0x50
 1549 0654 01       		.uleb128 0x1
 1550 0655 37       		.byte	0x37
 1551 0656 0C       		.uleb128 0xc
 1552 0657 01       		.uleb128 0x1
 1553 0658 51       		.byte	0x51
ARM GAS  C:\Users\sepp2\AppData\Local\Temp\cc3d5cPv.s 			page 31


 1554 0659 03       		.uleb128 0x3
 1555 065a 0A       		.byte	0xa
 1556 065b C201     		.2byte	0x1c2
 1557 065d 00       		.byte	0
 1558 065e 0E       		.uleb128 0xe
 1559 065f 5C030000 		.4byte	.LVL111
 1560 0663 420A0000 		.4byte	0xa42
 1561 0667 0C       		.uleb128 0xc
 1562 0668 01       		.uleb128 0x1
 1563 0669 50       		.byte	0x50
 1564 066a 03       		.uleb128 0x3
 1565 066b 0A       		.byte	0xa
 1566 066c 4605     		.2byte	0x546
 1567 066e 00       		.byte	0
 1568 066f 00       		.byte	0
 1569 0670 0D       		.uleb128 0xd
 1570 0671 06000000 		.4byte	.LVL0
 1571 0675 4D0A0000 		.4byte	0xa4d
 1572 0679 0B       		.uleb128 0xb
 1573 067a 0E000000 		.4byte	.LVL1
 1574 067e 370A0000 		.4byte	0xa37
 1575 0682 92060000 		.4byte	0x692
 1576 0686 0C       		.uleb128 0xc
 1577 0687 01       		.uleb128 0x1
 1578 0688 50       		.byte	0x50
 1579 0689 01       		.uleb128 0x1
 1580 068a 31       		.byte	0x31
 1581 068b 0C       		.uleb128 0xc
 1582 068c 01       		.uleb128 0x1
 1583 068d 51       		.byte	0x51
 1584 068e 02       		.uleb128 0x2
 1585 068f 08       		.byte	0x8
 1586 0690 E1       		.byte	0xe1
 1587 0691 00       		.byte	0
 1588 0692 0D       		.uleb128 0xd
 1589 0693 16000000 		.4byte	.LVL2
 1590 0697 420A0000 		.4byte	0xa42
 1591 069b 0B       		.uleb128 0xb
 1592 069c 1E000000 		.4byte	.LVL3
 1593 06a0 370A0000 		.4byte	0xa37
 1594 06a4 B4060000 		.4byte	0x6b4
 1595 06a8 0C       		.uleb128 0xc
 1596 06a9 01       		.uleb128 0x1
 1597 06aa 50       		.byte	0x50
 1598 06ab 01       		.uleb128 0x1
 1599 06ac 32       		.byte	0x32
 1600 06ad 0C       		.uleb128 0xc
 1601 06ae 01       		.uleb128 0x1
 1602 06af 51       		.byte	0x51
 1603 06b0 02       		.uleb128 0x2
 1604 06b1 08       		.byte	0x8
 1605 06b2 E1       		.byte	0xe1
 1606 06b3 00       		.byte	0
 1607 06b4 0B       		.uleb128 0xb
 1608 06b5 26000000 		.4byte	.LVL4
 1609 06b9 370A0000 		.4byte	0xa37
 1610 06bd CD060000 		.4byte	0x6cd
ARM GAS  C:\Users\sepp2\AppData\Local\Temp\cc3d5cPv.s 			page 32


 1611 06c1 0C       		.uleb128 0xc
 1612 06c2 01       		.uleb128 0x1
 1613 06c3 50       		.byte	0x50
 1614 06c4 01       		.uleb128 0x1
 1615 06c5 31       		.byte	0x31
 1616 06c6 0C       		.uleb128 0xc
 1617 06c7 01       		.uleb128 0x1
 1618 06c8 51       		.byte	0x51
 1619 06c9 02       		.uleb128 0x2
 1620 06ca 08       		.byte	0x8
 1621 06cb E1       		.byte	0xe1
 1622 06cc 00       		.byte	0
 1623 06cd 0D       		.uleb128 0xd
 1624 06ce 2C000000 		.4byte	.LVL5
 1625 06d2 420A0000 		.4byte	0xa42
 1626 06d6 0B       		.uleb128 0xb
 1627 06d7 34000000 		.4byte	.LVL6
 1628 06db 370A0000 		.4byte	0xa37
 1629 06df EF060000 		.4byte	0x6ef
 1630 06e3 0C       		.uleb128 0xc
 1631 06e4 01       		.uleb128 0x1
 1632 06e5 50       		.byte	0x50
 1633 06e6 01       		.uleb128 0x1
 1634 06e7 32       		.byte	0x32
 1635 06e8 0C       		.uleb128 0xc
 1636 06e9 01       		.uleb128 0x1
 1637 06ea 51       		.byte	0x51
 1638 06eb 02       		.uleb128 0x2
 1639 06ec 08       		.byte	0x8
 1640 06ed E1       		.byte	0xe1
 1641 06ee 00       		.byte	0
 1642 06ef 0B       		.uleb128 0xb
 1643 06f0 3C000000 		.4byte	.LVL7
 1644 06f4 370A0000 		.4byte	0xa37
 1645 06f8 08070000 		.4byte	0x708
 1646 06fc 0C       		.uleb128 0xc
 1647 06fd 01       		.uleb128 0x1
 1648 06fe 50       		.byte	0x50
 1649 06ff 01       		.uleb128 0x1
 1650 0700 31       		.byte	0x31
 1651 0701 0C       		.uleb128 0xc
 1652 0702 01       		.uleb128 0x1
 1653 0703 51       		.byte	0x51
 1654 0704 02       		.uleb128 0x2
 1655 0705 08       		.byte	0x8
 1656 0706 E1       		.byte	0xe1
 1657 0707 00       		.byte	0
 1658 0708 0D       		.uleb128 0xd
 1659 0709 42000000 		.4byte	.LVL8
 1660 070d 420A0000 		.4byte	0xa42
 1661 0711 0B       		.uleb128 0xb
 1662 0712 4A000000 		.4byte	.LVL9
 1663 0716 370A0000 		.4byte	0xa37
 1664 071a 2A070000 		.4byte	0x72a
 1665 071e 0C       		.uleb128 0xc
 1666 071f 01       		.uleb128 0x1
 1667 0720 50       		.byte	0x50
ARM GAS  C:\Users\sepp2\AppData\Local\Temp\cc3d5cPv.s 			page 33


 1668 0721 01       		.uleb128 0x1
 1669 0722 32       		.byte	0x32
 1670 0723 0C       		.uleb128 0xc
 1671 0724 01       		.uleb128 0x1
 1672 0725 51       		.byte	0x51
 1673 0726 02       		.uleb128 0x2
 1674 0727 08       		.byte	0x8
 1675 0728 E1       		.byte	0xe1
 1676 0729 00       		.byte	0
 1677 072a 0B       		.uleb128 0xb
 1678 072b 52000000 		.4byte	.LVL10
 1679 072f 370A0000 		.4byte	0xa37
 1680 0733 43070000 		.4byte	0x743
 1681 0737 0C       		.uleb128 0xc
 1682 0738 01       		.uleb128 0x1
 1683 0739 50       		.byte	0x50
 1684 073a 01       		.uleb128 0x1
 1685 073b 31       		.byte	0x31
 1686 073c 0C       		.uleb128 0xc
 1687 073d 01       		.uleb128 0x1
 1688 073e 51       		.byte	0x51
 1689 073f 02       		.uleb128 0x2
 1690 0740 08       		.byte	0x8
 1691 0741 70       		.byte	0x70
 1692 0742 00       		.byte	0
 1693 0743 0B       		.uleb128 0xb
 1694 0744 5A000000 		.4byte	.LVL11
 1695 0748 370A0000 		.4byte	0xa37
 1696 074c 5C070000 		.4byte	0x75c
 1697 0750 0C       		.uleb128 0xc
 1698 0751 01       		.uleb128 0x1
 1699 0752 50       		.byte	0x50
 1700 0753 01       		.uleb128 0x1
 1701 0754 33       		.byte	0x33
 1702 0755 0C       		.uleb128 0xc
 1703 0756 01       		.uleb128 0x1
 1704 0757 51       		.byte	0x51
 1705 0758 02       		.uleb128 0x2
 1706 0759 08       		.byte	0x8
 1707 075a 70       		.byte	0x70
 1708 075b 00       		.byte	0
 1709 075c 0B       		.uleb128 0xb
 1710 075d 62000000 		.4byte	.LVL12
 1711 0761 370A0000 		.4byte	0xa37
 1712 0765 75070000 		.4byte	0x775
 1713 0769 0C       		.uleb128 0xc
 1714 076a 01       		.uleb128 0x1
 1715 076b 50       		.byte	0x50
 1716 076c 01       		.uleb128 0x1
 1717 076d 33       		.byte	0x33
 1718 076e 0C       		.uleb128 0xc
 1719 076f 01       		.uleb128 0x1
 1720 0770 51       		.byte	0x51
 1721 0771 02       		.uleb128 0x2
 1722 0772 08       		.byte	0x8
 1723 0773 E1       		.byte	0xe1
 1724 0774 00       		.byte	0
ARM GAS  C:\Users\sepp2\AppData\Local\Temp\cc3d5cPv.s 			page 34


 1725 0775 0B       		.uleb128 0xb
 1726 0776 6A000000 		.4byte	.LVL13
 1727 077a 370A0000 		.4byte	0xa37
 1728 077e 8E070000 		.4byte	0x78e
 1729 0782 0C       		.uleb128 0xc
 1730 0783 01       		.uleb128 0x1
 1731 0784 50       		.byte	0x50
 1732 0785 01       		.uleb128 0x1
 1733 0786 32       		.byte	0x32
 1734 0787 0C       		.uleb128 0xc
 1735 0788 01       		.uleb128 0x1
 1736 0789 51       		.byte	0x51
 1737 078a 02       		.uleb128 0x2
 1738 078b 08       		.byte	0x8
 1739 078c E1       		.byte	0xe1
 1740 078d 00       		.byte	0
 1741 078e 0D       		.uleb128 0xd
 1742 078f 70000000 		.4byte	.LVL14
 1743 0793 420A0000 		.4byte	0xa42
 1744 0797 0B       		.uleb128 0xb
 1745 0798 78000000 		.4byte	.LVL15
 1746 079c 370A0000 		.4byte	0xa37
 1747 07a0 B0070000 		.4byte	0x7b0
 1748 07a4 0C       		.uleb128 0xc
 1749 07a5 01       		.uleb128 0x1
 1750 07a6 50       		.byte	0x50
 1751 07a7 01       		.uleb128 0x1
 1752 07a8 33       		.byte	0x33
 1753 07a9 0C       		.uleb128 0xc
 1754 07aa 01       		.uleb128 0x1
 1755 07ab 51       		.byte	0x51
 1756 07ac 02       		.uleb128 0x2
 1757 07ad 08       		.byte	0x8
 1758 07ae E1       		.byte	0xe1
 1759 07af 00       		.byte	0
 1760 07b0 0B       		.uleb128 0xb
 1761 07b1 80000000 		.4byte	.LVL16
 1762 07b5 370A0000 		.4byte	0xa37
 1763 07b9 C9070000 		.4byte	0x7c9
 1764 07bd 0C       		.uleb128 0xc
 1765 07be 01       		.uleb128 0x1
 1766 07bf 50       		.byte	0x50
 1767 07c0 01       		.uleb128 0x1
 1768 07c1 32       		.byte	0x32
 1769 07c2 0C       		.uleb128 0xc
 1770 07c3 01       		.uleb128 0x1
 1771 07c4 51       		.byte	0x51
 1772 07c5 02       		.uleb128 0x2
 1773 07c6 08       		.byte	0x8
 1774 07c7 E1       		.byte	0xe1
 1775 07c8 00       		.byte	0
 1776 07c9 0D       		.uleb128 0xd
 1777 07ca 86000000 		.4byte	.LVL17
 1778 07ce 420A0000 		.4byte	0xa42
 1779 07d2 0B       		.uleb128 0xb
 1780 07d3 8E000000 		.4byte	.LVL18
 1781 07d7 370A0000 		.4byte	0xa37
ARM GAS  C:\Users\sepp2\AppData\Local\Temp\cc3d5cPv.s 			page 35


 1782 07db EB070000 		.4byte	0x7eb
 1783 07df 0C       		.uleb128 0xc
 1784 07e0 01       		.uleb128 0x1
 1785 07e1 50       		.byte	0x50
 1786 07e2 01       		.uleb128 0x1
 1787 07e3 33       		.byte	0x33
 1788 07e4 0C       		.uleb128 0xc
 1789 07e5 01       		.uleb128 0x1
 1790 07e6 51       		.byte	0x51
 1791 07e7 02       		.uleb128 0x2
 1792 07e8 08       		.byte	0x8
 1793 07e9 E1       		.byte	0xe1
 1794 07ea 00       		.byte	0
 1795 07eb 0B       		.uleb128 0xb
 1796 07ec 96000000 		.4byte	.LVL19
 1797 07f0 370A0000 		.4byte	0xa37
 1798 07f4 04080000 		.4byte	0x804
 1799 07f8 0C       		.uleb128 0xc
 1800 07f9 01       		.uleb128 0x1
 1801 07fa 50       		.byte	0x50
 1802 07fb 01       		.uleb128 0x1
 1803 07fc 32       		.byte	0x32
 1804 07fd 0C       		.uleb128 0xc
 1805 07fe 01       		.uleb128 0x1
 1806 07ff 51       		.byte	0x51
 1807 0800 02       		.uleb128 0x2
 1808 0801 08       		.byte	0x8
 1809 0802 E1       		.byte	0xe1
 1810 0803 00       		.byte	0
 1811 0804 0D       		.uleb128 0xd
 1812 0805 9C000000 		.4byte	.LVL20
 1813 0809 420A0000 		.4byte	0xa42
 1814 080d 0B       		.uleb128 0xb
 1815 080e A4000000 		.4byte	.LVL21
 1816 0812 370A0000 		.4byte	0xa37
 1817 0816 26080000 		.4byte	0x826
 1818 081a 0C       		.uleb128 0xc
 1819 081b 01       		.uleb128 0x1
 1820 081c 50       		.byte	0x50
 1821 081d 01       		.uleb128 0x1
 1822 081e 33       		.byte	0x33
 1823 081f 0C       		.uleb128 0xc
 1824 0820 01       		.uleb128 0x1
 1825 0821 51       		.byte	0x51
 1826 0822 02       		.uleb128 0x2
 1827 0823 08       		.byte	0x8
 1828 0824 E1       		.byte	0xe1
 1829 0825 00       		.byte	0
 1830 0826 0B       		.uleb128 0xb
 1831 0827 AC000000 		.4byte	.LVL22
 1832 082b 370A0000 		.4byte	0xa37
 1833 082f 3F080000 		.4byte	0x83f
 1834 0833 0C       		.uleb128 0xc
 1835 0834 01       		.uleb128 0x1
 1836 0835 50       		.byte	0x50
 1837 0836 01       		.uleb128 0x1
 1838 0837 34       		.byte	0x34
ARM GAS  C:\Users\sepp2\AppData\Local\Temp\cc3d5cPv.s 			page 36


 1839 0838 0C       		.uleb128 0xc
 1840 0839 01       		.uleb128 0x1
 1841 083a 51       		.byte	0x51
 1842 083b 02       		.uleb128 0x2
 1843 083c 08       		.byte	0x8
 1844 083d 70       		.byte	0x70
 1845 083e 00       		.byte	0
 1846 083f 0B       		.uleb128 0xb
 1847 0840 B4000000 		.4byte	.LVL23
 1848 0844 370A0000 		.4byte	0xa37
 1849 0848 58080000 		.4byte	0x858
 1850 084c 0C       		.uleb128 0xc
 1851 084d 01       		.uleb128 0x1
 1852 084e 50       		.byte	0x50
 1853 084f 01       		.uleb128 0x1
 1854 0850 35       		.byte	0x35
 1855 0851 0C       		.uleb128 0xc
 1856 0852 01       		.uleb128 0x1
 1857 0853 51       		.byte	0x51
 1858 0854 02       		.uleb128 0x2
 1859 0855 08       		.byte	0x8
 1860 0856 70       		.byte	0x70
 1861 0857 00       		.byte	0
 1862 0858 0B       		.uleb128 0xb
 1863 0859 BC000000 		.4byte	.LVL24
 1864 085d 370A0000 		.4byte	0xa37
 1865 0861 71080000 		.4byte	0x871
 1866 0865 0C       		.uleb128 0xc
 1867 0866 01       		.uleb128 0x1
 1868 0867 50       		.byte	0x50
 1869 0868 01       		.uleb128 0x1
 1870 0869 35       		.byte	0x35
 1871 086a 0C       		.uleb128 0xc
 1872 086b 01       		.uleb128 0x1
 1873 086c 51       		.byte	0x51
 1874 086d 02       		.uleb128 0x2
 1875 086e 08       		.byte	0x8
 1876 086f E1       		.byte	0xe1
 1877 0870 00       		.byte	0
 1878 0871 0B       		.uleb128 0xb
 1879 0872 C4000000 		.4byte	.LVL25
 1880 0876 370A0000 		.4byte	0xa37
 1881 087a 8A080000 		.4byte	0x88a
 1882 087e 0C       		.uleb128 0xc
 1883 087f 01       		.uleb128 0x1
 1884 0880 50       		.byte	0x50
 1885 0881 01       		.uleb128 0x1
 1886 0882 34       		.byte	0x34
 1887 0883 0C       		.uleb128 0xc
 1888 0884 01       		.uleb128 0x1
 1889 0885 51       		.byte	0x51
 1890 0886 02       		.uleb128 0x2
 1891 0887 08       		.byte	0x8
 1892 0888 E1       		.byte	0xe1
 1893 0889 00       		.byte	0
 1894 088a 0D       		.uleb128 0xd
 1895 088b CA000000 		.4byte	.LVL26
ARM GAS  C:\Users\sepp2\AppData\Local\Temp\cc3d5cPv.s 			page 37


 1896 088f 420A0000 		.4byte	0xa42
 1897 0893 0B       		.uleb128 0xb
 1898 0894 D2000000 		.4byte	.LVL27
 1899 0898 370A0000 		.4byte	0xa37
 1900 089c AC080000 		.4byte	0x8ac
 1901 08a0 0C       		.uleb128 0xc
 1902 08a1 01       		.uleb128 0x1
 1903 08a2 50       		.byte	0x50
 1904 08a3 01       		.uleb128 0x1
 1905 08a4 35       		.byte	0x35
 1906 08a5 0C       		.uleb128 0xc
 1907 08a6 01       		.uleb128 0x1
 1908 08a7 51       		.byte	0x51
 1909 08a8 02       		.uleb128 0x2
 1910 08a9 08       		.byte	0x8
 1911 08aa E1       		.byte	0xe1
 1912 08ab 00       		.byte	0
 1913 08ac 0B       		.uleb128 0xb
 1914 08ad DA000000 		.4byte	.LVL28
 1915 08b1 370A0000 		.4byte	0xa37
 1916 08b5 C5080000 		.4byte	0x8c5
 1917 08b9 0C       		.uleb128 0xc
 1918 08ba 01       		.uleb128 0x1
 1919 08bb 50       		.byte	0x50
 1920 08bc 01       		.uleb128 0x1
 1921 08bd 34       		.byte	0x34
 1922 08be 0C       		.uleb128 0xc
 1923 08bf 01       		.uleb128 0x1
 1924 08c0 51       		.byte	0x51
 1925 08c1 02       		.uleb128 0x2
 1926 08c2 08       		.byte	0x8
 1927 08c3 E1       		.byte	0xe1
 1928 08c4 00       		.byte	0
 1929 08c5 0D       		.uleb128 0xd
 1930 08c6 E0000000 		.4byte	.LVL29
 1931 08ca 420A0000 		.4byte	0xa42
 1932 08ce 0B       		.uleb128 0xb
 1933 08cf E8000000 		.4byte	.LVL30
 1934 08d3 370A0000 		.4byte	0xa37
 1935 08d7 E7080000 		.4byte	0x8e7
 1936 08db 0C       		.uleb128 0xc
 1937 08dc 01       		.uleb128 0x1
 1938 08dd 50       		.byte	0x50
 1939 08de 01       		.uleb128 0x1
 1940 08df 35       		.byte	0x35
 1941 08e0 0C       		.uleb128 0xc
 1942 08e1 01       		.uleb128 0x1
 1943 08e2 51       		.byte	0x51
 1944 08e3 02       		.uleb128 0x2
 1945 08e4 08       		.byte	0x8
 1946 08e5 E1       		.byte	0xe1
 1947 08e6 00       		.byte	0
 1948 08e7 0B       		.uleb128 0xb
 1949 08e8 F0000000 		.4byte	.LVL31
 1950 08ec 370A0000 		.4byte	0xa37
 1951 08f0 00090000 		.4byte	0x900
 1952 08f4 0C       		.uleb128 0xc
ARM GAS  C:\Users\sepp2\AppData\Local\Temp\cc3d5cPv.s 			page 38


 1953 08f5 01       		.uleb128 0x1
 1954 08f6 50       		.byte	0x50
 1955 08f7 01       		.uleb128 0x1
 1956 08f8 34       		.byte	0x34
 1957 08f9 0C       		.uleb128 0xc
 1958 08fa 01       		.uleb128 0x1
 1959 08fb 51       		.byte	0x51
 1960 08fc 02       		.uleb128 0x2
 1961 08fd 08       		.byte	0x8
 1962 08fe E1       		.byte	0xe1
 1963 08ff 00       		.byte	0
 1964 0900 0D       		.uleb128 0xd
 1965 0901 F6000000 		.4byte	.LVL32
 1966 0905 420A0000 		.4byte	0xa42
 1967 0909 0B       		.uleb128 0xb
 1968 090a FE000000 		.4byte	.LVL33
 1969 090e 370A0000 		.4byte	0xa37
 1970 0912 22090000 		.4byte	0x922
 1971 0916 0C       		.uleb128 0xc
 1972 0917 01       		.uleb128 0x1
 1973 0918 50       		.byte	0x50
 1974 0919 01       		.uleb128 0x1
 1975 091a 35       		.byte	0x35
 1976 091b 0C       		.uleb128 0xc
 1977 091c 01       		.uleb128 0x1
 1978 091d 51       		.byte	0x51
 1979 091e 02       		.uleb128 0x2
 1980 091f 08       		.byte	0x8
 1981 0920 E1       		.byte	0xe1
 1982 0921 00       		.byte	0
 1983 0922 0B       		.uleb128 0xb
 1984 0923 06010000 		.4byte	.LVL34
 1985 0927 370A0000 		.4byte	0xa37
 1986 092b 3B090000 		.4byte	0x93b
 1987 092f 0C       		.uleb128 0xc
 1988 0930 01       		.uleb128 0x1
 1989 0931 50       		.byte	0x50
 1990 0932 01       		.uleb128 0x1
 1991 0933 34       		.byte	0x34
 1992 0934 0C       		.uleb128 0xc
 1993 0935 01       		.uleb128 0x1
 1994 0936 51       		.byte	0x51
 1995 0937 02       		.uleb128 0x2
 1996 0938 08       		.byte	0x8
 1997 0939 70       		.byte	0x70
 1998 093a 00       		.byte	0
 1999 093b 0B       		.uleb128 0xb
 2000 093c 0E010000 		.4byte	.LVL35
 2001 0940 370A0000 		.4byte	0xa37
 2002 0944 54090000 		.4byte	0x954
 2003 0948 0C       		.uleb128 0xc
 2004 0949 01       		.uleb128 0x1
 2005 094a 50       		.byte	0x50
 2006 094b 01       		.uleb128 0x1
 2007 094c 32       		.byte	0x32
 2008 094d 0C       		.uleb128 0xc
 2009 094e 01       		.uleb128 0x1
ARM GAS  C:\Users\sepp2\AppData\Local\Temp\cc3d5cPv.s 			page 39


 2010 094f 51       		.byte	0x51
 2011 0950 02       		.uleb128 0x2
 2012 0951 08       		.byte	0x8
 2013 0952 70       		.byte	0x70
 2014 0953 00       		.byte	0
 2015 0954 0B       		.uleb128 0xb
 2016 0955 16010000 		.4byte	.LVL36
 2017 0959 370A0000 		.4byte	0xa37
 2018 095d 6D090000 		.4byte	0x96d
 2019 0961 0C       		.uleb128 0xc
 2020 0962 01       		.uleb128 0x1
 2021 0963 50       		.byte	0x50
 2022 0964 01       		.uleb128 0x1
 2023 0965 32       		.byte	0x32
 2024 0966 0C       		.uleb128 0xc
 2025 0967 01       		.uleb128 0x1
 2026 0968 51       		.byte	0x51
 2027 0969 02       		.uleb128 0x2
 2028 096a 08       		.byte	0x8
 2029 096b E1       		.byte	0xe1
 2030 096c 00       		.byte	0
 2031 096d 0B       		.uleb128 0xb
 2032 096e 1E010000 		.4byte	.LVL37
 2033 0972 370A0000 		.4byte	0xa37
 2034 0976 86090000 		.4byte	0x986
 2035 097a 0C       		.uleb128 0xc
 2036 097b 01       		.uleb128 0x1
 2037 097c 50       		.byte	0x50
 2038 097d 01       		.uleb128 0x1
 2039 097e 31       		.byte	0x31
 2040 097f 0C       		.uleb128 0xc
 2041 0980 01       		.uleb128 0x1
 2042 0981 51       		.byte	0x51
 2043 0982 02       		.uleb128 0x2
 2044 0983 08       		.byte	0x8
 2045 0984 E1       		.byte	0xe1
 2046 0985 00       		.byte	0
 2047 0986 0D       		.uleb128 0xd
 2048 0987 24010000 		.4byte	.LVL38
 2049 098b 420A0000 		.4byte	0xa42
 2050 098f 0B       		.uleb128 0xb
 2051 0990 2C010000 		.4byte	.LVL39
 2052 0994 370A0000 		.4byte	0xa37
 2053 0998 A8090000 		.4byte	0x9a8
 2054 099c 0C       		.uleb128 0xc
 2055 099d 01       		.uleb128 0x1
 2056 099e 50       		.byte	0x50
 2057 099f 01       		.uleb128 0x1
 2058 09a0 32       		.byte	0x32
 2059 09a1 0C       		.uleb128 0xc
 2060 09a2 01       		.uleb128 0x1
 2061 09a3 51       		.byte	0x51
 2062 09a4 02       		.uleb128 0x2
 2063 09a5 08       		.byte	0x8
 2064 09a6 E1       		.byte	0xe1
 2065 09a7 00       		.byte	0
 2066 09a8 0B       		.uleb128 0xb
ARM GAS  C:\Users\sepp2\AppData\Local\Temp\cc3d5cPv.s 			page 40


 2067 09a9 34010000 		.4byte	.LVL40
 2068 09ad 370A0000 		.4byte	0xa37
 2069 09b1 C1090000 		.4byte	0x9c1
 2070 09b5 0C       		.uleb128 0xc
 2071 09b6 01       		.uleb128 0x1
 2072 09b7 50       		.byte	0x50
 2073 09b8 01       		.uleb128 0x1
 2074 09b9 31       		.byte	0x31
 2075 09ba 0C       		.uleb128 0xc
 2076 09bb 01       		.uleb128 0x1
 2077 09bc 51       		.byte	0x51
 2078 09bd 02       		.uleb128 0x2
 2079 09be 08       		.byte	0x8
 2080 09bf E1       		.byte	0xe1
 2081 09c0 00       		.byte	0
 2082 09c1 0D       		.uleb128 0xd
 2083 09c2 3A010000 		.4byte	.LVL41
 2084 09c6 420A0000 		.4byte	0xa42
 2085 09ca 0B       		.uleb128 0xb
 2086 09cb 44010000 		.4byte	.LVL42
 2087 09cf 370A0000 		.4byte	0xa37
 2088 09d3 E4090000 		.4byte	0x9e4
 2089 09d7 0C       		.uleb128 0xc
 2090 09d8 01       		.uleb128 0x1
 2091 09d9 50       		.byte	0x50
 2092 09da 01       		.uleb128 0x1
 2093 09db 32       		.byte	0x32
 2094 09dc 0C       		.uleb128 0xc
 2095 09dd 01       		.uleb128 0x1
 2096 09de 51       		.byte	0x51
 2097 09df 03       		.uleb128 0x3
 2098 09e0 0A       		.byte	0xa
 2099 09e1 C201     		.2byte	0x1c2
 2100 09e3 00       		.byte	0
 2101 09e4 0B       		.uleb128 0xb
 2102 09e5 4E010000 		.4byte	.LVL43
 2103 09e9 370A0000 		.4byte	0xa37
 2104 09ed FE090000 		.4byte	0x9fe
 2105 09f1 0C       		.uleb128 0xc
 2106 09f2 01       		.uleb128 0x1
 2107 09f3 50       		.byte	0x50
 2108 09f4 01       		.uleb128 0x1
 2109 09f5 33       		.byte	0x33
 2110 09f6 0C       		.uleb128 0xc
 2111 09f7 01       		.uleb128 0x1
 2112 09f8 51       		.byte	0x51
 2113 09f9 03       		.uleb128 0x3
 2114 09fa 0A       		.byte	0xa
 2115 09fb C201     		.2byte	0x1c2
 2116 09fd 00       		.byte	0
 2117 09fe 0E       		.uleb128 0xe
 2118 09ff 58010000 		.4byte	.LVL44
 2119 0a03 370A0000 		.4byte	0xa37
 2120 0a07 0C       		.uleb128 0xc
 2121 0a08 01       		.uleb128 0x1
 2122 0a09 50       		.byte	0x50
 2123 0a0a 01       		.uleb128 0x1
ARM GAS  C:\Users\sepp2\AppData\Local\Temp\cc3d5cPv.s 			page 41


 2124 0a0b 32       		.byte	0x32
 2125 0a0c 0C       		.uleb128 0xc
 2126 0a0d 01       		.uleb128 0x1
 2127 0a0e 51       		.byte	0x51
 2128 0a0f 03       		.uleb128 0x3
 2129 0a10 0A       		.byte	0xa
 2130 0a11 C201     		.2byte	0x1c2
 2131 0a13 00       		.byte	0
 2132 0a14 00       		.byte	0
 2133 0a15 0F       		.uleb128 0xf
 2134 0a16 FE000000 		.4byte	.LASF19
 2135 0a1a 04       		.byte	0x4
 2136 0a1b 1207     		.2byte	0x712
 2137 0a1d 210A0000 		.4byte	0xa21
 2138 0a21 10       		.uleb128 0x10
 2139 0a22 99000000 		.4byte	0x99
 2140 0a26 11       		.uleb128 0x11
 2141 0a27 C8000000 		.4byte	.LASF20
 2142 0a2b 01       		.byte	0x1
 2143 0a2c 14       		.byte	0x14
 2144 0a2d 25000000 		.4byte	0x25
 2145 0a31 05       		.uleb128 0x5
 2146 0a32 03       		.byte	0x3
 2147 0a33 00000000 		.4byte	idle_sleep
 2148 0a37 12       		.uleb128 0x12
 2149 0a38 1D000000 		.4byte	.LASF21
 2150 0a3c 1D000000 		.4byte	.LASF21
 2151 0a40 05       		.byte	0x5
 2152 0a41 17       		.byte	0x17
 2153 0a42 12       		.uleb128 0x12
 2154 0a43 F3000000 		.4byte	.LASF22
 2155 0a47 F3000000 		.4byte	.LASF22
 2156 0a4b 05       		.byte	0x5
 2157 0a4c 19       		.byte	0x19
 2158 0a4d 12       		.uleb128 0x12
 2159 0a4e DB010000 		.4byte	.LASF23
 2160 0a52 DB010000 		.4byte	.LASF23
 2161 0a56 05       		.byte	0x5
 2162 0a57 1D       		.byte	0x1d
 2163 0a58 00       		.byte	0
 2164              		.section	.debug_abbrev,"",%progbits
 2165              	.Ldebug_abbrev0:
 2166 0000 01       		.uleb128 0x1
 2167 0001 11       		.uleb128 0x11
 2168 0002 01       		.byte	0x1
 2169 0003 25       		.uleb128 0x25
 2170 0004 0E       		.uleb128 0xe
 2171 0005 13       		.uleb128 0x13
 2172 0006 0B       		.uleb128 0xb
 2173 0007 03       		.uleb128 0x3
 2174 0008 0E       		.uleb128 0xe
 2175 0009 1B       		.uleb128 0x1b
 2176 000a 0E       		.uleb128 0xe
 2177 000b 55       		.uleb128 0x55
 2178 000c 17       		.uleb128 0x17
 2179 000d 11       		.uleb128 0x11
 2180 000e 01       		.uleb128 0x1
ARM GAS  C:\Users\sepp2\AppData\Local\Temp\cc3d5cPv.s 			page 42


 2181 000f 10       		.uleb128 0x10
 2182 0010 17       		.uleb128 0x17
 2183 0011 00       		.byte	0
 2184 0012 00       		.byte	0
 2185 0013 02       		.uleb128 0x2
 2186 0014 24       		.uleb128 0x24
 2187 0015 00       		.byte	0
 2188 0016 0B       		.uleb128 0xb
 2189 0017 0B       		.uleb128 0xb
 2190 0018 3E       		.uleb128 0x3e
 2191 0019 0B       		.uleb128 0xb
 2192 001a 03       		.uleb128 0x3
 2193 001b 08       		.uleb128 0x8
 2194 001c 00       		.byte	0
 2195 001d 00       		.byte	0
 2196 001e 03       		.uleb128 0x3
 2197 001f 24       		.uleb128 0x24
 2198 0020 00       		.byte	0
 2199 0021 0B       		.uleb128 0xb
 2200 0022 0B       		.uleb128 0xb
 2201 0023 3E       		.uleb128 0x3e
 2202 0024 0B       		.uleb128 0xb
 2203 0025 03       		.uleb128 0x3
 2204 0026 0E       		.uleb128 0xe
 2205 0027 00       		.byte	0
 2206 0028 00       		.byte	0
 2207 0029 04       		.uleb128 0x4
 2208 002a 16       		.uleb128 0x16
 2209 002b 00       		.byte	0
 2210 002c 03       		.uleb128 0x3
 2211 002d 0E       		.uleb128 0xe
 2212 002e 3A       		.uleb128 0x3a
 2213 002f 0B       		.uleb128 0xb
 2214 0030 3B       		.uleb128 0x3b
 2215 0031 0B       		.uleb128 0xb
 2216 0032 49       		.uleb128 0x49
 2217 0033 13       		.uleb128 0x13
 2218 0034 00       		.byte	0
 2219 0035 00       		.byte	0
 2220 0036 05       		.uleb128 0x5
 2221 0037 2E       		.uleb128 0x2e
 2222 0038 01       		.byte	0x1
 2223 0039 3F       		.uleb128 0x3f
 2224 003a 19       		.uleb128 0x19
 2225 003b 03       		.uleb128 0x3
 2226 003c 0E       		.uleb128 0xe
 2227 003d 3A       		.uleb128 0x3a
 2228 003e 0B       		.uleb128 0xb
 2229 003f 3B       		.uleb128 0x3b
 2230 0040 0B       		.uleb128 0xb
 2231 0041 11       		.uleb128 0x11
 2232 0042 01       		.uleb128 0x1
 2233 0043 12       		.uleb128 0x12
 2234 0044 06       		.uleb128 0x6
 2235 0045 40       		.uleb128 0x40
 2236 0046 18       		.uleb128 0x18
 2237 0047 9742     		.uleb128 0x2117
ARM GAS  C:\Users\sepp2\AppData\Local\Temp\cc3d5cPv.s 			page 43


 2238 0049 19       		.uleb128 0x19
 2239 004a 01       		.uleb128 0x1
 2240 004b 13       		.uleb128 0x13
 2241 004c 00       		.byte	0
 2242 004d 00       		.byte	0
 2243 004e 06       		.uleb128 0x6
 2244 004f 34       		.uleb128 0x34
 2245 0050 00       		.byte	0
 2246 0051 03       		.uleb128 0x3
 2247 0052 08       		.uleb128 0x8
 2248 0053 3A       		.uleb128 0x3a
 2249 0054 0B       		.uleb128 0xb
 2250 0055 3B       		.uleb128 0x3b
 2251 0056 0B       		.uleb128 0xb
 2252 0057 49       		.uleb128 0x49
 2253 0058 13       		.uleb128 0x13
 2254 0059 1C       		.uleb128 0x1c
 2255 005a 0B       		.uleb128 0xb
 2256 005b 00       		.byte	0
 2257 005c 00       		.byte	0
 2258 005d 07       		.uleb128 0x7
 2259 005e 34       		.uleb128 0x34
 2260 005f 00       		.byte	0
 2261 0060 03       		.uleb128 0x3
 2262 0061 0E       		.uleb128 0xe
 2263 0062 3A       		.uleb128 0x3a
 2264 0063 0B       		.uleb128 0xb
 2265 0064 3B       		.uleb128 0x3b
 2266 0065 0B       		.uleb128 0xb
 2267 0066 49       		.uleb128 0x49
 2268 0067 13       		.uleb128 0x13
 2269 0068 1C       		.uleb128 0x1c
 2270 0069 05       		.uleb128 0x5
 2271 006a 00       		.byte	0
 2272 006b 00       		.byte	0
 2273 006c 08       		.uleb128 0x8
 2274 006d 34       		.uleb128 0x34
 2275 006e 00       		.byte	0
 2276 006f 03       		.uleb128 0x3
 2277 0070 0E       		.uleb128 0xe
 2278 0071 3A       		.uleb128 0x3a
 2279 0072 0B       		.uleb128 0xb
 2280 0073 3B       		.uleb128 0x3b
 2281 0074 0B       		.uleb128 0xb
 2282 0075 49       		.uleb128 0x49
 2283 0076 13       		.uleb128 0x13
 2284 0077 1C       		.uleb128 0x1c
 2285 0078 0B       		.uleb128 0xb
 2286 0079 00       		.byte	0
 2287 007a 00       		.byte	0
 2288 007b 09       		.uleb128 0x9
 2289 007c 0B       		.uleb128 0xb
 2290 007d 01       		.byte	0x1
 2291 007e 11       		.uleb128 0x11
 2292 007f 01       		.uleb128 0x1
 2293 0080 12       		.uleb128 0x12
 2294 0081 06       		.uleb128 0x6
ARM GAS  C:\Users\sepp2\AppData\Local\Temp\cc3d5cPv.s 			page 44


 2295 0082 01       		.uleb128 0x1
 2296 0083 13       		.uleb128 0x13
 2297 0084 00       		.byte	0
 2298 0085 00       		.byte	0
 2299 0086 0A       		.uleb128 0xa
 2300 0087 34       		.uleb128 0x34
 2301 0088 00       		.byte	0
 2302 0089 03       		.uleb128 0x3
 2303 008a 08       		.uleb128 0x8
 2304 008b 3A       		.uleb128 0x3a
 2305 008c 0B       		.uleb128 0xb
 2306 008d 3B       		.uleb128 0x3b
 2307 008e 0B       		.uleb128 0xb
 2308 008f 49       		.uleb128 0x49
 2309 0090 13       		.uleb128 0x13
 2310 0091 02       		.uleb128 0x2
 2311 0092 17       		.uleb128 0x17
 2312 0093 00       		.byte	0
 2313 0094 00       		.byte	0
 2314 0095 0B       		.uleb128 0xb
 2315 0096 898201   		.uleb128 0x4109
 2316 0099 01       		.byte	0x1
 2317 009a 11       		.uleb128 0x11
 2318 009b 01       		.uleb128 0x1
 2319 009c 31       		.uleb128 0x31
 2320 009d 13       		.uleb128 0x13
 2321 009e 01       		.uleb128 0x1
 2322 009f 13       		.uleb128 0x13
 2323 00a0 00       		.byte	0
 2324 00a1 00       		.byte	0
 2325 00a2 0C       		.uleb128 0xc
 2326 00a3 8A8201   		.uleb128 0x410a
 2327 00a6 00       		.byte	0
 2328 00a7 02       		.uleb128 0x2
 2329 00a8 18       		.uleb128 0x18
 2330 00a9 9142     		.uleb128 0x2111
 2331 00ab 18       		.uleb128 0x18
 2332 00ac 00       		.byte	0
 2333 00ad 00       		.byte	0
 2334 00ae 0D       		.uleb128 0xd
 2335 00af 898201   		.uleb128 0x4109
 2336 00b2 00       		.byte	0
 2337 00b3 11       		.uleb128 0x11
 2338 00b4 01       		.uleb128 0x1
 2339 00b5 31       		.uleb128 0x31
 2340 00b6 13       		.uleb128 0x13
 2341 00b7 00       		.byte	0
 2342 00b8 00       		.byte	0
 2343 00b9 0E       		.uleb128 0xe
 2344 00ba 898201   		.uleb128 0x4109
 2345 00bd 01       		.byte	0x1
 2346 00be 11       		.uleb128 0x11
 2347 00bf 01       		.uleb128 0x1
 2348 00c0 31       		.uleb128 0x31
 2349 00c1 13       		.uleb128 0x13
 2350 00c2 00       		.byte	0
 2351 00c3 00       		.byte	0
ARM GAS  C:\Users\sepp2\AppData\Local\Temp\cc3d5cPv.s 			page 45


 2352 00c4 0F       		.uleb128 0xf
 2353 00c5 34       		.uleb128 0x34
 2354 00c6 00       		.byte	0
 2355 00c7 03       		.uleb128 0x3
 2356 00c8 0E       		.uleb128 0xe
 2357 00c9 3A       		.uleb128 0x3a
 2358 00ca 0B       		.uleb128 0xb
 2359 00cb 3B       		.uleb128 0x3b
 2360 00cc 05       		.uleb128 0x5
 2361 00cd 49       		.uleb128 0x49
 2362 00ce 13       		.uleb128 0x13
 2363 00cf 3F       		.uleb128 0x3f
 2364 00d0 19       		.uleb128 0x19
 2365 00d1 3C       		.uleb128 0x3c
 2366 00d2 19       		.uleb128 0x19
 2367 00d3 00       		.byte	0
 2368 00d4 00       		.byte	0
 2369 00d5 10       		.uleb128 0x10
 2370 00d6 35       		.uleb128 0x35
 2371 00d7 00       		.byte	0
 2372 00d8 49       		.uleb128 0x49
 2373 00d9 13       		.uleb128 0x13
 2374 00da 00       		.byte	0
 2375 00db 00       		.byte	0
 2376 00dc 11       		.uleb128 0x11
 2377 00dd 34       		.uleb128 0x34
 2378 00de 00       		.byte	0
 2379 00df 03       		.uleb128 0x3
 2380 00e0 0E       		.uleb128 0xe
 2381 00e1 3A       		.uleb128 0x3a
 2382 00e2 0B       		.uleb128 0xb
 2383 00e3 3B       		.uleb128 0x3b
 2384 00e4 0B       		.uleb128 0xb
 2385 00e5 49       		.uleb128 0x49
 2386 00e6 13       		.uleb128 0x13
 2387 00e7 3F       		.uleb128 0x3f
 2388 00e8 19       		.uleb128 0x19
 2389 00e9 02       		.uleb128 0x2
 2390 00ea 18       		.uleb128 0x18
 2391 00eb 00       		.byte	0
 2392 00ec 00       		.byte	0
 2393 00ed 12       		.uleb128 0x12
 2394 00ee 2E       		.uleb128 0x2e
 2395 00ef 00       		.byte	0
 2396 00f0 3F       		.uleb128 0x3f
 2397 00f1 19       		.uleb128 0x19
 2398 00f2 3C       		.uleb128 0x3c
 2399 00f3 19       		.uleb128 0x19
 2400 00f4 6E       		.uleb128 0x6e
 2401 00f5 0E       		.uleb128 0xe
 2402 00f6 03       		.uleb128 0x3
 2403 00f7 0E       		.uleb128 0xe
 2404 00f8 3A       		.uleb128 0x3a
 2405 00f9 0B       		.uleb128 0xb
 2406 00fa 3B       		.uleb128 0x3b
 2407 00fb 0B       		.uleb128 0xb
 2408 00fc 00       		.byte	0
ARM GAS  C:\Users\sepp2\AppData\Local\Temp\cc3d5cPv.s 			page 46


 2409 00fd 00       		.byte	0
 2410 00fe 00       		.byte	0
 2411              		.section	.debug_loc,"",%progbits
 2412              	.Ldebug_loc0:
 2413              	.LLST0:
 2414 0000 58010000 		.4byte	.LVL44
 2415 0004 5C010000 		.4byte	.LVL45
 2416 0008 0200     		.2byte	0x2
 2417 000a 30       		.byte	0x30
 2418 000b 9F       		.byte	0x9f
 2419 000c 5C010000 		.4byte	.LVL45
 2420 0010 66030000 		.4byte	.LVL113
 2421 0014 0100     		.2byte	0x1
 2422 0016 55       		.byte	0x55
 2423 0017 00000000 		.4byte	0
 2424 001b 00000000 		.4byte	0
 2425              	.LLST1:
 2426 001f 0C030000 		.4byte	.LVL101
 2427 0023 10030000 		.4byte	.LVL102
 2428 0027 0200     		.2byte	0x2
 2429 0029 30       		.byte	0x30
 2430 002a 9F       		.byte	0x9f
 2431 002b 10030000 		.4byte	.LVL102
 2432 002f 5E030000 		.4byte	.LVL112
 2433 0033 0100     		.2byte	0x1
 2434 0035 54       		.byte	0x54
 2435 0036 00000000 		.4byte	0
 2436 003a 00000000 		.4byte	0
 2437              		.section	.debug_aranges,"",%progbits
 2438 0000 1C000000 		.4byte	0x1c
 2439 0004 0200     		.2byte	0x2
 2440 0006 00000000 		.4byte	.Ldebug_info0
 2441 000a 04       		.byte	0x4
 2442 000b 00       		.byte	0
 2443 000c 0000     		.2byte	0
 2444 000e 0000     		.2byte	0
 2445 0010 00000000 		.4byte	.LFB63
 2446 0014 6C030000 		.4byte	.LFE63-.LFB63
 2447 0018 00000000 		.4byte	0
 2448 001c 00000000 		.4byte	0
 2449              		.section	.debug_ranges,"",%progbits
 2450              	.Ldebug_ranges0:
 2451 0000 00000000 		.4byte	.LFB63
 2452 0004 6C030000 		.4byte	.LFE63
 2453 0008 00000000 		.4byte	0
 2454 000c 00000000 		.4byte	0
 2455              		.section	.debug_line,"",%progbits
 2456              	.Ldebug_line0:
 2457 0000 10020000 		.section	.debug_str,"MS",%progbits,1
 2457      02005401 
 2457      00000201 
 2457      FB0E0D00 
 2457      01010101 
 2458              	.LASF14:
 2459 0000 5F5F696E 		.ascii	"__int32_t\000"
 2459      7433325F 
 2459      7400
ARM GAS  C:\Users\sepp2\AppData\Local\Temp\cc3d5cPv.s 			page 47


 2460              	.LASF6:
 2461 000a 73686F72 		.ascii	"short unsigned int\000"
 2461      7420756E 
 2461      7369676E 
 2461      65642069 
 2461      6E7400
 2462              	.LASF21:
 2463 001d 706C6179 		.ascii	"playTone\000"
 2463      546F6E65 
 2463      00
 2464              	.LASF13:
 2465 0026 666C6F61 		.ascii	"float\000"
 2465      7400
 2466              	.LASF4:
 2467 002c 756E7369 		.ascii	"unsigned char\000"
 2467      676E6564 
 2467      20636861 
 2467      7200
 2468              	.LASF24:
 2469 003a 474E5520 		.ascii	"GNU C11 5.4.1 20160609 (release) [ARM/embedded-5-br"
 2469      43313120 
 2469      352E342E 
 2469      31203230 
 2469      31363036 
 2470 006d 616E6368 		.ascii	"anch revision 237715] -mcpu=cortex-m3 -mthumb -g -O"
 2470      20726576 
 2470      6973696F 
 2470      6E203233 
 2470      37373135 
 2471 00a0 67202D66 		.ascii	"g -ffunction-sections -ffat-lto-objects\000"
 2471      66756E63 
 2471      74696F6E 
 2471      2D736563 
 2471      74696F6E 
 2472              	.LASF20:
 2473 00c8 69646C65 		.ascii	"idle_sleep\000"
 2473      5F736C65 
 2473      657000
 2474              	.LASF8:
 2475 00d3 6C6F6E67 		.ascii	"long unsigned int\000"
 2475      20756E73 
 2475      69676E65 
 2475      6420696E 
 2475      7400
 2476              	.LASF27:
 2477 00e5 706C6179 		.ascii	"play_Narcotic\000"
 2477      5F4E6172 
 2477      636F7469 
 2477      6300
 2478              	.LASF22:
 2479 00f3 736C6565 		.ascii	"sleep_DACs\000"
 2479      705F4441 
 2479      437300
 2480              	.LASF19:
 2481 00fe 49544D5F 		.ascii	"ITM_RxBuffer\000"
 2481      52784275 
 2481      66666572 
ARM GAS  C:\Users\sepp2\AppData\Local\Temp\cc3d5cPv.s 			page 48


 2481      00
 2482              	.LASF17:
 2483 010b 61636874 		.ascii	"achtel\000"
 2483      656C00
 2484              	.LASF12:
 2485 0112 646F7562 		.ascii	"double\000"
 2485      6C6500
 2486              	.LASF0:
 2487 0119 756E7369 		.ascii	"unsigned int\000"
 2487      676E6564 
 2487      20696E74 
 2487      00
 2488              	.LASF9:
 2489 0126 6C6F6E67 		.ascii	"long long unsigned int\000"
 2489      206C6F6E 
 2489      6720756E 
 2489      7369676E 
 2489      65642069 
 2490              	.LASF26:
 2491 013d 433A5C55 		.ascii	"C:\\Users\\sepp2\\Desktop\\Schule\\DIC\\4BHEL\\In_B"
 2491      73657273 
 2491      5C736570 
 2491      70325C44 
 2491      65736B74 
 2492 0169 65617262 		.ascii	"earbeitung\\PSOC\\Synthie\\Synthesizer.cydsn\000"
 2492      65697475 
 2492      6E675C50 
 2492      534F435C 
 2492      53796E74 
 2493              	.LASF15:
 2494 0193 696E7433 		.ascii	"int32_t\000"
 2494      325F7400 
 2495              	.LASF10:
 2496 019b 73697A65 		.ascii	"sizetype\000"
 2496      74797065 
 2496      00
 2497              	.LASF18:
 2498 01a4 73656368 		.ascii	"sechsentel\000"
 2498      73656E74 
 2498      656C00
 2499              	.LASF1:
 2500 01af 6C6F6E67 		.ascii	"long long int\000"
 2500      206C6F6E 
 2500      6720696E 
 2500      7400
 2501              	.LASF11:
 2502 01bd 63686172 		.ascii	"char\000"
 2502      00
 2503              	.LASF5:
 2504 01c2 73686F72 		.ascii	"short int\000"
 2504      7420696E 
 2504      7400
 2505              	.LASF25:
 2506 01cc 4D757369 		.ascii	"Music_Pieces.c\000"
 2506      635F5069 
 2506      65636573 
 2506      2E6300
ARM GAS  C:\Users\sepp2\AppData\Local\Temp\cc3d5cPv.s 			page 49


 2507              	.LASF23:
 2508 01db 696E6974 		.ascii	"init_dacs\000"
 2508      5F646163 
 2508      7300
 2509              	.LASF7:
 2510 01e5 6C6F6E67 		.ascii	"long int\000"
 2510      20696E74 
 2510      00
 2511              	.LASF2:
 2512 01ee 6C6F6E67 		.ascii	"long double\000"
 2512      20646F75 
 2512      626C6500 
 2513              	.LASF3:
 2514 01fa 7369676E 		.ascii	"signed char\000"
 2514      65642063 
 2514      68617200 
 2515              	.LASF16:
 2516 0206 76696572 		.ascii	"viertel\000"
 2516      74656C00 
 2517              		.ident	"GCC: (GNU Tools for ARM Embedded Processors) 5.4.1 20160609 (release) [ARM/embedded-5-bran
