ARM GAS  C:\Users\sepp2\AppData\Local\Temp\ccDC1zk3.s 			page 1


   1              		.syntax unified
   2              		.cpu cortex-m3
   3              		.fpu softvfp
   4              		.eabi_attribute 20, 1
   5              		.eabi_attribute 21, 1
   6              		.eabi_attribute 23, 3
   7              		.eabi_attribute 24, 1
   8              		.eabi_attribute 25, 1
   9              		.eabi_attribute 26, 1
  10              		.eabi_attribute 30, 1
  11              		.eabi_attribute 34, 1
  12              		.eabi_attribute 18, 4
  13              		.thumb
  14              		.syntax unified
  15              		.file	"Pices.c"
  16              		.text
  17              	.Ltext0:
  18              		.cfi_sections	.debug_frame
  19              		.section	.text.playTone,"ax",%progbits
  20              		.align	2
  21              		.global	playTone
  22              		.thumb
  23              		.thumb_func
  24              		.type	playTone, %function
  25              	playTone:
  26              	.LFB63:
  27              		.file 1 "./Helpers.h"
   1:./Helpers.h   **** /* ========================================
   2:./Helpers.h   ****  *
   3:./Helpers.h   ****  * Copyright YOUR COMPANY, THE YEAR
   4:./Helpers.h   ****  * All Rights Reserved
   5:./Helpers.h   ****  * UNPUBLISHED, LICENSED SOFTWARE.
   6:./Helpers.h   ****  *
   7:./Helpers.h   ****  * CONFIDENTIAL AND PROPRIETARY INFORMATION
   8:./Helpers.h   ****  * WHICH IS THE PROPERTY OF your company.
   9:./Helpers.h   ****  *
  10:./Helpers.h   ****  * ========================================
  11:./Helpers.h   **** */
  12:./Helpers.h   **** 
  13:./Helpers.h   **** /* [] END OF FILE */
  14:./Helpers.h   **** #include "project.h"
  15:./Helpers.h   **** 
  16:./Helpers.h   **** 
  17:./Helpers.h   **** //                        c'                   d'                e'                   f'           
  18:./Helpers.h   **** int tones[8][4] = {{1515,757,378,189},{1346,673,336,168},{1204,602,301,150},{1130,565,282,141},{100
  19:./Helpers.h   **** 
  20:./Helpers.h   **** //int idle_sleep = 10;
  21:./Helpers.h   **** 
  22:./Helpers.h   **** 
  23:./Helpers.h   **** void playTone(int tone,int time){
  28              		.loc 1 23 0
  29              		.cfi_startproc
  30              		@ args = 0, pretend = 0, frame = 0
  31              		@ frame_needed = 0, uses_anonymous_args = 0
  32              	.LVL0:
  33 0000 38B5     		push	{r3, r4, r5, lr}
  34              		.cfi_def_cfa_offset 16
ARM GAS  C:\Users\sepp2\AppData\Local\Temp\ccDC1zk3.s 			page 2


  35              		.cfi_offset 3, -16
  36              		.cfi_offset 4, -12
  37              		.cfi_offset 5, -8
  38              		.cfi_offset 14, -4
  39 0002 0D46     		mov	r5, r1
  24:./Helpers.h   ****     WaveDAC8_1_Wave1Setup(WaveDAC8_1_SINE_WAVE,tones[tone][0]);
  40              		.loc 1 24 0
  41 0004 0B4B     		ldr	r3, .L3
  42 0006 0001     		lsls	r0, r0, #4
  43              	.LVL1:
  44 0008 1C18     		adds	r4, r3, r0
  45 000a 195A     		ldrh	r1, [r3, r0]
  46              	.LVL2:
  47 000c 0020     		movs	r0, #0
  48 000e FFF7FEFF 		bl	WaveDAC8_1_Wave1Setup
  49              	.LVL3:
  25:./Helpers.h   ****     WaveDAC8_2_Wave1Setup(WaveDAC8_2_SINE_WAVE,tones[tone][1]);
  50              		.loc 1 25 0
  51 0012 A188     		ldrh	r1, [r4, #4]
  52 0014 0020     		movs	r0, #0
  53 0016 FFF7FEFF 		bl	WaveDAC8_2_Wave1Setup
  54              	.LVL4:
  26:./Helpers.h   ****     WaveDAC8_3_Wave1Setup(WaveDAC8_3_SINE_WAVE,tones[tone][2]);
  55              		.loc 1 26 0
  56 001a 2189     		ldrh	r1, [r4, #8]
  57 001c 0020     		movs	r0, #0
  58 001e FFF7FEFF 		bl	WaveDAC8_3_Wave1Setup
  59              	.LVL5:
  27:./Helpers.h   ****     WaveDAC8_4_Wave1Setup(WaveDAC8_4_SINE_WAVE,tones[tone][3]);
  60              		.loc 1 27 0
  61 0022 A189     		ldrh	r1, [r4, #12]
  62 0024 0020     		movs	r0, #0
  63 0026 FFF7FEFF 		bl	WaveDAC8_4_Wave1Setup
  64              	.LVL6:
  28:./Helpers.h   ****     CyDelay(time);
  65              		.loc 1 28 0
  66 002a 2846     		mov	r0, r5
  67 002c FFF7FEFF 		bl	CyDelay
  68              	.LVL7:
  69 0030 38BD     		pop	{r3, r4, r5, pc}
  70              	.LVL8:
  71              	.L4:
  72 0032 00BF     		.align	2
  73              	.L3:
  74 0034 00000000 		.word	.LANCHOR0
  75              		.cfi_endproc
  76              	.LFE63:
  77              		.size	playTone, .-playTone
  78              		.section	.text.sleep_DACs,"ax",%progbits
  79              		.align	2
  80              		.global	sleep_DACs
  81              		.thumb
  82              		.thumb_func
  83              		.type	sleep_DACs, %function
  84              	sleep_DACs:
  85              	.LFB64:
  29:./Helpers.h   **** }
ARM GAS  C:\Users\sepp2\AppData\Local\Temp\ccDC1zk3.s 			page 3


  30:./Helpers.h   **** 
  31:./Helpers.h   **** void sleep_DACs(int time){
  86              		.loc 1 31 0
  87              		.cfi_startproc
  88              		@ args = 0, pretend = 0, frame = 0
  89              		@ frame_needed = 0, uses_anonymous_args = 0
  90              	.LVL9:
  91 0000 10B5     		push	{r4, lr}
  92              		.cfi_def_cfa_offset 8
  93              		.cfi_offset 4, -8
  94              		.cfi_offset 14, -4
  95 0002 0446     		mov	r4, r0
  32:./Helpers.h   ****     WaveDAC8_1_Stop();
  96              		.loc 1 32 0
  97 0004 FFF7FEFF 		bl	WaveDAC8_1_Stop
  98              	.LVL10:
  33:./Helpers.h   ****     WaveDAC8_2_Stop();
  99              		.loc 1 33 0
 100 0008 FFF7FEFF 		bl	WaveDAC8_2_Stop
 101              	.LVL11:
  34:./Helpers.h   ****     WaveDAC8_3_Stop();
 102              		.loc 1 34 0
 103 000c FFF7FEFF 		bl	WaveDAC8_3_Stop
 104              	.LVL12:
  35:./Helpers.h   ****     WaveDAC8_4_Stop();
 105              		.loc 1 35 0
 106 0010 FFF7FEFF 		bl	WaveDAC8_4_Stop
 107              	.LVL13:
  36:./Helpers.h   ****     CyDelay(time);
 108              		.loc 1 36 0
 109 0014 2046     		mov	r0, r4
 110 0016 FFF7FEFF 		bl	CyDelay
 111              	.LVL14:
  37:./Helpers.h   ****     WaveDAC8_1_Start();
 112              		.loc 1 37 0
 113 001a FFF7FEFF 		bl	WaveDAC8_1_Start
 114              	.LVL15:
  38:./Helpers.h   ****     WaveDAC8_2_Start();
 115              		.loc 1 38 0
 116 001e FFF7FEFF 		bl	WaveDAC8_2_Start
 117              	.LVL16:
  39:./Helpers.h   ****     WaveDAC8_3_Start();
 118              		.loc 1 39 0
 119 0022 FFF7FEFF 		bl	WaveDAC8_3_Start
 120              	.LVL17:
  40:./Helpers.h   ****     WaveDAC8_4_Start();
 121              		.loc 1 40 0
 122 0026 FFF7FEFF 		bl	WaveDAC8_4_Start
 123              	.LVL18:
 124 002a 10BD     		pop	{r4, pc}
 125              		.cfi_endproc
 126              	.LFE64:
 127              		.size	sleep_DACs, .-sleep_DACs
 128              		.section	.text.play_Narcotic,"ax",%progbits
 129              		.align	2
 130              		.global	play_Narcotic
 131              		.thumb
ARM GAS  C:\Users\sepp2\AppData\Local\Temp\ccDC1zk3.s 			page 4


 132              		.thumb_func
 133              		.type	play_Narcotic, %function
 134              	play_Narcotic:
 135              	.LFB65:
 136              		.file 2 "Pices.c"
   1:Pices.c       **** /* ========================================
   2:Pices.c       ****  *
   3:Pices.c       ****  * Copyright YOUR COMPANY, THE YEAR
   4:Pices.c       ****  * All Rights Reserved
   5:Pices.c       ****  * UNPUBLISHED, LICENSED SOFTWARE.
   6:Pices.c       ****  *
   7:Pices.c       ****  * CONFIDENTIAL AND PROPRIETARY INFORMATION
   8:Pices.c       ****  * WHICH IS THE PROPERTY OF your company.
   9:Pices.c       ****  *
  10:Pices.c       ****  * ========================================
  11:Pices.c       **** */
  12:Pices.c       **** 
  13:Pices.c       **** /* [] END OF FILE */
  14:Pices.c       **** #include <math.h>
  15:Pices.c       **** #include "project.h"
  16:Pices.c       **** #include <Helpers.h>
  17:Pices.c       **** 
  18:Pices.c       **** int idle_sleep = 10;
  19:Pices.c       **** void play_Narcotic(){
 137              		.loc 2 19 0
 138              		.cfi_startproc
 139              		@ args = 0, pretend = 0, frame = 0
 140              		@ frame_needed = 0, uses_anonymous_args = 0
 141 0000 10B5     		push	{r4, lr}
 142              		.cfi_def_cfa_offset 8
 143              		.cfi_offset 4, -8
 144              		.cfi_offset 14, -4
 145              	.LVL19:
  20:Pices.c       ****     int bpm = 102;
  21:Pices.c       ****     //int viertel = round(60/bpm*1000);
  22:Pices.c       ****     int viertel = 450;
  23:Pices.c       ****     int achtel = round(viertel/2);
  24:Pices.c       ****     int sechsentel = round(viertel/4);
  25:Pices.c       ****     playTone(1,achtel);
 146              		.loc 2 25 0
 147 0002 E121     		movs	r1, #225
 148 0004 0120     		movs	r0, #1
 149 0006 FFF7FEFF 		bl	playTone
 150              	.LVL20:
  26:Pices.c       ****     CyDelay(idle_sleep);
 151              		.loc 2 26 0
 152 000a 554C     		ldr	r4, .L9
 153 000c D4F88000 		ldr	r0, [r4, #128]
 154 0010 FFF7FEFF 		bl	CyDelay
 155              	.LVL21:
  27:Pices.c       ****     playTone(2,achtel);
 156              		.loc 2 27 0
 157 0014 E121     		movs	r1, #225
 158 0016 0220     		movs	r0, #2
 159 0018 FFF7FEFF 		bl	playTone
 160              	.LVL22:
  28:Pices.c       ****     playTone(1,achtel);
ARM GAS  C:\Users\sepp2\AppData\Local\Temp\ccDC1zk3.s 			page 5


 161              		.loc 2 28 0
 162 001c E121     		movs	r1, #225
 163 001e 0120     		movs	r0, #1
 164 0020 FFF7FEFF 		bl	playTone
 165              	.LVL23:
  29:Pices.c       ****     CyDelay(idle_sleep);
 166              		.loc 2 29 0
 167 0024 D4F88000 		ldr	r0, [r4, #128]
 168 0028 FFF7FEFF 		bl	CyDelay
 169              	.LVL24:
  30:Pices.c       ****     playTone(2,achtel);
 170              		.loc 2 30 0
 171 002c E121     		movs	r1, #225
 172 002e 0220     		movs	r0, #2
 173 0030 FFF7FEFF 		bl	playTone
 174              	.LVL25:
  31:Pices.c       ****     playTone(1,achtel);
 175              		.loc 2 31 0
 176 0034 E121     		movs	r1, #225
 177 0036 0120     		movs	r0, #1
 178 0038 FFF7FEFF 		bl	playTone
 179              	.LVL26:
  32:Pices.c       ****     CyDelay(idle_sleep);
 180              		.loc 2 32 0
 181 003c D4F88000 		ldr	r0, [r4, #128]
 182 0040 FFF7FEFF 		bl	CyDelay
 183              	.LVL27:
  33:Pices.c       ****     playTone(2,achtel);
 184              		.loc 2 33 0
 185 0044 E121     		movs	r1, #225
 186 0046 0220     		movs	r0, #2
 187 0048 FFF7FEFF 		bl	playTone
 188              	.LVL28:
  34:Pices.c       ****     playTone(1,sechsentel);
 189              		.loc 2 34 0
 190 004c 7021     		movs	r1, #112
 191 004e 0120     		movs	r0, #1
 192 0050 FFF7FEFF 		bl	playTone
 193              	.LVL29:
  35:Pices.c       ****     playTone(3,sechsentel);
 194              		.loc 2 35 0
 195 0054 7021     		movs	r1, #112
 196 0056 0320     		movs	r0, #3
 197 0058 FFF7FEFF 		bl	playTone
 198              	.LVL30:
  36:Pices.c       ****     playTone(3,achtel);
 199              		.loc 2 36 0
 200 005c E121     		movs	r1, #225
 201 005e 0320     		movs	r0, #3
 202 0060 FFF7FEFF 		bl	playTone
 203              	.LVL31:
  37:Pices.c       ****     playTone(2,achtel);
 204              		.loc 2 37 0
 205 0064 E121     		movs	r1, #225
 206 0066 0220     		movs	r0, #2
 207 0068 FFF7FEFF 		bl	playTone
 208              	.LVL32:
ARM GAS  C:\Users\sepp2\AppData\Local\Temp\ccDC1zk3.s 			page 6


  38:Pices.c       ****     CyDelay(idle_sleep);
 209              		.loc 2 38 0
 210 006c D4F88000 		ldr	r0, [r4, #128]
 211 0070 FFF7FEFF 		bl	CyDelay
 212              	.LVL33:
  39:Pices.c       ****     playTone(3,achtel);
 213              		.loc 2 39 0
 214 0074 E121     		movs	r1, #225
 215 0076 0320     		movs	r0, #3
 216 0078 FFF7FEFF 		bl	playTone
 217              	.LVL34:
  40:Pices.c       ****     playTone(2,achtel);
 218              		.loc 2 40 0
 219 007c E121     		movs	r1, #225
 220 007e 0220     		movs	r0, #2
 221 0080 FFF7FEFF 		bl	playTone
 222              	.LVL35:
  41:Pices.c       ****     CyDelay(idle_sleep);
 223              		.loc 2 41 0
 224 0084 D4F88000 		ldr	r0, [r4, #128]
 225 0088 FFF7FEFF 		bl	CyDelay
 226              	.LVL36:
  42:Pices.c       ****     playTone(3,achtel);
 227              		.loc 2 42 0
 228 008c E121     		movs	r1, #225
 229 008e 0320     		movs	r0, #3
 230 0090 FFF7FEFF 		bl	playTone
 231              	.LVL37:
  43:Pices.c       ****     playTone(2,achtel);
 232              		.loc 2 43 0
 233 0094 E121     		movs	r1, #225
 234 0096 0220     		movs	r0, #2
 235 0098 FFF7FEFF 		bl	playTone
 236              	.LVL38:
  44:Pices.c       ****     CyDelay(idle_sleep);
 237              		.loc 2 44 0
 238 009c D4F88000 		ldr	r0, [r4, #128]
 239 00a0 FFF7FEFF 		bl	CyDelay
 240              	.LVL39:
  45:Pices.c       ****     playTone(3,achtel);
 241              		.loc 2 45 0
 242 00a4 E121     		movs	r1, #225
 243 00a6 0320     		movs	r0, #3
 244 00a8 FFF7FEFF 		bl	playTone
 245              	.LVL40:
  46:Pices.c       ****     playTone(4,sechsentel);
 246              		.loc 2 46 0
 247 00ac 7021     		movs	r1, #112
 248 00ae 0420     		movs	r0, #4
 249 00b0 FFF7FEFF 		bl	playTone
 250              	.LVL41:
  47:Pices.c       ****     playTone(5,sechsentel);
 251              		.loc 2 47 0
 252 00b4 7021     		movs	r1, #112
 253 00b6 0520     		movs	r0, #5
 254 00b8 FFF7FEFF 		bl	playTone
 255              	.LVL42:
ARM GAS  C:\Users\sepp2\AppData\Local\Temp\ccDC1zk3.s 			page 7


  48:Pices.c       ****     playTone(5,achtel);
 256              		.loc 2 48 0
 257 00bc E121     		movs	r1, #225
 258 00be 0520     		movs	r0, #5
 259 00c0 FFF7FEFF 		bl	playTone
 260              	.LVL43:
  49:Pices.c       ****     playTone(4,achtel);
 261              		.loc 2 49 0
 262 00c4 E121     		movs	r1, #225
 263 00c6 0420     		movs	r0, #4
 264 00c8 FFF7FEFF 		bl	playTone
 265              	.LVL44:
  50:Pices.c       ****     CyDelay(idle_sleep);
 266              		.loc 2 50 0
 267 00cc D4F88000 		ldr	r0, [r4, #128]
 268 00d0 FFF7FEFF 		bl	CyDelay
 269              	.LVL45:
  51:Pices.c       ****     playTone(5,achtel);
 270              		.loc 2 51 0
 271 00d4 E121     		movs	r1, #225
 272 00d6 0520     		movs	r0, #5
 273 00d8 FFF7FEFF 		bl	playTone
 274              	.LVL46:
  52:Pices.c       ****     playTone(4,achtel);
 275              		.loc 2 52 0
 276 00dc E121     		movs	r1, #225
 277 00de 0420     		movs	r0, #4
 278 00e0 FFF7FEFF 		bl	playTone
 279              	.LVL47:
  53:Pices.c       ****     CyDelay(idle_sleep);
 280              		.loc 2 53 0
 281 00e4 D4F88000 		ldr	r0, [r4, #128]
 282 00e8 FFF7FEFF 		bl	CyDelay
 283              	.LVL48:
  54:Pices.c       ****     playTone(5,achtel);
 284              		.loc 2 54 0
 285 00ec E121     		movs	r1, #225
 286 00ee 0520     		movs	r0, #5
 287 00f0 FFF7FEFF 		bl	playTone
 288              	.LVL49:
  55:Pices.c       ****     playTone(4,achtel);
 289              		.loc 2 55 0
 290 00f4 E121     		movs	r1, #225
 291 00f6 0420     		movs	r0, #4
 292 00f8 FFF7FEFF 		bl	playTone
 293              	.LVL50:
  56:Pices.c       ****     CyDelay(idle_sleep);
 294              		.loc 2 56 0
 295 00fc D4F88000 		ldr	r0, [r4, #128]
 296 0100 FFF7FEFF 		bl	CyDelay
 297              	.LVL51:
  57:Pices.c       ****     playTone(5,achtel);
 298              		.loc 2 57 0
 299 0104 E121     		movs	r1, #225
 300 0106 0520     		movs	r0, #5
 301 0108 FFF7FEFF 		bl	playTone
 302              	.LVL52:
ARM GAS  C:\Users\sepp2\AppData\Local\Temp\ccDC1zk3.s 			page 8


  58:Pices.c       ****     playTone(4,sechsentel);
 303              		.loc 2 58 0
 304 010c 7021     		movs	r1, #112
 305 010e 0420     		movs	r0, #4
 306 0110 FFF7FEFF 		bl	playTone
 307              	.LVL53:
  59:Pices.c       ****     playTone(2,sechsentel);
 308              		.loc 2 59 0
 309 0114 7021     		movs	r1, #112
 310 0116 0220     		movs	r0, #2
 311 0118 FFF7FEFF 		bl	playTone
 312              	.LVL54:
  60:Pices.c       ****     playTone(2,achtel);
 313              		.loc 2 60 0
 314 011c E121     		movs	r1, #225
 315 011e 0220     		movs	r0, #2
 316 0120 FFF7FEFF 		bl	playTone
 317              	.LVL55:
  61:Pices.c       ****     playTone(1,achtel);
 318              		.loc 2 61 0
 319 0124 E121     		movs	r1, #225
 320 0126 0120     		movs	r0, #1
 321 0128 FFF7FEFF 		bl	playTone
 322              	.LVL56:
  62:Pices.c       ****     CyDelay(idle_sleep);
 323              		.loc 2 62 0
 324 012c D4F88000 		ldr	r0, [r4, #128]
 325 0130 FFF7FEFF 		bl	CyDelay
 326              	.LVL57:
  63:Pices.c       ****     playTone(2,achtel);
 327              		.loc 2 63 0
 328 0134 E121     		movs	r1, #225
 329 0136 0220     		movs	r0, #2
 330 0138 FFF7FEFF 		bl	playTone
 331              	.LVL58:
  64:Pices.c       ****     playTone(1,achtel);
 332              		.loc 2 64 0
 333 013c E121     		movs	r1, #225
 334 013e 0120     		movs	r0, #1
 335 0140 FFF7FEFF 		bl	playTone
 336              	.LVL59:
  65:Pices.c       ****     CyDelay(idle_sleep);
 337              		.loc 2 65 0
 338 0144 D4F88000 		ldr	r0, [r4, #128]
 339 0148 FFF7FEFF 		bl	CyDelay
 340              	.LVL60:
  66:Pices.c       ****     playTone(2,achtel+sechsentel);
 341              		.loc 2 66 0
 342 014c 40F25111 		movw	r1, #337
 343 0150 0220     		movs	r0, #2
 344 0152 FFF7FEFF 		bl	playTone
 345              	.LVL61:
  67:Pices.c       ****     playTone(3,achtel);
 346              		.loc 2 67 0
 347 0156 E121     		movs	r1, #225
 348 0158 0320     		movs	r0, #3
 349 015a FFF7FEFF 		bl	playTone
ARM GAS  C:\Users\sepp2\AppData\Local\Temp\ccDC1zk3.s 			page 9


 350              	.LVL62:
 351 015e 10BD     		pop	{r4, pc}
 352              	.L10:
 353              		.align	2
 354              	.L9:
 355 0160 00000000 		.word	.LANCHOR0
 356              		.cfi_endproc
 357              	.LFE65:
 358              		.size	play_Narcotic, .-play_Narcotic
 359              		.global	idle_sleep
 360              		.global	tones
 361              		.data
 362              		.align	2
 363              		.set	.LANCHOR0,. + 0
 364              		.type	tones, %object
 365              		.size	tones, 128
 366              	tones:
 367 0000 EB050000 		.word	1515
 368 0004 F5020000 		.word	757
 369 0008 7A010000 		.word	378
 370 000c BD000000 		.word	189
 371 0010 42050000 		.word	1346
 372 0014 A1020000 		.word	673
 373 0018 50010000 		.word	336
 374 001c A8000000 		.word	168
 375 0020 B4040000 		.word	1204
 376 0024 5A020000 		.word	602
 377 0028 2D010000 		.word	301
 378 002c 96000000 		.word	150
 379 0030 6A040000 		.word	1130
 380 0034 35020000 		.word	565
 381 0038 1A010000 		.word	282
 382 003c 8D000000 		.word	141
 383 0040 ED030000 		.word	1005
 384 0044 F6010000 		.word	502
 385 0048 FB000000 		.word	251
 386 004c 7D000000 		.word	125
 387 0050 89030000 		.word	905
 388 0054 C4010000 		.word	452
 389 0058 E2000000 		.word	226
 390 005c 71000000 		.word	113
 391 0060 28030000 		.word	808
 392 0064 94010000 		.word	404
 393 0068 CA000000 		.word	202
 394 006c 65000000 		.word	101
 395 0070 F2020000 		.word	754
 396 0074 79010000 		.word	377
 397 0078 BC000000 		.word	188
 398 007c 5E000000 		.word	94
 399              		.type	idle_sleep, %object
 400              		.size	idle_sleep, 4
 401              	idle_sleep:
 402 0080 0A000000 		.word	10
 403              		.text
 404              	.Letext0:
 405              		.file 3 "c:\\program files (x86)\\cypress\\psoc creator\\4.4\\psoc creator\\import\\gnu\\arm\\5.4.
 406              		.file 4 "c:\\program files (x86)\\cypress\\psoc creator\\4.4\\psoc creator\\import\\gnu\\arm\\5.4.
ARM GAS  C:\Users\sepp2\AppData\Local\Temp\ccDC1zk3.s 			page 10


 407              		.file 5 "Generated_Source\\PSoC5/core_cm3.h"
 408              		.file 6 "Generated_Source\\PSoC5/WaveDAC8_1.h"
 409              		.file 7 "Generated_Source\\PSoC5/WaveDAC8_2.h"
 410              		.file 8 "Generated_Source\\PSoC5/WaveDAC8_3.h"
 411              		.file 9 "Generated_Source\\PSoC5/WaveDAC8_4.h"
 412              		.file 10 "Generated_Source\\PSoC5/CyLib.h"
 413              		.section	.debug_info,"",%progbits
 414              	.Ldebug_info0:
 415 0000 51060000 		.4byte	0x651
 416 0004 0400     		.2byte	0x4
 417 0006 00000000 		.4byte	.Ldebug_abbrev0
 418 000a 04       		.byte	0x4
 419 000b 01       		.uleb128 0x1
 420 000c 7B000000 		.4byte	.LASF39
 421 0010 0C       		.byte	0xc
 422 0011 C5020000 		.4byte	.LASF40
 423 0015 EA010000 		.4byte	.LASF41
 424 0019 00000000 		.4byte	.Ldebug_ranges0+0
 425 001d 00000000 		.4byte	0
 426 0021 00000000 		.4byte	.Ldebug_line0
 427 0025 02       		.uleb128 0x2
 428 0026 04       		.byte	0x4
 429 0027 05       		.byte	0x5
 430 0028 696E7400 		.ascii	"int\000"
 431 002c 03       		.uleb128 0x3
 432 002d 04       		.byte	0x4
 433 002e 07       		.byte	0x7
 434 002f C1010000 		.4byte	.LASF0
 435 0033 03       		.uleb128 0x3
 436 0034 08       		.byte	0x8
 437 0035 05       		.byte	0x5
 438 0036 63020000 		.4byte	.LASF1
 439 003a 03       		.uleb128 0x3
 440 003b 08       		.byte	0x8
 441 003c 04       		.byte	0x4
 442 003d AD020000 		.4byte	.LASF2
 443 0041 03       		.uleb128 0x3
 444 0042 01       		.byte	0x1
 445 0043 06       		.byte	0x6
 446 0044 B9020000 		.4byte	.LASF3
 447 0048 03       		.uleb128 0x3
 448 0049 01       		.byte	0x1
 449 004a 08       		.byte	0x8
 450 004b 6D000000 		.4byte	.LASF4
 451 004f 03       		.uleb128 0x3
 452 0050 02       		.byte	0x2
 453 0051 05       		.byte	0x5
 454 0052 7F020000 		.4byte	.LASF5
 455 0056 03       		.uleb128 0x3
 456 0057 02       		.byte	0x2
 457 0058 07       		.byte	0x7
 458 0059 33000000 		.4byte	.LASF6
 459 005d 04       		.uleb128 0x4
 460 005e 29000000 		.4byte	.LASF14
 461 0062 03       		.byte	0x3
 462 0063 3F       		.byte	0x3f
 463 0064 68000000 		.4byte	0x68
ARM GAS  C:\Users\sepp2\AppData\Local\Temp\ccDC1zk3.s 			page 11


 464 0068 03       		.uleb128 0x3
 465 0069 04       		.byte	0x4
 466 006a 05       		.byte	0x5
 467 006b A4020000 		.4byte	.LASF7
 468 006f 03       		.uleb128 0x3
 469 0070 04       		.byte	0x4
 470 0071 07       		.byte	0x7
 471 0072 1A010000 		.4byte	.LASF8
 472 0076 03       		.uleb128 0x3
 473 0077 08       		.byte	0x8
 474 0078 07       		.byte	0x7
 475 0079 CE010000 		.4byte	.LASF9
 476 007d 03       		.uleb128 0x3
 477 007e 04       		.byte	0x4
 478 007f 07       		.byte	0x7
 479 0080 71020000 		.4byte	.LASF10
 480 0084 03       		.uleb128 0x3
 481 0085 01       		.byte	0x1
 482 0086 08       		.byte	0x8
 483 0087 7A020000 		.4byte	.LASF11
 484 008b 03       		.uleb128 0x3
 485 008c 08       		.byte	0x8
 486 008d 04       		.byte	0x4
 487 008e 57000000 		.4byte	.LASF12
 488 0092 03       		.uleb128 0x3
 489 0093 04       		.byte	0x4
 490 0094 04       		.byte	0x4
 491 0095 67000000 		.4byte	.LASF13
 492 0099 04       		.uleb128 0x4
 493 009a 40020000 		.4byte	.LASF15
 494 009e 04       		.byte	0x4
 495 009f 2C       		.byte	0x2c
 496 00a0 5D000000 		.4byte	0x5d
 497 00a4 05       		.uleb128 0x5
 498 00a5 5E000000 		.4byte	.LASF18
 499 00a9 01       		.byte	0x1
 500 00aa 17       		.byte	0x17
 501 00ab 00000000 		.4byte	.LFB63
 502 00af 38000000 		.4byte	.LFE63-.LFB63
 503 00b3 01       		.uleb128 0x1
 504 00b4 9C       		.byte	0x9c
 505 00b5 34010000 		.4byte	0x134
 506 00b9 06       		.uleb128 0x6
 507 00ba 9F020000 		.4byte	.LASF16
 508 00be 01       		.byte	0x1
 509 00bf 17       		.byte	0x17
 510 00c0 25000000 		.4byte	0x25
 511 00c4 00000000 		.4byte	.LLST0
 512 00c8 06       		.uleb128 0x6
 513 00c9 E5010000 		.4byte	.LASF17
 514 00cd 01       		.byte	0x1
 515 00ce 17       		.byte	0x17
 516 00cf 25000000 		.4byte	0x25
 517 00d3 21000000 		.4byte	.LLST1
 518 00d7 07       		.uleb128 0x7
 519 00d8 12000000 		.4byte	.LVL3
 520 00dc C5050000 		.4byte	0x5c5
ARM GAS  C:\Users\sepp2\AppData\Local\Temp\ccDC1zk3.s 			page 12


 521 00e0 EA000000 		.4byte	0xea
 522 00e4 08       		.uleb128 0x8
 523 00e5 01       		.uleb128 0x1
 524 00e6 50       		.byte	0x50
 525 00e7 01       		.uleb128 0x1
 526 00e8 30       		.byte	0x30
 527 00e9 00       		.byte	0
 528 00ea 07       		.uleb128 0x7
 529 00eb 1A000000 		.4byte	.LVL4
 530 00ef D0050000 		.4byte	0x5d0
 531 00f3 FD000000 		.4byte	0xfd
 532 00f7 08       		.uleb128 0x8
 533 00f8 01       		.uleb128 0x1
 534 00f9 50       		.byte	0x50
 535 00fa 01       		.uleb128 0x1
 536 00fb 30       		.byte	0x30
 537 00fc 00       		.byte	0
 538 00fd 07       		.uleb128 0x7
 539 00fe 22000000 		.4byte	.LVL5
 540 0102 DB050000 		.4byte	0x5db
 541 0106 10010000 		.4byte	0x110
 542 010a 08       		.uleb128 0x8
 543 010b 01       		.uleb128 0x1
 544 010c 50       		.byte	0x50
 545 010d 01       		.uleb128 0x1
 546 010e 30       		.byte	0x30
 547 010f 00       		.byte	0
 548 0110 07       		.uleb128 0x7
 549 0111 2A000000 		.4byte	.LVL6
 550 0115 E6050000 		.4byte	0x5e6
 551 0119 23010000 		.4byte	0x123
 552 011d 08       		.uleb128 0x8
 553 011e 01       		.uleb128 0x1
 554 011f 50       		.byte	0x50
 555 0120 01       		.uleb128 0x1
 556 0121 30       		.byte	0x30
 557 0122 00       		.byte	0
 558 0123 09       		.uleb128 0x9
 559 0124 30000000 		.4byte	.LVL7
 560 0128 F1050000 		.4byte	0x5f1
 561 012c 08       		.uleb128 0x8
 562 012d 01       		.uleb128 0x1
 563 012e 50       		.byte	0x50
 564 012f 02       		.uleb128 0x2
 565 0130 75       		.byte	0x75
 566 0131 00       		.sleb128 0
 567 0132 00       		.byte	0
 568 0133 00       		.byte	0
 569 0134 05       		.uleb128 0x5
 570 0135 3A010000 		.4byte	.LASF19
 571 0139 01       		.byte	0x1
 572 013a 1F       		.byte	0x1f
 573 013b 00000000 		.4byte	.LFB64
 574 013f 2C000000 		.4byte	.LFE64-.LFB64
 575 0143 01       		.uleb128 0x1
 576 0144 9C       		.byte	0x9c
 577 0145 B5010000 		.4byte	0x1b5
ARM GAS  C:\Users\sepp2\AppData\Local\Temp\ccDC1zk3.s 			page 13


 578 0149 06       		.uleb128 0x6
 579 014a E5010000 		.4byte	.LASF17
 580 014e 01       		.byte	0x1
 581 014f 1F       		.byte	0x1f
 582 0150 25000000 		.4byte	0x25
 583 0154 4D000000 		.4byte	.LLST2
 584 0158 0A       		.uleb128 0xa
 585 0159 08000000 		.4byte	.LVL10
 586 015d FC050000 		.4byte	0x5fc
 587 0161 0A       		.uleb128 0xa
 588 0162 0C000000 		.4byte	.LVL11
 589 0166 07060000 		.4byte	0x607
 590 016a 0A       		.uleb128 0xa
 591 016b 10000000 		.4byte	.LVL12
 592 016f 12060000 		.4byte	0x612
 593 0173 0A       		.uleb128 0xa
 594 0174 14000000 		.4byte	.LVL13
 595 0178 1D060000 		.4byte	0x61d
 596 017c 07       		.uleb128 0x7
 597 017d 1A000000 		.4byte	.LVL14
 598 0181 F1050000 		.4byte	0x5f1
 599 0185 90010000 		.4byte	0x190
 600 0189 08       		.uleb128 0x8
 601 018a 01       		.uleb128 0x1
 602 018b 50       		.byte	0x50
 603 018c 02       		.uleb128 0x2
 604 018d 74       		.byte	0x74
 605 018e 00       		.sleb128 0
 606 018f 00       		.byte	0
 607 0190 0A       		.uleb128 0xa
 608 0191 1E000000 		.4byte	.LVL15
 609 0195 28060000 		.4byte	0x628
 610 0199 0A       		.uleb128 0xa
 611 019a 22000000 		.4byte	.LVL16
 612 019e 33060000 		.4byte	0x633
 613 01a2 0A       		.uleb128 0xa
 614 01a3 26000000 		.4byte	.LVL17
 615 01a7 3E060000 		.4byte	0x63e
 616 01ab 0A       		.uleb128 0xa
 617 01ac 2A000000 		.4byte	.LVL18
 618 01b0 49060000 		.4byte	0x649
 619 01b4 00       		.byte	0
 620 01b5 0B       		.uleb128 0xb
 621 01b6 2C010000 		.4byte	.LASF42
 622 01ba 02       		.byte	0x2
 623 01bb 13       		.byte	0x13
 624 01bc 00000000 		.4byte	.LFB65
 625 01c0 64010000 		.4byte	.LFE65-.LFB65
 626 01c4 01       		.uleb128 0x1
 627 01c5 9C       		.byte	0x9c
 628 01c6 7C050000 		.4byte	0x57c
 629 01ca 0C       		.uleb128 0xc
 630 01cb 62706D00 		.ascii	"bpm\000"
 631 01cf 02       		.byte	0x2
 632 01d0 14       		.byte	0x14
 633 01d1 25000000 		.4byte	0x25
 634 01d5 66       		.byte	0x66
ARM GAS  C:\Users\sepp2\AppData\Local\Temp\ccDC1zk3.s 			page 14


 635 01d6 0D       		.uleb128 0xd
 636 01d7 21000000 		.4byte	.LASF20
 637 01db 02       		.byte	0x2
 638 01dc 16       		.byte	0x16
 639 01dd 25000000 		.4byte	0x25
 640 01e1 C201     		.2byte	0x1c2
 641 01e3 0E       		.uleb128 0xe
 642 01e4 78010000 		.4byte	.LASF21
 643 01e8 02       		.byte	0x2
 644 01e9 17       		.byte	0x17
 645 01ea 25000000 		.4byte	0x25
 646 01ee E1       		.byte	0xe1
 647 01ef 0E       		.uleb128 0xe
 648 01f0 58020000 		.4byte	.LASF22
 649 01f4 02       		.byte	0x2
 650 01f5 18       		.byte	0x18
 651 01f6 25000000 		.4byte	0x25
 652 01fa 70       		.byte	0x70
 653 01fb 07       		.uleb128 0x7
 654 01fc 0A000000 		.4byte	.LVL20
 655 0200 A4000000 		.4byte	0xa4
 656 0204 14020000 		.4byte	0x214
 657 0208 08       		.uleb128 0x8
 658 0209 01       		.uleb128 0x1
 659 020a 50       		.byte	0x50
 660 020b 01       		.uleb128 0x1
 661 020c 31       		.byte	0x31
 662 020d 08       		.uleb128 0x8
 663 020e 01       		.uleb128 0x1
 664 020f 51       		.byte	0x51
 665 0210 02       		.uleb128 0x2
 666 0211 08       		.byte	0x8
 667 0212 E1       		.byte	0xe1
 668 0213 00       		.byte	0
 669 0214 0A       		.uleb128 0xa
 670 0215 14000000 		.4byte	.LVL21
 671 0219 F1050000 		.4byte	0x5f1
 672 021d 07       		.uleb128 0x7
 673 021e 1C000000 		.4byte	.LVL22
 674 0222 A4000000 		.4byte	0xa4
 675 0226 36020000 		.4byte	0x236
 676 022a 08       		.uleb128 0x8
 677 022b 01       		.uleb128 0x1
 678 022c 50       		.byte	0x50
 679 022d 01       		.uleb128 0x1
 680 022e 32       		.byte	0x32
 681 022f 08       		.uleb128 0x8
 682 0230 01       		.uleb128 0x1
 683 0231 51       		.byte	0x51
 684 0232 02       		.uleb128 0x2
 685 0233 08       		.byte	0x8
 686 0234 E1       		.byte	0xe1
 687 0235 00       		.byte	0
 688 0236 07       		.uleb128 0x7
 689 0237 24000000 		.4byte	.LVL23
 690 023b A4000000 		.4byte	0xa4
 691 023f 4F020000 		.4byte	0x24f
ARM GAS  C:\Users\sepp2\AppData\Local\Temp\ccDC1zk3.s 			page 15


 692 0243 08       		.uleb128 0x8
 693 0244 01       		.uleb128 0x1
 694 0245 50       		.byte	0x50
 695 0246 01       		.uleb128 0x1
 696 0247 31       		.byte	0x31
 697 0248 08       		.uleb128 0x8
 698 0249 01       		.uleb128 0x1
 699 024a 51       		.byte	0x51
 700 024b 02       		.uleb128 0x2
 701 024c 08       		.byte	0x8
 702 024d E1       		.byte	0xe1
 703 024e 00       		.byte	0
 704 024f 0A       		.uleb128 0xa
 705 0250 2C000000 		.4byte	.LVL24
 706 0254 F1050000 		.4byte	0x5f1
 707 0258 07       		.uleb128 0x7
 708 0259 34000000 		.4byte	.LVL25
 709 025d A4000000 		.4byte	0xa4
 710 0261 71020000 		.4byte	0x271
 711 0265 08       		.uleb128 0x8
 712 0266 01       		.uleb128 0x1
 713 0267 50       		.byte	0x50
 714 0268 01       		.uleb128 0x1
 715 0269 32       		.byte	0x32
 716 026a 08       		.uleb128 0x8
 717 026b 01       		.uleb128 0x1
 718 026c 51       		.byte	0x51
 719 026d 02       		.uleb128 0x2
 720 026e 08       		.byte	0x8
 721 026f E1       		.byte	0xe1
 722 0270 00       		.byte	0
 723 0271 07       		.uleb128 0x7
 724 0272 3C000000 		.4byte	.LVL26
 725 0276 A4000000 		.4byte	0xa4
 726 027a 8A020000 		.4byte	0x28a
 727 027e 08       		.uleb128 0x8
 728 027f 01       		.uleb128 0x1
 729 0280 50       		.byte	0x50
 730 0281 01       		.uleb128 0x1
 731 0282 31       		.byte	0x31
 732 0283 08       		.uleb128 0x8
 733 0284 01       		.uleb128 0x1
 734 0285 51       		.byte	0x51
 735 0286 02       		.uleb128 0x2
 736 0287 08       		.byte	0x8
 737 0288 E1       		.byte	0xe1
 738 0289 00       		.byte	0
 739 028a 0A       		.uleb128 0xa
 740 028b 44000000 		.4byte	.LVL27
 741 028f F1050000 		.4byte	0x5f1
 742 0293 07       		.uleb128 0x7
 743 0294 4C000000 		.4byte	.LVL28
 744 0298 A4000000 		.4byte	0xa4
 745 029c AC020000 		.4byte	0x2ac
 746 02a0 08       		.uleb128 0x8
 747 02a1 01       		.uleb128 0x1
 748 02a2 50       		.byte	0x50
ARM GAS  C:\Users\sepp2\AppData\Local\Temp\ccDC1zk3.s 			page 16


 749 02a3 01       		.uleb128 0x1
 750 02a4 32       		.byte	0x32
 751 02a5 08       		.uleb128 0x8
 752 02a6 01       		.uleb128 0x1
 753 02a7 51       		.byte	0x51
 754 02a8 02       		.uleb128 0x2
 755 02a9 08       		.byte	0x8
 756 02aa E1       		.byte	0xe1
 757 02ab 00       		.byte	0
 758 02ac 07       		.uleb128 0x7
 759 02ad 54000000 		.4byte	.LVL29
 760 02b1 A4000000 		.4byte	0xa4
 761 02b5 C5020000 		.4byte	0x2c5
 762 02b9 08       		.uleb128 0x8
 763 02ba 01       		.uleb128 0x1
 764 02bb 50       		.byte	0x50
 765 02bc 01       		.uleb128 0x1
 766 02bd 31       		.byte	0x31
 767 02be 08       		.uleb128 0x8
 768 02bf 01       		.uleb128 0x1
 769 02c0 51       		.byte	0x51
 770 02c1 02       		.uleb128 0x2
 771 02c2 08       		.byte	0x8
 772 02c3 70       		.byte	0x70
 773 02c4 00       		.byte	0
 774 02c5 07       		.uleb128 0x7
 775 02c6 5C000000 		.4byte	.LVL30
 776 02ca A4000000 		.4byte	0xa4
 777 02ce DE020000 		.4byte	0x2de
 778 02d2 08       		.uleb128 0x8
 779 02d3 01       		.uleb128 0x1
 780 02d4 50       		.byte	0x50
 781 02d5 01       		.uleb128 0x1
 782 02d6 33       		.byte	0x33
 783 02d7 08       		.uleb128 0x8
 784 02d8 01       		.uleb128 0x1
 785 02d9 51       		.byte	0x51
 786 02da 02       		.uleb128 0x2
 787 02db 08       		.byte	0x8
 788 02dc 70       		.byte	0x70
 789 02dd 00       		.byte	0
 790 02de 07       		.uleb128 0x7
 791 02df 64000000 		.4byte	.LVL31
 792 02e3 A4000000 		.4byte	0xa4
 793 02e7 F7020000 		.4byte	0x2f7
 794 02eb 08       		.uleb128 0x8
 795 02ec 01       		.uleb128 0x1
 796 02ed 50       		.byte	0x50
 797 02ee 01       		.uleb128 0x1
 798 02ef 33       		.byte	0x33
 799 02f0 08       		.uleb128 0x8
 800 02f1 01       		.uleb128 0x1
 801 02f2 51       		.byte	0x51
 802 02f3 02       		.uleb128 0x2
 803 02f4 08       		.byte	0x8
 804 02f5 E1       		.byte	0xe1
 805 02f6 00       		.byte	0
ARM GAS  C:\Users\sepp2\AppData\Local\Temp\ccDC1zk3.s 			page 17


 806 02f7 07       		.uleb128 0x7
 807 02f8 6C000000 		.4byte	.LVL32
 808 02fc A4000000 		.4byte	0xa4
 809 0300 10030000 		.4byte	0x310
 810 0304 08       		.uleb128 0x8
 811 0305 01       		.uleb128 0x1
 812 0306 50       		.byte	0x50
 813 0307 01       		.uleb128 0x1
 814 0308 32       		.byte	0x32
 815 0309 08       		.uleb128 0x8
 816 030a 01       		.uleb128 0x1
 817 030b 51       		.byte	0x51
 818 030c 02       		.uleb128 0x2
 819 030d 08       		.byte	0x8
 820 030e E1       		.byte	0xe1
 821 030f 00       		.byte	0
 822 0310 0A       		.uleb128 0xa
 823 0311 74000000 		.4byte	.LVL33
 824 0315 F1050000 		.4byte	0x5f1
 825 0319 07       		.uleb128 0x7
 826 031a 7C000000 		.4byte	.LVL34
 827 031e A4000000 		.4byte	0xa4
 828 0322 32030000 		.4byte	0x332
 829 0326 08       		.uleb128 0x8
 830 0327 01       		.uleb128 0x1
 831 0328 50       		.byte	0x50
 832 0329 01       		.uleb128 0x1
 833 032a 33       		.byte	0x33
 834 032b 08       		.uleb128 0x8
 835 032c 01       		.uleb128 0x1
 836 032d 51       		.byte	0x51
 837 032e 02       		.uleb128 0x2
 838 032f 08       		.byte	0x8
 839 0330 E1       		.byte	0xe1
 840 0331 00       		.byte	0
 841 0332 07       		.uleb128 0x7
 842 0333 84000000 		.4byte	.LVL35
 843 0337 A4000000 		.4byte	0xa4
 844 033b 4B030000 		.4byte	0x34b
 845 033f 08       		.uleb128 0x8
 846 0340 01       		.uleb128 0x1
 847 0341 50       		.byte	0x50
 848 0342 01       		.uleb128 0x1
 849 0343 32       		.byte	0x32
 850 0344 08       		.uleb128 0x8
 851 0345 01       		.uleb128 0x1
 852 0346 51       		.byte	0x51
 853 0347 02       		.uleb128 0x2
 854 0348 08       		.byte	0x8
 855 0349 E1       		.byte	0xe1
 856 034a 00       		.byte	0
 857 034b 0A       		.uleb128 0xa
 858 034c 8C000000 		.4byte	.LVL36
 859 0350 F1050000 		.4byte	0x5f1
 860 0354 07       		.uleb128 0x7
 861 0355 94000000 		.4byte	.LVL37
 862 0359 A4000000 		.4byte	0xa4
ARM GAS  C:\Users\sepp2\AppData\Local\Temp\ccDC1zk3.s 			page 18


 863 035d 6D030000 		.4byte	0x36d
 864 0361 08       		.uleb128 0x8
 865 0362 01       		.uleb128 0x1
 866 0363 50       		.byte	0x50
 867 0364 01       		.uleb128 0x1
 868 0365 33       		.byte	0x33
 869 0366 08       		.uleb128 0x8
 870 0367 01       		.uleb128 0x1
 871 0368 51       		.byte	0x51
 872 0369 02       		.uleb128 0x2
 873 036a 08       		.byte	0x8
 874 036b E1       		.byte	0xe1
 875 036c 00       		.byte	0
 876 036d 07       		.uleb128 0x7
 877 036e 9C000000 		.4byte	.LVL38
 878 0372 A4000000 		.4byte	0xa4
 879 0376 86030000 		.4byte	0x386
 880 037a 08       		.uleb128 0x8
 881 037b 01       		.uleb128 0x1
 882 037c 50       		.byte	0x50
 883 037d 01       		.uleb128 0x1
 884 037e 32       		.byte	0x32
 885 037f 08       		.uleb128 0x8
 886 0380 01       		.uleb128 0x1
 887 0381 51       		.byte	0x51
 888 0382 02       		.uleb128 0x2
 889 0383 08       		.byte	0x8
 890 0384 E1       		.byte	0xe1
 891 0385 00       		.byte	0
 892 0386 0A       		.uleb128 0xa
 893 0387 A4000000 		.4byte	.LVL39
 894 038b F1050000 		.4byte	0x5f1
 895 038f 07       		.uleb128 0x7
 896 0390 AC000000 		.4byte	.LVL40
 897 0394 A4000000 		.4byte	0xa4
 898 0398 A8030000 		.4byte	0x3a8
 899 039c 08       		.uleb128 0x8
 900 039d 01       		.uleb128 0x1
 901 039e 50       		.byte	0x50
 902 039f 01       		.uleb128 0x1
 903 03a0 33       		.byte	0x33
 904 03a1 08       		.uleb128 0x8
 905 03a2 01       		.uleb128 0x1
 906 03a3 51       		.byte	0x51
 907 03a4 02       		.uleb128 0x2
 908 03a5 08       		.byte	0x8
 909 03a6 E1       		.byte	0xe1
 910 03a7 00       		.byte	0
 911 03a8 07       		.uleb128 0x7
 912 03a9 B4000000 		.4byte	.LVL41
 913 03ad A4000000 		.4byte	0xa4
 914 03b1 C1030000 		.4byte	0x3c1
 915 03b5 08       		.uleb128 0x8
 916 03b6 01       		.uleb128 0x1
 917 03b7 50       		.byte	0x50
 918 03b8 01       		.uleb128 0x1
 919 03b9 34       		.byte	0x34
ARM GAS  C:\Users\sepp2\AppData\Local\Temp\ccDC1zk3.s 			page 19


 920 03ba 08       		.uleb128 0x8
 921 03bb 01       		.uleb128 0x1
 922 03bc 51       		.byte	0x51
 923 03bd 02       		.uleb128 0x2
 924 03be 08       		.byte	0x8
 925 03bf 70       		.byte	0x70
 926 03c0 00       		.byte	0
 927 03c1 07       		.uleb128 0x7
 928 03c2 BC000000 		.4byte	.LVL42
 929 03c6 A4000000 		.4byte	0xa4
 930 03ca DA030000 		.4byte	0x3da
 931 03ce 08       		.uleb128 0x8
 932 03cf 01       		.uleb128 0x1
 933 03d0 50       		.byte	0x50
 934 03d1 01       		.uleb128 0x1
 935 03d2 35       		.byte	0x35
 936 03d3 08       		.uleb128 0x8
 937 03d4 01       		.uleb128 0x1
 938 03d5 51       		.byte	0x51
 939 03d6 02       		.uleb128 0x2
 940 03d7 08       		.byte	0x8
 941 03d8 70       		.byte	0x70
 942 03d9 00       		.byte	0
 943 03da 07       		.uleb128 0x7
 944 03db C4000000 		.4byte	.LVL43
 945 03df A4000000 		.4byte	0xa4
 946 03e3 F3030000 		.4byte	0x3f3
 947 03e7 08       		.uleb128 0x8
 948 03e8 01       		.uleb128 0x1
 949 03e9 50       		.byte	0x50
 950 03ea 01       		.uleb128 0x1
 951 03eb 35       		.byte	0x35
 952 03ec 08       		.uleb128 0x8
 953 03ed 01       		.uleb128 0x1
 954 03ee 51       		.byte	0x51
 955 03ef 02       		.uleb128 0x2
 956 03f0 08       		.byte	0x8
 957 03f1 E1       		.byte	0xe1
 958 03f2 00       		.byte	0
 959 03f3 07       		.uleb128 0x7
 960 03f4 CC000000 		.4byte	.LVL44
 961 03f8 A4000000 		.4byte	0xa4
 962 03fc 0C040000 		.4byte	0x40c
 963 0400 08       		.uleb128 0x8
 964 0401 01       		.uleb128 0x1
 965 0402 50       		.byte	0x50
 966 0403 01       		.uleb128 0x1
 967 0404 34       		.byte	0x34
 968 0405 08       		.uleb128 0x8
 969 0406 01       		.uleb128 0x1
 970 0407 51       		.byte	0x51
 971 0408 02       		.uleb128 0x2
 972 0409 08       		.byte	0x8
 973 040a E1       		.byte	0xe1
 974 040b 00       		.byte	0
 975 040c 0A       		.uleb128 0xa
 976 040d D4000000 		.4byte	.LVL45
ARM GAS  C:\Users\sepp2\AppData\Local\Temp\ccDC1zk3.s 			page 20


 977 0411 F1050000 		.4byte	0x5f1
 978 0415 07       		.uleb128 0x7
 979 0416 DC000000 		.4byte	.LVL46
 980 041a A4000000 		.4byte	0xa4
 981 041e 2E040000 		.4byte	0x42e
 982 0422 08       		.uleb128 0x8
 983 0423 01       		.uleb128 0x1
 984 0424 50       		.byte	0x50
 985 0425 01       		.uleb128 0x1
 986 0426 35       		.byte	0x35
 987 0427 08       		.uleb128 0x8
 988 0428 01       		.uleb128 0x1
 989 0429 51       		.byte	0x51
 990 042a 02       		.uleb128 0x2
 991 042b 08       		.byte	0x8
 992 042c E1       		.byte	0xe1
 993 042d 00       		.byte	0
 994 042e 07       		.uleb128 0x7
 995 042f E4000000 		.4byte	.LVL47
 996 0433 A4000000 		.4byte	0xa4
 997 0437 47040000 		.4byte	0x447
 998 043b 08       		.uleb128 0x8
 999 043c 01       		.uleb128 0x1
 1000 043d 50       		.byte	0x50
 1001 043e 01       		.uleb128 0x1
 1002 043f 34       		.byte	0x34
 1003 0440 08       		.uleb128 0x8
 1004 0441 01       		.uleb128 0x1
 1005 0442 51       		.byte	0x51
 1006 0443 02       		.uleb128 0x2
 1007 0444 08       		.byte	0x8
 1008 0445 E1       		.byte	0xe1
 1009 0446 00       		.byte	0
 1010 0447 0A       		.uleb128 0xa
 1011 0448 EC000000 		.4byte	.LVL48
 1012 044c F1050000 		.4byte	0x5f1
 1013 0450 07       		.uleb128 0x7
 1014 0451 F4000000 		.4byte	.LVL49
 1015 0455 A4000000 		.4byte	0xa4
 1016 0459 69040000 		.4byte	0x469
 1017 045d 08       		.uleb128 0x8
 1018 045e 01       		.uleb128 0x1
 1019 045f 50       		.byte	0x50
 1020 0460 01       		.uleb128 0x1
 1021 0461 35       		.byte	0x35
 1022 0462 08       		.uleb128 0x8
 1023 0463 01       		.uleb128 0x1
 1024 0464 51       		.byte	0x51
 1025 0465 02       		.uleb128 0x2
 1026 0466 08       		.byte	0x8
 1027 0467 E1       		.byte	0xe1
 1028 0468 00       		.byte	0
 1029 0469 07       		.uleb128 0x7
 1030 046a FC000000 		.4byte	.LVL50
 1031 046e A4000000 		.4byte	0xa4
 1032 0472 82040000 		.4byte	0x482
 1033 0476 08       		.uleb128 0x8
ARM GAS  C:\Users\sepp2\AppData\Local\Temp\ccDC1zk3.s 			page 21


 1034 0477 01       		.uleb128 0x1
 1035 0478 50       		.byte	0x50
 1036 0479 01       		.uleb128 0x1
 1037 047a 34       		.byte	0x34
 1038 047b 08       		.uleb128 0x8
 1039 047c 01       		.uleb128 0x1
 1040 047d 51       		.byte	0x51
 1041 047e 02       		.uleb128 0x2
 1042 047f 08       		.byte	0x8
 1043 0480 E1       		.byte	0xe1
 1044 0481 00       		.byte	0
 1045 0482 0A       		.uleb128 0xa
 1046 0483 04010000 		.4byte	.LVL51
 1047 0487 F1050000 		.4byte	0x5f1
 1048 048b 07       		.uleb128 0x7
 1049 048c 0C010000 		.4byte	.LVL52
 1050 0490 A4000000 		.4byte	0xa4
 1051 0494 A4040000 		.4byte	0x4a4
 1052 0498 08       		.uleb128 0x8
 1053 0499 01       		.uleb128 0x1
 1054 049a 50       		.byte	0x50
 1055 049b 01       		.uleb128 0x1
 1056 049c 35       		.byte	0x35
 1057 049d 08       		.uleb128 0x8
 1058 049e 01       		.uleb128 0x1
 1059 049f 51       		.byte	0x51
 1060 04a0 02       		.uleb128 0x2
 1061 04a1 08       		.byte	0x8
 1062 04a2 E1       		.byte	0xe1
 1063 04a3 00       		.byte	0
 1064 04a4 07       		.uleb128 0x7
 1065 04a5 14010000 		.4byte	.LVL53
 1066 04a9 A4000000 		.4byte	0xa4
 1067 04ad BD040000 		.4byte	0x4bd
 1068 04b1 08       		.uleb128 0x8
 1069 04b2 01       		.uleb128 0x1
 1070 04b3 50       		.byte	0x50
 1071 04b4 01       		.uleb128 0x1
 1072 04b5 34       		.byte	0x34
 1073 04b6 08       		.uleb128 0x8
 1074 04b7 01       		.uleb128 0x1
 1075 04b8 51       		.byte	0x51
 1076 04b9 02       		.uleb128 0x2
 1077 04ba 08       		.byte	0x8
 1078 04bb 70       		.byte	0x70
 1079 04bc 00       		.byte	0
 1080 04bd 07       		.uleb128 0x7
 1081 04be 1C010000 		.4byte	.LVL54
 1082 04c2 A4000000 		.4byte	0xa4
 1083 04c6 D6040000 		.4byte	0x4d6
 1084 04ca 08       		.uleb128 0x8
 1085 04cb 01       		.uleb128 0x1
 1086 04cc 50       		.byte	0x50
 1087 04cd 01       		.uleb128 0x1
 1088 04ce 32       		.byte	0x32
 1089 04cf 08       		.uleb128 0x8
 1090 04d0 01       		.uleb128 0x1
ARM GAS  C:\Users\sepp2\AppData\Local\Temp\ccDC1zk3.s 			page 22


 1091 04d1 51       		.byte	0x51
 1092 04d2 02       		.uleb128 0x2
 1093 04d3 08       		.byte	0x8
 1094 04d4 70       		.byte	0x70
 1095 04d5 00       		.byte	0
 1096 04d6 07       		.uleb128 0x7
 1097 04d7 24010000 		.4byte	.LVL55
 1098 04db A4000000 		.4byte	0xa4
 1099 04df EF040000 		.4byte	0x4ef
 1100 04e3 08       		.uleb128 0x8
 1101 04e4 01       		.uleb128 0x1
 1102 04e5 50       		.byte	0x50
 1103 04e6 01       		.uleb128 0x1
 1104 04e7 32       		.byte	0x32
 1105 04e8 08       		.uleb128 0x8
 1106 04e9 01       		.uleb128 0x1
 1107 04ea 51       		.byte	0x51
 1108 04eb 02       		.uleb128 0x2
 1109 04ec 08       		.byte	0x8
 1110 04ed E1       		.byte	0xe1
 1111 04ee 00       		.byte	0
 1112 04ef 07       		.uleb128 0x7
 1113 04f0 2C010000 		.4byte	.LVL56
 1114 04f4 A4000000 		.4byte	0xa4
 1115 04f8 08050000 		.4byte	0x508
 1116 04fc 08       		.uleb128 0x8
 1117 04fd 01       		.uleb128 0x1
 1118 04fe 50       		.byte	0x50
 1119 04ff 01       		.uleb128 0x1
 1120 0500 31       		.byte	0x31
 1121 0501 08       		.uleb128 0x8
 1122 0502 01       		.uleb128 0x1
 1123 0503 51       		.byte	0x51
 1124 0504 02       		.uleb128 0x2
 1125 0505 08       		.byte	0x8
 1126 0506 E1       		.byte	0xe1
 1127 0507 00       		.byte	0
 1128 0508 0A       		.uleb128 0xa
 1129 0509 34010000 		.4byte	.LVL57
 1130 050d F1050000 		.4byte	0x5f1
 1131 0511 07       		.uleb128 0x7
 1132 0512 3C010000 		.4byte	.LVL58
 1133 0516 A4000000 		.4byte	0xa4
 1134 051a 2A050000 		.4byte	0x52a
 1135 051e 08       		.uleb128 0x8
 1136 051f 01       		.uleb128 0x1
 1137 0520 50       		.byte	0x50
 1138 0521 01       		.uleb128 0x1
 1139 0522 32       		.byte	0x32
 1140 0523 08       		.uleb128 0x8
 1141 0524 01       		.uleb128 0x1
 1142 0525 51       		.byte	0x51
 1143 0526 02       		.uleb128 0x2
 1144 0527 08       		.byte	0x8
 1145 0528 E1       		.byte	0xe1
 1146 0529 00       		.byte	0
 1147 052a 07       		.uleb128 0x7
ARM GAS  C:\Users\sepp2\AppData\Local\Temp\ccDC1zk3.s 			page 23


 1148 052b 44010000 		.4byte	.LVL59
 1149 052f A4000000 		.4byte	0xa4
 1150 0533 43050000 		.4byte	0x543
 1151 0537 08       		.uleb128 0x8
 1152 0538 01       		.uleb128 0x1
 1153 0539 50       		.byte	0x50
 1154 053a 01       		.uleb128 0x1
 1155 053b 31       		.byte	0x31
 1156 053c 08       		.uleb128 0x8
 1157 053d 01       		.uleb128 0x1
 1158 053e 51       		.byte	0x51
 1159 053f 02       		.uleb128 0x2
 1160 0540 08       		.byte	0x8
 1161 0541 E1       		.byte	0xe1
 1162 0542 00       		.byte	0
 1163 0543 0A       		.uleb128 0xa
 1164 0544 4C010000 		.4byte	.LVL60
 1165 0548 F1050000 		.4byte	0x5f1
 1166 054c 07       		.uleb128 0x7
 1167 054d 56010000 		.4byte	.LVL61
 1168 0551 A4000000 		.4byte	0xa4
 1169 0555 66050000 		.4byte	0x566
 1170 0559 08       		.uleb128 0x8
 1171 055a 01       		.uleb128 0x1
 1172 055b 50       		.byte	0x50
 1173 055c 01       		.uleb128 0x1
 1174 055d 32       		.byte	0x32
 1175 055e 08       		.uleb128 0x8
 1176 055f 01       		.uleb128 0x1
 1177 0560 51       		.byte	0x51
 1178 0561 03       		.uleb128 0x3
 1179 0562 0A       		.byte	0xa
 1180 0563 5101     		.2byte	0x151
 1181 0565 00       		.byte	0
 1182 0566 09       		.uleb128 0x9
 1183 0567 5E010000 		.4byte	.LVL62
 1184 056b A4000000 		.4byte	0xa4
 1185 056f 08       		.uleb128 0x8
 1186 0570 01       		.uleb128 0x1
 1187 0571 50       		.byte	0x50
 1188 0572 01       		.uleb128 0x1
 1189 0573 33       		.byte	0x33
 1190 0574 08       		.uleb128 0x8
 1191 0575 01       		.uleb128 0x1
 1192 0576 51       		.byte	0x51
 1193 0577 02       		.uleb128 0x2
 1194 0578 08       		.byte	0x8
 1195 0579 E1       		.byte	0xe1
 1196 057a 00       		.byte	0
 1197 057b 00       		.byte	0
 1198 057c 0F       		.uleb128 0xf
 1199 057d 6B010000 		.4byte	.LASF23
 1200 0581 05       		.byte	0x5
 1201 0582 1207     		.2byte	0x712
 1202 0584 88050000 		.4byte	0x588
 1203 0588 10       		.uleb128 0x10
 1204 0589 99000000 		.4byte	0x99
ARM GAS  C:\Users\sepp2\AppData\Local\Temp\ccDC1zk3.s 			page 24


 1205 058d 11       		.uleb128 0x11
 1206 058e 25000000 		.4byte	0x25
 1207 0592 A3050000 		.4byte	0x5a3
 1208 0596 12       		.uleb128 0x12
 1209 0597 7D000000 		.4byte	0x7d
 1210 059b 07       		.byte	0x7
 1211 059c 12       		.uleb128 0x12
 1212 059d 7D000000 		.4byte	0x7d
 1213 05a1 03       		.byte	0x3
 1214 05a2 00       		.byte	0
 1215 05a3 13       		.uleb128 0x13
 1216 05a4 CD020000 		.4byte	.LASF24
 1217 05a8 01       		.byte	0x1
 1218 05a9 12       		.byte	0x12
 1219 05aa 8D050000 		.4byte	0x58d
 1220 05ae 05       		.uleb128 0x5
 1221 05af 03       		.byte	0x3
 1222 05b0 00000000 		.4byte	tones
 1223 05b4 13       		.uleb128 0x13
 1224 05b5 B6010000 		.4byte	.LASF25
 1225 05b9 02       		.byte	0x2
 1226 05ba 12       		.byte	0x12
 1227 05bb 25000000 		.4byte	0x25
 1228 05bf 05       		.uleb128 0x5
 1229 05c0 03       		.byte	0x3
 1230 05c1 00000000 		.4byte	idle_sleep
 1231 05c5 14       		.uleb128 0x14
 1232 05c6 7F010000 		.4byte	.LASF26
 1233 05ca 7F010000 		.4byte	.LASF26
 1234 05ce 06       		.byte	0x6
 1235 05cf 6E       		.byte	0x6e
 1236 05d0 14       		.uleb128 0x14
 1237 05d1 DB020000 		.4byte	.LASF27
 1238 05d5 DB020000 		.4byte	.LASF27
 1239 05d9 07       		.byte	0x7
 1240 05da 6E       		.byte	0x6e
 1241 05db 14       		.uleb128 0x14
 1242 05dc 45010000 		.4byte	.LASF28
 1243 05e0 45010000 		.4byte	.LASF28
 1244 05e4 08       		.byte	0x8
 1245 05e5 6E       		.byte	0x6e
 1246 05e6 14       		.uleb128 0x14
 1247 05e7 89020000 		.4byte	.LASF29
 1248 05eb 89020000 		.4byte	.LASF29
 1249 05ef 09       		.byte	0x9
 1250 05f0 6E       		.byte	0x6e
 1251 05f1 14       		.uleb128 0x14
 1252 05f2 D3020000 		.4byte	.LASF30
 1253 05f6 D3020000 		.4byte	.LASF30
 1254 05fa 0A       		.byte	0xa
 1255 05fb 76       		.byte	0x76
 1256 05fc 14       		.uleb128 0x14
 1257 05fd A6010000 		.4byte	.LASF31
 1258 0601 A6010000 		.4byte	.LASF31
 1259 0605 06       		.byte	0x6
 1260 0606 6C       		.byte	0x6c
 1261 0607 14       		.uleb128 0x14
ARM GAS  C:\Users\sepp2\AppData\Local\Temp\ccDC1zk3.s 			page 25


 1262 0608 48020000 		.4byte	.LASF32
 1263 060c 48020000 		.4byte	.LASF32
 1264 0610 07       		.byte	0x7
 1265 0611 6C       		.byte	0x6c
 1266 0612 14       		.uleb128 0x14
 1267 0613 00000000 		.4byte	.LASF33
 1268 0617 00000000 		.4byte	.LASF33
 1269 061b 08       		.byte	0x8
 1270 061c 6C       		.byte	0x6c
 1271 061d 14       		.uleb128 0x14
 1272 061e 5B010000 		.4byte	.LASF34
 1273 0622 5B010000 		.4byte	.LASF34
 1274 0626 09       		.byte	0x9
 1275 0627 6C       		.byte	0x6c
 1276 0628 14       		.uleb128 0x14
 1277 0629 46000000 		.4byte	.LASF35
 1278 062d 46000000 		.4byte	.LASF35
 1279 0631 06       		.byte	0x6
 1280 0632 67       		.byte	0x67
 1281 0633 14       		.uleb128 0x14
 1282 0634 09010000 		.4byte	.LASF36
 1283 0638 09010000 		.4byte	.LASF36
 1284 063c 07       		.byte	0x7
 1285 063d 67       		.byte	0x67
 1286 063e 14       		.uleb128 0x14
 1287 063f 10000000 		.4byte	.LASF37
 1288 0643 10000000 		.4byte	.LASF37
 1289 0647 08       		.byte	0x8
 1290 0648 67       		.byte	0x67
 1291 0649 14       		.uleb128 0x14
 1292 064a 95010000 		.4byte	.LASF38
 1293 064e 95010000 		.4byte	.LASF38
 1294 0652 09       		.byte	0x9
 1295 0653 67       		.byte	0x67
 1296 0654 00       		.byte	0
 1297              		.section	.debug_abbrev,"",%progbits
 1298              	.Ldebug_abbrev0:
 1299 0000 01       		.uleb128 0x1
 1300 0001 11       		.uleb128 0x11
 1301 0002 01       		.byte	0x1
 1302 0003 25       		.uleb128 0x25
 1303 0004 0E       		.uleb128 0xe
 1304 0005 13       		.uleb128 0x13
 1305 0006 0B       		.uleb128 0xb
 1306 0007 03       		.uleb128 0x3
 1307 0008 0E       		.uleb128 0xe
 1308 0009 1B       		.uleb128 0x1b
 1309 000a 0E       		.uleb128 0xe
 1310 000b 55       		.uleb128 0x55
 1311 000c 17       		.uleb128 0x17
 1312 000d 11       		.uleb128 0x11
 1313 000e 01       		.uleb128 0x1
 1314 000f 10       		.uleb128 0x10
 1315 0010 17       		.uleb128 0x17
 1316 0011 00       		.byte	0
 1317 0012 00       		.byte	0
 1318 0013 02       		.uleb128 0x2
ARM GAS  C:\Users\sepp2\AppData\Local\Temp\ccDC1zk3.s 			page 26


 1319 0014 24       		.uleb128 0x24
 1320 0015 00       		.byte	0
 1321 0016 0B       		.uleb128 0xb
 1322 0017 0B       		.uleb128 0xb
 1323 0018 3E       		.uleb128 0x3e
 1324 0019 0B       		.uleb128 0xb
 1325 001a 03       		.uleb128 0x3
 1326 001b 08       		.uleb128 0x8
 1327 001c 00       		.byte	0
 1328 001d 00       		.byte	0
 1329 001e 03       		.uleb128 0x3
 1330 001f 24       		.uleb128 0x24
 1331 0020 00       		.byte	0
 1332 0021 0B       		.uleb128 0xb
 1333 0022 0B       		.uleb128 0xb
 1334 0023 3E       		.uleb128 0x3e
 1335 0024 0B       		.uleb128 0xb
 1336 0025 03       		.uleb128 0x3
 1337 0026 0E       		.uleb128 0xe
 1338 0027 00       		.byte	0
 1339 0028 00       		.byte	0
 1340 0029 04       		.uleb128 0x4
 1341 002a 16       		.uleb128 0x16
 1342 002b 00       		.byte	0
 1343 002c 03       		.uleb128 0x3
 1344 002d 0E       		.uleb128 0xe
 1345 002e 3A       		.uleb128 0x3a
 1346 002f 0B       		.uleb128 0xb
 1347 0030 3B       		.uleb128 0x3b
 1348 0031 0B       		.uleb128 0xb
 1349 0032 49       		.uleb128 0x49
 1350 0033 13       		.uleb128 0x13
 1351 0034 00       		.byte	0
 1352 0035 00       		.byte	0
 1353 0036 05       		.uleb128 0x5
 1354 0037 2E       		.uleb128 0x2e
 1355 0038 01       		.byte	0x1
 1356 0039 3F       		.uleb128 0x3f
 1357 003a 19       		.uleb128 0x19
 1358 003b 03       		.uleb128 0x3
 1359 003c 0E       		.uleb128 0xe
 1360 003d 3A       		.uleb128 0x3a
 1361 003e 0B       		.uleb128 0xb
 1362 003f 3B       		.uleb128 0x3b
 1363 0040 0B       		.uleb128 0xb
 1364 0041 27       		.uleb128 0x27
 1365 0042 19       		.uleb128 0x19
 1366 0043 11       		.uleb128 0x11
 1367 0044 01       		.uleb128 0x1
 1368 0045 12       		.uleb128 0x12
 1369 0046 06       		.uleb128 0x6
 1370 0047 40       		.uleb128 0x40
 1371 0048 18       		.uleb128 0x18
 1372 0049 9742     		.uleb128 0x2117
 1373 004b 19       		.uleb128 0x19
 1374 004c 01       		.uleb128 0x1
 1375 004d 13       		.uleb128 0x13
ARM GAS  C:\Users\sepp2\AppData\Local\Temp\ccDC1zk3.s 			page 27


 1376 004e 00       		.byte	0
 1377 004f 00       		.byte	0
 1378 0050 06       		.uleb128 0x6
 1379 0051 05       		.uleb128 0x5
 1380 0052 00       		.byte	0
 1381 0053 03       		.uleb128 0x3
 1382 0054 0E       		.uleb128 0xe
 1383 0055 3A       		.uleb128 0x3a
 1384 0056 0B       		.uleb128 0xb
 1385 0057 3B       		.uleb128 0x3b
 1386 0058 0B       		.uleb128 0xb
 1387 0059 49       		.uleb128 0x49
 1388 005a 13       		.uleb128 0x13
 1389 005b 02       		.uleb128 0x2
 1390 005c 17       		.uleb128 0x17
 1391 005d 00       		.byte	0
 1392 005e 00       		.byte	0
 1393 005f 07       		.uleb128 0x7
 1394 0060 898201   		.uleb128 0x4109
 1395 0063 01       		.byte	0x1
 1396 0064 11       		.uleb128 0x11
 1397 0065 01       		.uleb128 0x1
 1398 0066 31       		.uleb128 0x31
 1399 0067 13       		.uleb128 0x13
 1400 0068 01       		.uleb128 0x1
 1401 0069 13       		.uleb128 0x13
 1402 006a 00       		.byte	0
 1403 006b 00       		.byte	0
 1404 006c 08       		.uleb128 0x8
 1405 006d 8A8201   		.uleb128 0x410a
 1406 0070 00       		.byte	0
 1407 0071 02       		.uleb128 0x2
 1408 0072 18       		.uleb128 0x18
 1409 0073 9142     		.uleb128 0x2111
 1410 0075 18       		.uleb128 0x18
 1411 0076 00       		.byte	0
 1412 0077 00       		.byte	0
 1413 0078 09       		.uleb128 0x9
 1414 0079 898201   		.uleb128 0x4109
 1415 007c 01       		.byte	0x1
 1416 007d 11       		.uleb128 0x11
 1417 007e 01       		.uleb128 0x1
 1418 007f 31       		.uleb128 0x31
 1419 0080 13       		.uleb128 0x13
 1420 0081 00       		.byte	0
 1421 0082 00       		.byte	0
 1422 0083 0A       		.uleb128 0xa
 1423 0084 898201   		.uleb128 0x4109
 1424 0087 00       		.byte	0
 1425 0088 11       		.uleb128 0x11
 1426 0089 01       		.uleb128 0x1
 1427 008a 31       		.uleb128 0x31
 1428 008b 13       		.uleb128 0x13
 1429 008c 00       		.byte	0
 1430 008d 00       		.byte	0
 1431 008e 0B       		.uleb128 0xb
 1432 008f 2E       		.uleb128 0x2e
ARM GAS  C:\Users\sepp2\AppData\Local\Temp\ccDC1zk3.s 			page 28


 1433 0090 01       		.byte	0x1
 1434 0091 3F       		.uleb128 0x3f
 1435 0092 19       		.uleb128 0x19
 1436 0093 03       		.uleb128 0x3
 1437 0094 0E       		.uleb128 0xe
 1438 0095 3A       		.uleb128 0x3a
 1439 0096 0B       		.uleb128 0xb
 1440 0097 3B       		.uleb128 0x3b
 1441 0098 0B       		.uleb128 0xb
 1442 0099 11       		.uleb128 0x11
 1443 009a 01       		.uleb128 0x1
 1444 009b 12       		.uleb128 0x12
 1445 009c 06       		.uleb128 0x6
 1446 009d 40       		.uleb128 0x40
 1447 009e 18       		.uleb128 0x18
 1448 009f 9742     		.uleb128 0x2117
 1449 00a1 19       		.uleb128 0x19
 1450 00a2 01       		.uleb128 0x1
 1451 00a3 13       		.uleb128 0x13
 1452 00a4 00       		.byte	0
 1453 00a5 00       		.byte	0
 1454 00a6 0C       		.uleb128 0xc
 1455 00a7 34       		.uleb128 0x34
 1456 00a8 00       		.byte	0
 1457 00a9 03       		.uleb128 0x3
 1458 00aa 08       		.uleb128 0x8
 1459 00ab 3A       		.uleb128 0x3a
 1460 00ac 0B       		.uleb128 0xb
 1461 00ad 3B       		.uleb128 0x3b
 1462 00ae 0B       		.uleb128 0xb
 1463 00af 49       		.uleb128 0x49
 1464 00b0 13       		.uleb128 0x13
 1465 00b1 1C       		.uleb128 0x1c
 1466 00b2 0B       		.uleb128 0xb
 1467 00b3 00       		.byte	0
 1468 00b4 00       		.byte	0
 1469 00b5 0D       		.uleb128 0xd
 1470 00b6 34       		.uleb128 0x34
 1471 00b7 00       		.byte	0
 1472 00b8 03       		.uleb128 0x3
 1473 00b9 0E       		.uleb128 0xe
 1474 00ba 3A       		.uleb128 0x3a
 1475 00bb 0B       		.uleb128 0xb
 1476 00bc 3B       		.uleb128 0x3b
 1477 00bd 0B       		.uleb128 0xb
 1478 00be 49       		.uleb128 0x49
 1479 00bf 13       		.uleb128 0x13
 1480 00c0 1C       		.uleb128 0x1c
 1481 00c1 05       		.uleb128 0x5
 1482 00c2 00       		.byte	0
 1483 00c3 00       		.byte	0
 1484 00c4 0E       		.uleb128 0xe
 1485 00c5 34       		.uleb128 0x34
 1486 00c6 00       		.byte	0
 1487 00c7 03       		.uleb128 0x3
 1488 00c8 0E       		.uleb128 0xe
 1489 00c9 3A       		.uleb128 0x3a
ARM GAS  C:\Users\sepp2\AppData\Local\Temp\ccDC1zk3.s 			page 29


 1490 00ca 0B       		.uleb128 0xb
 1491 00cb 3B       		.uleb128 0x3b
 1492 00cc 0B       		.uleb128 0xb
 1493 00cd 49       		.uleb128 0x49
 1494 00ce 13       		.uleb128 0x13
 1495 00cf 1C       		.uleb128 0x1c
 1496 00d0 0B       		.uleb128 0xb
 1497 00d1 00       		.byte	0
 1498 00d2 00       		.byte	0
 1499 00d3 0F       		.uleb128 0xf
 1500 00d4 34       		.uleb128 0x34
 1501 00d5 00       		.byte	0
 1502 00d6 03       		.uleb128 0x3
 1503 00d7 0E       		.uleb128 0xe
 1504 00d8 3A       		.uleb128 0x3a
 1505 00d9 0B       		.uleb128 0xb
 1506 00da 3B       		.uleb128 0x3b
 1507 00db 05       		.uleb128 0x5
 1508 00dc 49       		.uleb128 0x49
 1509 00dd 13       		.uleb128 0x13
 1510 00de 3F       		.uleb128 0x3f
 1511 00df 19       		.uleb128 0x19
 1512 00e0 3C       		.uleb128 0x3c
 1513 00e1 19       		.uleb128 0x19
 1514 00e2 00       		.byte	0
 1515 00e3 00       		.byte	0
 1516 00e4 10       		.uleb128 0x10
 1517 00e5 35       		.uleb128 0x35
 1518 00e6 00       		.byte	0
 1519 00e7 49       		.uleb128 0x49
 1520 00e8 13       		.uleb128 0x13
 1521 00e9 00       		.byte	0
 1522 00ea 00       		.byte	0
 1523 00eb 11       		.uleb128 0x11
 1524 00ec 01       		.uleb128 0x1
 1525 00ed 01       		.byte	0x1
 1526 00ee 49       		.uleb128 0x49
 1527 00ef 13       		.uleb128 0x13
 1528 00f0 01       		.uleb128 0x1
 1529 00f1 13       		.uleb128 0x13
 1530 00f2 00       		.byte	0
 1531 00f3 00       		.byte	0
 1532 00f4 12       		.uleb128 0x12
 1533 00f5 21       		.uleb128 0x21
 1534 00f6 00       		.byte	0
 1535 00f7 49       		.uleb128 0x49
 1536 00f8 13       		.uleb128 0x13
 1537 00f9 2F       		.uleb128 0x2f
 1538 00fa 0B       		.uleb128 0xb
 1539 00fb 00       		.byte	0
 1540 00fc 00       		.byte	0
 1541 00fd 13       		.uleb128 0x13
 1542 00fe 34       		.uleb128 0x34
 1543 00ff 00       		.byte	0
 1544 0100 03       		.uleb128 0x3
 1545 0101 0E       		.uleb128 0xe
 1546 0102 3A       		.uleb128 0x3a
ARM GAS  C:\Users\sepp2\AppData\Local\Temp\ccDC1zk3.s 			page 30


 1547 0103 0B       		.uleb128 0xb
 1548 0104 3B       		.uleb128 0x3b
 1549 0105 0B       		.uleb128 0xb
 1550 0106 49       		.uleb128 0x49
 1551 0107 13       		.uleb128 0x13
 1552 0108 3F       		.uleb128 0x3f
 1553 0109 19       		.uleb128 0x19
 1554 010a 02       		.uleb128 0x2
 1555 010b 18       		.uleb128 0x18
 1556 010c 00       		.byte	0
 1557 010d 00       		.byte	0
 1558 010e 14       		.uleb128 0x14
 1559 010f 2E       		.uleb128 0x2e
 1560 0110 00       		.byte	0
 1561 0111 3F       		.uleb128 0x3f
 1562 0112 19       		.uleb128 0x19
 1563 0113 3C       		.uleb128 0x3c
 1564 0114 19       		.uleb128 0x19
 1565 0115 6E       		.uleb128 0x6e
 1566 0116 0E       		.uleb128 0xe
 1567 0117 03       		.uleb128 0x3
 1568 0118 0E       		.uleb128 0xe
 1569 0119 3A       		.uleb128 0x3a
 1570 011a 0B       		.uleb128 0xb
 1571 011b 3B       		.uleb128 0x3b
 1572 011c 0B       		.uleb128 0xb
 1573 011d 00       		.byte	0
 1574 011e 00       		.byte	0
 1575 011f 00       		.byte	0
 1576              		.section	.debug_loc,"",%progbits
 1577              	.Ldebug_loc0:
 1578              	.LLST0:
 1579 0000 00000000 		.4byte	.LVL0
 1580 0004 08000000 		.4byte	.LVL1
 1581 0008 0100     		.2byte	0x1
 1582 000a 50       		.byte	0x50
 1583 000b 08000000 		.4byte	.LVL1
 1584 000f 38000000 		.4byte	.LFE63
 1585 0013 0400     		.2byte	0x4
 1586 0015 F3       		.byte	0xf3
 1587 0016 01       		.uleb128 0x1
 1588 0017 50       		.byte	0x50
 1589 0018 9F       		.byte	0x9f
 1590 0019 00000000 		.4byte	0
 1591 001d 00000000 		.4byte	0
 1592              	.LLST1:
 1593 0021 00000000 		.4byte	.LVL0
 1594 0025 0C000000 		.4byte	.LVL2
 1595 0029 0100     		.2byte	0x1
 1596 002b 51       		.byte	0x51
 1597 002c 0C000000 		.4byte	.LVL2
 1598 0030 32000000 		.4byte	.LVL8
 1599 0034 0100     		.2byte	0x1
 1600 0036 55       		.byte	0x55
 1601 0037 32000000 		.4byte	.LVL8
 1602 003b 38000000 		.4byte	.LFE63
 1603 003f 0400     		.2byte	0x4
ARM GAS  C:\Users\sepp2\AppData\Local\Temp\ccDC1zk3.s 			page 31


 1604 0041 F3       		.byte	0xf3
 1605 0042 01       		.uleb128 0x1
 1606 0043 51       		.byte	0x51
 1607 0044 9F       		.byte	0x9f
 1608 0045 00000000 		.4byte	0
 1609 0049 00000000 		.4byte	0
 1610              	.LLST2:
 1611 004d 00000000 		.4byte	.LVL9
 1612 0051 07000000 		.4byte	.LVL10-1
 1613 0055 0100     		.2byte	0x1
 1614 0057 50       		.byte	0x50
 1615 0058 07000000 		.4byte	.LVL10-1
 1616 005c 2C000000 		.4byte	.LFE64
 1617 0060 0100     		.2byte	0x1
 1618 0062 54       		.byte	0x54
 1619 0063 00000000 		.4byte	0
 1620 0067 00000000 		.4byte	0
 1621              		.section	.debug_aranges,"",%progbits
 1622 0000 2C000000 		.4byte	0x2c
 1623 0004 0200     		.2byte	0x2
 1624 0006 00000000 		.4byte	.Ldebug_info0
 1625 000a 04       		.byte	0x4
 1626 000b 00       		.byte	0
 1627 000c 0000     		.2byte	0
 1628 000e 0000     		.2byte	0
 1629 0010 00000000 		.4byte	.LFB63
 1630 0014 38000000 		.4byte	.LFE63-.LFB63
 1631 0018 00000000 		.4byte	.LFB64
 1632 001c 2C000000 		.4byte	.LFE64-.LFB64
 1633 0020 00000000 		.4byte	.LFB65
 1634 0024 64010000 		.4byte	.LFE65-.LFB65
 1635 0028 00000000 		.4byte	0
 1636 002c 00000000 		.4byte	0
 1637              		.section	.debug_ranges,"",%progbits
 1638              	.Ldebug_ranges0:
 1639 0000 00000000 		.4byte	.LFB63
 1640 0004 38000000 		.4byte	.LFE63
 1641 0008 00000000 		.4byte	.LFB64
 1642 000c 2C000000 		.4byte	.LFE64
 1643 0010 00000000 		.4byte	.LFB65
 1644 0014 64010000 		.4byte	.LFE65
 1645 0018 00000000 		.4byte	0
 1646 001c 00000000 		.4byte	0
 1647              		.section	.debug_line,"",%progbits
 1648              	.Ldebug_line0:
 1649 0000 08020000 		.section	.debug_str,"MS",%progbits,1
 1649      02009A01 
 1649      00000201 
 1649      FB0E0D00 
 1649      01010101 
 1650              	.LASF33:
 1651 0000 57617665 		.ascii	"WaveDAC8_3_Stop\000"
 1651      44414338 
 1651      5F335F53 
 1651      746F7000 
 1652              	.LASF37:
 1653 0010 57617665 		.ascii	"WaveDAC8_3_Start\000"
ARM GAS  C:\Users\sepp2\AppData\Local\Temp\ccDC1zk3.s 			page 32


 1653      44414338 
 1653      5F335F53 
 1653      74617274 
 1653      00
 1654              	.LASF20:
 1655 0021 76696572 		.ascii	"viertel\000"
 1655      74656C00 
 1656              	.LASF14:
 1657 0029 5F5F696E 		.ascii	"__int32_t\000"
 1657      7433325F 
 1657      7400
 1658              	.LASF6:
 1659 0033 73686F72 		.ascii	"short unsigned int\000"
 1659      7420756E 
 1659      7369676E 
 1659      65642069 
 1659      6E7400
 1660              	.LASF35:
 1661 0046 57617665 		.ascii	"WaveDAC8_1_Start\000"
 1661      44414338 
 1661      5F315F53 
 1661      74617274 
 1661      00
 1662              	.LASF12:
 1663 0057 646F7562 		.ascii	"double\000"
 1663      6C6500
 1664              	.LASF18:
 1665 005e 706C6179 		.ascii	"playTone\000"
 1665      546F6E65 
 1665      00
 1666              	.LASF13:
 1667 0067 666C6F61 		.ascii	"float\000"
 1667      7400
 1668              	.LASF4:
 1669 006d 756E7369 		.ascii	"unsigned char\000"
 1669      676E6564 
 1669      20636861 
 1669      7200
 1670              	.LASF39:
 1671 007b 474E5520 		.ascii	"GNU C11 5.4.1 20160609 (release) [ARM/embedded-5-br"
 1671      43313120 
 1671      352E342E 
 1671      31203230 
 1671      31363036 
 1672 00ae 616E6368 		.ascii	"anch revision 237715] -mcpu=cortex-m3 -mthumb -g -O"
 1672      20726576 
 1672      6973696F 
 1672      6E203233 
 1672      37373135 
 1673 00e1 67202D66 		.ascii	"g -ffunction-sections -ffat-lto-objects\000"
 1673      66756E63 
 1673      74696F6E 
 1673      2D736563 
 1673      74696F6E 
 1674              	.LASF36:
 1675 0109 57617665 		.ascii	"WaveDAC8_2_Start\000"
 1675      44414338 
ARM GAS  C:\Users\sepp2\AppData\Local\Temp\ccDC1zk3.s 			page 33


 1675      5F325F53 
 1675      74617274 
 1675      00
 1676              	.LASF8:
 1677 011a 6C6F6E67 		.ascii	"long unsigned int\000"
 1677      20756E73 
 1677      69676E65 
 1677      6420696E 
 1677      7400
 1678              	.LASF42:
 1679 012c 706C6179 		.ascii	"play_Narcotic\000"
 1679      5F4E6172 
 1679      636F7469 
 1679      6300
 1680              	.LASF19:
 1681 013a 736C6565 		.ascii	"sleep_DACs\000"
 1681      705F4441 
 1681      437300
 1682              	.LASF28:
 1683 0145 57617665 		.ascii	"WaveDAC8_3_Wave1Setup\000"
 1683      44414338 
 1683      5F335F57 
 1683      61766531 
 1683      53657475 
 1684              	.LASF34:
 1685 015b 57617665 		.ascii	"WaveDAC8_4_Stop\000"
 1685      44414338 
 1685      5F345F53 
 1685      746F7000 
 1686              	.LASF23:
 1687 016b 49544D5F 		.ascii	"ITM_RxBuffer\000"
 1687      52784275 
 1687      66666572 
 1687      00
 1688              	.LASF21:
 1689 0178 61636874 		.ascii	"achtel\000"
 1689      656C00
 1690              	.LASF26:
 1691 017f 57617665 		.ascii	"WaveDAC8_1_Wave1Setup\000"
 1691      44414338 
 1691      5F315F57 
 1691      61766531 
 1691      53657475 
 1692              	.LASF38:
 1693 0195 57617665 		.ascii	"WaveDAC8_4_Start\000"
 1693      44414338 
 1693      5F345F53 
 1693      74617274 
 1693      00
 1694              	.LASF31:
 1695 01a6 57617665 		.ascii	"WaveDAC8_1_Stop\000"
 1695      44414338 
 1695      5F315F53 
 1695      746F7000 
 1696              	.LASF25:
 1697 01b6 69646C65 		.ascii	"idle_sleep\000"
 1697      5F736C65 
ARM GAS  C:\Users\sepp2\AppData\Local\Temp\ccDC1zk3.s 			page 34


 1697      657000
 1698              	.LASF0:
 1699 01c1 756E7369 		.ascii	"unsigned int\000"
 1699      676E6564 
 1699      20696E74 
 1699      00
 1700              	.LASF9:
 1701 01ce 6C6F6E67 		.ascii	"long long unsigned int\000"
 1701      206C6F6E 
 1701      6720756E 
 1701      7369676E 
 1701      65642069 
 1702              	.LASF17:
 1703 01e5 74696D65 		.ascii	"time\000"
 1703      00
 1704              	.LASF41:
 1705 01ea 433A5C55 		.ascii	"C:\\Users\\sepp2\\Desktop\\Schule\\DIC\\4BHEL\\In_B"
 1705      73657273 
 1705      5C736570 
 1705      70325C44 
 1705      65736B74 
 1706 0216 65617262 		.ascii	"earbeitung\\PSOC\\Synthie\\Synthesizer.cydsn\000"
 1706      65697475 
 1706      6E675C50 
 1706      534F435C 
 1706      53796E74 
 1707              	.LASF15:
 1708 0240 696E7433 		.ascii	"int32_t\000"
 1708      325F7400 
 1709              	.LASF32:
 1710 0248 57617665 		.ascii	"WaveDAC8_2_Stop\000"
 1710      44414338 
 1710      5F325F53 
 1710      746F7000 
 1711              	.LASF22:
 1712 0258 73656368 		.ascii	"sechsentel\000"
 1712      73656E74 
 1712      656C00
 1713              	.LASF1:
 1714 0263 6C6F6E67 		.ascii	"long long int\000"
 1714      206C6F6E 
 1714      6720696E 
 1714      7400
 1715              	.LASF10:
 1716 0271 73697A65 		.ascii	"sizetype\000"
 1716      74797065 
 1716      00
 1717              	.LASF11:
 1718 027a 63686172 		.ascii	"char\000"
 1718      00
 1719              	.LASF5:
 1720 027f 73686F72 		.ascii	"short int\000"
 1720      7420696E 
 1720      7400
 1721              	.LASF29:
 1722 0289 57617665 		.ascii	"WaveDAC8_4_Wave1Setup\000"
 1722      44414338 
ARM GAS  C:\Users\sepp2\AppData\Local\Temp\ccDC1zk3.s 			page 35


 1722      5F345F57 
 1722      61766531 
 1722      53657475 
 1723              	.LASF16:
 1724 029f 746F6E65 		.ascii	"tone\000"
 1724      00
 1725              	.LASF7:
 1726 02a4 6C6F6E67 		.ascii	"long int\000"
 1726      20696E74 
 1726      00
 1727              	.LASF2:
 1728 02ad 6C6F6E67 		.ascii	"long double\000"
 1728      20646F75 
 1728      626C6500 
 1729              	.LASF3:
 1730 02b9 7369676E 		.ascii	"signed char\000"
 1730      65642063 
 1730      68617200 
 1731              	.LASF40:
 1732 02c5 50696365 		.ascii	"Pices.c\000"
 1732      732E6300 
 1733              	.LASF24:
 1734 02cd 746F6E65 		.ascii	"tones\000"
 1734      7300
 1735              	.LASF30:
 1736 02d3 43794465 		.ascii	"CyDelay\000"
 1736      6C617900 
 1737              	.LASF27:
 1738 02db 57617665 		.ascii	"WaveDAC8_2_Wave1Setup\000"
 1738      44414338 
 1738      5F325F57 
 1738      61766531 
 1738      53657475 
 1739              		.ident	"GCC: (GNU Tools for ARM Embedded Processors) 5.4.1 20160609 (release) [ARM/embedded-5-bran
