ARM GAS  C:\Users\sepp2\AppData\Local\Temp\ccAZ1daR.s 			page 1


   1              		.syntax unified
   2              		.cpu cortex-m3
   3              		.fpu softvfp
   4              		.eabi_attribute 20, 1
   5              		.eabi_attribute 21, 1
   6              		.eabi_attribute 23, 3
   7              		.eabi_attribute 24, 1
   8              		.eabi_attribute 25, 1
   9              		.eabi_attribute 26, 1
  10              		.eabi_attribute 30, 1
  11              		.eabi_attribute 34, 1
  12              		.eabi_attribute 18, 4
  13              		.thumb
  14              		.syntax unified
  15              		.file	"Pieces.c"
  16              		.text
  17              	.Ltext0:
  18              		.cfi_sections	.debug_frame
  19              		.section	.text.play_Narcotic,"ax",%progbits
  20              		.align	2
  21              		.global	play_Narcotic
  22              		.thumb
  23              		.thumb_func
  24              		.type	play_Narcotic, %function
  25              	play_Narcotic:
  26              	.LFB63:
  27              		.file 1 "Pieces.c"
   1:Pieces.c      **** /* ========================================
   2:Pieces.c      ****  *
   3:Pieces.c      ****  * Copyright YOUR COMPANY, THE YEAR
   4:Pieces.c      ****  * All Rights Reserved
   5:Pieces.c      ****  * UNPUBLISHED, LICENSED SOFTWARE.
   6:Pieces.c      ****  *
   7:Pieces.c      ****  * CONFIDENTIAL AND PROPRIETARY INFORMATION
   8:Pieces.c      ****  * WHICH IS THE PROPERTY OF your company.
   9:Pieces.c      ****  *
  10:Pieces.c      ****  * ========================================
  11:Pieces.c      **** */
  12:Pieces.c      **** 
  13:Pieces.c      **** /* [] END OF FILE */
  14:Pieces.c      **** #include <math.h>
  15:Pieces.c      **** #include "project.h"
  16:Pieces.c      **** 
  17:Pieces.c      **** #include "Pieces.h"
  18:Pieces.c      **** 
  19:Pieces.c      **** int idle_sleep = 10;
  20:Pieces.c      **** void play_Narcotic(){
  28              		.loc 1 20 0
  29              		.cfi_startproc
  30              		@ args = 0, pretend = 0, frame = 0
  31              		@ frame_needed = 0, uses_anonymous_args = 0
  32 0000 10B5     		push	{r4, lr}
  33              		.cfi_def_cfa_offset 8
  34              		.cfi_offset 4, -8
  35              		.cfi_offset 14, -4
  36              	.LVL0:
  21:Pieces.c      ****     int bpm = 102;
ARM GAS  C:\Users\sepp2\AppData\Local\Temp\ccAZ1daR.s 			page 2


  22:Pieces.c      ****     //int viertel = round(60/bpm*1000);
  23:Pieces.c      ****     int viertel = 450;
  24:Pieces.c      ****     int achtel = round(viertel/2);
  25:Pieces.c      ****     int sechsentel = round(viertel/4);
  26:Pieces.c      ****     playTone(1,achtel);
  37              		.loc 1 26 0
  38 0002 E121     		movs	r1, #225
  39 0004 0120     		movs	r0, #1
  40 0006 FFF7FEFF 		bl	playTone
  41              	.LVL1:
  27:Pieces.c      ****     CyDelay(idle_sleep);
  42              		.loc 1 27 0
  43 000a 504C     		ldr	r4, .L3
  44 000c 2068     		ldr	r0, [r4]
  45 000e FFF7FEFF 		bl	CyDelay
  46              	.LVL2:
  28:Pieces.c      ****     playTone(2,achtel);
  47              		.loc 1 28 0
  48 0012 E121     		movs	r1, #225
  49 0014 0220     		movs	r0, #2
  50 0016 FFF7FEFF 		bl	playTone
  51              	.LVL3:
  29:Pieces.c      ****     playTone(1,achtel);
  52              		.loc 1 29 0
  53 001a E121     		movs	r1, #225
  54 001c 0120     		movs	r0, #1
  55 001e FFF7FEFF 		bl	playTone
  56              	.LVL4:
  30:Pieces.c      ****     CyDelay(idle_sleep);
  57              		.loc 1 30 0
  58 0022 2068     		ldr	r0, [r4]
  59 0024 FFF7FEFF 		bl	CyDelay
  60              	.LVL5:
  31:Pieces.c      ****     playTone(2,achtel);
  61              		.loc 1 31 0
  62 0028 E121     		movs	r1, #225
  63 002a 0220     		movs	r0, #2
  64 002c FFF7FEFF 		bl	playTone
  65              	.LVL6:
  32:Pieces.c      ****     playTone(1,achtel);
  66              		.loc 1 32 0
  67 0030 E121     		movs	r1, #225
  68 0032 0120     		movs	r0, #1
  69 0034 FFF7FEFF 		bl	playTone
  70              	.LVL7:
  33:Pieces.c      ****     CyDelay(idle_sleep);
  71              		.loc 1 33 0
  72 0038 2068     		ldr	r0, [r4]
  73 003a FFF7FEFF 		bl	CyDelay
  74              	.LVL8:
  34:Pieces.c      ****     playTone(2,achtel);
  75              		.loc 1 34 0
  76 003e E121     		movs	r1, #225
  77 0040 0220     		movs	r0, #2
  78 0042 FFF7FEFF 		bl	playTone
  79              	.LVL9:
  35:Pieces.c      ****     playTone(1,sechsentel);
ARM GAS  C:\Users\sepp2\AppData\Local\Temp\ccAZ1daR.s 			page 3


  80              		.loc 1 35 0
  81 0046 7021     		movs	r1, #112
  82 0048 0120     		movs	r0, #1
  83 004a FFF7FEFF 		bl	playTone
  84              	.LVL10:
  36:Pieces.c      ****     playTone(3,sechsentel);
  85              		.loc 1 36 0
  86 004e 7021     		movs	r1, #112
  87 0050 0320     		movs	r0, #3
  88 0052 FFF7FEFF 		bl	playTone
  89              	.LVL11:
  37:Pieces.c      ****     playTone(3,achtel);
  90              		.loc 1 37 0
  91 0056 E121     		movs	r1, #225
  92 0058 0320     		movs	r0, #3
  93 005a FFF7FEFF 		bl	playTone
  94              	.LVL12:
  38:Pieces.c      ****     playTone(2,achtel);
  95              		.loc 1 38 0
  96 005e E121     		movs	r1, #225
  97 0060 0220     		movs	r0, #2
  98 0062 FFF7FEFF 		bl	playTone
  99              	.LVL13:
  39:Pieces.c      ****     CyDelay(idle_sleep);
 100              		.loc 1 39 0
 101 0066 2068     		ldr	r0, [r4]
 102 0068 FFF7FEFF 		bl	CyDelay
 103              	.LVL14:
  40:Pieces.c      ****     playTone(3,achtel);
 104              		.loc 1 40 0
 105 006c E121     		movs	r1, #225
 106 006e 0320     		movs	r0, #3
 107 0070 FFF7FEFF 		bl	playTone
 108              	.LVL15:
  41:Pieces.c      ****     playTone(2,achtel);
 109              		.loc 1 41 0
 110 0074 E121     		movs	r1, #225
 111 0076 0220     		movs	r0, #2
 112 0078 FFF7FEFF 		bl	playTone
 113              	.LVL16:
  42:Pieces.c      ****     CyDelay(idle_sleep);
 114              		.loc 1 42 0
 115 007c 2068     		ldr	r0, [r4]
 116 007e FFF7FEFF 		bl	CyDelay
 117              	.LVL17:
  43:Pieces.c      ****     playTone(3,achtel);
 118              		.loc 1 43 0
 119 0082 E121     		movs	r1, #225
 120 0084 0320     		movs	r0, #3
 121 0086 FFF7FEFF 		bl	playTone
 122              	.LVL18:
  44:Pieces.c      ****     playTone(2,achtel);
 123              		.loc 1 44 0
 124 008a E121     		movs	r1, #225
 125 008c 0220     		movs	r0, #2
 126 008e FFF7FEFF 		bl	playTone
 127              	.LVL19:
ARM GAS  C:\Users\sepp2\AppData\Local\Temp\ccAZ1daR.s 			page 4


  45:Pieces.c      ****     CyDelay(idle_sleep);
 128              		.loc 1 45 0
 129 0092 2068     		ldr	r0, [r4]
 130 0094 FFF7FEFF 		bl	CyDelay
 131              	.LVL20:
  46:Pieces.c      ****     playTone(3,achtel);
 132              		.loc 1 46 0
 133 0098 E121     		movs	r1, #225
 134 009a 0320     		movs	r0, #3
 135 009c FFF7FEFF 		bl	playTone
 136              	.LVL21:
  47:Pieces.c      ****     playTone(4,sechsentel);
 137              		.loc 1 47 0
 138 00a0 7021     		movs	r1, #112
 139 00a2 0420     		movs	r0, #4
 140 00a4 FFF7FEFF 		bl	playTone
 141              	.LVL22:
  48:Pieces.c      ****     playTone(5,sechsentel);
 142              		.loc 1 48 0
 143 00a8 7021     		movs	r1, #112
 144 00aa 0520     		movs	r0, #5
 145 00ac FFF7FEFF 		bl	playTone
 146              	.LVL23:
  49:Pieces.c      ****     playTone(5,achtel);
 147              		.loc 1 49 0
 148 00b0 E121     		movs	r1, #225
 149 00b2 0520     		movs	r0, #5
 150 00b4 FFF7FEFF 		bl	playTone
 151              	.LVL24:
  50:Pieces.c      ****     playTone(4,achtel);
 152              		.loc 1 50 0
 153 00b8 E121     		movs	r1, #225
 154 00ba 0420     		movs	r0, #4
 155 00bc FFF7FEFF 		bl	playTone
 156              	.LVL25:
  51:Pieces.c      ****     CyDelay(idle_sleep);
 157              		.loc 1 51 0
 158 00c0 2068     		ldr	r0, [r4]
 159 00c2 FFF7FEFF 		bl	CyDelay
 160              	.LVL26:
  52:Pieces.c      ****     playTone(5,achtel);
 161              		.loc 1 52 0
 162 00c6 E121     		movs	r1, #225
 163 00c8 0520     		movs	r0, #5
 164 00ca FFF7FEFF 		bl	playTone
 165              	.LVL27:
  53:Pieces.c      ****     playTone(4,achtel);
 166              		.loc 1 53 0
 167 00ce E121     		movs	r1, #225
 168 00d0 0420     		movs	r0, #4
 169 00d2 FFF7FEFF 		bl	playTone
 170              	.LVL28:
  54:Pieces.c      ****     CyDelay(idle_sleep);
 171              		.loc 1 54 0
 172 00d6 2068     		ldr	r0, [r4]
 173 00d8 FFF7FEFF 		bl	CyDelay
 174              	.LVL29:
ARM GAS  C:\Users\sepp2\AppData\Local\Temp\ccAZ1daR.s 			page 5


  55:Pieces.c      ****     playTone(5,achtel);
 175              		.loc 1 55 0
 176 00dc E121     		movs	r1, #225
 177 00de 0520     		movs	r0, #5
 178 00e0 FFF7FEFF 		bl	playTone
 179              	.LVL30:
  56:Pieces.c      ****     playTone(4,achtel);
 180              		.loc 1 56 0
 181 00e4 E121     		movs	r1, #225
 182 00e6 0420     		movs	r0, #4
 183 00e8 FFF7FEFF 		bl	playTone
 184              	.LVL31:
  57:Pieces.c      ****     CyDelay(idle_sleep);
 185              		.loc 1 57 0
 186 00ec 2068     		ldr	r0, [r4]
 187 00ee FFF7FEFF 		bl	CyDelay
 188              	.LVL32:
  58:Pieces.c      ****     playTone(5,achtel);
 189              		.loc 1 58 0
 190 00f2 E121     		movs	r1, #225
 191 00f4 0520     		movs	r0, #5
 192 00f6 FFF7FEFF 		bl	playTone
 193              	.LVL33:
  59:Pieces.c      ****     playTone(4,sechsentel);
 194              		.loc 1 59 0
 195 00fa 7021     		movs	r1, #112
 196 00fc 0420     		movs	r0, #4
 197 00fe FFF7FEFF 		bl	playTone
 198              	.LVL34:
  60:Pieces.c      ****     playTone(2,sechsentel);
 199              		.loc 1 60 0
 200 0102 7021     		movs	r1, #112
 201 0104 0220     		movs	r0, #2
 202 0106 FFF7FEFF 		bl	playTone
 203              	.LVL35:
  61:Pieces.c      ****     playTone(2,achtel);
 204              		.loc 1 61 0
 205 010a E121     		movs	r1, #225
 206 010c 0220     		movs	r0, #2
 207 010e FFF7FEFF 		bl	playTone
 208              	.LVL36:
  62:Pieces.c      ****     playTone(1,achtel);
 209              		.loc 1 62 0
 210 0112 E121     		movs	r1, #225
 211 0114 0120     		movs	r0, #1
 212 0116 FFF7FEFF 		bl	playTone
 213              	.LVL37:
  63:Pieces.c      ****     CyDelay(idle_sleep);
 214              		.loc 1 63 0
 215 011a 2068     		ldr	r0, [r4]
 216 011c FFF7FEFF 		bl	CyDelay
 217              	.LVL38:
  64:Pieces.c      ****     playTone(2,achtel);
 218              		.loc 1 64 0
 219 0120 E121     		movs	r1, #225
 220 0122 0220     		movs	r0, #2
 221 0124 FFF7FEFF 		bl	playTone
ARM GAS  C:\Users\sepp2\AppData\Local\Temp\ccAZ1daR.s 			page 6


 222              	.LVL39:
  65:Pieces.c      ****     playTone(1,achtel);
 223              		.loc 1 65 0
 224 0128 E121     		movs	r1, #225
 225 012a 0120     		movs	r0, #1
 226 012c FFF7FEFF 		bl	playTone
 227              	.LVL40:
  66:Pieces.c      ****     CyDelay(idle_sleep);
 228              		.loc 1 66 0
 229 0130 2068     		ldr	r0, [r4]
 230 0132 FFF7FEFF 		bl	CyDelay
 231              	.LVL41:
  67:Pieces.c      ****     playTone(2,achtel+sechsentel);
 232              		.loc 1 67 0
 233 0136 40F25111 		movw	r1, #337
 234 013a 0220     		movs	r0, #2
 235 013c FFF7FEFF 		bl	playTone
 236              	.LVL42:
  68:Pieces.c      ****     playTone(3,achtel);
 237              		.loc 1 68 0
 238 0140 E121     		movs	r1, #225
 239 0142 0320     		movs	r0, #3
 240 0144 FFF7FEFF 		bl	playTone
 241              	.LVL43:
 242 0148 10BD     		pop	{r4, pc}
 243              	.L4:
 244 014a 00BF     		.align	2
 245              	.L3:
 246 014c 00000000 		.word	.LANCHOR0
 247              		.cfi_endproc
 248              	.LFE63:
 249              		.size	play_Narcotic, .-play_Narcotic
 250              		.global	idle_sleep
 251              		.data
 252              		.align	2
 253              		.set	.LANCHOR0,. + 0
 254              		.type	idle_sleep, %object
 255              		.size	idle_sleep, 4
 256              	idle_sleep:
 257 0000 0A000000 		.word	10
 258              		.text
 259              	.Letext0:
 260              		.file 2 "c:\\program files (x86)\\cypress\\psoc creator\\4.4\\psoc creator\\import\\gnu\\arm\\5.4.
 261              		.file 3 "c:\\program files (x86)\\cypress\\psoc creator\\4.4\\psoc creator\\import\\gnu\\arm\\5.4.
 262              		.file 4 "Generated_Source\\PSoC5/core_cm3.h"
 263              		.file 5 "Generated_Source\\PSoC5/CyLib.h"
 264              		.section	.debug_info,"",%progbits
 265              	.Ldebug_info0:
 266 0000 B1040000 		.4byte	0x4b1
 267 0004 0400     		.2byte	0x4
 268 0006 00000000 		.4byte	.Ldebug_abbrev0
 269 000a 04       		.byte	0x4
 270 000b 01       		.uleb128 0x1
 271 000c 2E000000 		.4byte	.LASF23
 272 0010 0C       		.byte	0xc
 273 0011 F5000000 		.4byte	.LASF24
 274 0015 11010000 		.4byte	.LASF25
ARM GAS  C:\Users\sepp2\AppData\Local\Temp\ccAZ1daR.s 			page 7


 275 0019 00000000 		.4byte	.Ldebug_ranges0+0
 276 001d 00000000 		.4byte	0
 277 0021 00000000 		.4byte	.Ldebug_line0
 278 0025 02       		.uleb128 0x2
 279 0026 04       		.byte	0x4
 280 0027 05       		.byte	0x5
 281 0028 696E7400 		.ascii	"int\000"
 282 002c 03       		.uleb128 0x3
 283 002d 04       		.byte	0x4
 284 002e 07       		.byte	0x7
 285 002f 21000000 		.4byte	.LASF0
 286 0033 03       		.uleb128 0x3
 287 0034 08       		.byte	0x8
 288 0035 05       		.byte	0x5
 289 0036 00000000 		.4byte	.LASF1
 290 003a 03       		.uleb128 0x3
 291 003b 08       		.byte	0x8
 292 003c 04       		.byte	0x4
 293 003d 70010000 		.4byte	.LASF2
 294 0041 03       		.uleb128 0x3
 295 0042 01       		.byte	0x1
 296 0043 06       		.byte	0x6
 297 0044 AE010000 		.4byte	.LASF3
 298 0048 03       		.uleb128 0x3
 299 0049 01       		.byte	0x1
 300 004a 08       		.byte	0x8
 301 004b FE000000 		.4byte	.LASF4
 302 004f 03       		.uleb128 0x3
 303 0050 02       		.byte	0x2
 304 0051 05       		.byte	0x5
 305 0052 E0010000 		.4byte	.LASF5
 306 0056 03       		.uleb128 0x3
 307 0057 02       		.byte	0x2
 308 0058 07       		.byte	0x7
 309 0059 0E000000 		.4byte	.LASF6
 310 005d 04       		.uleb128 0x4
 311 005e C5010000 		.4byte	.LASF14
 312 0062 02       		.byte	0x2
 313 0063 3F       		.byte	0x3f
 314 0064 68000000 		.4byte	0x68
 315 0068 03       		.uleb128 0x3
 316 0069 04       		.byte	0x4
 317 006a 05       		.byte	0x5
 318 006b 67010000 		.4byte	.LASF7
 319 006f 03       		.uleb128 0x3
 320 0070 04       		.byte	0x4
 321 0071 07       		.byte	0x7
 322 0072 CC000000 		.4byte	.LASF8
 323 0076 03       		.uleb128 0x3
 324 0077 08       		.byte	0x8
 325 0078 07       		.byte	0x7
 326 0079 DE000000 		.4byte	.LASF9
 327 007d 03       		.uleb128 0x3
 328 007e 04       		.byte	0x4
 329 007f 07       		.byte	0x7
 330 0080 F2010000 		.4byte	.LASF10
 331 0084 03       		.uleb128 0x3
ARM GAS  C:\Users\sepp2\AppData\Local\Temp\ccAZ1daR.s 			page 8


 332 0085 01       		.byte	0x1
 333 0086 08       		.byte	0x8
 334 0087 0C010000 		.4byte	.LASF11
 335 008b 03       		.uleb128 0x3
 336 008c 08       		.byte	0x8
 337 008d 04       		.byte	0x4
 338 008e 93010000 		.4byte	.LASF12
 339 0092 03       		.uleb128 0x3
 340 0093 04       		.byte	0x4
 341 0094 04       		.byte	0x4
 342 0095 CF010000 		.4byte	.LASF13
 343 0099 04       		.uleb128 0x4
 344 009a EA010000 		.4byte	.LASF15
 345 009e 03       		.byte	0x3
 346 009f 2C       		.byte	0x2c
 347 00a0 5D000000 		.4byte	0x5d
 348 00a4 05       		.uleb128 0x5
 349 00a5 7C010000 		.4byte	.LASF26
 350 00a9 01       		.byte	0x1
 351 00aa 14       		.byte	0x14
 352 00ab 00000000 		.4byte	.LFB63
 353 00af 50010000 		.4byte	.LFE63-.LFB63
 354 00b3 01       		.uleb128 0x1
 355 00b4 9C       		.byte	0x9c
 356 00b5 7C040000 		.4byte	0x47c
 357 00b9 06       		.uleb128 0x6
 358 00ba 62706D00 		.ascii	"bpm\000"
 359 00be 01       		.byte	0x1
 360 00bf 15       		.byte	0x15
 361 00c0 25000000 		.4byte	0x25
 362 00c4 66       		.byte	0x66
 363 00c5 07       		.uleb128 0x7
 364 00c6 C4000000 		.4byte	.LASF16
 365 00ca 01       		.byte	0x1
 366 00cb 17       		.byte	0x17
 367 00cc 25000000 		.4byte	0x25
 368 00d0 C201     		.2byte	0x1c2
 369 00d2 08       		.uleb128 0x8
 370 00d3 9A010000 		.4byte	.LASF17
 371 00d7 01       		.byte	0x1
 372 00d8 18       		.byte	0x18
 373 00d9 25000000 		.4byte	0x25
 374 00dd E1       		.byte	0xe1
 375 00de 08       		.uleb128 0x8
 376 00df BA010000 		.4byte	.LASF18
 377 00e3 01       		.byte	0x1
 378 00e4 19       		.byte	0x19
 379 00e5 25000000 		.4byte	0x25
 380 00e9 70       		.byte	0x70
 381 00ea 09       		.uleb128 0x9
 382 00eb 8A010000 		.4byte	.LASF21
 383 00ef 01       		.byte	0x1
 384 00f0 1A       		.byte	0x1a
 385 00f1 25000000 		.4byte	0x25
 386 00f5 FB000000 		.4byte	0xfb
 387 00f9 0A       		.uleb128 0xa
 388 00fa 00       		.byte	0
ARM GAS  C:\Users\sepp2\AppData\Local\Temp\ccAZ1daR.s 			page 9


 389 00fb 0B       		.uleb128 0xb
 390 00fc 0A000000 		.4byte	.LVL1
 391 0100 9E040000 		.4byte	0x49e
 392 0104 14010000 		.4byte	0x114
 393 0108 0C       		.uleb128 0xc
 394 0109 01       		.uleb128 0x1
 395 010a 50       		.byte	0x50
 396 010b 01       		.uleb128 0x1
 397 010c 31       		.byte	0x31
 398 010d 0C       		.uleb128 0xc
 399 010e 01       		.uleb128 0x1
 400 010f 51       		.byte	0x51
 401 0110 02       		.uleb128 0x2
 402 0111 08       		.byte	0x8
 403 0112 E1       		.byte	0xe1
 404 0113 00       		.byte	0
 405 0114 0D       		.uleb128 0xd
 406 0115 12000000 		.4byte	.LVL2
 407 0119 A9040000 		.4byte	0x4a9
 408 011d 0B       		.uleb128 0xb
 409 011e 1A000000 		.4byte	.LVL3
 410 0122 9E040000 		.4byte	0x49e
 411 0126 36010000 		.4byte	0x136
 412 012a 0C       		.uleb128 0xc
 413 012b 01       		.uleb128 0x1
 414 012c 50       		.byte	0x50
 415 012d 01       		.uleb128 0x1
 416 012e 32       		.byte	0x32
 417 012f 0C       		.uleb128 0xc
 418 0130 01       		.uleb128 0x1
 419 0131 51       		.byte	0x51
 420 0132 02       		.uleb128 0x2
 421 0133 08       		.byte	0x8
 422 0134 E1       		.byte	0xe1
 423 0135 00       		.byte	0
 424 0136 0B       		.uleb128 0xb
 425 0137 22000000 		.4byte	.LVL4
 426 013b 9E040000 		.4byte	0x49e
 427 013f 4F010000 		.4byte	0x14f
 428 0143 0C       		.uleb128 0xc
 429 0144 01       		.uleb128 0x1
 430 0145 50       		.byte	0x50
 431 0146 01       		.uleb128 0x1
 432 0147 31       		.byte	0x31
 433 0148 0C       		.uleb128 0xc
 434 0149 01       		.uleb128 0x1
 435 014a 51       		.byte	0x51
 436 014b 02       		.uleb128 0x2
 437 014c 08       		.byte	0x8
 438 014d E1       		.byte	0xe1
 439 014e 00       		.byte	0
 440 014f 0D       		.uleb128 0xd
 441 0150 28000000 		.4byte	.LVL5
 442 0154 A9040000 		.4byte	0x4a9
 443 0158 0B       		.uleb128 0xb
 444 0159 30000000 		.4byte	.LVL6
 445 015d 9E040000 		.4byte	0x49e
ARM GAS  C:\Users\sepp2\AppData\Local\Temp\ccAZ1daR.s 			page 10


 446 0161 71010000 		.4byte	0x171
 447 0165 0C       		.uleb128 0xc
 448 0166 01       		.uleb128 0x1
 449 0167 50       		.byte	0x50
 450 0168 01       		.uleb128 0x1
 451 0169 32       		.byte	0x32
 452 016a 0C       		.uleb128 0xc
 453 016b 01       		.uleb128 0x1
 454 016c 51       		.byte	0x51
 455 016d 02       		.uleb128 0x2
 456 016e 08       		.byte	0x8
 457 016f E1       		.byte	0xe1
 458 0170 00       		.byte	0
 459 0171 0B       		.uleb128 0xb
 460 0172 38000000 		.4byte	.LVL7
 461 0176 9E040000 		.4byte	0x49e
 462 017a 8A010000 		.4byte	0x18a
 463 017e 0C       		.uleb128 0xc
 464 017f 01       		.uleb128 0x1
 465 0180 50       		.byte	0x50
 466 0181 01       		.uleb128 0x1
 467 0182 31       		.byte	0x31
 468 0183 0C       		.uleb128 0xc
 469 0184 01       		.uleb128 0x1
 470 0185 51       		.byte	0x51
 471 0186 02       		.uleb128 0x2
 472 0187 08       		.byte	0x8
 473 0188 E1       		.byte	0xe1
 474 0189 00       		.byte	0
 475 018a 0D       		.uleb128 0xd
 476 018b 3E000000 		.4byte	.LVL8
 477 018f A9040000 		.4byte	0x4a9
 478 0193 0B       		.uleb128 0xb
 479 0194 46000000 		.4byte	.LVL9
 480 0198 9E040000 		.4byte	0x49e
 481 019c AC010000 		.4byte	0x1ac
 482 01a0 0C       		.uleb128 0xc
 483 01a1 01       		.uleb128 0x1
 484 01a2 50       		.byte	0x50
 485 01a3 01       		.uleb128 0x1
 486 01a4 32       		.byte	0x32
 487 01a5 0C       		.uleb128 0xc
 488 01a6 01       		.uleb128 0x1
 489 01a7 51       		.byte	0x51
 490 01a8 02       		.uleb128 0x2
 491 01a9 08       		.byte	0x8
 492 01aa E1       		.byte	0xe1
 493 01ab 00       		.byte	0
 494 01ac 0B       		.uleb128 0xb
 495 01ad 4E000000 		.4byte	.LVL10
 496 01b1 9E040000 		.4byte	0x49e
 497 01b5 C5010000 		.4byte	0x1c5
 498 01b9 0C       		.uleb128 0xc
 499 01ba 01       		.uleb128 0x1
 500 01bb 50       		.byte	0x50
 501 01bc 01       		.uleb128 0x1
 502 01bd 31       		.byte	0x31
ARM GAS  C:\Users\sepp2\AppData\Local\Temp\ccAZ1daR.s 			page 11


 503 01be 0C       		.uleb128 0xc
 504 01bf 01       		.uleb128 0x1
 505 01c0 51       		.byte	0x51
 506 01c1 02       		.uleb128 0x2
 507 01c2 08       		.byte	0x8
 508 01c3 70       		.byte	0x70
 509 01c4 00       		.byte	0
 510 01c5 0B       		.uleb128 0xb
 511 01c6 56000000 		.4byte	.LVL11
 512 01ca 9E040000 		.4byte	0x49e
 513 01ce DE010000 		.4byte	0x1de
 514 01d2 0C       		.uleb128 0xc
 515 01d3 01       		.uleb128 0x1
 516 01d4 50       		.byte	0x50
 517 01d5 01       		.uleb128 0x1
 518 01d6 33       		.byte	0x33
 519 01d7 0C       		.uleb128 0xc
 520 01d8 01       		.uleb128 0x1
 521 01d9 51       		.byte	0x51
 522 01da 02       		.uleb128 0x2
 523 01db 08       		.byte	0x8
 524 01dc 70       		.byte	0x70
 525 01dd 00       		.byte	0
 526 01de 0B       		.uleb128 0xb
 527 01df 5E000000 		.4byte	.LVL12
 528 01e3 9E040000 		.4byte	0x49e
 529 01e7 F7010000 		.4byte	0x1f7
 530 01eb 0C       		.uleb128 0xc
 531 01ec 01       		.uleb128 0x1
 532 01ed 50       		.byte	0x50
 533 01ee 01       		.uleb128 0x1
 534 01ef 33       		.byte	0x33
 535 01f0 0C       		.uleb128 0xc
 536 01f1 01       		.uleb128 0x1
 537 01f2 51       		.byte	0x51
 538 01f3 02       		.uleb128 0x2
 539 01f4 08       		.byte	0x8
 540 01f5 E1       		.byte	0xe1
 541 01f6 00       		.byte	0
 542 01f7 0B       		.uleb128 0xb
 543 01f8 66000000 		.4byte	.LVL13
 544 01fc 9E040000 		.4byte	0x49e
 545 0200 10020000 		.4byte	0x210
 546 0204 0C       		.uleb128 0xc
 547 0205 01       		.uleb128 0x1
 548 0206 50       		.byte	0x50
 549 0207 01       		.uleb128 0x1
 550 0208 32       		.byte	0x32
 551 0209 0C       		.uleb128 0xc
 552 020a 01       		.uleb128 0x1
 553 020b 51       		.byte	0x51
 554 020c 02       		.uleb128 0x2
 555 020d 08       		.byte	0x8
 556 020e E1       		.byte	0xe1
 557 020f 00       		.byte	0
 558 0210 0D       		.uleb128 0xd
 559 0211 6C000000 		.4byte	.LVL14
ARM GAS  C:\Users\sepp2\AppData\Local\Temp\ccAZ1daR.s 			page 12


 560 0215 A9040000 		.4byte	0x4a9
 561 0219 0B       		.uleb128 0xb
 562 021a 74000000 		.4byte	.LVL15
 563 021e 9E040000 		.4byte	0x49e
 564 0222 32020000 		.4byte	0x232
 565 0226 0C       		.uleb128 0xc
 566 0227 01       		.uleb128 0x1
 567 0228 50       		.byte	0x50
 568 0229 01       		.uleb128 0x1
 569 022a 33       		.byte	0x33
 570 022b 0C       		.uleb128 0xc
 571 022c 01       		.uleb128 0x1
 572 022d 51       		.byte	0x51
 573 022e 02       		.uleb128 0x2
 574 022f 08       		.byte	0x8
 575 0230 E1       		.byte	0xe1
 576 0231 00       		.byte	0
 577 0232 0B       		.uleb128 0xb
 578 0233 7C000000 		.4byte	.LVL16
 579 0237 9E040000 		.4byte	0x49e
 580 023b 4B020000 		.4byte	0x24b
 581 023f 0C       		.uleb128 0xc
 582 0240 01       		.uleb128 0x1
 583 0241 50       		.byte	0x50
 584 0242 01       		.uleb128 0x1
 585 0243 32       		.byte	0x32
 586 0244 0C       		.uleb128 0xc
 587 0245 01       		.uleb128 0x1
 588 0246 51       		.byte	0x51
 589 0247 02       		.uleb128 0x2
 590 0248 08       		.byte	0x8
 591 0249 E1       		.byte	0xe1
 592 024a 00       		.byte	0
 593 024b 0D       		.uleb128 0xd
 594 024c 82000000 		.4byte	.LVL17
 595 0250 A9040000 		.4byte	0x4a9
 596 0254 0B       		.uleb128 0xb
 597 0255 8A000000 		.4byte	.LVL18
 598 0259 9E040000 		.4byte	0x49e
 599 025d 6D020000 		.4byte	0x26d
 600 0261 0C       		.uleb128 0xc
 601 0262 01       		.uleb128 0x1
 602 0263 50       		.byte	0x50
 603 0264 01       		.uleb128 0x1
 604 0265 33       		.byte	0x33
 605 0266 0C       		.uleb128 0xc
 606 0267 01       		.uleb128 0x1
 607 0268 51       		.byte	0x51
 608 0269 02       		.uleb128 0x2
 609 026a 08       		.byte	0x8
 610 026b E1       		.byte	0xe1
 611 026c 00       		.byte	0
 612 026d 0B       		.uleb128 0xb
 613 026e 92000000 		.4byte	.LVL19
 614 0272 9E040000 		.4byte	0x49e
 615 0276 86020000 		.4byte	0x286
 616 027a 0C       		.uleb128 0xc
ARM GAS  C:\Users\sepp2\AppData\Local\Temp\ccAZ1daR.s 			page 13


 617 027b 01       		.uleb128 0x1
 618 027c 50       		.byte	0x50
 619 027d 01       		.uleb128 0x1
 620 027e 32       		.byte	0x32
 621 027f 0C       		.uleb128 0xc
 622 0280 01       		.uleb128 0x1
 623 0281 51       		.byte	0x51
 624 0282 02       		.uleb128 0x2
 625 0283 08       		.byte	0x8
 626 0284 E1       		.byte	0xe1
 627 0285 00       		.byte	0
 628 0286 0D       		.uleb128 0xd
 629 0287 98000000 		.4byte	.LVL20
 630 028b A9040000 		.4byte	0x4a9
 631 028f 0B       		.uleb128 0xb
 632 0290 A0000000 		.4byte	.LVL21
 633 0294 9E040000 		.4byte	0x49e
 634 0298 A8020000 		.4byte	0x2a8
 635 029c 0C       		.uleb128 0xc
 636 029d 01       		.uleb128 0x1
 637 029e 50       		.byte	0x50
 638 029f 01       		.uleb128 0x1
 639 02a0 33       		.byte	0x33
 640 02a1 0C       		.uleb128 0xc
 641 02a2 01       		.uleb128 0x1
 642 02a3 51       		.byte	0x51
 643 02a4 02       		.uleb128 0x2
 644 02a5 08       		.byte	0x8
 645 02a6 E1       		.byte	0xe1
 646 02a7 00       		.byte	0
 647 02a8 0B       		.uleb128 0xb
 648 02a9 A8000000 		.4byte	.LVL22
 649 02ad 9E040000 		.4byte	0x49e
 650 02b1 C1020000 		.4byte	0x2c1
 651 02b5 0C       		.uleb128 0xc
 652 02b6 01       		.uleb128 0x1
 653 02b7 50       		.byte	0x50
 654 02b8 01       		.uleb128 0x1
 655 02b9 34       		.byte	0x34
 656 02ba 0C       		.uleb128 0xc
 657 02bb 01       		.uleb128 0x1
 658 02bc 51       		.byte	0x51
 659 02bd 02       		.uleb128 0x2
 660 02be 08       		.byte	0x8
 661 02bf 70       		.byte	0x70
 662 02c0 00       		.byte	0
 663 02c1 0B       		.uleb128 0xb
 664 02c2 B0000000 		.4byte	.LVL23
 665 02c6 9E040000 		.4byte	0x49e
 666 02ca DA020000 		.4byte	0x2da
 667 02ce 0C       		.uleb128 0xc
 668 02cf 01       		.uleb128 0x1
 669 02d0 50       		.byte	0x50
 670 02d1 01       		.uleb128 0x1
 671 02d2 35       		.byte	0x35
 672 02d3 0C       		.uleb128 0xc
 673 02d4 01       		.uleb128 0x1
ARM GAS  C:\Users\sepp2\AppData\Local\Temp\ccAZ1daR.s 			page 14


 674 02d5 51       		.byte	0x51
 675 02d6 02       		.uleb128 0x2
 676 02d7 08       		.byte	0x8
 677 02d8 70       		.byte	0x70
 678 02d9 00       		.byte	0
 679 02da 0B       		.uleb128 0xb
 680 02db B8000000 		.4byte	.LVL24
 681 02df 9E040000 		.4byte	0x49e
 682 02e3 F3020000 		.4byte	0x2f3
 683 02e7 0C       		.uleb128 0xc
 684 02e8 01       		.uleb128 0x1
 685 02e9 50       		.byte	0x50
 686 02ea 01       		.uleb128 0x1
 687 02eb 35       		.byte	0x35
 688 02ec 0C       		.uleb128 0xc
 689 02ed 01       		.uleb128 0x1
 690 02ee 51       		.byte	0x51
 691 02ef 02       		.uleb128 0x2
 692 02f0 08       		.byte	0x8
 693 02f1 E1       		.byte	0xe1
 694 02f2 00       		.byte	0
 695 02f3 0B       		.uleb128 0xb
 696 02f4 C0000000 		.4byte	.LVL25
 697 02f8 9E040000 		.4byte	0x49e
 698 02fc 0C030000 		.4byte	0x30c
 699 0300 0C       		.uleb128 0xc
 700 0301 01       		.uleb128 0x1
 701 0302 50       		.byte	0x50
 702 0303 01       		.uleb128 0x1
 703 0304 34       		.byte	0x34
 704 0305 0C       		.uleb128 0xc
 705 0306 01       		.uleb128 0x1
 706 0307 51       		.byte	0x51
 707 0308 02       		.uleb128 0x2
 708 0309 08       		.byte	0x8
 709 030a E1       		.byte	0xe1
 710 030b 00       		.byte	0
 711 030c 0D       		.uleb128 0xd
 712 030d C6000000 		.4byte	.LVL26
 713 0311 A9040000 		.4byte	0x4a9
 714 0315 0B       		.uleb128 0xb
 715 0316 CE000000 		.4byte	.LVL27
 716 031a 9E040000 		.4byte	0x49e
 717 031e 2E030000 		.4byte	0x32e
 718 0322 0C       		.uleb128 0xc
 719 0323 01       		.uleb128 0x1
 720 0324 50       		.byte	0x50
 721 0325 01       		.uleb128 0x1
 722 0326 35       		.byte	0x35
 723 0327 0C       		.uleb128 0xc
 724 0328 01       		.uleb128 0x1
 725 0329 51       		.byte	0x51
 726 032a 02       		.uleb128 0x2
 727 032b 08       		.byte	0x8
 728 032c E1       		.byte	0xe1
 729 032d 00       		.byte	0
 730 032e 0B       		.uleb128 0xb
ARM GAS  C:\Users\sepp2\AppData\Local\Temp\ccAZ1daR.s 			page 15


 731 032f D6000000 		.4byte	.LVL28
 732 0333 9E040000 		.4byte	0x49e
 733 0337 47030000 		.4byte	0x347
 734 033b 0C       		.uleb128 0xc
 735 033c 01       		.uleb128 0x1
 736 033d 50       		.byte	0x50
 737 033e 01       		.uleb128 0x1
 738 033f 34       		.byte	0x34
 739 0340 0C       		.uleb128 0xc
 740 0341 01       		.uleb128 0x1
 741 0342 51       		.byte	0x51
 742 0343 02       		.uleb128 0x2
 743 0344 08       		.byte	0x8
 744 0345 E1       		.byte	0xe1
 745 0346 00       		.byte	0
 746 0347 0D       		.uleb128 0xd
 747 0348 DC000000 		.4byte	.LVL29
 748 034c A9040000 		.4byte	0x4a9
 749 0350 0B       		.uleb128 0xb
 750 0351 E4000000 		.4byte	.LVL30
 751 0355 9E040000 		.4byte	0x49e
 752 0359 69030000 		.4byte	0x369
 753 035d 0C       		.uleb128 0xc
 754 035e 01       		.uleb128 0x1
 755 035f 50       		.byte	0x50
 756 0360 01       		.uleb128 0x1
 757 0361 35       		.byte	0x35
 758 0362 0C       		.uleb128 0xc
 759 0363 01       		.uleb128 0x1
 760 0364 51       		.byte	0x51
 761 0365 02       		.uleb128 0x2
 762 0366 08       		.byte	0x8
 763 0367 E1       		.byte	0xe1
 764 0368 00       		.byte	0
 765 0369 0B       		.uleb128 0xb
 766 036a EC000000 		.4byte	.LVL31
 767 036e 9E040000 		.4byte	0x49e
 768 0372 82030000 		.4byte	0x382
 769 0376 0C       		.uleb128 0xc
 770 0377 01       		.uleb128 0x1
 771 0378 50       		.byte	0x50
 772 0379 01       		.uleb128 0x1
 773 037a 34       		.byte	0x34
 774 037b 0C       		.uleb128 0xc
 775 037c 01       		.uleb128 0x1
 776 037d 51       		.byte	0x51
 777 037e 02       		.uleb128 0x2
 778 037f 08       		.byte	0x8
 779 0380 E1       		.byte	0xe1
 780 0381 00       		.byte	0
 781 0382 0D       		.uleb128 0xd
 782 0383 F2000000 		.4byte	.LVL32
 783 0387 A9040000 		.4byte	0x4a9
 784 038b 0B       		.uleb128 0xb
 785 038c FA000000 		.4byte	.LVL33
 786 0390 9E040000 		.4byte	0x49e
 787 0394 A4030000 		.4byte	0x3a4
ARM GAS  C:\Users\sepp2\AppData\Local\Temp\ccAZ1daR.s 			page 16


 788 0398 0C       		.uleb128 0xc
 789 0399 01       		.uleb128 0x1
 790 039a 50       		.byte	0x50
 791 039b 01       		.uleb128 0x1
 792 039c 35       		.byte	0x35
 793 039d 0C       		.uleb128 0xc
 794 039e 01       		.uleb128 0x1
 795 039f 51       		.byte	0x51
 796 03a0 02       		.uleb128 0x2
 797 03a1 08       		.byte	0x8
 798 03a2 E1       		.byte	0xe1
 799 03a3 00       		.byte	0
 800 03a4 0B       		.uleb128 0xb
 801 03a5 02010000 		.4byte	.LVL34
 802 03a9 9E040000 		.4byte	0x49e
 803 03ad BD030000 		.4byte	0x3bd
 804 03b1 0C       		.uleb128 0xc
 805 03b2 01       		.uleb128 0x1
 806 03b3 50       		.byte	0x50
 807 03b4 01       		.uleb128 0x1
 808 03b5 34       		.byte	0x34
 809 03b6 0C       		.uleb128 0xc
 810 03b7 01       		.uleb128 0x1
 811 03b8 51       		.byte	0x51
 812 03b9 02       		.uleb128 0x2
 813 03ba 08       		.byte	0x8
 814 03bb 70       		.byte	0x70
 815 03bc 00       		.byte	0
 816 03bd 0B       		.uleb128 0xb
 817 03be 0A010000 		.4byte	.LVL35
 818 03c2 9E040000 		.4byte	0x49e
 819 03c6 D6030000 		.4byte	0x3d6
 820 03ca 0C       		.uleb128 0xc
 821 03cb 01       		.uleb128 0x1
 822 03cc 50       		.byte	0x50
 823 03cd 01       		.uleb128 0x1
 824 03ce 32       		.byte	0x32
 825 03cf 0C       		.uleb128 0xc
 826 03d0 01       		.uleb128 0x1
 827 03d1 51       		.byte	0x51
 828 03d2 02       		.uleb128 0x2
 829 03d3 08       		.byte	0x8
 830 03d4 70       		.byte	0x70
 831 03d5 00       		.byte	0
 832 03d6 0B       		.uleb128 0xb
 833 03d7 12010000 		.4byte	.LVL36
 834 03db 9E040000 		.4byte	0x49e
 835 03df EF030000 		.4byte	0x3ef
 836 03e3 0C       		.uleb128 0xc
 837 03e4 01       		.uleb128 0x1
 838 03e5 50       		.byte	0x50
 839 03e6 01       		.uleb128 0x1
 840 03e7 32       		.byte	0x32
 841 03e8 0C       		.uleb128 0xc
 842 03e9 01       		.uleb128 0x1
 843 03ea 51       		.byte	0x51
 844 03eb 02       		.uleb128 0x2
ARM GAS  C:\Users\sepp2\AppData\Local\Temp\ccAZ1daR.s 			page 17


 845 03ec 08       		.byte	0x8
 846 03ed E1       		.byte	0xe1
 847 03ee 00       		.byte	0
 848 03ef 0B       		.uleb128 0xb
 849 03f0 1A010000 		.4byte	.LVL37
 850 03f4 9E040000 		.4byte	0x49e
 851 03f8 08040000 		.4byte	0x408
 852 03fc 0C       		.uleb128 0xc
 853 03fd 01       		.uleb128 0x1
 854 03fe 50       		.byte	0x50
 855 03ff 01       		.uleb128 0x1
 856 0400 31       		.byte	0x31
 857 0401 0C       		.uleb128 0xc
 858 0402 01       		.uleb128 0x1
 859 0403 51       		.byte	0x51
 860 0404 02       		.uleb128 0x2
 861 0405 08       		.byte	0x8
 862 0406 E1       		.byte	0xe1
 863 0407 00       		.byte	0
 864 0408 0D       		.uleb128 0xd
 865 0409 20010000 		.4byte	.LVL38
 866 040d A9040000 		.4byte	0x4a9
 867 0411 0B       		.uleb128 0xb
 868 0412 28010000 		.4byte	.LVL39
 869 0416 9E040000 		.4byte	0x49e
 870 041a 2A040000 		.4byte	0x42a
 871 041e 0C       		.uleb128 0xc
 872 041f 01       		.uleb128 0x1
 873 0420 50       		.byte	0x50
 874 0421 01       		.uleb128 0x1
 875 0422 32       		.byte	0x32
 876 0423 0C       		.uleb128 0xc
 877 0424 01       		.uleb128 0x1
 878 0425 51       		.byte	0x51
 879 0426 02       		.uleb128 0x2
 880 0427 08       		.byte	0x8
 881 0428 E1       		.byte	0xe1
 882 0429 00       		.byte	0
 883 042a 0B       		.uleb128 0xb
 884 042b 30010000 		.4byte	.LVL40
 885 042f 9E040000 		.4byte	0x49e
 886 0433 43040000 		.4byte	0x443
 887 0437 0C       		.uleb128 0xc
 888 0438 01       		.uleb128 0x1
 889 0439 50       		.byte	0x50
 890 043a 01       		.uleb128 0x1
 891 043b 31       		.byte	0x31
 892 043c 0C       		.uleb128 0xc
 893 043d 01       		.uleb128 0x1
 894 043e 51       		.byte	0x51
 895 043f 02       		.uleb128 0x2
 896 0440 08       		.byte	0x8
 897 0441 E1       		.byte	0xe1
 898 0442 00       		.byte	0
 899 0443 0D       		.uleb128 0xd
 900 0444 36010000 		.4byte	.LVL41
 901 0448 A9040000 		.4byte	0x4a9
ARM GAS  C:\Users\sepp2\AppData\Local\Temp\ccAZ1daR.s 			page 18


 902 044c 0B       		.uleb128 0xb
 903 044d 40010000 		.4byte	.LVL42
 904 0451 9E040000 		.4byte	0x49e
 905 0455 66040000 		.4byte	0x466
 906 0459 0C       		.uleb128 0xc
 907 045a 01       		.uleb128 0x1
 908 045b 50       		.byte	0x50
 909 045c 01       		.uleb128 0x1
 910 045d 32       		.byte	0x32
 911 045e 0C       		.uleb128 0xc
 912 045f 01       		.uleb128 0x1
 913 0460 51       		.byte	0x51
 914 0461 03       		.uleb128 0x3
 915 0462 0A       		.byte	0xa
 916 0463 5101     		.2byte	0x151
 917 0465 00       		.byte	0
 918 0466 0E       		.uleb128 0xe
 919 0467 48010000 		.4byte	.LVL43
 920 046b 9E040000 		.4byte	0x49e
 921 046f 0C       		.uleb128 0xc
 922 0470 01       		.uleb128 0x1
 923 0471 50       		.byte	0x50
 924 0472 01       		.uleb128 0x1
 925 0473 33       		.byte	0x33
 926 0474 0C       		.uleb128 0xc
 927 0475 01       		.uleb128 0x1
 928 0476 51       		.byte	0x51
 929 0477 02       		.uleb128 0x2
 930 0478 08       		.byte	0x8
 931 0479 E1       		.byte	0xe1
 932 047a 00       		.byte	0
 933 047b 00       		.byte	0
 934 047c 0F       		.uleb128 0xf
 935 047d A1010000 		.4byte	.LASF19
 936 0481 04       		.byte	0x4
 937 0482 1207     		.2byte	0x712
 938 0484 88040000 		.4byte	0x488
 939 0488 10       		.uleb128 0x10
 940 0489 99000000 		.4byte	0x99
 941 048d 11       		.uleb128 0x11
 942 048e D5010000 		.4byte	.LASF20
 943 0492 01       		.byte	0x1
 944 0493 13       		.byte	0x13
 945 0494 25000000 		.4byte	0x25
 946 0498 05       		.uleb128 0x5
 947 0499 03       		.byte	0x3
 948 049a 00000000 		.4byte	idle_sleep
 949 049e 12       		.uleb128 0x12
 950 049f 8A010000 		.4byte	.LASF21
 951 04a3 8A010000 		.4byte	.LASF21
 952 04a7 01       		.byte	0x1
 953 04a8 1A       		.byte	0x1a
 954 04a9 12       		.uleb128 0x12
 955 04aa BC000000 		.4byte	.LASF22
 956 04ae BC000000 		.4byte	.LASF22
 957 04b2 05       		.byte	0x5
 958 04b3 76       		.byte	0x76
ARM GAS  C:\Users\sepp2\AppData\Local\Temp\ccAZ1daR.s 			page 19


 959 04b4 00       		.byte	0
 960              		.section	.debug_abbrev,"",%progbits
 961              	.Ldebug_abbrev0:
 962 0000 01       		.uleb128 0x1
 963 0001 11       		.uleb128 0x11
 964 0002 01       		.byte	0x1
 965 0003 25       		.uleb128 0x25
 966 0004 0E       		.uleb128 0xe
 967 0005 13       		.uleb128 0x13
 968 0006 0B       		.uleb128 0xb
 969 0007 03       		.uleb128 0x3
 970 0008 0E       		.uleb128 0xe
 971 0009 1B       		.uleb128 0x1b
 972 000a 0E       		.uleb128 0xe
 973 000b 55       		.uleb128 0x55
 974 000c 17       		.uleb128 0x17
 975 000d 11       		.uleb128 0x11
 976 000e 01       		.uleb128 0x1
 977 000f 10       		.uleb128 0x10
 978 0010 17       		.uleb128 0x17
 979 0011 00       		.byte	0
 980 0012 00       		.byte	0
 981 0013 02       		.uleb128 0x2
 982 0014 24       		.uleb128 0x24
 983 0015 00       		.byte	0
 984 0016 0B       		.uleb128 0xb
 985 0017 0B       		.uleb128 0xb
 986 0018 3E       		.uleb128 0x3e
 987 0019 0B       		.uleb128 0xb
 988 001a 03       		.uleb128 0x3
 989 001b 08       		.uleb128 0x8
 990 001c 00       		.byte	0
 991 001d 00       		.byte	0
 992 001e 03       		.uleb128 0x3
 993 001f 24       		.uleb128 0x24
 994 0020 00       		.byte	0
 995 0021 0B       		.uleb128 0xb
 996 0022 0B       		.uleb128 0xb
 997 0023 3E       		.uleb128 0x3e
 998 0024 0B       		.uleb128 0xb
 999 0025 03       		.uleb128 0x3
 1000 0026 0E       		.uleb128 0xe
 1001 0027 00       		.byte	0
 1002 0028 00       		.byte	0
 1003 0029 04       		.uleb128 0x4
 1004 002a 16       		.uleb128 0x16
 1005 002b 00       		.byte	0
 1006 002c 03       		.uleb128 0x3
 1007 002d 0E       		.uleb128 0xe
 1008 002e 3A       		.uleb128 0x3a
 1009 002f 0B       		.uleb128 0xb
 1010 0030 3B       		.uleb128 0x3b
 1011 0031 0B       		.uleb128 0xb
 1012 0032 49       		.uleb128 0x49
 1013 0033 13       		.uleb128 0x13
 1014 0034 00       		.byte	0
 1015 0035 00       		.byte	0
ARM GAS  C:\Users\sepp2\AppData\Local\Temp\ccAZ1daR.s 			page 20


 1016 0036 05       		.uleb128 0x5
 1017 0037 2E       		.uleb128 0x2e
 1018 0038 01       		.byte	0x1
 1019 0039 3F       		.uleb128 0x3f
 1020 003a 19       		.uleb128 0x19
 1021 003b 03       		.uleb128 0x3
 1022 003c 0E       		.uleb128 0xe
 1023 003d 3A       		.uleb128 0x3a
 1024 003e 0B       		.uleb128 0xb
 1025 003f 3B       		.uleb128 0x3b
 1026 0040 0B       		.uleb128 0xb
 1027 0041 11       		.uleb128 0x11
 1028 0042 01       		.uleb128 0x1
 1029 0043 12       		.uleb128 0x12
 1030 0044 06       		.uleb128 0x6
 1031 0045 40       		.uleb128 0x40
 1032 0046 18       		.uleb128 0x18
 1033 0047 9742     		.uleb128 0x2117
 1034 0049 19       		.uleb128 0x19
 1035 004a 01       		.uleb128 0x1
 1036 004b 13       		.uleb128 0x13
 1037 004c 00       		.byte	0
 1038 004d 00       		.byte	0
 1039 004e 06       		.uleb128 0x6
 1040 004f 34       		.uleb128 0x34
 1041 0050 00       		.byte	0
 1042 0051 03       		.uleb128 0x3
 1043 0052 08       		.uleb128 0x8
 1044 0053 3A       		.uleb128 0x3a
 1045 0054 0B       		.uleb128 0xb
 1046 0055 3B       		.uleb128 0x3b
 1047 0056 0B       		.uleb128 0xb
 1048 0057 49       		.uleb128 0x49
 1049 0058 13       		.uleb128 0x13
 1050 0059 1C       		.uleb128 0x1c
 1051 005a 0B       		.uleb128 0xb
 1052 005b 00       		.byte	0
 1053 005c 00       		.byte	0
 1054 005d 07       		.uleb128 0x7
 1055 005e 34       		.uleb128 0x34
 1056 005f 00       		.byte	0
 1057 0060 03       		.uleb128 0x3
 1058 0061 0E       		.uleb128 0xe
 1059 0062 3A       		.uleb128 0x3a
 1060 0063 0B       		.uleb128 0xb
 1061 0064 3B       		.uleb128 0x3b
 1062 0065 0B       		.uleb128 0xb
 1063 0066 49       		.uleb128 0x49
 1064 0067 13       		.uleb128 0x13
 1065 0068 1C       		.uleb128 0x1c
 1066 0069 05       		.uleb128 0x5
 1067 006a 00       		.byte	0
 1068 006b 00       		.byte	0
 1069 006c 08       		.uleb128 0x8
 1070 006d 34       		.uleb128 0x34
 1071 006e 00       		.byte	0
 1072 006f 03       		.uleb128 0x3
ARM GAS  C:\Users\sepp2\AppData\Local\Temp\ccAZ1daR.s 			page 21


 1073 0070 0E       		.uleb128 0xe
 1074 0071 3A       		.uleb128 0x3a
 1075 0072 0B       		.uleb128 0xb
 1076 0073 3B       		.uleb128 0x3b
 1077 0074 0B       		.uleb128 0xb
 1078 0075 49       		.uleb128 0x49
 1079 0076 13       		.uleb128 0x13
 1080 0077 1C       		.uleb128 0x1c
 1081 0078 0B       		.uleb128 0xb
 1082 0079 00       		.byte	0
 1083 007a 00       		.byte	0
 1084 007b 09       		.uleb128 0x9
 1085 007c 2E       		.uleb128 0x2e
 1086 007d 01       		.byte	0x1
 1087 007e 3F       		.uleb128 0x3f
 1088 007f 19       		.uleb128 0x19
 1089 0080 03       		.uleb128 0x3
 1090 0081 0E       		.uleb128 0xe
 1091 0082 3A       		.uleb128 0x3a
 1092 0083 0B       		.uleb128 0xb
 1093 0084 3B       		.uleb128 0x3b
 1094 0085 0B       		.uleb128 0xb
 1095 0086 49       		.uleb128 0x49
 1096 0087 13       		.uleb128 0x13
 1097 0088 3C       		.uleb128 0x3c
 1098 0089 19       		.uleb128 0x19
 1099 008a 01       		.uleb128 0x1
 1100 008b 13       		.uleb128 0x13
 1101 008c 00       		.byte	0
 1102 008d 00       		.byte	0
 1103 008e 0A       		.uleb128 0xa
 1104 008f 18       		.uleb128 0x18
 1105 0090 00       		.byte	0
 1106 0091 00       		.byte	0
 1107 0092 00       		.byte	0
 1108 0093 0B       		.uleb128 0xb
 1109 0094 898201   		.uleb128 0x4109
 1110 0097 01       		.byte	0x1
 1111 0098 11       		.uleb128 0x11
 1112 0099 01       		.uleb128 0x1
 1113 009a 31       		.uleb128 0x31
 1114 009b 13       		.uleb128 0x13
 1115 009c 01       		.uleb128 0x1
 1116 009d 13       		.uleb128 0x13
 1117 009e 00       		.byte	0
 1118 009f 00       		.byte	0
 1119 00a0 0C       		.uleb128 0xc
 1120 00a1 8A8201   		.uleb128 0x410a
 1121 00a4 00       		.byte	0
 1122 00a5 02       		.uleb128 0x2
 1123 00a6 18       		.uleb128 0x18
 1124 00a7 9142     		.uleb128 0x2111
 1125 00a9 18       		.uleb128 0x18
 1126 00aa 00       		.byte	0
 1127 00ab 00       		.byte	0
 1128 00ac 0D       		.uleb128 0xd
 1129 00ad 898201   		.uleb128 0x4109
ARM GAS  C:\Users\sepp2\AppData\Local\Temp\ccAZ1daR.s 			page 22


 1130 00b0 00       		.byte	0
 1131 00b1 11       		.uleb128 0x11
 1132 00b2 01       		.uleb128 0x1
 1133 00b3 31       		.uleb128 0x31
 1134 00b4 13       		.uleb128 0x13
 1135 00b5 00       		.byte	0
 1136 00b6 00       		.byte	0
 1137 00b7 0E       		.uleb128 0xe
 1138 00b8 898201   		.uleb128 0x4109
 1139 00bb 01       		.byte	0x1
 1140 00bc 11       		.uleb128 0x11
 1141 00bd 01       		.uleb128 0x1
 1142 00be 31       		.uleb128 0x31
 1143 00bf 13       		.uleb128 0x13
 1144 00c0 00       		.byte	0
 1145 00c1 00       		.byte	0
 1146 00c2 0F       		.uleb128 0xf
 1147 00c3 34       		.uleb128 0x34
 1148 00c4 00       		.byte	0
 1149 00c5 03       		.uleb128 0x3
 1150 00c6 0E       		.uleb128 0xe
 1151 00c7 3A       		.uleb128 0x3a
 1152 00c8 0B       		.uleb128 0xb
 1153 00c9 3B       		.uleb128 0x3b
 1154 00ca 05       		.uleb128 0x5
 1155 00cb 49       		.uleb128 0x49
 1156 00cc 13       		.uleb128 0x13
 1157 00cd 3F       		.uleb128 0x3f
 1158 00ce 19       		.uleb128 0x19
 1159 00cf 3C       		.uleb128 0x3c
 1160 00d0 19       		.uleb128 0x19
 1161 00d1 00       		.byte	0
 1162 00d2 00       		.byte	0
 1163 00d3 10       		.uleb128 0x10
 1164 00d4 35       		.uleb128 0x35
 1165 00d5 00       		.byte	0
 1166 00d6 49       		.uleb128 0x49
 1167 00d7 13       		.uleb128 0x13
 1168 00d8 00       		.byte	0
 1169 00d9 00       		.byte	0
 1170 00da 11       		.uleb128 0x11
 1171 00db 34       		.uleb128 0x34
 1172 00dc 00       		.byte	0
 1173 00dd 03       		.uleb128 0x3
 1174 00de 0E       		.uleb128 0xe
 1175 00df 3A       		.uleb128 0x3a
 1176 00e0 0B       		.uleb128 0xb
 1177 00e1 3B       		.uleb128 0x3b
 1178 00e2 0B       		.uleb128 0xb
 1179 00e3 49       		.uleb128 0x49
 1180 00e4 13       		.uleb128 0x13
 1181 00e5 3F       		.uleb128 0x3f
 1182 00e6 19       		.uleb128 0x19
 1183 00e7 02       		.uleb128 0x2
 1184 00e8 18       		.uleb128 0x18
 1185 00e9 00       		.byte	0
 1186 00ea 00       		.byte	0
ARM GAS  C:\Users\sepp2\AppData\Local\Temp\ccAZ1daR.s 			page 23


 1187 00eb 12       		.uleb128 0x12
 1188 00ec 2E       		.uleb128 0x2e
 1189 00ed 00       		.byte	0
 1190 00ee 3F       		.uleb128 0x3f
 1191 00ef 19       		.uleb128 0x19
 1192 00f0 3C       		.uleb128 0x3c
 1193 00f1 19       		.uleb128 0x19
 1194 00f2 6E       		.uleb128 0x6e
 1195 00f3 0E       		.uleb128 0xe
 1196 00f4 03       		.uleb128 0x3
 1197 00f5 0E       		.uleb128 0xe
 1198 00f6 3A       		.uleb128 0x3a
 1199 00f7 0B       		.uleb128 0xb
 1200 00f8 3B       		.uleb128 0x3b
 1201 00f9 0B       		.uleb128 0xb
 1202 00fa 00       		.byte	0
 1203 00fb 00       		.byte	0
 1204 00fc 00       		.byte	0
 1205              		.section	.debug_aranges,"",%progbits
 1206 0000 1C000000 		.4byte	0x1c
 1207 0004 0200     		.2byte	0x2
 1208 0006 00000000 		.4byte	.Ldebug_info0
 1209 000a 04       		.byte	0x4
 1210 000b 00       		.byte	0
 1211 000c 0000     		.2byte	0
 1212 000e 0000     		.2byte	0
 1213 0010 00000000 		.4byte	.LFB63
 1214 0014 50010000 		.4byte	.LFE63-.LFB63
 1215 0018 00000000 		.4byte	0
 1216 001c 00000000 		.4byte	0
 1217              		.section	.debug_ranges,"",%progbits
 1218              	.Ldebug_ranges0:
 1219 0000 00000000 		.4byte	.LFB63
 1220 0004 50010000 		.4byte	.LFE63
 1221 0008 00000000 		.4byte	0
 1222 000c 00000000 		.4byte	0
 1223              		.section	.debug_line,"",%progbits
 1224              	.Ldebug_line0:
 1225 0000 8C010000 		.section	.debug_str,"MS",%progbits,1
 1225      02004C01 
 1225      00000201 
 1225      FB0E0D00 
 1225      01010101 
 1226              	.LASF1:
 1227 0000 6C6F6E67 		.ascii	"long long int\000"
 1227      206C6F6E 
 1227      6720696E 
 1227      7400
 1228              	.LASF6:
 1229 000e 73686F72 		.ascii	"short unsigned int\000"
 1229      7420756E 
 1229      7369676E 
 1229      65642069 
 1229      6E7400
 1230              	.LASF0:
 1231 0021 756E7369 		.ascii	"unsigned int\000"
 1231      676E6564 
ARM GAS  C:\Users\sepp2\AppData\Local\Temp\ccAZ1daR.s 			page 24


 1231      20696E74 
 1231      00
 1232              	.LASF23:
 1233 002e 474E5520 		.ascii	"GNU C11 5.4.1 20160609 (release) [ARM/embedded-5-br"
 1233      43313120 
 1233      352E342E 
 1233      31203230 
 1233      31363036 
 1234 0061 616E6368 		.ascii	"anch revision 237715] -mcpu=cortex-m3 -mthumb -g -O"
 1234      20726576 
 1234      6973696F 
 1234      6E203233 
 1234      37373135 
 1235 0094 67202D66 		.ascii	"g -ffunction-sections -ffat-lto-objects\000"
 1235      66756E63 
 1235      74696F6E 
 1235      2D736563 
 1235      74696F6E 
 1236              	.LASF22:
 1237 00bc 43794465 		.ascii	"CyDelay\000"
 1237      6C617900 
 1238              	.LASF16:
 1239 00c4 76696572 		.ascii	"viertel\000"
 1239      74656C00 
 1240              	.LASF8:
 1241 00cc 6C6F6E67 		.ascii	"long unsigned int\000"
 1241      20756E73 
 1241      69676E65 
 1241      6420696E 
 1241      7400
 1242              	.LASF9:
 1243 00de 6C6F6E67 		.ascii	"long long unsigned int\000"
 1243      206C6F6E 
 1243      6720756E 
 1243      7369676E 
 1243      65642069 
 1244              	.LASF24:
 1245 00f5 50696563 		.ascii	"Pieces.c\000"
 1245      65732E63 
 1245      00
 1246              	.LASF4:
 1247 00fe 756E7369 		.ascii	"unsigned char\000"
 1247      676E6564 
 1247      20636861 
 1247      7200
 1248              	.LASF11:
 1249 010c 63686172 		.ascii	"char\000"
 1249      00
 1250              	.LASF25:
 1251 0111 433A5C55 		.ascii	"C:\\Users\\sepp2\\Desktop\\Schule\\DIC\\4BHEL\\In_B"
 1251      73657273 
 1251      5C736570 
 1251      70325C44 
 1251      65736B74 
 1252 013d 65617262 		.ascii	"earbeitung\\PSOC\\Synthie\\Synthesizer.cydsn\000"
 1252      65697475 
 1252      6E675C50 
ARM GAS  C:\Users\sepp2\AppData\Local\Temp\ccAZ1daR.s 			page 25


 1252      534F435C 
 1252      53796E74 
 1253              	.LASF7:
 1254 0167 6C6F6E67 		.ascii	"long int\000"
 1254      20696E74 
 1254      00
 1255              	.LASF2:
 1256 0170 6C6F6E67 		.ascii	"long double\000"
 1256      20646F75 
 1256      626C6500 
 1257              	.LASF26:
 1258 017c 706C6179 		.ascii	"play_Narcotic\000"
 1258      5F4E6172 
 1258      636F7469 
 1258      6300
 1259              	.LASF21:
 1260 018a 706C6179 		.ascii	"playTone\000"
 1260      546F6E65 
 1260      00
 1261              	.LASF12:
 1262 0193 646F7562 		.ascii	"double\000"
 1262      6C6500
 1263              	.LASF17:
 1264 019a 61636874 		.ascii	"achtel\000"
 1264      656C00
 1265              	.LASF19:
 1266 01a1 49544D5F 		.ascii	"ITM_RxBuffer\000"
 1266      52784275 
 1266      66666572 
 1266      00
 1267              	.LASF3:
 1268 01ae 7369676E 		.ascii	"signed char\000"
 1268      65642063 
 1268      68617200 
 1269              	.LASF18:
 1270 01ba 73656368 		.ascii	"sechsentel\000"
 1270      73656E74 
 1270      656C00
 1271              	.LASF14:
 1272 01c5 5F5F696E 		.ascii	"__int32_t\000"
 1272      7433325F 
 1272      7400
 1273              	.LASF13:
 1274 01cf 666C6F61 		.ascii	"float\000"
 1274      7400
 1275              	.LASF20:
 1276 01d5 69646C65 		.ascii	"idle_sleep\000"
 1276      5F736C65 
 1276      657000
 1277              	.LASF5:
 1278 01e0 73686F72 		.ascii	"short int\000"
 1278      7420696E 
 1278      7400
 1279              	.LASF15:
 1280 01ea 696E7433 		.ascii	"int32_t\000"
 1280      325F7400 
 1281              	.LASF10:
ARM GAS  C:\Users\sepp2\AppData\Local\Temp\ccAZ1daR.s 			page 26


 1282 01f2 73697A65 		.ascii	"sizetype\000"
 1282      74797065 
 1282      00
 1283              		.ident	"GCC: (GNU Tools for ARM Embedded Processors) 5.4.1 20160609 (release) [ARM/embedded-5-bran
