ARM GAS  C:\Users\sepp2\AppData\Local\Temp\ccxmcmKi.s 			page 1


   1              		.syntax unified
   2              		.cpu cortex-m3
   3              		.fpu softvfp
   4              		.eabi_attribute 20, 1
   5              		.eabi_attribute 21, 1
   6              		.eabi_attribute 23, 3
   7              		.eabi_attribute 24, 1
   8              		.eabi_attribute 25, 1
   9              		.eabi_attribute 26, 1
  10              		.eabi_attribute 30, 1
  11              		.eabi_attribute 34, 1
  12              		.eabi_attribute 18, 4
  13              		.thumb
  14              		.syntax unified
  15              		.file	"WaveDAC8_4.c"
  16              		.text
  17              	.Ltext0:
  18              		.cfi_sections	.debug_frame
  19              		.section	.text.WaveDAC8_4_Enable,"ax",%progbits
  20              		.align	2
  21              		.global	WaveDAC8_4_Enable
  22              		.thumb
  23              		.thumb_func
  24              		.type	WaveDAC8_4_Enable, %function
  25              	WaveDAC8_4_Enable:
  26              	.LFB1:
  27              		.file 1 "Generated_Source\\PSoC5\\WaveDAC8_4.c"
   1:Generated_Source\PSoC5/WaveDAC8_4.c **** /*******************************************************************************
   2:Generated_Source\PSoC5/WaveDAC8_4.c **** * File Name: WaveDAC8_4.c
   3:Generated_Source\PSoC5/WaveDAC8_4.c **** * Version 2.10
   4:Generated_Source\PSoC5/WaveDAC8_4.c **** *
   5:Generated_Source\PSoC5/WaveDAC8_4.c **** * Description:
   6:Generated_Source\PSoC5/WaveDAC8_4.c **** *  This file provides the source code for the 8-bit Waveform DAC 
   7:Generated_Source\PSoC5/WaveDAC8_4.c **** *  (WaveDAC8) Component.
   8:Generated_Source\PSoC5/WaveDAC8_4.c **** *
   9:Generated_Source\PSoC5/WaveDAC8_4.c **** ********************************************************************************
  10:Generated_Source\PSoC5/WaveDAC8_4.c **** * Copyright 2013, Cypress Semiconductor Corporation.  All rights reserved.
  11:Generated_Source\PSoC5/WaveDAC8_4.c **** * You may use this file only in accordance with the license, terms, conditions,
  12:Generated_Source\PSoC5/WaveDAC8_4.c **** * disclaimers, and limitations in the end user license agreement accompanying
  13:Generated_Source\PSoC5/WaveDAC8_4.c **** * the software package with which this file was provided.
  14:Generated_Source\PSoC5/WaveDAC8_4.c **** *******************************************************************************/
  15:Generated_Source\PSoC5/WaveDAC8_4.c **** 
  16:Generated_Source\PSoC5/WaveDAC8_4.c **** #include "WaveDAC8_4.h"
  17:Generated_Source\PSoC5/WaveDAC8_4.c **** 
  18:Generated_Source\PSoC5/WaveDAC8_4.c **** uint8  WaveDAC8_4_initVar = 0u;
  19:Generated_Source\PSoC5/WaveDAC8_4.c **** 
  20:Generated_Source\PSoC5/WaveDAC8_4.c **** const uint8 CYCODE WaveDAC8_4_wave1[WaveDAC8_4_WAVE1_LENGTH] = { 128u,133u,139u,144u,150u,155u,160u
  21:Generated_Source\PSoC5/WaveDAC8_4.c **** const uint8 CYCODE WaveDAC8_4_wave2[WaveDAC8_4_WAVE2_LENGTH] = { 128u,128u,128u,128u,128u,128u,128u
  22:Generated_Source\PSoC5/WaveDAC8_4.c **** 
  23:Generated_Source\PSoC5/WaveDAC8_4.c **** static uint8  WaveDAC8_4_Wave1Chan;
  24:Generated_Source\PSoC5/WaveDAC8_4.c **** static uint8  WaveDAC8_4_Wave2Chan;
  25:Generated_Source\PSoC5/WaveDAC8_4.c **** static uint8  WaveDAC8_4_Wave1TD;
  26:Generated_Source\PSoC5/WaveDAC8_4.c **** static uint8  WaveDAC8_4_Wave2TD;
  27:Generated_Source\PSoC5/WaveDAC8_4.c **** 
  28:Generated_Source\PSoC5/WaveDAC8_4.c **** 
  29:Generated_Source\PSoC5/WaveDAC8_4.c **** /*******************************************************************************
  30:Generated_Source\PSoC5/WaveDAC8_4.c **** * Function Name: WaveDAC8_4_Init
ARM GAS  C:\Users\sepp2\AppData\Local\Temp\ccxmcmKi.s 			page 2


  31:Generated_Source\PSoC5/WaveDAC8_4.c **** ********************************************************************************
  32:Generated_Source\PSoC5/WaveDAC8_4.c **** *
  33:Generated_Source\PSoC5/WaveDAC8_4.c **** * Summary:
  34:Generated_Source\PSoC5/WaveDAC8_4.c **** *  Initializes component with parameters set in the customizer.
  35:Generated_Source\PSoC5/WaveDAC8_4.c **** *
  36:Generated_Source\PSoC5/WaveDAC8_4.c **** * Parameters:  
  37:Generated_Source\PSoC5/WaveDAC8_4.c **** *  None
  38:Generated_Source\PSoC5/WaveDAC8_4.c **** *
  39:Generated_Source\PSoC5/WaveDAC8_4.c **** * Return: 
  40:Generated_Source\PSoC5/WaveDAC8_4.c **** *  None
  41:Generated_Source\PSoC5/WaveDAC8_4.c **** *
  42:Generated_Source\PSoC5/WaveDAC8_4.c **** *******************************************************************************/
  43:Generated_Source\PSoC5/WaveDAC8_4.c **** void WaveDAC8_4_Init(void) 
  44:Generated_Source\PSoC5/WaveDAC8_4.c **** {
  45:Generated_Source\PSoC5/WaveDAC8_4.c **** 	WaveDAC8_4_VDAC8_Init();
  46:Generated_Source\PSoC5/WaveDAC8_4.c **** 	WaveDAC8_4_VDAC8_SetSpeed(WaveDAC8_4_HIGHSPEED);
  47:Generated_Source\PSoC5/WaveDAC8_4.c **** 	WaveDAC8_4_VDAC8_SetRange(WaveDAC8_4_DAC_RANGE);
  48:Generated_Source\PSoC5/WaveDAC8_4.c **** 
  49:Generated_Source\PSoC5/WaveDAC8_4.c **** 	#if(WaveDAC8_4_DAC_MODE == WaveDAC8_4_CURRENT_MODE)
  50:Generated_Source\PSoC5/WaveDAC8_4.c **** 		WaveDAC8_4_IDAC8_SetPolarity(WaveDAC8_4_DAC_POL);
  51:Generated_Source\PSoC5/WaveDAC8_4.c **** 	#endif /* WaveDAC8_4_DAC_MODE == WaveDAC8_4_CURRENT_MODE */
  52:Generated_Source\PSoC5/WaveDAC8_4.c **** 
  53:Generated_Source\PSoC5/WaveDAC8_4.c **** 	#if(WaveDAC8_4_OUT_MODE == WaveDAC8_4_BUFFER_MODE)
  54:Generated_Source\PSoC5/WaveDAC8_4.c **** 	   WaveDAC8_4_BuffAmp_Init();
  55:Generated_Source\PSoC5/WaveDAC8_4.c **** 	#endif /* WaveDAC8_4_OUT_MODE == WaveDAC8_4_BUFFER_MODE */
  56:Generated_Source\PSoC5/WaveDAC8_4.c **** 
  57:Generated_Source\PSoC5/WaveDAC8_4.c **** 	/* Get the TD Number for the DMA channel 1 and 2   */
  58:Generated_Source\PSoC5/WaveDAC8_4.c **** 	WaveDAC8_4_Wave1TD = CyDmaTdAllocate();
  59:Generated_Source\PSoC5/WaveDAC8_4.c **** 	WaveDAC8_4_Wave2TD = CyDmaTdAllocate();
  60:Generated_Source\PSoC5/WaveDAC8_4.c **** 	
  61:Generated_Source\PSoC5/WaveDAC8_4.c **** 	/* Initialize waveform pointers  */
  62:Generated_Source\PSoC5/WaveDAC8_4.c **** 	WaveDAC8_4_Wave1Setup(WaveDAC8_4_wave1, WaveDAC8_4_WAVE1_LENGTH) ;
  63:Generated_Source\PSoC5/WaveDAC8_4.c **** 	WaveDAC8_4_Wave2Setup(WaveDAC8_4_wave2, WaveDAC8_4_WAVE2_LENGTH) ;
  64:Generated_Source\PSoC5/WaveDAC8_4.c **** 	
  65:Generated_Source\PSoC5/WaveDAC8_4.c **** 	/* Initialize the internal clock if one present  */
  66:Generated_Source\PSoC5/WaveDAC8_4.c **** 	#if defined(WaveDAC8_4_DacClk_PHASE)
  67:Generated_Source\PSoC5/WaveDAC8_4.c **** 	   WaveDAC8_4_DacClk_SetPhase(WaveDAC8_4_CLK_PHASE_0nS);
  68:Generated_Source\PSoC5/WaveDAC8_4.c **** 	#endif /* defined(WaveDAC8_4_DacClk_PHASE) */
  69:Generated_Source\PSoC5/WaveDAC8_4.c **** }
  70:Generated_Source\PSoC5/WaveDAC8_4.c **** 
  71:Generated_Source\PSoC5/WaveDAC8_4.c **** 
  72:Generated_Source\PSoC5/WaveDAC8_4.c **** /*******************************************************************************
  73:Generated_Source\PSoC5/WaveDAC8_4.c **** * Function Name: WaveDAC8_4_Enable
  74:Generated_Source\PSoC5/WaveDAC8_4.c **** ********************************************************************************
  75:Generated_Source\PSoC5/WaveDAC8_4.c **** *  
  76:Generated_Source\PSoC5/WaveDAC8_4.c **** * Summary: 
  77:Generated_Source\PSoC5/WaveDAC8_4.c **** *  Enables the DAC block and DMA operation.
  78:Generated_Source\PSoC5/WaveDAC8_4.c **** *
  79:Generated_Source\PSoC5/WaveDAC8_4.c **** * Parameters:  
  80:Generated_Source\PSoC5/WaveDAC8_4.c **** *  None
  81:Generated_Source\PSoC5/WaveDAC8_4.c **** *
  82:Generated_Source\PSoC5/WaveDAC8_4.c **** * Return: 
  83:Generated_Source\PSoC5/WaveDAC8_4.c **** *  None
  84:Generated_Source\PSoC5/WaveDAC8_4.c **** *
  85:Generated_Source\PSoC5/WaveDAC8_4.c **** *******************************************************************************/
  86:Generated_Source\PSoC5/WaveDAC8_4.c **** void WaveDAC8_4_Enable(void) 
  87:Generated_Source\PSoC5/WaveDAC8_4.c **** {
ARM GAS  C:\Users\sepp2\AppData\Local\Temp\ccxmcmKi.s 			page 3


  28              		.loc 1 87 0
  29              		.cfi_startproc
  30              		@ args = 0, pretend = 0, frame = 0
  31              		@ frame_needed = 0, uses_anonymous_args = 0
  32 0000 10B5     		push	{r4, lr}
  33              		.cfi_def_cfa_offset 8
  34              		.cfi_offset 4, -8
  35              		.cfi_offset 14, -4
  88:Generated_Source\PSoC5/WaveDAC8_4.c **** 	WaveDAC8_4_VDAC8_Enable();
  36              		.loc 1 88 0
  37 0002 FFF7FEFF 		bl	WaveDAC8_4_VDAC8_Enable
  38              	.LVL0:
  89:Generated_Source\PSoC5/WaveDAC8_4.c **** 
  90:Generated_Source\PSoC5/WaveDAC8_4.c **** 	#if(WaveDAC8_4_OUT_MODE == WaveDAC8_4_BUFFER_MODE)
  91:Generated_Source\PSoC5/WaveDAC8_4.c **** 	   WaveDAC8_4_BuffAmp_Enable();
  92:Generated_Source\PSoC5/WaveDAC8_4.c **** 	#endif /* WaveDAC8_4_OUT_MODE == WaveDAC8_4_BUFFER_MODE */
  93:Generated_Source\PSoC5/WaveDAC8_4.c **** 
  94:Generated_Source\PSoC5/WaveDAC8_4.c **** 	/* 
  95:Generated_Source\PSoC5/WaveDAC8_4.c **** 	* Enable the channel. It is configured to remember the TD value so that
  96:Generated_Source\PSoC5/WaveDAC8_4.c **** 	* it can be restored from the place where it has been stopped.
  97:Generated_Source\PSoC5/WaveDAC8_4.c **** 	*/
  98:Generated_Source\PSoC5/WaveDAC8_4.c **** 	(void)CyDmaChEnable(WaveDAC8_4_Wave1Chan, 1u);
  39              		.loc 1 98 0
  40 0006 074C     		ldr	r4, .L3
  41 0008 0121     		movs	r1, #1
  42 000a 2078     		ldrb	r0, [r4]	@ zero_extendqisi2
  43 000c FFF7FEFF 		bl	CyDmaChEnable
  44              	.LVL1:
  99:Generated_Source\PSoC5/WaveDAC8_4.c **** 	(void)CyDmaChEnable(WaveDAC8_4_Wave2Chan, 1u);
  45              		.loc 1 99 0
  46 0010 0121     		movs	r1, #1
  47 0012 6078     		ldrb	r0, [r4, #1]	@ zero_extendqisi2
  48 0014 FFF7FEFF 		bl	CyDmaChEnable
  49              	.LVL2:
 100:Generated_Source\PSoC5/WaveDAC8_4.c **** 	
 101:Generated_Source\PSoC5/WaveDAC8_4.c **** 	/* set the initial value */
 102:Generated_Source\PSoC5/WaveDAC8_4.c **** 	WaveDAC8_4_SetValue(0u);
  50              		.loc 1 102 0
  51 0018 0020     		movs	r0, #0
  52 001a FFF7FEFF 		bl	WaveDAC8_4_VDAC8_SetValue
  53              	.LVL3:
 103:Generated_Source\PSoC5/WaveDAC8_4.c **** 	
 104:Generated_Source\PSoC5/WaveDAC8_4.c **** 	#if(WaveDAC8_4_CLOCK_SRC == WaveDAC8_4_CLOCK_INT)  	
 105:Generated_Source\PSoC5/WaveDAC8_4.c **** 	   WaveDAC8_4_DacClk_Start();
  54              		.loc 1 105 0
  55 001e FFF7FEFF 		bl	WaveDAC8_4_DacClk_Start
  56              	.LVL4:
  57 0022 10BD     		pop	{r4, pc}
  58              	.L4:
  59              		.align	2
  60              	.L3:
  61 0024 00000000 		.word	.LANCHOR0
  62              		.cfi_endproc
  63              	.LFE1:
  64              		.size	WaveDAC8_4_Enable, .-WaveDAC8_4_Enable
  65              		.section	.text.WaveDAC8_4_Stop,"ax",%progbits
  66              		.align	2
ARM GAS  C:\Users\sepp2\AppData\Local\Temp\ccxmcmKi.s 			page 4


  67              		.global	WaveDAC8_4_Stop
  68              		.thumb
  69              		.thumb_func
  70              		.type	WaveDAC8_4_Stop, %function
  71              	WaveDAC8_4_Stop:
  72              	.LFB4:
 106:Generated_Source\PSoC5/WaveDAC8_4.c **** 	#endif /* WaveDAC8_4_CLOCK_SRC == WaveDAC8_4_CLOCK_INT */
 107:Generated_Source\PSoC5/WaveDAC8_4.c **** }
 108:Generated_Source\PSoC5/WaveDAC8_4.c **** 
 109:Generated_Source\PSoC5/WaveDAC8_4.c **** 
 110:Generated_Source\PSoC5/WaveDAC8_4.c **** /*******************************************************************************
 111:Generated_Source\PSoC5/WaveDAC8_4.c **** * Function Name: WaveDAC8_4_Start
 112:Generated_Source\PSoC5/WaveDAC8_4.c **** ********************************************************************************
 113:Generated_Source\PSoC5/WaveDAC8_4.c **** *
 114:Generated_Source\PSoC5/WaveDAC8_4.c **** * Summary:
 115:Generated_Source\PSoC5/WaveDAC8_4.c **** *  The start function initializes the voltage DAC with the default values, 
 116:Generated_Source\PSoC5/WaveDAC8_4.c **** *  and sets the power to the given level.  A power level of 0, is the same as 
 117:Generated_Source\PSoC5/WaveDAC8_4.c **** *  executing the stop function.
 118:Generated_Source\PSoC5/WaveDAC8_4.c **** *
 119:Generated_Source\PSoC5/WaveDAC8_4.c **** * Parameters:  
 120:Generated_Source\PSoC5/WaveDAC8_4.c **** *  None
 121:Generated_Source\PSoC5/WaveDAC8_4.c **** *
 122:Generated_Source\PSoC5/WaveDAC8_4.c **** * Return: 
 123:Generated_Source\PSoC5/WaveDAC8_4.c **** *  None
 124:Generated_Source\PSoC5/WaveDAC8_4.c **** *
 125:Generated_Source\PSoC5/WaveDAC8_4.c **** * Reentrant:
 126:Generated_Source\PSoC5/WaveDAC8_4.c **** *  No
 127:Generated_Source\PSoC5/WaveDAC8_4.c **** *
 128:Generated_Source\PSoC5/WaveDAC8_4.c **** *******************************************************************************/
 129:Generated_Source\PSoC5/WaveDAC8_4.c **** void WaveDAC8_4_Start(void) 
 130:Generated_Source\PSoC5/WaveDAC8_4.c **** {
 131:Generated_Source\PSoC5/WaveDAC8_4.c **** 	/* If not Initialized then initialize all required hardware and software */
 132:Generated_Source\PSoC5/WaveDAC8_4.c **** 	if(WaveDAC8_4_initVar == 0u)
 133:Generated_Source\PSoC5/WaveDAC8_4.c **** 	{
 134:Generated_Source\PSoC5/WaveDAC8_4.c **** 		WaveDAC8_4_Init();
 135:Generated_Source\PSoC5/WaveDAC8_4.c **** 		WaveDAC8_4_initVar = 1u;
 136:Generated_Source\PSoC5/WaveDAC8_4.c **** 	}
 137:Generated_Source\PSoC5/WaveDAC8_4.c **** 	
 138:Generated_Source\PSoC5/WaveDAC8_4.c **** 	WaveDAC8_4_Enable();
 139:Generated_Source\PSoC5/WaveDAC8_4.c **** }
 140:Generated_Source\PSoC5/WaveDAC8_4.c **** 
 141:Generated_Source\PSoC5/WaveDAC8_4.c **** 
 142:Generated_Source\PSoC5/WaveDAC8_4.c **** /*******************************************************************************
 143:Generated_Source\PSoC5/WaveDAC8_4.c **** * Function Name: WaveDAC8_4_StartEx
 144:Generated_Source\PSoC5/WaveDAC8_4.c **** ********************************************************************************
 145:Generated_Source\PSoC5/WaveDAC8_4.c **** *
 146:Generated_Source\PSoC5/WaveDAC8_4.c **** * Summary:
 147:Generated_Source\PSoC5/WaveDAC8_4.c **** *  The StartEx function sets pointers and sizes for both waveforms
 148:Generated_Source\PSoC5/WaveDAC8_4.c **** *  and then starts the component.
 149:Generated_Source\PSoC5/WaveDAC8_4.c **** *
 150:Generated_Source\PSoC5/WaveDAC8_4.c **** * Parameters:  
 151:Generated_Source\PSoC5/WaveDAC8_4.c **** *   uint8 * wavePtr1:     Pointer to the waveform 1 array.
 152:Generated_Source\PSoC5/WaveDAC8_4.c **** *   uint16  sampleSize1:  The amount of samples in the waveform 1.
 153:Generated_Source\PSoC5/WaveDAC8_4.c **** *   uint8 * wavePtr2:     Pointer to the waveform 2 array.
 154:Generated_Source\PSoC5/WaveDAC8_4.c **** *   uint16  sampleSize2:  The amount of samples in the waveform 2.
 155:Generated_Source\PSoC5/WaveDAC8_4.c **** *
 156:Generated_Source\PSoC5/WaveDAC8_4.c **** * Return: 
ARM GAS  C:\Users\sepp2\AppData\Local\Temp\ccxmcmKi.s 			page 5


 157:Generated_Source\PSoC5/WaveDAC8_4.c **** *  None
 158:Generated_Source\PSoC5/WaveDAC8_4.c **** *
 159:Generated_Source\PSoC5/WaveDAC8_4.c **** * Reentrant:
 160:Generated_Source\PSoC5/WaveDAC8_4.c **** *  No
 161:Generated_Source\PSoC5/WaveDAC8_4.c **** *
 162:Generated_Source\PSoC5/WaveDAC8_4.c **** *******************************************************************************/
 163:Generated_Source\PSoC5/WaveDAC8_4.c **** void WaveDAC8_4_StartEx(const uint8 * wavePtr1, uint16 sampleSize1, const uint8 * wavePtr2, uint16 
 164:Generated_Source\PSoC5/WaveDAC8_4.c **** 
 165:Generated_Source\PSoC5/WaveDAC8_4.c **** {
 166:Generated_Source\PSoC5/WaveDAC8_4.c **** 	WaveDAC8_4_Wave1Setup(wavePtr1, sampleSize1);
 167:Generated_Source\PSoC5/WaveDAC8_4.c **** 	WaveDAC8_4_Wave2Setup(wavePtr2, sampleSize2);
 168:Generated_Source\PSoC5/WaveDAC8_4.c **** 	WaveDAC8_4_Start();
 169:Generated_Source\PSoC5/WaveDAC8_4.c **** }
 170:Generated_Source\PSoC5/WaveDAC8_4.c **** 
 171:Generated_Source\PSoC5/WaveDAC8_4.c **** 
 172:Generated_Source\PSoC5/WaveDAC8_4.c **** /*******************************************************************************
 173:Generated_Source\PSoC5/WaveDAC8_4.c **** * Function Name: WaveDAC8_4_Stop
 174:Generated_Source\PSoC5/WaveDAC8_4.c **** ********************************************************************************
 175:Generated_Source\PSoC5/WaveDAC8_4.c **** *
 176:Generated_Source\PSoC5/WaveDAC8_4.c **** * Summary:
 177:Generated_Source\PSoC5/WaveDAC8_4.c **** *  Stops the clock (if internal), disables the DMA channels
 178:Generated_Source\PSoC5/WaveDAC8_4.c **** *  and powers down the DAC.
 179:Generated_Source\PSoC5/WaveDAC8_4.c **** *
 180:Generated_Source\PSoC5/WaveDAC8_4.c **** * Parameters:  
 181:Generated_Source\PSoC5/WaveDAC8_4.c **** *  None  
 182:Generated_Source\PSoC5/WaveDAC8_4.c **** *
 183:Generated_Source\PSoC5/WaveDAC8_4.c **** * Return: 
 184:Generated_Source\PSoC5/WaveDAC8_4.c **** *  None
 185:Generated_Source\PSoC5/WaveDAC8_4.c **** *
 186:Generated_Source\PSoC5/WaveDAC8_4.c **** *******************************************************************************/
 187:Generated_Source\PSoC5/WaveDAC8_4.c **** void WaveDAC8_4_Stop(void) 
 188:Generated_Source\PSoC5/WaveDAC8_4.c **** {
  73              		.loc 1 188 0
  74              		.cfi_startproc
  75              		@ args = 0, pretend = 0, frame = 0
  76              		@ frame_needed = 0, uses_anonymous_args = 0
  77 0000 10B5     		push	{r4, lr}
  78              		.cfi_def_cfa_offset 8
  79              		.cfi_offset 4, -8
  80              		.cfi_offset 14, -4
 189:Generated_Source\PSoC5/WaveDAC8_4.c **** 	/* Turn off internal clock, if one present */
 190:Generated_Source\PSoC5/WaveDAC8_4.c **** 	#if(WaveDAC8_4_CLOCK_SRC == WaveDAC8_4_CLOCK_INT)  	
 191:Generated_Source\PSoC5/WaveDAC8_4.c **** 	   WaveDAC8_4_DacClk_Stop();
  81              		.loc 1 191 0
  82 0002 FFF7FEFF 		bl	WaveDAC8_4_DacClk_Stop
  83              	.LVL5:
 192:Generated_Source\PSoC5/WaveDAC8_4.c **** 	#endif /* WaveDAC8_4_CLOCK_SRC == WaveDAC8_4_CLOCK_INT */
 193:Generated_Source\PSoC5/WaveDAC8_4.c **** 	
 194:Generated_Source\PSoC5/WaveDAC8_4.c **** 	/* Disble DMA channels */
 195:Generated_Source\PSoC5/WaveDAC8_4.c **** 	(void)CyDmaChDisable(WaveDAC8_4_Wave1Chan);
  84              		.loc 1 195 0
  85 0006 054C     		ldr	r4, .L7
  86 0008 2078     		ldrb	r0, [r4]	@ zero_extendqisi2
  87 000a FFF7FEFF 		bl	CyDmaChDisable
  88              	.LVL6:
 196:Generated_Source\PSoC5/WaveDAC8_4.c **** 	(void)CyDmaChDisable(WaveDAC8_4_Wave2Chan);
  89              		.loc 1 196 0
ARM GAS  C:\Users\sepp2\AppData\Local\Temp\ccxmcmKi.s 			page 6


  90 000e 6078     		ldrb	r0, [r4, #1]	@ zero_extendqisi2
  91 0010 FFF7FEFF 		bl	CyDmaChDisable
  92              	.LVL7:
 197:Generated_Source\PSoC5/WaveDAC8_4.c **** 
 198:Generated_Source\PSoC5/WaveDAC8_4.c **** 	/* Disable power to DAC */
 199:Generated_Source\PSoC5/WaveDAC8_4.c **** 	WaveDAC8_4_VDAC8_Stop();
  93              		.loc 1 199 0
  94 0014 FFF7FEFF 		bl	WaveDAC8_4_VDAC8_Stop
  95              	.LVL8:
  96 0018 10BD     		pop	{r4, pc}
  97              	.L8:
  98 001a 00BF     		.align	2
  99              	.L7:
 100 001c 00000000 		.word	.LANCHOR0
 101              		.cfi_endproc
 102              	.LFE4:
 103              		.size	WaveDAC8_4_Stop, .-WaveDAC8_4_Stop
 104              		.section	.text.WaveDAC8_4_Wave1Setup,"ax",%progbits
 105              		.align	2
 106              		.global	WaveDAC8_4_Wave1Setup
 107              		.thumb
 108              		.thumb_func
 109              		.type	WaveDAC8_4_Wave1Setup, %function
 110              	WaveDAC8_4_Wave1Setup:
 111              	.LFB5:
 200:Generated_Source\PSoC5/WaveDAC8_4.c **** }
 201:Generated_Source\PSoC5/WaveDAC8_4.c **** 
 202:Generated_Source\PSoC5/WaveDAC8_4.c **** 
 203:Generated_Source\PSoC5/WaveDAC8_4.c **** /*******************************************************************************
 204:Generated_Source\PSoC5/WaveDAC8_4.c **** * Function Name: WaveDAC8_4_Wave1Setup
 205:Generated_Source\PSoC5/WaveDAC8_4.c **** ********************************************************************************
 206:Generated_Source\PSoC5/WaveDAC8_4.c **** *
 207:Generated_Source\PSoC5/WaveDAC8_4.c **** * Summary:
 208:Generated_Source\PSoC5/WaveDAC8_4.c **** *  Sets pointer and size for waveform 1.                                    
 209:Generated_Source\PSoC5/WaveDAC8_4.c **** *
 210:Generated_Source\PSoC5/WaveDAC8_4.c **** * Parameters:  
 211:Generated_Source\PSoC5/WaveDAC8_4.c **** *  uint8 * WavePtr:     Pointer to the waveform array.
 212:Generated_Source\PSoC5/WaveDAC8_4.c **** *  uint16  SampleSize:  The amount of samples in the waveform.
 213:Generated_Source\PSoC5/WaveDAC8_4.c **** *
 214:Generated_Source\PSoC5/WaveDAC8_4.c **** * Return: 
 215:Generated_Source\PSoC5/WaveDAC8_4.c **** *  None 
 216:Generated_Source\PSoC5/WaveDAC8_4.c **** *
 217:Generated_Source\PSoC5/WaveDAC8_4.c **** *******************************************************************************/
 218:Generated_Source\PSoC5/WaveDAC8_4.c **** void WaveDAC8_4_Wave1Setup(const uint8 * wavePtr, uint16 sampleSize)
 219:Generated_Source\PSoC5/WaveDAC8_4.c **** 
 220:Generated_Source\PSoC5/WaveDAC8_4.c **** {
 112              		.loc 1 220 0
 113              		.cfi_startproc
 114              		@ args = 0, pretend = 0, frame = 0
 115              		@ frame_needed = 0, uses_anonymous_args = 0
 116              	.LVL9:
 117 0000 70B5     		push	{r4, r5, r6, lr}
 118              		.cfi_def_cfa_offset 16
 119              		.cfi_offset 4, -16
 120              		.cfi_offset 5, -12
 121              		.cfi_offset 6, -8
 122              		.cfi_offset 14, -4
ARM GAS  C:\Users\sepp2\AppData\Local\Temp\ccxmcmKi.s 			page 7


 123 0002 0546     		mov	r5, r0
 124 0004 0E46     		mov	r6, r1
 221:Generated_Source\PSoC5/WaveDAC8_4.c **** 	#if (CY_PSOC3)
 222:Generated_Source\PSoC5/WaveDAC8_4.c **** 		uint16 memoryType; /* determining the source memory type */
 223:Generated_Source\PSoC5/WaveDAC8_4.c **** 		memoryType = (WaveDAC8_4_HI16FLASHPTR == HI16(wavePtr)) ? HI16(CYDEV_FLS_BASE) : HI16(CYDEV_SRAM_
 224:Generated_Source\PSoC5/WaveDAC8_4.c **** 		
 225:Generated_Source\PSoC5/WaveDAC8_4.c **** 		WaveDAC8_4_Wave1Chan = WaveDAC8_4_Wave1_DMA_DmaInitialize(
 226:Generated_Source\PSoC5/WaveDAC8_4.c **** 		WaveDAC8_4_Wave1_DMA_BYTES_PER_BURST, WaveDAC8_4_Wave1_DMA_REQUEST_PER_BURST,
 227:Generated_Source\PSoC5/WaveDAC8_4.c **** 		memoryType, HI16(CYDEV_PERIPH_BASE));
 228:Generated_Source\PSoC5/WaveDAC8_4.c **** 	#else /* PSoC 5 */
 229:Generated_Source\PSoC5/WaveDAC8_4.c **** 		WaveDAC8_4_Wave1Chan = WaveDAC8_4_Wave1_DMA_DmaInitialize(
 125              		.loc 1 229 0
 126 0006 4FF48043 		mov	r3, #16384
 127 000a 020C     		lsrs	r2, r0, #16
 128 000c 0121     		movs	r1, #1
 129              	.LVL10:
 130 000e 0846     		mov	r0, r1
 131              	.LVL11:
 132 0010 FFF7FEFF 		bl	WaveDAC8_4_Wave1_DMA_DmaInitialize
 133              	.LVL12:
 134 0014 094C     		ldr	r4, .L11
 135 0016 2070     		strb	r0, [r4]
 230:Generated_Source\PSoC5/WaveDAC8_4.c **** 		WaveDAC8_4_Wave1_DMA_BYTES_PER_BURST, WaveDAC8_4_Wave1_DMA_REQUEST_PER_BURST,
 231:Generated_Source\PSoC5/WaveDAC8_4.c **** 		HI16(wavePtr), HI16(WaveDAC8_4_DAC8__D));
 232:Generated_Source\PSoC5/WaveDAC8_4.c **** 	#endif /* CY_PSOC3 */
 233:Generated_Source\PSoC5/WaveDAC8_4.c **** 	
 234:Generated_Source\PSoC5/WaveDAC8_4.c **** 	/*
 235:Generated_Source\PSoC5/WaveDAC8_4.c **** 	* TD is looping on itself. 
 236:Generated_Source\PSoC5/WaveDAC8_4.c ****     * Increment the source address, but not the destination address. 
 237:Generated_Source\PSoC5/WaveDAC8_4.c **** 	*/
 238:Generated_Source\PSoC5/WaveDAC8_4.c **** 	(void)CyDmaTdSetConfiguration(WaveDAC8_4_Wave1TD, sampleSize, WaveDAC8_4_Wave1TD, 
 136              		.loc 1 238 0
 137 0018 A078     		ldrb	r0, [r4, #2]	@ zero_extendqisi2
 138 001a 0123     		movs	r3, #1
 139 001c 0246     		mov	r2, r0
 140 001e 3146     		mov	r1, r6
 141 0020 FFF7FEFF 		bl	CyDmaTdSetConfiguration
 142              	.LVL13:
 239:Generated_Source\PSoC5/WaveDAC8_4.c ****                                     (uint8)CY_DMA_TD_INC_SRC_ADR | (uint8)WaveDAC8_4_Wave1_DMA__TD_
 240:Generated_Source\PSoC5/WaveDAC8_4.c **** 	
 241:Generated_Source\PSoC5/WaveDAC8_4.c **** 	/* Set the TD source and destination address */
 242:Generated_Source\PSoC5/WaveDAC8_4.c **** 	(void)CyDmaTdSetAddress(WaveDAC8_4_Wave1TD, LO16((uint32)wavePtr), LO16(WaveDAC8_4_DAC8__D));
 143              		.loc 1 242 0
 144 0024 45F68132 		movw	r2, #23425
 145 0028 A9B2     		uxth	r1, r5
 146 002a A078     		ldrb	r0, [r4, #2]	@ zero_extendqisi2
 147 002c FFF7FEFF 		bl	CyDmaTdSetAddress
 148              	.LVL14:
 243:Generated_Source\PSoC5/WaveDAC8_4.c **** 	
 244:Generated_Source\PSoC5/WaveDAC8_4.c **** 	/* Associate the TD with the channel */
 245:Generated_Source\PSoC5/WaveDAC8_4.c **** 	(void)CyDmaChSetInitialTd(WaveDAC8_4_Wave1Chan, WaveDAC8_4_Wave1TD);
 149              		.loc 1 245 0
 150 0030 A178     		ldrb	r1, [r4, #2]	@ zero_extendqisi2
 151 0032 2078     		ldrb	r0, [r4]	@ zero_extendqisi2
 152 0034 FFF7FEFF 		bl	CyDmaChSetInitialTd
 153              	.LVL15:
 154 0038 70BD     		pop	{r4, r5, r6, pc}
ARM GAS  C:\Users\sepp2\AppData\Local\Temp\ccxmcmKi.s 			page 8


 155              	.LVL16:
 156              	.L12:
 157 003a 00BF     		.align	2
 158              	.L11:
 159 003c 00000000 		.word	.LANCHOR0
 160              		.cfi_endproc
 161              	.LFE5:
 162              		.size	WaveDAC8_4_Wave1Setup, .-WaveDAC8_4_Wave1Setup
 163              		.section	.text.WaveDAC8_4_Wave2Setup,"ax",%progbits
 164              		.align	2
 165              		.global	WaveDAC8_4_Wave2Setup
 166              		.thumb
 167              		.thumb_func
 168              		.type	WaveDAC8_4_Wave2Setup, %function
 169              	WaveDAC8_4_Wave2Setup:
 170              	.LFB6:
 246:Generated_Source\PSoC5/WaveDAC8_4.c **** }
 247:Generated_Source\PSoC5/WaveDAC8_4.c **** 
 248:Generated_Source\PSoC5/WaveDAC8_4.c **** 
 249:Generated_Source\PSoC5/WaveDAC8_4.c **** /*******************************************************************************
 250:Generated_Source\PSoC5/WaveDAC8_4.c **** * Function Name: WaveDAC8_4_Wave2Setup
 251:Generated_Source\PSoC5/WaveDAC8_4.c **** ********************************************************************************
 252:Generated_Source\PSoC5/WaveDAC8_4.c **** *
 253:Generated_Source\PSoC5/WaveDAC8_4.c **** * Summary:
 254:Generated_Source\PSoC5/WaveDAC8_4.c **** *  Sets pointer and size for waveform 2.                                    
 255:Generated_Source\PSoC5/WaveDAC8_4.c **** *
 256:Generated_Source\PSoC5/WaveDAC8_4.c **** * Parameters:  
 257:Generated_Source\PSoC5/WaveDAC8_4.c **** *  uint8 * WavePtr:     Pointer to the waveform array.
 258:Generated_Source\PSoC5/WaveDAC8_4.c **** *  uint16  SampleSize:  The amount of samples in the waveform.
 259:Generated_Source\PSoC5/WaveDAC8_4.c **** *
 260:Generated_Source\PSoC5/WaveDAC8_4.c **** * Return: 
 261:Generated_Source\PSoC5/WaveDAC8_4.c **** *  None
 262:Generated_Source\PSoC5/WaveDAC8_4.c **** *
 263:Generated_Source\PSoC5/WaveDAC8_4.c **** *******************************************************************************/
 264:Generated_Source\PSoC5/WaveDAC8_4.c **** void WaveDAC8_4_Wave2Setup(const uint8 * wavePtr, uint16 sampleSize)
 265:Generated_Source\PSoC5/WaveDAC8_4.c ****  
 266:Generated_Source\PSoC5/WaveDAC8_4.c **** {
 171              		.loc 1 266 0
 172              		.cfi_startproc
 173              		@ args = 0, pretend = 0, frame = 0
 174              		@ frame_needed = 0, uses_anonymous_args = 0
 175              	.LVL17:
 176 0000 70B5     		push	{r4, r5, r6, lr}
 177              		.cfi_def_cfa_offset 16
 178              		.cfi_offset 4, -16
 179              		.cfi_offset 5, -12
 180              		.cfi_offset 6, -8
 181              		.cfi_offset 14, -4
 182 0002 0546     		mov	r5, r0
 183 0004 0E46     		mov	r6, r1
 267:Generated_Source\PSoC5/WaveDAC8_4.c **** 	#if (CY_PSOC3)
 268:Generated_Source\PSoC5/WaveDAC8_4.c **** 		uint16 memoryType; /* determining the source memory type */
 269:Generated_Source\PSoC5/WaveDAC8_4.c **** 		memoryType = (WaveDAC8_4_HI16FLASHPTR == HI16(wavePtr)) ? HI16(CYDEV_FLS_BASE) : HI16(CYDEV_SRAM_
 270:Generated_Source\PSoC5/WaveDAC8_4.c **** 			
 271:Generated_Source\PSoC5/WaveDAC8_4.c **** 		WaveDAC8_4_Wave2Chan = WaveDAC8_4_Wave2_DMA_DmaInitialize(
 272:Generated_Source\PSoC5/WaveDAC8_4.c **** 		WaveDAC8_4_Wave2_DMA_BYTES_PER_BURST, WaveDAC8_4_Wave2_DMA_REQUEST_PER_BURST,
 273:Generated_Source\PSoC5/WaveDAC8_4.c **** 		memoryType, HI16(CYDEV_PERIPH_BASE));
ARM GAS  C:\Users\sepp2\AppData\Local\Temp\ccxmcmKi.s 			page 9


 274:Generated_Source\PSoC5/WaveDAC8_4.c **** 	#else /* PSoC 5 */
 275:Generated_Source\PSoC5/WaveDAC8_4.c **** 		WaveDAC8_4_Wave2Chan = WaveDAC8_4_Wave2_DMA_DmaInitialize(
 184              		.loc 1 275 0
 185 0006 4FF48043 		mov	r3, #16384
 186 000a 020C     		lsrs	r2, r0, #16
 187 000c 0121     		movs	r1, #1
 188              	.LVL18:
 189 000e 0846     		mov	r0, r1
 190              	.LVL19:
 191 0010 FFF7FEFF 		bl	WaveDAC8_4_Wave2_DMA_DmaInitialize
 192              	.LVL20:
 193 0014 094C     		ldr	r4, .L15
 194 0016 6070     		strb	r0, [r4, #1]
 276:Generated_Source\PSoC5/WaveDAC8_4.c **** 		WaveDAC8_4_Wave2_DMA_BYTES_PER_BURST, WaveDAC8_4_Wave2_DMA_REQUEST_PER_BURST,
 277:Generated_Source\PSoC5/WaveDAC8_4.c **** 		HI16(wavePtr), HI16(WaveDAC8_4_DAC8__D));
 278:Generated_Source\PSoC5/WaveDAC8_4.c **** 	#endif /* CY_PSOC3 */
 279:Generated_Source\PSoC5/WaveDAC8_4.c **** 	
 280:Generated_Source\PSoC5/WaveDAC8_4.c **** 	/*
 281:Generated_Source\PSoC5/WaveDAC8_4.c **** 	* TD is looping on itself. 
 282:Generated_Source\PSoC5/WaveDAC8_4.c **** 	* Increment the source address, but not the destination address. 
 283:Generated_Source\PSoC5/WaveDAC8_4.c **** 	*/
 284:Generated_Source\PSoC5/WaveDAC8_4.c **** 	(void)CyDmaTdSetConfiguration(WaveDAC8_4_Wave2TD, sampleSize, WaveDAC8_4_Wave2TD, 
 195              		.loc 1 284 0
 196 0018 E078     		ldrb	r0, [r4, #3]	@ zero_extendqisi2
 197 001a 0123     		movs	r3, #1
 198 001c 0246     		mov	r2, r0
 199 001e 3146     		mov	r1, r6
 200 0020 FFF7FEFF 		bl	CyDmaTdSetConfiguration
 201              	.LVL21:
 285:Generated_Source\PSoC5/WaveDAC8_4.c ****                                     (uint8)CY_DMA_TD_INC_SRC_ADR | (uint8)WaveDAC8_4_Wave2_DMA__TD_
 286:Generated_Source\PSoC5/WaveDAC8_4.c **** 	
 287:Generated_Source\PSoC5/WaveDAC8_4.c **** 	/* Set the TD source and destination address */
 288:Generated_Source\PSoC5/WaveDAC8_4.c **** 	(void)CyDmaTdSetAddress(WaveDAC8_4_Wave2TD, LO16((uint32)wavePtr), LO16(WaveDAC8_4_DAC8__D));
 202              		.loc 1 288 0
 203 0024 45F68132 		movw	r2, #23425
 204 0028 A9B2     		uxth	r1, r5
 205 002a E078     		ldrb	r0, [r4, #3]	@ zero_extendqisi2
 206 002c FFF7FEFF 		bl	CyDmaTdSetAddress
 207              	.LVL22:
 289:Generated_Source\PSoC5/WaveDAC8_4.c **** 	
 290:Generated_Source\PSoC5/WaveDAC8_4.c **** 	/* Associate the TD with the channel */
 291:Generated_Source\PSoC5/WaveDAC8_4.c **** 	(void)CyDmaChSetInitialTd(WaveDAC8_4_Wave2Chan, WaveDAC8_4_Wave2TD);
 208              		.loc 1 291 0
 209 0030 E178     		ldrb	r1, [r4, #3]	@ zero_extendqisi2
 210 0032 6078     		ldrb	r0, [r4, #1]	@ zero_extendqisi2
 211 0034 FFF7FEFF 		bl	CyDmaChSetInitialTd
 212              	.LVL23:
 213 0038 70BD     		pop	{r4, r5, r6, pc}
 214              	.LVL24:
 215              	.L16:
 216 003a 00BF     		.align	2
 217              	.L15:
 218 003c 00000000 		.word	.LANCHOR0
 219              		.cfi_endproc
 220              	.LFE6:
 221              		.size	WaveDAC8_4_Wave2Setup, .-WaveDAC8_4_Wave2Setup
 222              		.section	.text.WaveDAC8_4_Init,"ax",%progbits
ARM GAS  C:\Users\sepp2\AppData\Local\Temp\ccxmcmKi.s 			page 10


 223              		.align	2
 224              		.global	WaveDAC8_4_Init
 225              		.thumb
 226              		.thumb_func
 227              		.type	WaveDAC8_4_Init, %function
 228              	WaveDAC8_4_Init:
 229              	.LFB0:
  44:Generated_Source\PSoC5/WaveDAC8_4.c **** 	WaveDAC8_4_VDAC8_Init();
 230              		.loc 1 44 0
 231              		.cfi_startproc
 232              		@ args = 0, pretend = 0, frame = 0
 233              		@ frame_needed = 0, uses_anonymous_args = 0
 234 0000 10B5     		push	{r4, lr}
 235              		.cfi_def_cfa_offset 8
 236              		.cfi_offset 4, -8
 237              		.cfi_offset 14, -4
  45:Generated_Source\PSoC5/WaveDAC8_4.c **** 	WaveDAC8_4_VDAC8_SetSpeed(WaveDAC8_4_HIGHSPEED);
 238              		.loc 1 45 0
 239 0002 FFF7FEFF 		bl	WaveDAC8_4_VDAC8_Init
 240              	.LVL25:
  46:Generated_Source\PSoC5/WaveDAC8_4.c **** 	WaveDAC8_4_VDAC8_SetRange(WaveDAC8_4_DAC_RANGE);
 241              		.loc 1 46 0
 242 0006 0220     		movs	r0, #2
 243 0008 FFF7FEFF 		bl	WaveDAC8_4_VDAC8_SetSpeed
 244              	.LVL26:
  47:Generated_Source\PSoC5/WaveDAC8_4.c **** 
 245              		.loc 1 47 0
 246 000c 0020     		movs	r0, #0
 247 000e FFF7FEFF 		bl	WaveDAC8_4_VDAC8_SetRange
 248              	.LVL27:
  58:Generated_Source\PSoC5/WaveDAC8_4.c **** 	WaveDAC8_4_Wave2TD = CyDmaTdAllocate();
 249              		.loc 1 58 0
 250 0012 FFF7FEFF 		bl	CyDmaTdAllocate
 251              	.LVL28:
 252 0016 084C     		ldr	r4, .L19
 253 0018 A070     		strb	r0, [r4, #2]
  59:Generated_Source\PSoC5/WaveDAC8_4.c **** 	
 254              		.loc 1 59 0
 255 001a FFF7FEFF 		bl	CyDmaTdAllocate
 256              	.LVL29:
 257 001e E070     		strb	r0, [r4, #3]
  62:Generated_Source\PSoC5/WaveDAC8_4.c **** 	WaveDAC8_4_Wave2Setup(WaveDAC8_4_wave2, WaveDAC8_4_WAVE2_LENGTH) ;
 258              		.loc 1 62 0
 259 0020 064C     		ldr	r4, .L19+4
 260 0022 7121     		movs	r1, #113
 261 0024 2046     		mov	r0, r4
 262 0026 FFF7FEFF 		bl	WaveDAC8_4_Wave1Setup
 263              	.LVL30:
  63:Generated_Source\PSoC5/WaveDAC8_4.c **** 	
 264              		.loc 1 63 0
 265 002a 6421     		movs	r1, #100
 266 002c 04F17400 		add	r0, r4, #116
 267 0030 FFF7FEFF 		bl	WaveDAC8_4_Wave2Setup
 268              	.LVL31:
 269 0034 10BD     		pop	{r4, pc}
 270              	.L20:
 271 0036 00BF     		.align	2
ARM GAS  C:\Users\sepp2\AppData\Local\Temp\ccxmcmKi.s 			page 11


 272              	.L19:
 273 0038 00000000 		.word	.LANCHOR0
 274 003c 00000000 		.word	.LANCHOR1
 275              		.cfi_endproc
 276              	.LFE0:
 277              		.size	WaveDAC8_4_Init, .-WaveDAC8_4_Init
 278              		.section	.text.WaveDAC8_4_Start,"ax",%progbits
 279              		.align	2
 280              		.global	WaveDAC8_4_Start
 281              		.thumb
 282              		.thumb_func
 283              		.type	WaveDAC8_4_Start, %function
 284              	WaveDAC8_4_Start:
 285              	.LFB2:
 130:Generated_Source\PSoC5/WaveDAC8_4.c **** 	/* If not Initialized then initialize all required hardware and software */
 286              		.loc 1 130 0
 287              		.cfi_startproc
 288              		@ args = 0, pretend = 0, frame = 0
 289              		@ frame_needed = 0, uses_anonymous_args = 0
 290 0000 08B5     		push	{r3, lr}
 291              		.cfi_def_cfa_offset 8
 292              		.cfi_offset 3, -8
 293              		.cfi_offset 14, -4
 132:Generated_Source\PSoC5/WaveDAC8_4.c **** 	{
 294              		.loc 1 132 0
 295 0002 054B     		ldr	r3, .L24
 296 0004 1B79     		ldrb	r3, [r3, #4]	@ zero_extendqisi2
 297 0006 23B9     		cbnz	r3, .L22
 134:Generated_Source\PSoC5/WaveDAC8_4.c **** 		WaveDAC8_4_initVar = 1u;
 298              		.loc 1 134 0
 299 0008 FFF7FEFF 		bl	WaveDAC8_4_Init
 300              	.LVL32:
 135:Generated_Source\PSoC5/WaveDAC8_4.c **** 	}
 301              		.loc 1 135 0
 302 000c 0122     		movs	r2, #1
 303 000e 024B     		ldr	r3, .L24
 304 0010 1A71     		strb	r2, [r3, #4]
 305              	.L22:
 138:Generated_Source\PSoC5/WaveDAC8_4.c **** }
 306              		.loc 1 138 0
 307 0012 FFF7FEFF 		bl	WaveDAC8_4_Enable
 308              	.LVL33:
 309 0016 08BD     		pop	{r3, pc}
 310              	.L25:
 311              		.align	2
 312              	.L24:
 313 0018 00000000 		.word	.LANCHOR0
 314              		.cfi_endproc
 315              	.LFE2:
 316              		.size	WaveDAC8_4_Start, .-WaveDAC8_4_Start
 317              		.section	.text.WaveDAC8_4_StartEx,"ax",%progbits
 318              		.align	2
 319              		.global	WaveDAC8_4_StartEx
 320              		.thumb
 321              		.thumb_func
 322              		.type	WaveDAC8_4_StartEx, %function
 323              	WaveDAC8_4_StartEx:
ARM GAS  C:\Users\sepp2\AppData\Local\Temp\ccxmcmKi.s 			page 12


 324              	.LFB3:
 165:Generated_Source\PSoC5/WaveDAC8_4.c **** 	WaveDAC8_4_Wave1Setup(wavePtr1, sampleSize1);
 325              		.loc 1 165 0
 326              		.cfi_startproc
 327              		@ args = 0, pretend = 0, frame = 0
 328              		@ frame_needed = 0, uses_anonymous_args = 0
 329              	.LVL34:
 330 0000 38B5     		push	{r3, r4, r5, lr}
 331              		.cfi_def_cfa_offset 16
 332              		.cfi_offset 3, -16
 333              		.cfi_offset 4, -12
 334              		.cfi_offset 5, -8
 335              		.cfi_offset 14, -4
 336 0002 1446     		mov	r4, r2
 337 0004 1D46     		mov	r5, r3
 166:Generated_Source\PSoC5/WaveDAC8_4.c **** 	WaveDAC8_4_Wave2Setup(wavePtr2, sampleSize2);
 338              		.loc 1 166 0
 339 0006 FFF7FEFF 		bl	WaveDAC8_4_Wave1Setup
 340              	.LVL35:
 167:Generated_Source\PSoC5/WaveDAC8_4.c **** 	WaveDAC8_4_Start();
 341              		.loc 1 167 0
 342 000a 2946     		mov	r1, r5
 343 000c 2046     		mov	r0, r4
 344 000e FFF7FEFF 		bl	WaveDAC8_4_Wave2Setup
 345              	.LVL36:
 168:Generated_Source\PSoC5/WaveDAC8_4.c **** }
 346              		.loc 1 168 0
 347 0012 FFF7FEFF 		bl	WaveDAC8_4_Start
 348              	.LVL37:
 349 0016 38BD     		pop	{r3, r4, r5, pc}
 350              		.cfi_endproc
 351              	.LFE3:
 352              		.size	WaveDAC8_4_StartEx, .-WaveDAC8_4_StartEx
 353              		.global	WaveDAC8_4_wave2
 354              		.global	WaveDAC8_4_wave1
 355              		.global	WaveDAC8_4_initVar
 356              		.section	.rodata
 357              		.align	2
 358              		.set	.LANCHOR1,. + 0
 359              		.type	WaveDAC8_4_wave1, %object
 360              		.size	WaveDAC8_4_wave1, 113
 361              	WaveDAC8_4_wave1:
 362 0000 80       		.byte	-128
 363 0001 85       		.byte	-123
 364 0002 8B       		.byte	-117
 365 0003 90       		.byte	-112
 366 0004 96       		.byte	-106
 367 0005 9B       		.byte	-101
 368 0006 A0       		.byte	-96
 369 0007 A5       		.byte	-91
 370 0008 AB       		.byte	-85
 371 0009 AF       		.byte	-81
 372 000a B4       		.byte	-76
 373 000b B9       		.byte	-71
 374 000c BD       		.byte	-67
 375 000d C2       		.byte	-62
 376 000e C6       		.byte	-58
ARM GAS  C:\Users\sepp2\AppData\Local\Temp\ccxmcmKi.s 			page 13


 377 000f CA       		.byte	-54
 378 0010 CD       		.byte	-51
 379 0011 D1       		.byte	-47
 380 0012 D4       		.byte	-44
 381 0013 D7       		.byte	-41
 382 0014 D9       		.byte	-39
 383 0015 DB       		.byte	-37
 384 0016 DE       		.byte	-34
 385 0017 DF       		.byte	-33
 386 0018 E1       		.byte	-31
 387 0019 E2       		.byte	-30
 388 001a E3       		.byte	-29
 389 001b E3       		.byte	-29
 390 001c E3       		.byte	-29
 391 001d E3       		.byte	-29
 392 001e E3       		.byte	-29
 393 001f E2       		.byte	-30
 394 0020 E1       		.byte	-31
 395 0021 E0       		.byte	-32
 396 0022 DE       		.byte	-34
 397 0023 DD       		.byte	-35
 398 0024 DA       		.byte	-38
 399 0025 D8       		.byte	-40
 400 0026 D5       		.byte	-43
 401 0027 D2       		.byte	-46
 402 0028 CF       		.byte	-49
 403 0029 CB       		.byte	-53
 404 002a C8       		.byte	-56
 405 002b C4       		.byte	-60
 406 002c C0       		.byte	-64
 407 002d BB       		.byte	-69
 408 002e B7       		.byte	-73
 409 002f B2       		.byte	-78
 410 0030 AD       		.byte	-83
 411 0031 A8       		.byte	-88
 412 0032 A3       		.byte	-93
 413 0033 9E       		.byte	-98
 414 0034 98       		.byte	-104
 415 0035 93       		.byte	-109
 416 0036 8D       		.byte	-115
 417 0037 88       		.byte	-120
 418 0038 82       		.byte	-126
 419 0039 7D       		.byte	125
 420 003a 77       		.byte	119
 421 003b 72       		.byte	114
 422 003c 6C       		.byte	108
 423 003d 67       		.byte	103
 424 003e 61       		.byte	97
 425 003f 5C       		.byte	92
 426 0040 57       		.byte	87
 427 0041 52       		.byte	82
 428 0042 4D       		.byte	77
 429 0043 48       		.byte	72
 430 0044 44       		.byte	68
 431 0045 3F       		.byte	63
 432 0046 3B       		.byte	59
 433 0047 37       		.byte	55
ARM GAS  C:\Users\sepp2\AppData\Local\Temp\ccxmcmKi.s 			page 14


 434 0048 34       		.byte	52
 435 0049 30       		.byte	48
 436 004a 2D       		.byte	45
 437 004b 2A       		.byte	42
 438 004c 27       		.byte	39
 439 004d 25       		.byte	37
 440 004e 22       		.byte	34
 441 004f 21       		.byte	33
 442 0050 1F       		.byte	31
 443 0051 1E       		.byte	30
 444 0052 1D       		.byte	29
 445 0053 1C       		.byte	28
 446 0054 1C       		.byte	28
 447 0055 1C       		.byte	28
 448 0056 1C       		.byte	28
 449 0057 1C       		.byte	28
 450 0058 1D       		.byte	29
 451 0059 1E       		.byte	30
 452 005a 20       		.byte	32
 453 005b 21       		.byte	33
 454 005c 24       		.byte	36
 455 005d 26       		.byte	38
 456 005e 28       		.byte	40
 457 005f 2B       		.byte	43
 458 0060 2E       		.byte	46
 459 0061 32       		.byte	50
 460 0062 35       		.byte	53
 461 0063 39       		.byte	57
 462 0064 3D       		.byte	61
 463 0065 42       		.byte	66
 464 0066 46       		.byte	70
 465 0067 4B       		.byte	75
 466 0068 50       		.byte	80
 467 0069 54       		.byte	84
 468 006a 5A       		.byte	90
 469 006b 5F       		.byte	95
 470 006c 64       		.byte	100
 471 006d 69       		.byte	105
 472 006e 6F       		.byte	111
 473 006f 74       		.byte	116
 474 0070 7A       		.byte	122
 475 0071 000000   		.space	3
 476              		.type	WaveDAC8_4_wave2, %object
 477              		.size	WaveDAC8_4_wave2, 100
 478              	WaveDAC8_4_wave2:
 479 0074 80       		.byte	-128
 480 0075 80       		.byte	-128
 481 0076 80       		.byte	-128
 482 0077 80       		.byte	-128
 483 0078 80       		.byte	-128
 484 0079 80       		.byte	-128
 485 007a 80       		.byte	-128
 486 007b 80       		.byte	-128
 487 007c 80       		.byte	-128
 488 007d 80       		.byte	-128
 489 007e 80       		.byte	-128
 490 007f 80       		.byte	-128
ARM GAS  C:\Users\sepp2\AppData\Local\Temp\ccxmcmKi.s 			page 15


 491 0080 80       		.byte	-128
 492 0081 80       		.byte	-128
 493 0082 80       		.byte	-128
 494 0083 80       		.byte	-128
 495 0084 80       		.byte	-128
 496 0085 80       		.byte	-128
 497 0086 80       		.byte	-128
 498 0087 80       		.byte	-128
 499 0088 80       		.byte	-128
 500 0089 80       		.byte	-128
 501 008a 80       		.byte	-128
 502 008b 80       		.byte	-128
 503 008c 80       		.byte	-128
 504 008d 80       		.byte	-128
 505 008e 80       		.byte	-128
 506 008f 80       		.byte	-128
 507 0090 80       		.byte	-128
 508 0091 80       		.byte	-128
 509 0092 80       		.byte	-128
 510 0093 80       		.byte	-128
 511 0094 80       		.byte	-128
 512 0095 80       		.byte	-128
 513 0096 80       		.byte	-128
 514 0097 80       		.byte	-128
 515 0098 80       		.byte	-128
 516 0099 80       		.byte	-128
 517 009a 80       		.byte	-128
 518 009b 80       		.byte	-128
 519 009c 80       		.byte	-128
 520 009d 80       		.byte	-128
 521 009e 80       		.byte	-128
 522 009f 80       		.byte	-128
 523 00a0 80       		.byte	-128
 524 00a1 80       		.byte	-128
 525 00a2 80       		.byte	-128
 526 00a3 80       		.byte	-128
 527 00a4 80       		.byte	-128
 528 00a5 80       		.byte	-128
 529 00a6 80       		.byte	-128
 530 00a7 80       		.byte	-128
 531 00a8 80       		.byte	-128
 532 00a9 80       		.byte	-128
 533 00aa 80       		.byte	-128
 534 00ab 80       		.byte	-128
 535 00ac 80       		.byte	-128
 536 00ad 80       		.byte	-128
 537 00ae 80       		.byte	-128
 538 00af 80       		.byte	-128
 539 00b0 80       		.byte	-128
 540 00b1 80       		.byte	-128
 541 00b2 80       		.byte	-128
 542 00b3 80       		.byte	-128
 543 00b4 80       		.byte	-128
 544 00b5 80       		.byte	-128
 545 00b6 80       		.byte	-128
 546 00b7 80       		.byte	-128
 547 00b8 80       		.byte	-128
ARM GAS  C:\Users\sepp2\AppData\Local\Temp\ccxmcmKi.s 			page 16


 548 00b9 80       		.byte	-128
 549 00ba 80       		.byte	-128
 550 00bb 80       		.byte	-128
 551 00bc 80       		.byte	-128
 552 00bd 80       		.byte	-128
 553 00be 80       		.byte	-128
 554 00bf 80       		.byte	-128
 555 00c0 80       		.byte	-128
 556 00c1 80       		.byte	-128
 557 00c2 80       		.byte	-128
 558 00c3 80       		.byte	-128
 559 00c4 80       		.byte	-128
 560 00c5 80       		.byte	-128
 561 00c6 80       		.byte	-128
 562 00c7 80       		.byte	-128
 563 00c8 80       		.byte	-128
 564 00c9 80       		.byte	-128
 565 00ca 80       		.byte	-128
 566 00cb 80       		.byte	-128
 567 00cc 80       		.byte	-128
 568 00cd 80       		.byte	-128
 569 00ce 80       		.byte	-128
 570 00cf 80       		.byte	-128
 571 00d0 80       		.byte	-128
 572 00d1 80       		.byte	-128
 573 00d2 80       		.byte	-128
 574 00d3 80       		.byte	-128
 575 00d4 80       		.byte	-128
 576 00d5 80       		.byte	-128
 577 00d6 80       		.byte	-128
 578 00d7 80       		.byte	-128
 579              		.bss
 580              		.set	.LANCHOR0,. + 0
 581              		.type	WaveDAC8_4_Wave1Chan, %object
 582              		.size	WaveDAC8_4_Wave1Chan, 1
 583              	WaveDAC8_4_Wave1Chan:
 584 0000 00       		.space	1
 585              		.type	WaveDAC8_4_Wave2Chan, %object
 586              		.size	WaveDAC8_4_Wave2Chan, 1
 587              	WaveDAC8_4_Wave2Chan:
 588 0001 00       		.space	1
 589              		.type	WaveDAC8_4_Wave1TD, %object
 590              		.size	WaveDAC8_4_Wave1TD, 1
 591              	WaveDAC8_4_Wave1TD:
 592 0002 00       		.space	1
 593              		.type	WaveDAC8_4_Wave2TD, %object
 594              		.size	WaveDAC8_4_Wave2TD, 1
 595              	WaveDAC8_4_Wave2TD:
 596 0003 00       		.space	1
 597              		.type	WaveDAC8_4_initVar, %object
 598              		.size	WaveDAC8_4_initVar, 1
 599              	WaveDAC8_4_initVar:
 600 0004 00       		.space	1
 601              		.text
 602              	.Letext0:
 603              		.file 2 "Generated_Source\\PSoC5\\cytypes.h"
 604              		.file 3 "Generated_Source\\PSoC5/WaveDAC8_4_VDAC8.h"
ARM GAS  C:\Users\sepp2\AppData\Local\Temp\ccxmcmKi.s 			page 17


 605              		.file 4 "Generated_Source\\PSoC5/CYDMAC.H"
 606              		.file 5 "Generated_Source\\PSoC5/WaveDAC8_4_DacClk.h"
 607              		.file 6 "Generated_Source\\PSoC5/WaveDAC8_4_Wave1_DMA_dma.h"
 608              		.file 7 "Generated_Source\\PSoC5/WaveDAC8_4_Wave2_DMA_dma.h"
 609              		.section	.debug_info,"",%progbits
 610              	.Ldebug_info0:
 611 0000 13050000 		.4byte	0x513
 612 0004 0400     		.2byte	0x4
 613 0006 00000000 		.4byte	.Ldebug_abbrev0
 614 000a 04       		.byte	0x4
 615 000b 01       		.uleb128 0x1
 616 000c 59010000 		.4byte	.LASF53
 617 0010 0C       		.byte	0xc
 618 0011 0A030000 		.4byte	.LASF54
 619 0015 3A000000 		.4byte	.LASF55
 620 0019 00000000 		.4byte	.Ldebug_ranges0+0
 621 001d 00000000 		.4byte	0
 622 0021 00000000 		.4byte	.Ldebug_line0
 623 0025 02       		.uleb128 0x2
 624 0026 01       		.byte	0x1
 625 0027 06       		.byte	0x6
 626 0028 2B010000 		.4byte	.LASF0
 627 002c 02       		.uleb128 0x2
 628 002d 01       		.byte	0x1
 629 002e 08       		.byte	0x8
 630 002f 7A020000 		.4byte	.LASF1
 631 0033 02       		.uleb128 0x2
 632 0034 02       		.byte	0x2
 633 0035 05       		.byte	0x5
 634 0036 E4030000 		.4byte	.LASF2
 635 003a 02       		.uleb128 0x2
 636 003b 02       		.byte	0x2
 637 003c 07       		.byte	0x7
 638 003d B3000000 		.4byte	.LASF3
 639 0041 02       		.uleb128 0x2
 640 0042 04       		.byte	0x4
 641 0043 05       		.byte	0x5
 642 0044 04040000 		.4byte	.LASF4
 643 0048 02       		.uleb128 0x2
 644 0049 04       		.byte	0x4
 645 004a 07       		.byte	0x7
 646 004b BE020000 		.4byte	.LASF5
 647 004f 02       		.uleb128 0x2
 648 0050 08       		.byte	0x8
 649 0051 05       		.byte	0x5
 650 0052 8C030000 		.4byte	.LASF6
 651 0056 02       		.uleb128 0x2
 652 0057 08       		.byte	0x8
 653 0058 07       		.byte	0x7
 654 0059 F3020000 		.4byte	.LASF7
 655 005d 03       		.uleb128 0x3
 656 005e 04       		.byte	0x4
 657 005f 05       		.byte	0x5
 658 0060 696E7400 		.ascii	"int\000"
 659 0064 02       		.uleb128 0x2
 660 0065 04       		.byte	0x4
 661 0066 07       		.byte	0x7
ARM GAS  C:\Users\sepp2\AppData\Local\Temp\ccxmcmKi.s 			page 18


 662 0067 D0020000 		.4byte	.LASF8
 663 006b 04       		.uleb128 0x4
 664 006c 2F020000 		.4byte	.LASF9
 665 0070 02       		.byte	0x2
 666 0071 E901     		.2byte	0x1e9
 667 0073 2C000000 		.4byte	0x2c
 668 0077 04       		.uleb128 0x4
 669 0078 B0020000 		.4byte	.LASF10
 670 007c 02       		.byte	0x2
 671 007d EA01     		.2byte	0x1ea
 672 007f 3A000000 		.4byte	0x3a
 673 0083 04       		.uleb128 0x4
 674 0084 B7020000 		.4byte	.LASF11
 675 0088 02       		.byte	0x2
 676 0089 EB01     		.2byte	0x1eb
 677 008b 48000000 		.4byte	0x48
 678 008f 02       		.uleb128 0x2
 679 0090 04       		.byte	0x4
 680 0091 04       		.byte	0x4
 681 0092 25010000 		.4byte	.LASF12
 682 0096 02       		.uleb128 0x2
 683 0097 08       		.byte	0x8
 684 0098 04       		.byte	0x4
 685 0099 9B020000 		.4byte	.LASF13
 686 009d 02       		.uleb128 0x2
 687 009e 01       		.byte	0x1
 688 009f 08       		.byte	0x8
 689 00a0 9A030000 		.4byte	.LASF14
 690 00a4 02       		.uleb128 0x2
 691 00a5 08       		.byte	0x8
 692 00a6 04       		.byte	0x4
 693 00a7 1F040000 		.4byte	.LASF15
 694 00ab 02       		.uleb128 0x2
 695 00ac 04       		.byte	0x4
 696 00ad 07       		.byte	0x7
 697 00ae 83030000 		.4byte	.LASF16
 698 00b2 05       		.uleb128 0x5
 699 00b3 0D040000 		.4byte	.LASF17
 700 00b7 01       		.byte	0x1
 701 00b8 56       		.byte	0x56
 702 00b9 00000000 		.4byte	.LFB1
 703 00bd 28000000 		.4byte	.LFE1-.LFB1
 704 00c1 01       		.uleb128 0x1
 705 00c2 9C       		.byte	0x9c
 706 00c3 13010000 		.4byte	0x113
 707 00c7 06       		.uleb128 0x6
 708 00c8 06000000 		.4byte	.LVL0
 709 00cc 66040000 		.4byte	0x466
 710 00d0 07       		.uleb128 0x7
 711 00d1 10000000 		.4byte	.LVL1
 712 00d5 71040000 		.4byte	0x471
 713 00d9 E3000000 		.4byte	0xe3
 714 00dd 08       		.uleb128 0x8
 715 00de 01       		.uleb128 0x1
 716 00df 51       		.byte	0x51
 717 00e0 01       		.uleb128 0x1
 718 00e1 31       		.byte	0x31
ARM GAS  C:\Users\sepp2\AppData\Local\Temp\ccxmcmKi.s 			page 19


 719 00e2 00       		.byte	0
 720 00e3 07       		.uleb128 0x7
 721 00e4 18000000 		.4byte	.LVL2
 722 00e8 71040000 		.4byte	0x471
 723 00ec F6000000 		.4byte	0xf6
 724 00f0 08       		.uleb128 0x8
 725 00f1 01       		.uleb128 0x1
 726 00f2 51       		.byte	0x51
 727 00f3 01       		.uleb128 0x1
 728 00f4 31       		.byte	0x31
 729 00f5 00       		.byte	0
 730 00f6 07       		.uleb128 0x7
 731 00f7 1E000000 		.4byte	.LVL3
 732 00fb 7C040000 		.4byte	0x47c
 733 00ff 09010000 		.4byte	0x109
 734 0103 08       		.uleb128 0x8
 735 0104 01       		.uleb128 0x1
 736 0105 50       		.byte	0x50
 737 0106 01       		.uleb128 0x1
 738 0107 30       		.byte	0x30
 739 0108 00       		.byte	0
 740 0109 06       		.uleb128 0x6
 741 010a 22000000 		.4byte	.LVL4
 742 010e 87040000 		.4byte	0x487
 743 0112 00       		.byte	0
 744 0113 05       		.uleb128 0x5
 745 0114 1A000000 		.4byte	.LASF18
 746 0118 01       		.byte	0x1
 747 0119 BB       		.byte	0xbb
 748 011a 00000000 		.4byte	.LFB4
 749 011e 20000000 		.4byte	.LFE4-.LFB4
 750 0122 01       		.uleb128 0x1
 751 0123 9C       		.byte	0x9c
 752 0124 4D010000 		.4byte	0x14d
 753 0128 06       		.uleb128 0x6
 754 0129 06000000 		.4byte	.LVL5
 755 012d 92040000 		.4byte	0x492
 756 0131 06       		.uleb128 0x6
 757 0132 0E000000 		.4byte	.LVL6
 758 0136 9D040000 		.4byte	0x49d
 759 013a 06       		.uleb128 0x6
 760 013b 14000000 		.4byte	.LVL7
 761 013f 9D040000 		.4byte	0x49d
 762 0143 06       		.uleb128 0x6
 763 0144 18000000 		.4byte	.LVL8
 764 0148 A8040000 		.4byte	0x4a8
 765 014c 00       		.byte	0
 766 014d 05       		.uleb128 0x5
 767 014e EE030000 		.4byte	.LASF19
 768 0152 01       		.byte	0x1
 769 0153 DA       		.byte	0xda
 770 0154 00000000 		.4byte	.LFB5
 771 0158 40000000 		.4byte	.LFE5-.LFB5
 772 015c 01       		.uleb128 0x1
 773 015d 9C       		.byte	0x9c
 774 015e E5010000 		.4byte	0x1e5
 775 0162 09       		.uleb128 0x9
ARM GAS  C:\Users\sepp2\AppData\Local\Temp\ccxmcmKi.s 			page 20


 776 0163 27020000 		.4byte	.LASF20
 777 0167 01       		.byte	0x1
 778 0168 DA       		.byte	0xda
 779 0169 E5010000 		.4byte	0x1e5
 780 016d 00000000 		.4byte	.LLST0
 781 0171 09       		.uleb128 0x9
 782 0172 4E010000 		.4byte	.LASF21
 783 0176 01       		.byte	0x1
 784 0177 DA       		.byte	0xda
 785 0178 77000000 		.4byte	0x77
 786 017c 2C000000 		.4byte	.LLST1
 787 0180 07       		.uleb128 0x7
 788 0181 14000000 		.4byte	.LVL12
 789 0185 B3040000 		.4byte	0x4b3
 790 0189 A7010000 		.4byte	0x1a7
 791 018d 08       		.uleb128 0x8
 792 018e 01       		.uleb128 0x1
 793 018f 50       		.byte	0x50
 794 0190 01       		.uleb128 0x1
 795 0191 31       		.byte	0x31
 796 0192 08       		.uleb128 0x8
 797 0193 01       		.uleb128 0x1
 798 0194 51       		.byte	0x51
 799 0195 01       		.uleb128 0x1
 800 0196 31       		.byte	0x31
 801 0197 08       		.uleb128 0x8
 802 0198 01       		.uleb128 0x1
 803 0199 52       		.byte	0x52
 804 019a 04       		.uleb128 0x4
 805 019b 75       		.byte	0x75
 806 019c 00       		.sleb128 0
 807 019d 40       		.byte	0x40
 808 019e 25       		.byte	0x25
 809 019f 08       		.uleb128 0x8
 810 01a0 01       		.uleb128 0x1
 811 01a1 53       		.byte	0x53
 812 01a2 03       		.uleb128 0x3
 813 01a3 0A       		.byte	0xa
 814 01a4 0040     		.2byte	0x4000
 815 01a6 00       		.byte	0
 816 01a7 07       		.uleb128 0x7
 817 01a8 24000000 		.4byte	.LVL13
 818 01ac BE040000 		.4byte	0x4be
 819 01b0 C0010000 		.4byte	0x1c0
 820 01b4 08       		.uleb128 0x8
 821 01b5 01       		.uleb128 0x1
 822 01b6 51       		.byte	0x51
 823 01b7 02       		.uleb128 0x2
 824 01b8 76       		.byte	0x76
 825 01b9 00       		.sleb128 0
 826 01ba 08       		.uleb128 0x8
 827 01bb 01       		.uleb128 0x1
 828 01bc 53       		.byte	0x53
 829 01bd 01       		.uleb128 0x1
 830 01be 31       		.byte	0x31
 831 01bf 00       		.byte	0
 832 01c0 07       		.uleb128 0x7
ARM GAS  C:\Users\sepp2\AppData\Local\Temp\ccxmcmKi.s 			page 21


 833 01c1 30000000 		.4byte	.LVL14
 834 01c5 C9040000 		.4byte	0x4c9
 835 01c9 DB010000 		.4byte	0x1db
 836 01cd 08       		.uleb128 0x8
 837 01ce 01       		.uleb128 0x1
 838 01cf 51       		.byte	0x51
 839 01d0 02       		.uleb128 0x2
 840 01d1 75       		.byte	0x75
 841 01d2 00       		.sleb128 0
 842 01d3 08       		.uleb128 0x8
 843 01d4 01       		.uleb128 0x1
 844 01d5 52       		.byte	0x52
 845 01d6 03       		.uleb128 0x3
 846 01d7 0A       		.byte	0xa
 847 01d8 815B     		.2byte	0x5b81
 848 01da 00       		.byte	0
 849 01db 06       		.uleb128 0x6
 850 01dc 38000000 		.4byte	.LVL15
 851 01e0 D4040000 		.4byte	0x4d4
 852 01e4 00       		.byte	0
 853 01e5 0A       		.uleb128 0xa
 854 01e6 04       		.byte	0x4
 855 01e7 EB010000 		.4byte	0x1eb
 856 01eb 0B       		.uleb128 0xb
 857 01ec 6B000000 		.4byte	0x6b
 858 01f0 0C       		.uleb128 0xc
 859 01f1 DA000000 		.4byte	.LASF22
 860 01f5 01       		.byte	0x1
 861 01f6 0801     		.2byte	0x108
 862 01f8 00000000 		.4byte	.LFB6
 863 01fc 40000000 		.4byte	.LFE6-.LFB6
 864 0200 01       		.uleb128 0x1
 865 0201 9C       		.byte	0x9c
 866 0202 8B020000 		.4byte	0x28b
 867 0206 0D       		.uleb128 0xd
 868 0207 27020000 		.4byte	.LASF20
 869 020b 01       		.byte	0x1
 870 020c 0801     		.2byte	0x108
 871 020e E5010000 		.4byte	0x1e5
 872 0212 4D000000 		.4byte	.LLST2
 873 0216 0D       		.uleb128 0xd
 874 0217 4E010000 		.4byte	.LASF21
 875 021b 01       		.byte	0x1
 876 021c 0801     		.2byte	0x108
 877 021e 77000000 		.4byte	0x77
 878 0222 79000000 		.4byte	.LLST3
 879 0226 07       		.uleb128 0x7
 880 0227 14000000 		.4byte	.LVL20
 881 022b DF040000 		.4byte	0x4df
 882 022f 4D020000 		.4byte	0x24d
 883 0233 08       		.uleb128 0x8
 884 0234 01       		.uleb128 0x1
 885 0235 50       		.byte	0x50
 886 0236 01       		.uleb128 0x1
 887 0237 31       		.byte	0x31
 888 0238 08       		.uleb128 0x8
 889 0239 01       		.uleb128 0x1
ARM GAS  C:\Users\sepp2\AppData\Local\Temp\ccxmcmKi.s 			page 22


 890 023a 51       		.byte	0x51
 891 023b 01       		.uleb128 0x1
 892 023c 31       		.byte	0x31
 893 023d 08       		.uleb128 0x8
 894 023e 01       		.uleb128 0x1
 895 023f 52       		.byte	0x52
 896 0240 04       		.uleb128 0x4
 897 0241 75       		.byte	0x75
 898 0242 00       		.sleb128 0
 899 0243 40       		.byte	0x40
 900 0244 25       		.byte	0x25
 901 0245 08       		.uleb128 0x8
 902 0246 01       		.uleb128 0x1
 903 0247 53       		.byte	0x53
 904 0248 03       		.uleb128 0x3
 905 0249 0A       		.byte	0xa
 906 024a 0040     		.2byte	0x4000
 907 024c 00       		.byte	0
 908 024d 07       		.uleb128 0x7
 909 024e 24000000 		.4byte	.LVL21
 910 0252 BE040000 		.4byte	0x4be
 911 0256 66020000 		.4byte	0x266
 912 025a 08       		.uleb128 0x8
 913 025b 01       		.uleb128 0x1
 914 025c 51       		.byte	0x51
 915 025d 02       		.uleb128 0x2
 916 025e 76       		.byte	0x76
 917 025f 00       		.sleb128 0
 918 0260 08       		.uleb128 0x8
 919 0261 01       		.uleb128 0x1
 920 0262 53       		.byte	0x53
 921 0263 01       		.uleb128 0x1
 922 0264 31       		.byte	0x31
 923 0265 00       		.byte	0
 924 0266 07       		.uleb128 0x7
 925 0267 30000000 		.4byte	.LVL22
 926 026b C9040000 		.4byte	0x4c9
 927 026f 81020000 		.4byte	0x281
 928 0273 08       		.uleb128 0x8
 929 0274 01       		.uleb128 0x1
 930 0275 51       		.byte	0x51
 931 0276 02       		.uleb128 0x2
 932 0277 75       		.byte	0x75
 933 0278 00       		.sleb128 0
 934 0279 08       		.uleb128 0x8
 935 027a 01       		.uleb128 0x1
 936 027b 52       		.byte	0x52
 937 027c 03       		.uleb128 0x3
 938 027d 0A       		.byte	0xa
 939 027e 815B     		.2byte	0x5b81
 940 0280 00       		.byte	0
 941 0281 06       		.uleb128 0x6
 942 0282 38000000 		.4byte	.LVL23
 943 0286 D4040000 		.4byte	0x4d4
 944 028a 00       		.byte	0
 945 028b 05       		.uleb128 0x5
 946 028c 2A000000 		.4byte	.LASF23
ARM GAS  C:\Users\sepp2\AppData\Local\Temp\ccxmcmKi.s 			page 23


 947 0290 01       		.byte	0x1
 948 0291 2B       		.byte	0x2b
 949 0292 00000000 		.4byte	.LFB0
 950 0296 40000000 		.4byte	.LFE0-.LFB0
 951 029a 01       		.uleb128 0x1
 952 029b 9C       		.byte	0x9c
 953 029c 13030000 		.4byte	0x313
 954 02a0 06       		.uleb128 0x6
 955 02a1 06000000 		.4byte	.LVL25
 956 02a5 EA040000 		.4byte	0x4ea
 957 02a9 07       		.uleb128 0x7
 958 02aa 0C000000 		.4byte	.LVL26
 959 02ae F5040000 		.4byte	0x4f5
 960 02b2 BC020000 		.4byte	0x2bc
 961 02b6 08       		.uleb128 0x8
 962 02b7 01       		.uleb128 0x1
 963 02b8 50       		.byte	0x50
 964 02b9 01       		.uleb128 0x1
 965 02ba 32       		.byte	0x32
 966 02bb 00       		.byte	0
 967 02bc 07       		.uleb128 0x7
 968 02bd 12000000 		.4byte	.LVL27
 969 02c1 00050000 		.4byte	0x500
 970 02c5 CF020000 		.4byte	0x2cf
 971 02c9 08       		.uleb128 0x8
 972 02ca 01       		.uleb128 0x1
 973 02cb 50       		.byte	0x50
 974 02cc 01       		.uleb128 0x1
 975 02cd 30       		.byte	0x30
 976 02ce 00       		.byte	0
 977 02cf 06       		.uleb128 0x6
 978 02d0 16000000 		.4byte	.LVL28
 979 02d4 0B050000 		.4byte	0x50b
 980 02d8 06       		.uleb128 0x6
 981 02d9 1E000000 		.4byte	.LVL29
 982 02dd 0B050000 		.4byte	0x50b
 983 02e1 07       		.uleb128 0x7
 984 02e2 2A000000 		.4byte	.LVL30
 985 02e6 4D010000 		.4byte	0x14d
 986 02ea FB020000 		.4byte	0x2fb
 987 02ee 08       		.uleb128 0x8
 988 02ef 01       		.uleb128 0x1
 989 02f0 50       		.byte	0x50
 990 02f1 02       		.uleb128 0x2
 991 02f2 74       		.byte	0x74
 992 02f3 00       		.sleb128 0
 993 02f4 08       		.uleb128 0x8
 994 02f5 01       		.uleb128 0x1
 995 02f6 51       		.byte	0x51
 996 02f7 02       		.uleb128 0x2
 997 02f8 08       		.byte	0x8
 998 02f9 71       		.byte	0x71
 999 02fa 00       		.byte	0
 1000 02fb 0E       		.uleb128 0xe
 1001 02fc 34000000 		.4byte	.LVL31
 1002 0300 F0010000 		.4byte	0x1f0
 1003 0304 08       		.uleb128 0x8
ARM GAS  C:\Users\sepp2\AppData\Local\Temp\ccxmcmKi.s 			page 24


 1004 0305 01       		.uleb128 0x1
 1005 0306 50       		.byte	0x50
 1006 0307 03       		.uleb128 0x3
 1007 0308 74       		.byte	0x74
 1008 0309 F400     		.sleb128 116
 1009 030b 08       		.uleb128 0x8
 1010 030c 01       		.uleb128 0x1
 1011 030d 51       		.byte	0x51
 1012 030e 02       		.uleb128 0x2
 1013 030f 08       		.byte	0x8
 1014 0310 64       		.byte	0x64
 1015 0311 00       		.byte	0
 1016 0312 00       		.byte	0
 1017 0313 05       		.uleb128 0x5
 1018 0314 D3030000 		.4byte	.LASF24
 1019 0318 01       		.byte	0x1
 1020 0319 81       		.byte	0x81
 1021 031a 00000000 		.4byte	.LFB2
 1022 031e 1C000000 		.4byte	.LFE2-.LFB2
 1023 0322 01       		.uleb128 0x1
 1024 0323 9C       		.byte	0x9c
 1025 0324 3B030000 		.4byte	0x33b
 1026 0328 06       		.uleb128 0x6
 1027 0329 0C000000 		.4byte	.LVL32
 1028 032d 8B020000 		.4byte	0x28b
 1029 0331 06       		.uleb128 0x6
 1030 0332 16000000 		.4byte	.LVL33
 1031 0336 B2000000 		.4byte	0xb2
 1032 033a 00       		.byte	0
 1033 033b 05       		.uleb128 0x5
 1034 033c 35020000 		.4byte	.LASF25
 1035 0340 01       		.byte	0x1
 1036 0341 A3       		.byte	0xa3
 1037 0342 00000000 		.4byte	.LFB3
 1038 0346 18000000 		.4byte	.LFE3-.LFB3
 1039 034a 01       		.uleb128 0x1
 1040 034b 9C       		.byte	0x9c
 1041 034c C5030000 		.4byte	0x3c5
 1042 0350 09       		.uleb128 0x9
 1043 0351 03010000 		.4byte	.LASF26
 1044 0355 01       		.byte	0x1
 1045 0356 A3       		.byte	0xa3
 1046 0357 E5010000 		.4byte	0x1e5
 1047 035b 9A000000 		.4byte	.LLST4
 1048 035f 09       		.uleb128 0x9
 1049 0360 48020000 		.4byte	.LASF27
 1050 0364 01       		.byte	0x1
 1051 0365 A3       		.byte	0xa3
 1052 0366 77000000 		.4byte	0x77
 1053 036a BB000000 		.4byte	.LLST5
 1054 036e 09       		.uleb128 0x9
 1055 036f 0C010000 		.4byte	.LASF28
 1056 0373 01       		.byte	0x1
 1057 0374 A3       		.byte	0xa3
 1058 0375 E5010000 		.4byte	0x1e5
 1059 0379 DC000000 		.4byte	.LLST6
 1060 037d 09       		.uleb128 0x9
ARM GAS  C:\Users\sepp2\AppData\Local\Temp\ccxmcmKi.s 			page 25


 1061 037e 54020000 		.4byte	.LASF29
 1062 0382 01       		.byte	0x1
 1063 0383 A3       		.byte	0xa3
 1064 0384 77000000 		.4byte	0x77
 1065 0388 FA000000 		.4byte	.LLST7
 1066 038c 07       		.uleb128 0x7
 1067 038d 0A000000 		.4byte	.LVL35
 1068 0391 4D010000 		.4byte	0x14d
 1069 0395 A1030000 		.4byte	0x3a1
 1070 0399 08       		.uleb128 0x8
 1071 039a 01       		.uleb128 0x1
 1072 039b 50       		.byte	0x50
 1073 039c 03       		.uleb128 0x3
 1074 039d F3       		.byte	0xf3
 1075 039e 01       		.uleb128 0x1
 1076 039f 50       		.byte	0x50
 1077 03a0 00       		.byte	0
 1078 03a1 07       		.uleb128 0x7
 1079 03a2 12000000 		.4byte	.LVL36
 1080 03a6 F0010000 		.4byte	0x1f0
 1081 03aa BB030000 		.4byte	0x3bb
 1082 03ae 08       		.uleb128 0x8
 1083 03af 01       		.uleb128 0x1
 1084 03b0 50       		.byte	0x50
 1085 03b1 02       		.uleb128 0x2
 1086 03b2 74       		.byte	0x74
 1087 03b3 00       		.sleb128 0
 1088 03b4 08       		.uleb128 0x8
 1089 03b5 01       		.uleb128 0x1
 1090 03b6 51       		.byte	0x51
 1091 03b7 02       		.uleb128 0x2
 1092 03b8 75       		.byte	0x75
 1093 03b9 00       		.sleb128 0
 1094 03ba 00       		.byte	0
 1095 03bb 06       		.uleb128 0x6
 1096 03bc 16000000 		.4byte	.LVL37
 1097 03c0 13030000 		.4byte	0x313
 1098 03c4 00       		.byte	0
 1099 03c5 0F       		.uleb128 0xf
 1100 03c6 12020000 		.4byte	.LASF30
 1101 03ca 01       		.byte	0x1
 1102 03cb 17       		.byte	0x17
 1103 03cc 6B000000 		.4byte	0x6b
 1104 03d0 05       		.uleb128 0x5
 1105 03d1 03       		.byte	0x3
 1106 03d2 00000000 		.4byte	WaveDAC8_4_Wave1Chan
 1107 03d6 0F       		.uleb128 0xf
 1108 03d7 68040000 		.4byte	.LASF31
 1109 03db 01       		.byte	0x1
 1110 03dc 18       		.byte	0x18
 1111 03dd 6B000000 		.4byte	0x6b
 1112 03e1 05       		.uleb128 0x5
 1113 03e2 03       		.byte	0x3
 1114 03e3 01000000 		.4byte	WaveDAC8_4_Wave2Chan
 1115 03e7 0F       		.uleb128 0xf
 1116 03e8 88020000 		.4byte	.LASF32
 1117 03ec 01       		.byte	0x1
ARM GAS  C:\Users\sepp2\AppData\Local\Temp\ccxmcmKi.s 			page 26


 1118 03ed 19       		.byte	0x19
 1119 03ee 6B000000 		.4byte	0x6b
 1120 03f2 05       		.uleb128 0x5
 1121 03f3 03       		.byte	0x3
 1122 03f4 02000000 		.4byte	WaveDAC8_4_Wave1TD
 1123 03f8 0F       		.uleb128 0xf
 1124 03f9 E7010000 		.4byte	.LASF33
 1125 03fd 01       		.byte	0x1
 1126 03fe 1A       		.byte	0x1a
 1127 03ff 6B000000 		.4byte	0x6b
 1128 0403 05       		.uleb128 0x5
 1129 0404 03       		.byte	0x3
 1130 0405 03000000 		.4byte	WaveDAC8_4_Wave2TD
 1131 0409 10       		.uleb128 0x10
 1132 040a F0000000 		.4byte	.LASF34
 1133 040e 01       		.byte	0x1
 1134 040f 12       		.byte	0x12
 1135 0410 6B000000 		.4byte	0x6b
 1136 0414 05       		.uleb128 0x5
 1137 0415 03       		.byte	0x3
 1138 0416 00000000 		.4byte	WaveDAC8_4_initVar
 1139 041a 11       		.uleb128 0x11
 1140 041b EB010000 		.4byte	0x1eb
 1141 041f 2A040000 		.4byte	0x42a
 1142 0423 12       		.uleb128 0x12
 1143 0424 AB000000 		.4byte	0xab
 1144 0428 70       		.byte	0x70
 1145 0429 00       		.byte	0
 1146 042a 10       		.uleb128 0x10
 1147 042b C2030000 		.4byte	.LASF35
 1148 042f 01       		.byte	0x1
 1149 0430 14       		.byte	0x14
 1150 0431 3B040000 		.4byte	0x43b
 1151 0435 05       		.uleb128 0x5
 1152 0436 03       		.byte	0x3
 1153 0437 00000000 		.4byte	WaveDAC8_4_wave1
 1154 043b 0B       		.uleb128 0xb
 1155 043c 1A040000 		.4byte	0x41a
 1156 0440 11       		.uleb128 0x11
 1157 0441 EB010000 		.4byte	0x1eb
 1158 0445 50040000 		.4byte	0x450
 1159 0449 12       		.uleb128 0x12
 1160 044a AB000000 		.4byte	0xab
 1161 044e 63       		.byte	0x63
 1162 044f 00       		.byte	0
 1163 0450 10       		.uleb128 0x10
 1164 0451 90000000 		.4byte	.LASF36
 1165 0455 01       		.byte	0x1
 1166 0456 15       		.byte	0x15
 1167 0457 61040000 		.4byte	0x461
 1168 045b 05       		.uleb128 0x5
 1169 045c 03       		.byte	0x3
 1170 045d 00000000 		.4byte	WaveDAC8_4_wave2
 1171 0461 0B       		.uleb128 0xb
 1172 0462 40040000 		.4byte	0x440
 1173 0466 13       		.uleb128 0x13
 1174 0467 2E030000 		.4byte	.LASF37
ARM GAS  C:\Users\sepp2\AppData\Local\Temp\ccxmcmKi.s 			page 27


 1175 046b 2E030000 		.4byte	.LASF37
 1176 046f 03       		.byte	0x3
 1177 0470 3A       		.byte	0x3a
 1178 0471 13       		.uleb128 0x13
 1179 0472 A2020000 		.4byte	.LASF38
 1180 0476 A2020000 		.4byte	.LASF38
 1181 047a 04       		.byte	0x4
 1182 047b 29       		.byte	0x29
 1183 047c 13       		.uleb128 0x13
 1184 047d 60020000 		.4byte	.LASF39
 1185 0481 60020000 		.4byte	.LASF39
 1186 0485 03       		.byte	0x3
 1187 0486 37       		.byte	0x37
 1188 0487 13       		.uleb128 0x13
 1189 0488 50040000 		.4byte	.LASF40
 1190 048c 50040000 		.4byte	.LASF40
 1191 0490 05       		.byte	0x5
 1192 0491 27       		.byte	0x27
 1193 0492 13       		.uleb128 0x13
 1194 0493 37010000 		.4byte	.LASF41
 1195 0497 37010000 		.4byte	.LASF41
 1196 049b 05       		.byte	0x5
 1197 049c 28       		.byte	0x28
 1198 049d 13       		.uleb128 0x13
 1199 049e 41040000 		.4byte	.LASF42
 1200 04a2 41040000 		.4byte	.LASF42
 1201 04a6 04       		.byte	0x4
 1202 04a7 2A       		.byte	0x2a
 1203 04a8 13       		.uleb128 0x13
 1204 04a9 2B040000 		.4byte	.LASF43
 1205 04ad 2B040000 		.4byte	.LASF43
 1206 04b1 03       		.byte	0x3
 1207 04b2 34       		.byte	0x34
 1208 04b3 13       		.uleb128 0x13
 1209 04b4 60030000 		.4byte	.LASF44
 1210 04b8 60030000 		.4byte	.LASF44
 1211 04bc 06       		.byte	0x6
 1212 04bd 1E       		.byte	0x1e
 1213 04be 13       		.uleb128 0x13
 1214 04bf FA010000 		.4byte	.LASF45
 1215 04c3 FA010000 		.4byte	.LASF45
 1216 04c7 04       		.byte	0x4
 1217 04c8 3B       		.byte	0x3b
 1218 04c9 13       		.uleb128 0x13
 1219 04ca A1000000 		.4byte	.LASF46
 1220 04ce A1000000 		.4byte	.LASF46
 1221 04d2 04       		.byte	0x4
 1222 04d3 3F       		.byte	0x3f
 1223 04d4 13       		.uleb128 0x13
 1224 04d5 C6000000 		.4byte	.LASF47
 1225 04d9 C6000000 		.4byte	.LASF47
 1226 04dd 04       		.byte	0x4
 1227 04de 2F       		.byte	0x2f
 1228 04df 13       		.uleb128 0x13
 1229 04e0 9F030000 		.4byte	.LASF48
 1230 04e4 9F030000 		.4byte	.LASF48
 1231 04e8 07       		.byte	0x7
ARM GAS  C:\Users\sepp2\AppData\Local\Temp\ccxmcmKi.s 			page 28


 1232 04e9 1E       		.byte	0x1e
 1233 04ea 13       		.uleb128 0x13
 1234 04eb DD020000 		.4byte	.LASF49
 1235 04ef DD020000 		.4byte	.LASF49
 1236 04f3 03       		.byte	0x3
 1237 04f4 39       		.byte	0x39
 1238 04f5 13       		.uleb128 0x13
 1239 04f6 00000000 		.4byte	.LASF50
 1240 04fa 00000000 		.4byte	.LASF50
 1241 04fe 03       		.byte	0x3
 1242 04ff 35       		.byte	0x35
 1243 0500 13       		.uleb128 0x13
 1244 0501 46030000 		.4byte	.LASF51
 1245 0505 46030000 		.4byte	.LASF51
 1246 0509 03       		.byte	0x3
 1247 050a 36       		.byte	0x36
 1248 050b 13       		.uleb128 0x13
 1249 050c 15010000 		.4byte	.LASF52
 1250 0510 15010000 		.4byte	.LASF52
 1251 0514 04       		.byte	0x4
 1252 0515 38       		.byte	0x38
 1253 0516 00       		.byte	0
 1254              		.section	.debug_abbrev,"",%progbits
 1255              	.Ldebug_abbrev0:
 1256 0000 01       		.uleb128 0x1
 1257 0001 11       		.uleb128 0x11
 1258 0002 01       		.byte	0x1
 1259 0003 25       		.uleb128 0x25
 1260 0004 0E       		.uleb128 0xe
 1261 0005 13       		.uleb128 0x13
 1262 0006 0B       		.uleb128 0xb
 1263 0007 03       		.uleb128 0x3
 1264 0008 0E       		.uleb128 0xe
 1265 0009 1B       		.uleb128 0x1b
 1266 000a 0E       		.uleb128 0xe
 1267 000b 55       		.uleb128 0x55
 1268 000c 17       		.uleb128 0x17
 1269 000d 11       		.uleb128 0x11
 1270 000e 01       		.uleb128 0x1
 1271 000f 10       		.uleb128 0x10
 1272 0010 17       		.uleb128 0x17
 1273 0011 00       		.byte	0
 1274 0012 00       		.byte	0
 1275 0013 02       		.uleb128 0x2
 1276 0014 24       		.uleb128 0x24
 1277 0015 00       		.byte	0
 1278 0016 0B       		.uleb128 0xb
 1279 0017 0B       		.uleb128 0xb
 1280 0018 3E       		.uleb128 0x3e
 1281 0019 0B       		.uleb128 0xb
 1282 001a 03       		.uleb128 0x3
 1283 001b 0E       		.uleb128 0xe
 1284 001c 00       		.byte	0
 1285 001d 00       		.byte	0
 1286 001e 03       		.uleb128 0x3
 1287 001f 24       		.uleb128 0x24
 1288 0020 00       		.byte	0
ARM GAS  C:\Users\sepp2\AppData\Local\Temp\ccxmcmKi.s 			page 29


 1289 0021 0B       		.uleb128 0xb
 1290 0022 0B       		.uleb128 0xb
 1291 0023 3E       		.uleb128 0x3e
 1292 0024 0B       		.uleb128 0xb
 1293 0025 03       		.uleb128 0x3
 1294 0026 08       		.uleb128 0x8
 1295 0027 00       		.byte	0
 1296 0028 00       		.byte	0
 1297 0029 04       		.uleb128 0x4
 1298 002a 16       		.uleb128 0x16
 1299 002b 00       		.byte	0
 1300 002c 03       		.uleb128 0x3
 1301 002d 0E       		.uleb128 0xe
 1302 002e 3A       		.uleb128 0x3a
 1303 002f 0B       		.uleb128 0xb
 1304 0030 3B       		.uleb128 0x3b
 1305 0031 05       		.uleb128 0x5
 1306 0032 49       		.uleb128 0x49
 1307 0033 13       		.uleb128 0x13
 1308 0034 00       		.byte	0
 1309 0035 00       		.byte	0
 1310 0036 05       		.uleb128 0x5
 1311 0037 2E       		.uleb128 0x2e
 1312 0038 01       		.byte	0x1
 1313 0039 3F       		.uleb128 0x3f
 1314 003a 19       		.uleb128 0x19
 1315 003b 03       		.uleb128 0x3
 1316 003c 0E       		.uleb128 0xe
 1317 003d 3A       		.uleb128 0x3a
 1318 003e 0B       		.uleb128 0xb
 1319 003f 3B       		.uleb128 0x3b
 1320 0040 0B       		.uleb128 0xb
 1321 0041 27       		.uleb128 0x27
 1322 0042 19       		.uleb128 0x19
 1323 0043 11       		.uleb128 0x11
 1324 0044 01       		.uleb128 0x1
 1325 0045 12       		.uleb128 0x12
 1326 0046 06       		.uleb128 0x6
 1327 0047 40       		.uleb128 0x40
 1328 0048 18       		.uleb128 0x18
 1329 0049 9742     		.uleb128 0x2117
 1330 004b 19       		.uleb128 0x19
 1331 004c 01       		.uleb128 0x1
 1332 004d 13       		.uleb128 0x13
 1333 004e 00       		.byte	0
 1334 004f 00       		.byte	0
 1335 0050 06       		.uleb128 0x6
 1336 0051 898201   		.uleb128 0x4109
 1337 0054 00       		.byte	0
 1338 0055 11       		.uleb128 0x11
 1339 0056 01       		.uleb128 0x1
 1340 0057 31       		.uleb128 0x31
 1341 0058 13       		.uleb128 0x13
 1342 0059 00       		.byte	0
 1343 005a 00       		.byte	0
 1344 005b 07       		.uleb128 0x7
 1345 005c 898201   		.uleb128 0x4109
ARM GAS  C:\Users\sepp2\AppData\Local\Temp\ccxmcmKi.s 			page 30


 1346 005f 01       		.byte	0x1
 1347 0060 11       		.uleb128 0x11
 1348 0061 01       		.uleb128 0x1
 1349 0062 31       		.uleb128 0x31
 1350 0063 13       		.uleb128 0x13
 1351 0064 01       		.uleb128 0x1
 1352 0065 13       		.uleb128 0x13
 1353 0066 00       		.byte	0
 1354 0067 00       		.byte	0
 1355 0068 08       		.uleb128 0x8
 1356 0069 8A8201   		.uleb128 0x410a
 1357 006c 00       		.byte	0
 1358 006d 02       		.uleb128 0x2
 1359 006e 18       		.uleb128 0x18
 1360 006f 9142     		.uleb128 0x2111
 1361 0071 18       		.uleb128 0x18
 1362 0072 00       		.byte	0
 1363 0073 00       		.byte	0
 1364 0074 09       		.uleb128 0x9
 1365 0075 05       		.uleb128 0x5
 1366 0076 00       		.byte	0
 1367 0077 03       		.uleb128 0x3
 1368 0078 0E       		.uleb128 0xe
 1369 0079 3A       		.uleb128 0x3a
 1370 007a 0B       		.uleb128 0xb
 1371 007b 3B       		.uleb128 0x3b
 1372 007c 0B       		.uleb128 0xb
 1373 007d 49       		.uleb128 0x49
 1374 007e 13       		.uleb128 0x13
 1375 007f 02       		.uleb128 0x2
 1376 0080 17       		.uleb128 0x17
 1377 0081 00       		.byte	0
 1378 0082 00       		.byte	0
 1379 0083 0A       		.uleb128 0xa
 1380 0084 0F       		.uleb128 0xf
 1381 0085 00       		.byte	0
 1382 0086 0B       		.uleb128 0xb
 1383 0087 0B       		.uleb128 0xb
 1384 0088 49       		.uleb128 0x49
 1385 0089 13       		.uleb128 0x13
 1386 008a 00       		.byte	0
 1387 008b 00       		.byte	0
 1388 008c 0B       		.uleb128 0xb
 1389 008d 26       		.uleb128 0x26
 1390 008e 00       		.byte	0
 1391 008f 49       		.uleb128 0x49
 1392 0090 13       		.uleb128 0x13
 1393 0091 00       		.byte	0
 1394 0092 00       		.byte	0
 1395 0093 0C       		.uleb128 0xc
 1396 0094 2E       		.uleb128 0x2e
 1397 0095 01       		.byte	0x1
 1398 0096 3F       		.uleb128 0x3f
 1399 0097 19       		.uleb128 0x19
 1400 0098 03       		.uleb128 0x3
 1401 0099 0E       		.uleb128 0xe
 1402 009a 3A       		.uleb128 0x3a
ARM GAS  C:\Users\sepp2\AppData\Local\Temp\ccxmcmKi.s 			page 31


 1403 009b 0B       		.uleb128 0xb
 1404 009c 3B       		.uleb128 0x3b
 1405 009d 05       		.uleb128 0x5
 1406 009e 27       		.uleb128 0x27
 1407 009f 19       		.uleb128 0x19
 1408 00a0 11       		.uleb128 0x11
 1409 00a1 01       		.uleb128 0x1
 1410 00a2 12       		.uleb128 0x12
 1411 00a3 06       		.uleb128 0x6
 1412 00a4 40       		.uleb128 0x40
 1413 00a5 18       		.uleb128 0x18
 1414 00a6 9742     		.uleb128 0x2117
 1415 00a8 19       		.uleb128 0x19
 1416 00a9 01       		.uleb128 0x1
 1417 00aa 13       		.uleb128 0x13
 1418 00ab 00       		.byte	0
 1419 00ac 00       		.byte	0
 1420 00ad 0D       		.uleb128 0xd
 1421 00ae 05       		.uleb128 0x5
 1422 00af 00       		.byte	0
 1423 00b0 03       		.uleb128 0x3
 1424 00b1 0E       		.uleb128 0xe
 1425 00b2 3A       		.uleb128 0x3a
 1426 00b3 0B       		.uleb128 0xb
 1427 00b4 3B       		.uleb128 0x3b
 1428 00b5 05       		.uleb128 0x5
 1429 00b6 49       		.uleb128 0x49
 1430 00b7 13       		.uleb128 0x13
 1431 00b8 02       		.uleb128 0x2
 1432 00b9 17       		.uleb128 0x17
 1433 00ba 00       		.byte	0
 1434 00bb 00       		.byte	0
 1435 00bc 0E       		.uleb128 0xe
 1436 00bd 898201   		.uleb128 0x4109
 1437 00c0 01       		.byte	0x1
 1438 00c1 11       		.uleb128 0x11
 1439 00c2 01       		.uleb128 0x1
 1440 00c3 31       		.uleb128 0x31
 1441 00c4 13       		.uleb128 0x13
 1442 00c5 00       		.byte	0
 1443 00c6 00       		.byte	0
 1444 00c7 0F       		.uleb128 0xf
 1445 00c8 34       		.uleb128 0x34
 1446 00c9 00       		.byte	0
 1447 00ca 03       		.uleb128 0x3
 1448 00cb 0E       		.uleb128 0xe
 1449 00cc 3A       		.uleb128 0x3a
 1450 00cd 0B       		.uleb128 0xb
 1451 00ce 3B       		.uleb128 0x3b
 1452 00cf 0B       		.uleb128 0xb
 1453 00d0 49       		.uleb128 0x49
 1454 00d1 13       		.uleb128 0x13
 1455 00d2 02       		.uleb128 0x2
 1456 00d3 18       		.uleb128 0x18
 1457 00d4 00       		.byte	0
 1458 00d5 00       		.byte	0
 1459 00d6 10       		.uleb128 0x10
ARM GAS  C:\Users\sepp2\AppData\Local\Temp\ccxmcmKi.s 			page 32


 1460 00d7 34       		.uleb128 0x34
 1461 00d8 00       		.byte	0
 1462 00d9 03       		.uleb128 0x3
 1463 00da 0E       		.uleb128 0xe
 1464 00db 3A       		.uleb128 0x3a
 1465 00dc 0B       		.uleb128 0xb
 1466 00dd 3B       		.uleb128 0x3b
 1467 00de 0B       		.uleb128 0xb
 1468 00df 49       		.uleb128 0x49
 1469 00e0 13       		.uleb128 0x13
 1470 00e1 3F       		.uleb128 0x3f
 1471 00e2 19       		.uleb128 0x19
 1472 00e3 02       		.uleb128 0x2
 1473 00e4 18       		.uleb128 0x18
 1474 00e5 00       		.byte	0
 1475 00e6 00       		.byte	0
 1476 00e7 11       		.uleb128 0x11
 1477 00e8 01       		.uleb128 0x1
 1478 00e9 01       		.byte	0x1
 1479 00ea 49       		.uleb128 0x49
 1480 00eb 13       		.uleb128 0x13
 1481 00ec 01       		.uleb128 0x1
 1482 00ed 13       		.uleb128 0x13
 1483 00ee 00       		.byte	0
 1484 00ef 00       		.byte	0
 1485 00f0 12       		.uleb128 0x12
 1486 00f1 21       		.uleb128 0x21
 1487 00f2 00       		.byte	0
 1488 00f3 49       		.uleb128 0x49
 1489 00f4 13       		.uleb128 0x13
 1490 00f5 2F       		.uleb128 0x2f
 1491 00f6 0B       		.uleb128 0xb
 1492 00f7 00       		.byte	0
 1493 00f8 00       		.byte	0
 1494 00f9 13       		.uleb128 0x13
 1495 00fa 2E       		.uleb128 0x2e
 1496 00fb 00       		.byte	0
 1497 00fc 3F       		.uleb128 0x3f
 1498 00fd 19       		.uleb128 0x19
 1499 00fe 3C       		.uleb128 0x3c
 1500 00ff 19       		.uleb128 0x19
 1501 0100 6E       		.uleb128 0x6e
 1502 0101 0E       		.uleb128 0xe
 1503 0102 03       		.uleb128 0x3
 1504 0103 0E       		.uleb128 0xe
 1505 0104 3A       		.uleb128 0x3a
 1506 0105 0B       		.uleb128 0xb
 1507 0106 3B       		.uleb128 0x3b
 1508 0107 0B       		.uleb128 0xb
 1509 0108 00       		.byte	0
 1510 0109 00       		.byte	0
 1511 010a 00       		.byte	0
 1512              		.section	.debug_loc,"",%progbits
 1513              	.Ldebug_loc0:
 1514              	.LLST0:
 1515 0000 00000000 		.4byte	.LVL9
 1516 0004 10000000 		.4byte	.LVL11
ARM GAS  C:\Users\sepp2\AppData\Local\Temp\ccxmcmKi.s 			page 33


 1517 0008 0100     		.2byte	0x1
 1518 000a 50       		.byte	0x50
 1519 000b 10000000 		.4byte	.LVL11
 1520 000f 3A000000 		.4byte	.LVL16
 1521 0013 0100     		.2byte	0x1
 1522 0015 55       		.byte	0x55
 1523 0016 3A000000 		.4byte	.LVL16
 1524 001a 40000000 		.4byte	.LFE5
 1525 001e 0400     		.2byte	0x4
 1526 0020 F3       		.byte	0xf3
 1527 0021 01       		.uleb128 0x1
 1528 0022 50       		.byte	0x50
 1529 0023 9F       		.byte	0x9f
 1530 0024 00000000 		.4byte	0
 1531 0028 00000000 		.4byte	0
 1532              	.LLST1:
 1533 002c 00000000 		.4byte	.LVL9
 1534 0030 0E000000 		.4byte	.LVL10
 1535 0034 0100     		.2byte	0x1
 1536 0036 51       		.byte	0x51
 1537 0037 0E000000 		.4byte	.LVL10
 1538 003b 40000000 		.4byte	.LFE5
 1539 003f 0400     		.2byte	0x4
 1540 0041 F3       		.byte	0xf3
 1541 0042 01       		.uleb128 0x1
 1542 0043 51       		.byte	0x51
 1543 0044 9F       		.byte	0x9f
 1544 0045 00000000 		.4byte	0
 1545 0049 00000000 		.4byte	0
 1546              	.LLST2:
 1547 004d 00000000 		.4byte	.LVL17
 1548 0051 10000000 		.4byte	.LVL19
 1549 0055 0100     		.2byte	0x1
 1550 0057 50       		.byte	0x50
 1551 0058 10000000 		.4byte	.LVL19
 1552 005c 3A000000 		.4byte	.LVL24
 1553 0060 0100     		.2byte	0x1
 1554 0062 55       		.byte	0x55
 1555 0063 3A000000 		.4byte	.LVL24
 1556 0067 40000000 		.4byte	.LFE6
 1557 006b 0400     		.2byte	0x4
 1558 006d F3       		.byte	0xf3
 1559 006e 01       		.uleb128 0x1
 1560 006f 50       		.byte	0x50
 1561 0070 9F       		.byte	0x9f
 1562 0071 00000000 		.4byte	0
 1563 0075 00000000 		.4byte	0
 1564              	.LLST3:
 1565 0079 00000000 		.4byte	.LVL17
 1566 007d 0E000000 		.4byte	.LVL18
 1567 0081 0100     		.2byte	0x1
 1568 0083 51       		.byte	0x51
 1569 0084 0E000000 		.4byte	.LVL18
 1570 0088 40000000 		.4byte	.LFE6
 1571 008c 0400     		.2byte	0x4
 1572 008e F3       		.byte	0xf3
 1573 008f 01       		.uleb128 0x1
ARM GAS  C:\Users\sepp2\AppData\Local\Temp\ccxmcmKi.s 			page 34


 1574 0090 51       		.byte	0x51
 1575 0091 9F       		.byte	0x9f
 1576 0092 00000000 		.4byte	0
 1577 0096 00000000 		.4byte	0
 1578              	.LLST4:
 1579 009a 00000000 		.4byte	.LVL34
 1580 009e 09000000 		.4byte	.LVL35-1
 1581 00a2 0100     		.2byte	0x1
 1582 00a4 50       		.byte	0x50
 1583 00a5 09000000 		.4byte	.LVL35-1
 1584 00a9 18000000 		.4byte	.LFE3
 1585 00ad 0400     		.2byte	0x4
 1586 00af F3       		.byte	0xf3
 1587 00b0 01       		.uleb128 0x1
 1588 00b1 50       		.byte	0x50
 1589 00b2 9F       		.byte	0x9f
 1590 00b3 00000000 		.4byte	0
 1591 00b7 00000000 		.4byte	0
 1592              	.LLST5:
 1593 00bb 00000000 		.4byte	.LVL34
 1594 00bf 09000000 		.4byte	.LVL35-1
 1595 00c3 0100     		.2byte	0x1
 1596 00c5 51       		.byte	0x51
 1597 00c6 09000000 		.4byte	.LVL35-1
 1598 00ca 18000000 		.4byte	.LFE3
 1599 00ce 0400     		.2byte	0x4
 1600 00d0 F3       		.byte	0xf3
 1601 00d1 01       		.uleb128 0x1
 1602 00d2 51       		.byte	0x51
 1603 00d3 9F       		.byte	0x9f
 1604 00d4 00000000 		.4byte	0
 1605 00d8 00000000 		.4byte	0
 1606              	.LLST6:
 1607 00dc 00000000 		.4byte	.LVL34
 1608 00e0 09000000 		.4byte	.LVL35-1
 1609 00e4 0100     		.2byte	0x1
 1610 00e6 52       		.byte	0x52
 1611 00e7 09000000 		.4byte	.LVL35-1
 1612 00eb 18000000 		.4byte	.LFE3
 1613 00ef 0100     		.2byte	0x1
 1614 00f1 54       		.byte	0x54
 1615 00f2 00000000 		.4byte	0
 1616 00f6 00000000 		.4byte	0
 1617              	.LLST7:
 1618 00fa 00000000 		.4byte	.LVL34
 1619 00fe 09000000 		.4byte	.LVL35-1
 1620 0102 0100     		.2byte	0x1
 1621 0104 53       		.byte	0x53
 1622 0105 09000000 		.4byte	.LVL35-1
 1623 0109 18000000 		.4byte	.LFE3
 1624 010d 0400     		.2byte	0x4
 1625 010f F3       		.byte	0xf3
 1626 0110 01       		.uleb128 0x1
 1627 0111 53       		.byte	0x53
 1628 0112 9F       		.byte	0x9f
 1629 0113 00000000 		.4byte	0
 1630 0117 00000000 		.4byte	0
ARM GAS  C:\Users\sepp2\AppData\Local\Temp\ccxmcmKi.s 			page 35


 1631              		.section	.debug_aranges,"",%progbits
 1632 0000 4C000000 		.4byte	0x4c
 1633 0004 0200     		.2byte	0x2
 1634 0006 00000000 		.4byte	.Ldebug_info0
 1635 000a 04       		.byte	0x4
 1636 000b 00       		.byte	0
 1637 000c 0000     		.2byte	0
 1638 000e 0000     		.2byte	0
 1639 0010 00000000 		.4byte	.LFB1
 1640 0014 28000000 		.4byte	.LFE1-.LFB1
 1641 0018 00000000 		.4byte	.LFB4
 1642 001c 20000000 		.4byte	.LFE4-.LFB4
 1643 0020 00000000 		.4byte	.LFB5
 1644 0024 40000000 		.4byte	.LFE5-.LFB5
 1645 0028 00000000 		.4byte	.LFB6
 1646 002c 40000000 		.4byte	.LFE6-.LFB6
 1647 0030 00000000 		.4byte	.LFB0
 1648 0034 40000000 		.4byte	.LFE0-.LFB0
 1649 0038 00000000 		.4byte	.LFB2
 1650 003c 1C000000 		.4byte	.LFE2-.LFB2
 1651 0040 00000000 		.4byte	.LFB3
 1652 0044 18000000 		.4byte	.LFE3-.LFB3
 1653 0048 00000000 		.4byte	0
 1654 004c 00000000 		.4byte	0
 1655              		.section	.debug_ranges,"",%progbits
 1656              	.Ldebug_ranges0:
 1657 0000 00000000 		.4byte	.LFB1
 1658 0004 28000000 		.4byte	.LFE1
 1659 0008 00000000 		.4byte	.LFB4
 1660 000c 20000000 		.4byte	.LFE4
 1661 0010 00000000 		.4byte	.LFB5
 1662 0014 40000000 		.4byte	.LFE5
 1663 0018 00000000 		.4byte	.LFB6
 1664 001c 40000000 		.4byte	.LFE6
 1665 0020 00000000 		.4byte	.LFB0
 1666 0024 40000000 		.4byte	.LFE0
 1667 0028 00000000 		.4byte	.LFB2
 1668 002c 1C000000 		.4byte	.LFE2
 1669 0030 00000000 		.4byte	.LFB3
 1670 0034 18000000 		.4byte	.LFE3
 1671 0038 00000000 		.4byte	0
 1672 003c 00000000 		.4byte	0
 1673              		.section	.debug_line,"",%progbits
 1674              	.Ldebug_line0:
 1675 0000 5C010000 		.section	.debug_str,"MS",%progbits,1
 1675      0200BC00 
 1675      00000201 
 1675      FB0E0D00 
 1675      01010101 
 1676              	.LASF50:
 1677 0000 57617665 		.ascii	"WaveDAC8_4_VDAC8_SetSpeed\000"
 1677      44414338 
 1677      5F345F56 
 1677      44414338 
 1677      5F536574 
 1678              	.LASF18:
 1679 001a 57617665 		.ascii	"WaveDAC8_4_Stop\000"
ARM GAS  C:\Users\sepp2\AppData\Local\Temp\ccxmcmKi.s 			page 36


 1679      44414338 
 1679      5F345F53 
 1679      746F7000 
 1680              	.LASF23:
 1681 002a 57617665 		.ascii	"WaveDAC8_4_Init\000"
 1681      44414338 
 1681      5F345F49 
 1681      6E697400 
 1682              	.LASF55:
 1683 003a 433A5C55 		.ascii	"C:\\Users\\sepp2\\Desktop\\Schule\\DIC\\4BHEL\\In_B"
 1683      73657273 
 1683      5C736570 
 1683      70325C44 
 1683      65736B74 
 1684 0066 65617262 		.ascii	"earbeitung\\PSOC\\Synthie\\Synthesizer.cydsn\000"
 1684      65697475 
 1684      6E675C50 
 1684      534F435C 
 1684      53796E74 
 1685              	.LASF36:
 1686 0090 57617665 		.ascii	"WaveDAC8_4_wave2\000"
 1686      44414338 
 1686      5F345F77 
 1686      61766532 
 1686      00
 1687              	.LASF46:
 1688 00a1 4379446D 		.ascii	"CyDmaTdSetAddress\000"
 1688      61546453 
 1688      65744164 
 1688      64726573 
 1688      7300
 1689              	.LASF3:
 1690 00b3 73686F72 		.ascii	"short unsigned int\000"
 1690      7420756E 
 1690      7369676E 
 1690      65642069 
 1690      6E7400
 1691              	.LASF47:
 1692 00c6 4379446D 		.ascii	"CyDmaChSetInitialTd\000"
 1692      61436853 
 1692      6574496E 
 1692      69746961 
 1692      6C546400 
 1693              	.LASF22:
 1694 00da 57617665 		.ascii	"WaveDAC8_4_Wave2Setup\000"
 1694      44414338 
 1694      5F345F57 
 1694      61766532 
 1694      53657475 
 1695              	.LASF34:
 1696 00f0 57617665 		.ascii	"WaveDAC8_4_initVar\000"
 1696      44414338 
 1696      5F345F69 
 1696      6E697456 
 1696      617200
 1697              	.LASF26:
 1698 0103 77617665 		.ascii	"wavePtr1\000"
ARM GAS  C:\Users\sepp2\AppData\Local\Temp\ccxmcmKi.s 			page 37


 1698      50747231 
 1698      00
 1699              	.LASF28:
 1700 010c 77617665 		.ascii	"wavePtr2\000"
 1700      50747232 
 1700      00
 1701              	.LASF52:
 1702 0115 4379446D 		.ascii	"CyDmaTdAllocate\000"
 1702      61546441 
 1702      6C6C6F63 
 1702      61746500 
 1703              	.LASF12:
 1704 0125 666C6F61 		.ascii	"float\000"
 1704      7400
 1705              	.LASF0:
 1706 012b 7369676E 		.ascii	"signed char\000"
 1706      65642063 
 1706      68617200 
 1707              	.LASF41:
 1708 0137 57617665 		.ascii	"WaveDAC8_4_DacClk_Stop\000"
 1708      44414338 
 1708      5F345F44 
 1708      6163436C 
 1708      6B5F5374 
 1709              	.LASF21:
 1710 014e 73616D70 		.ascii	"sampleSize\000"
 1710      6C655369 
 1710      7A6500
 1711              	.LASF53:
 1712 0159 474E5520 		.ascii	"GNU C11 5.4.1 20160609 (release) [ARM/embedded-5-br"
 1712      43313120 
 1712      352E342E 
 1712      31203230 
 1712      31363036 
 1713 018c 616E6368 		.ascii	"anch revision 237715] -mcpu=cortex-m3 -mthumb -g -O"
 1713      20726576 
 1713      6973696F 
 1713      6E203233 
 1713      37373135 
 1714 01bf 67202D66 		.ascii	"g -ffunction-sections -ffat-lto-objects\000"
 1714      66756E63 
 1714      74696F6E 
 1714      2D736563 
 1714      74696F6E 
 1715              	.LASF33:
 1716 01e7 57617665 		.ascii	"WaveDAC8_4_Wave2TD\000"
 1716      44414338 
 1716      5F345F57 
 1716      61766532 
 1716      544400
 1717              	.LASF45:
 1718 01fa 4379446D 		.ascii	"CyDmaTdSetConfiguration\000"
 1718      61546453 
 1718      6574436F 
 1718      6E666967 
 1718      75726174 
 1719              	.LASF30:
ARM GAS  C:\Users\sepp2\AppData\Local\Temp\ccxmcmKi.s 			page 38


 1720 0212 57617665 		.ascii	"WaveDAC8_4_Wave1Chan\000"
 1720      44414338 
 1720      5F345F57 
 1720      61766531 
 1720      4368616E 
 1721              	.LASF20:
 1722 0227 77617665 		.ascii	"wavePtr\000"
 1722      50747200 
 1723              	.LASF9:
 1724 022f 75696E74 		.ascii	"uint8\000"
 1724      3800
 1725              	.LASF25:
 1726 0235 57617665 		.ascii	"WaveDAC8_4_StartEx\000"
 1726      44414338 
 1726      5F345F53 
 1726      74617274 
 1726      457800
 1727              	.LASF27:
 1728 0248 73616D70 		.ascii	"sampleSize1\000"
 1728      6C655369 
 1728      7A653100 
 1729              	.LASF29:
 1730 0254 73616D70 		.ascii	"sampleSize2\000"
 1730      6C655369 
 1730      7A653200 
 1731              	.LASF39:
 1732 0260 57617665 		.ascii	"WaveDAC8_4_VDAC8_SetValue\000"
 1732      44414338 
 1732      5F345F56 
 1732      44414338 
 1732      5F536574 
 1733              	.LASF1:
 1734 027a 756E7369 		.ascii	"unsigned char\000"
 1734      676E6564 
 1734      20636861 
 1734      7200
 1735              	.LASF32:
 1736 0288 57617665 		.ascii	"WaveDAC8_4_Wave1TD\000"
 1736      44414338 
 1736      5F345F57 
 1736      61766531 
 1736      544400
 1737              	.LASF13:
 1738 029b 646F7562 		.ascii	"double\000"
 1738      6C6500
 1739              	.LASF38:
 1740 02a2 4379446D 		.ascii	"CyDmaChEnable\000"
 1740      61436845 
 1740      6E61626C 
 1740      6500
 1741              	.LASF10:
 1742 02b0 75696E74 		.ascii	"uint16\000"
 1742      313600
 1743              	.LASF11:
 1744 02b7 75696E74 		.ascii	"uint32\000"
 1744      333200
 1745              	.LASF5:
ARM GAS  C:\Users\sepp2\AppData\Local\Temp\ccxmcmKi.s 			page 39


 1746 02be 6C6F6E67 		.ascii	"long unsigned int\000"
 1746      20756E73 
 1746      69676E65 
 1746      6420696E 
 1746      7400
 1747              	.LASF8:
 1748 02d0 756E7369 		.ascii	"unsigned int\000"
 1748      676E6564 
 1748      20696E74 
 1748      00
 1749              	.LASF49:
 1750 02dd 57617665 		.ascii	"WaveDAC8_4_VDAC8_Init\000"
 1750      44414338 
 1750      5F345F56 
 1750      44414338 
 1750      5F496E69 
 1751              	.LASF7:
 1752 02f3 6C6F6E67 		.ascii	"long long unsigned int\000"
 1752      206C6F6E 
 1752      6720756E 
 1752      7369676E 
 1752      65642069 
 1753              	.LASF54:
 1754 030a 47656E65 		.ascii	"Generated_Source\\PSoC5\\WaveDAC8_4.c\000"
 1754      72617465 
 1754      645F536F 
 1754      75726365 
 1754      5C50536F 
 1755              	.LASF37:
 1756 032e 57617665 		.ascii	"WaveDAC8_4_VDAC8_Enable\000"
 1756      44414338 
 1756      5F345F56 
 1756      44414338 
 1756      5F456E61 
 1757              	.LASF51:
 1758 0346 57617665 		.ascii	"WaveDAC8_4_VDAC8_SetRange\000"
 1758      44414338 
 1758      5F345F56 
 1758      44414338 
 1758      5F536574 
 1759              	.LASF44:
 1760 0360 57617665 		.ascii	"WaveDAC8_4_Wave1_DMA_DmaInitialize\000"
 1760      44414338 
 1760      5F345F57 
 1760      61766531 
 1760      5F444D41 
 1761              	.LASF16:
 1762 0383 73697A65 		.ascii	"sizetype\000"
 1762      74797065 
 1762      00
 1763              	.LASF6:
 1764 038c 6C6F6E67 		.ascii	"long long int\000"
 1764      206C6F6E 
 1764      6720696E 
 1764      7400
 1765              	.LASF14:
 1766 039a 63686172 		.ascii	"char\000"
ARM GAS  C:\Users\sepp2\AppData\Local\Temp\ccxmcmKi.s 			page 40


 1766      00
 1767              	.LASF48:
 1768 039f 57617665 		.ascii	"WaveDAC8_4_Wave2_DMA_DmaInitialize\000"
 1768      44414338 
 1768      5F345F57 
 1768      61766532 
 1768      5F444D41 
 1769              	.LASF35:
 1770 03c2 57617665 		.ascii	"WaveDAC8_4_wave1\000"
 1770      44414338 
 1770      5F345F77 
 1770      61766531 
 1770      00
 1771              	.LASF24:
 1772 03d3 57617665 		.ascii	"WaveDAC8_4_Start\000"
 1772      44414338 
 1772      5F345F53 
 1772      74617274 
 1772      00
 1773              	.LASF2:
 1774 03e4 73686F72 		.ascii	"short int\000"
 1774      7420696E 
 1774      7400
 1775              	.LASF19:
 1776 03ee 57617665 		.ascii	"WaveDAC8_4_Wave1Setup\000"
 1776      44414338 
 1776      5F345F57 
 1776      61766531 
 1776      53657475 
 1777              	.LASF4:
 1778 0404 6C6F6E67 		.ascii	"long int\000"
 1778      20696E74 
 1778      00
 1779              	.LASF17:
 1780 040d 57617665 		.ascii	"WaveDAC8_4_Enable\000"
 1780      44414338 
 1780      5F345F45 
 1780      6E61626C 
 1780      6500
 1781              	.LASF15:
 1782 041f 6C6F6E67 		.ascii	"long double\000"
 1782      20646F75 
 1782      626C6500 
 1783              	.LASF43:
 1784 042b 57617665 		.ascii	"WaveDAC8_4_VDAC8_Stop\000"
 1784      44414338 
 1784      5F345F56 
 1784      44414338 
 1784      5F53746F 
 1785              	.LASF42:
 1786 0441 4379446D 		.ascii	"CyDmaChDisable\000"
 1786      61436844 
 1786      69736162 
 1786      6C6500
 1787              	.LASF40:
 1788 0450 57617665 		.ascii	"WaveDAC8_4_DacClk_Start\000"
 1788      44414338 
ARM GAS  C:\Users\sepp2\AppData\Local\Temp\ccxmcmKi.s 			page 41


 1788      5F345F44 
 1788      6163436C 
 1788      6B5F5374 
 1789              	.LASF31:
 1790 0468 57617665 		.ascii	"WaveDAC8_4_Wave2Chan\000"
 1790      44414338 
 1790      5F345F57 
 1790      61766532 
 1790      4368616E 
 1791              		.ident	"GCC: (GNU Tools for ARM Embedded Processors) 5.4.1 20160609 (release) [ARM/embedded-5-bran
