ARM GAS  C:\Users\sepp2\AppData\Local\Temp\ccQCQWMk.s 			page 1


   1              		.syntax unified
   2              		.cpu cortex-m3
   3              		.fpu softvfp
   4              		.eabi_attribute 20, 1
   5              		.eabi_attribute 21, 1
   6              		.eabi_attribute 23, 3
   7              		.eabi_attribute 24, 1
   8              		.eabi_attribute 25, 1
   9              		.eabi_attribute 26, 1
  10              		.eabi_attribute 30, 1
  11              		.eabi_attribute 34, 1
  12              		.eabi_attribute 18, 4
  13              		.thumb
  14              		.syntax unified
  15              		.file	"WaveDAC8_3.c"
  16              		.text
  17              	.Ltext0:
  18              		.cfi_sections	.debug_frame
  19              		.section	.text.WaveDAC8_3_Enable,"ax",%progbits
  20              		.align	2
  21              		.global	WaveDAC8_3_Enable
  22              		.thumb
  23              		.thumb_func
  24              		.type	WaveDAC8_3_Enable, %function
  25              	WaveDAC8_3_Enable:
  26              	.LFB1:
  27              		.file 1 "Generated_Source\\PSoC5\\WaveDAC8_3.c"
   1:Generated_Source\PSoC5/WaveDAC8_3.c **** /*******************************************************************************
   2:Generated_Source\PSoC5/WaveDAC8_3.c **** * File Name: WaveDAC8_3.c
   3:Generated_Source\PSoC5/WaveDAC8_3.c **** * Version 2.10
   4:Generated_Source\PSoC5/WaveDAC8_3.c **** *
   5:Generated_Source\PSoC5/WaveDAC8_3.c **** * Description:
   6:Generated_Source\PSoC5/WaveDAC8_3.c **** *  This file provides the source code for the 8-bit Waveform DAC 
   7:Generated_Source\PSoC5/WaveDAC8_3.c **** *  (WaveDAC8) Component.
   8:Generated_Source\PSoC5/WaveDAC8_3.c **** *
   9:Generated_Source\PSoC5/WaveDAC8_3.c **** ********************************************************************************
  10:Generated_Source\PSoC5/WaveDAC8_3.c **** * Copyright 2013, Cypress Semiconductor Corporation.  All rights reserved.
  11:Generated_Source\PSoC5/WaveDAC8_3.c **** * You may use this file only in accordance with the license, terms, conditions,
  12:Generated_Source\PSoC5/WaveDAC8_3.c **** * disclaimers, and limitations in the end user license agreement accompanying
  13:Generated_Source\PSoC5/WaveDAC8_3.c **** * the software package with which this file was provided.
  14:Generated_Source\PSoC5/WaveDAC8_3.c **** *******************************************************************************/
  15:Generated_Source\PSoC5/WaveDAC8_3.c **** 
  16:Generated_Source\PSoC5/WaveDAC8_3.c **** #include "WaveDAC8_3.h"
  17:Generated_Source\PSoC5/WaveDAC8_3.c **** 
  18:Generated_Source\PSoC5/WaveDAC8_3.c **** uint8  WaveDAC8_3_initVar = 0u;
  19:Generated_Source\PSoC5/WaveDAC8_3.c **** 
  20:Generated_Source\PSoC5/WaveDAC8_3.c **** const uint8 CYCODE WaveDAC8_3_wave1[WaveDAC8_3_WAVE1_LENGTH] = { 125u,129u,133u,138u,142u,146u,150u
  21:Generated_Source\PSoC5/WaveDAC8_3.c **** const uint8 CYCODE WaveDAC8_3_wave2[WaveDAC8_3_WAVE2_LENGTH] = { 128u,128u,128u,128u,128u,128u,128u
  22:Generated_Source\PSoC5/WaveDAC8_3.c **** 
  23:Generated_Source\PSoC5/WaveDAC8_3.c **** static uint8  WaveDAC8_3_Wave1Chan;
  24:Generated_Source\PSoC5/WaveDAC8_3.c **** static uint8  WaveDAC8_3_Wave2Chan;
  25:Generated_Source\PSoC5/WaveDAC8_3.c **** static uint8  WaveDAC8_3_Wave1TD;
  26:Generated_Source\PSoC5/WaveDAC8_3.c **** static uint8  WaveDAC8_3_Wave2TD;
  27:Generated_Source\PSoC5/WaveDAC8_3.c **** 
  28:Generated_Source\PSoC5/WaveDAC8_3.c **** 
  29:Generated_Source\PSoC5/WaveDAC8_3.c **** /*******************************************************************************
  30:Generated_Source\PSoC5/WaveDAC8_3.c **** * Function Name: WaveDAC8_3_Init
ARM GAS  C:\Users\sepp2\AppData\Local\Temp\ccQCQWMk.s 			page 2


  31:Generated_Source\PSoC5/WaveDAC8_3.c **** ********************************************************************************
  32:Generated_Source\PSoC5/WaveDAC8_3.c **** *
  33:Generated_Source\PSoC5/WaveDAC8_3.c **** * Summary:
  34:Generated_Source\PSoC5/WaveDAC8_3.c **** *  Initializes component with parameters set in the customizer.
  35:Generated_Source\PSoC5/WaveDAC8_3.c **** *
  36:Generated_Source\PSoC5/WaveDAC8_3.c **** * Parameters:  
  37:Generated_Source\PSoC5/WaveDAC8_3.c **** *  None
  38:Generated_Source\PSoC5/WaveDAC8_3.c **** *
  39:Generated_Source\PSoC5/WaveDAC8_3.c **** * Return: 
  40:Generated_Source\PSoC5/WaveDAC8_3.c **** *  None
  41:Generated_Source\PSoC5/WaveDAC8_3.c **** *
  42:Generated_Source\PSoC5/WaveDAC8_3.c **** *******************************************************************************/
  43:Generated_Source\PSoC5/WaveDAC8_3.c **** void WaveDAC8_3_Init(void) 
  44:Generated_Source\PSoC5/WaveDAC8_3.c **** {
  45:Generated_Source\PSoC5/WaveDAC8_3.c **** 	WaveDAC8_3_VDAC8_Init();
  46:Generated_Source\PSoC5/WaveDAC8_3.c **** 	WaveDAC8_3_VDAC8_SetSpeed(WaveDAC8_3_HIGHSPEED);
  47:Generated_Source\PSoC5/WaveDAC8_3.c **** 	WaveDAC8_3_VDAC8_SetRange(WaveDAC8_3_DAC_RANGE);
  48:Generated_Source\PSoC5/WaveDAC8_3.c **** 
  49:Generated_Source\PSoC5/WaveDAC8_3.c **** 	#if(WaveDAC8_3_DAC_MODE == WaveDAC8_3_CURRENT_MODE)
  50:Generated_Source\PSoC5/WaveDAC8_3.c **** 		WaveDAC8_3_IDAC8_SetPolarity(WaveDAC8_3_DAC_POL);
  51:Generated_Source\PSoC5/WaveDAC8_3.c **** 	#endif /* WaveDAC8_3_DAC_MODE == WaveDAC8_3_CURRENT_MODE */
  52:Generated_Source\PSoC5/WaveDAC8_3.c **** 
  53:Generated_Source\PSoC5/WaveDAC8_3.c **** 	#if(WaveDAC8_3_OUT_MODE == WaveDAC8_3_BUFFER_MODE)
  54:Generated_Source\PSoC5/WaveDAC8_3.c **** 	   WaveDAC8_3_BuffAmp_Init();
  55:Generated_Source\PSoC5/WaveDAC8_3.c **** 	#endif /* WaveDAC8_3_OUT_MODE == WaveDAC8_3_BUFFER_MODE */
  56:Generated_Source\PSoC5/WaveDAC8_3.c **** 
  57:Generated_Source\PSoC5/WaveDAC8_3.c **** 	/* Get the TD Number for the DMA channel 1 and 2   */
  58:Generated_Source\PSoC5/WaveDAC8_3.c **** 	WaveDAC8_3_Wave1TD = CyDmaTdAllocate();
  59:Generated_Source\PSoC5/WaveDAC8_3.c **** 	WaveDAC8_3_Wave2TD = CyDmaTdAllocate();
  60:Generated_Source\PSoC5/WaveDAC8_3.c **** 	
  61:Generated_Source\PSoC5/WaveDAC8_3.c **** 	/* Initialize waveform pointers  */
  62:Generated_Source\PSoC5/WaveDAC8_3.c **** 	WaveDAC8_3_Wave1Setup(WaveDAC8_3_wave1, WaveDAC8_3_WAVE1_LENGTH) ;
  63:Generated_Source\PSoC5/WaveDAC8_3.c **** 	WaveDAC8_3_Wave2Setup(WaveDAC8_3_wave2, WaveDAC8_3_WAVE2_LENGTH) ;
  64:Generated_Source\PSoC5/WaveDAC8_3.c **** 	
  65:Generated_Source\PSoC5/WaveDAC8_3.c **** 	/* Initialize the internal clock if one present  */
  66:Generated_Source\PSoC5/WaveDAC8_3.c **** 	#if defined(WaveDAC8_3_DacClk_PHASE)
  67:Generated_Source\PSoC5/WaveDAC8_3.c **** 	   WaveDAC8_3_DacClk_SetPhase(WaveDAC8_3_CLK_PHASE_0nS);
  68:Generated_Source\PSoC5/WaveDAC8_3.c **** 	#endif /* defined(WaveDAC8_3_DacClk_PHASE) */
  69:Generated_Source\PSoC5/WaveDAC8_3.c **** }
  70:Generated_Source\PSoC5/WaveDAC8_3.c **** 
  71:Generated_Source\PSoC5/WaveDAC8_3.c **** 
  72:Generated_Source\PSoC5/WaveDAC8_3.c **** /*******************************************************************************
  73:Generated_Source\PSoC5/WaveDAC8_3.c **** * Function Name: WaveDAC8_3_Enable
  74:Generated_Source\PSoC5/WaveDAC8_3.c **** ********************************************************************************
  75:Generated_Source\PSoC5/WaveDAC8_3.c **** *  
  76:Generated_Source\PSoC5/WaveDAC8_3.c **** * Summary: 
  77:Generated_Source\PSoC5/WaveDAC8_3.c **** *  Enables the DAC block and DMA operation.
  78:Generated_Source\PSoC5/WaveDAC8_3.c **** *
  79:Generated_Source\PSoC5/WaveDAC8_3.c **** * Parameters:  
  80:Generated_Source\PSoC5/WaveDAC8_3.c **** *  None
  81:Generated_Source\PSoC5/WaveDAC8_3.c **** *
  82:Generated_Source\PSoC5/WaveDAC8_3.c **** * Return: 
  83:Generated_Source\PSoC5/WaveDAC8_3.c **** *  None
  84:Generated_Source\PSoC5/WaveDAC8_3.c **** *
  85:Generated_Source\PSoC5/WaveDAC8_3.c **** *******************************************************************************/
  86:Generated_Source\PSoC5/WaveDAC8_3.c **** void WaveDAC8_3_Enable(void) 
  87:Generated_Source\PSoC5/WaveDAC8_3.c **** {
ARM GAS  C:\Users\sepp2\AppData\Local\Temp\ccQCQWMk.s 			page 3


  28              		.loc 1 87 0
  29              		.cfi_startproc
  30              		@ args = 0, pretend = 0, frame = 0
  31              		@ frame_needed = 0, uses_anonymous_args = 0
  32 0000 10B5     		push	{r4, lr}
  33              		.cfi_def_cfa_offset 8
  34              		.cfi_offset 4, -8
  35              		.cfi_offset 14, -4
  88:Generated_Source\PSoC5/WaveDAC8_3.c **** 	WaveDAC8_3_VDAC8_Enable();
  36              		.loc 1 88 0
  37 0002 FFF7FEFF 		bl	WaveDAC8_3_VDAC8_Enable
  38              	.LVL0:
  89:Generated_Source\PSoC5/WaveDAC8_3.c **** 
  90:Generated_Source\PSoC5/WaveDAC8_3.c **** 	#if(WaveDAC8_3_OUT_MODE == WaveDAC8_3_BUFFER_MODE)
  91:Generated_Source\PSoC5/WaveDAC8_3.c **** 	   WaveDAC8_3_BuffAmp_Enable();
  92:Generated_Source\PSoC5/WaveDAC8_3.c **** 	#endif /* WaveDAC8_3_OUT_MODE == WaveDAC8_3_BUFFER_MODE */
  93:Generated_Source\PSoC5/WaveDAC8_3.c **** 
  94:Generated_Source\PSoC5/WaveDAC8_3.c **** 	/* 
  95:Generated_Source\PSoC5/WaveDAC8_3.c **** 	* Enable the channel. It is configured to remember the TD value so that
  96:Generated_Source\PSoC5/WaveDAC8_3.c **** 	* it can be restored from the place where it has been stopped.
  97:Generated_Source\PSoC5/WaveDAC8_3.c **** 	*/
  98:Generated_Source\PSoC5/WaveDAC8_3.c **** 	(void)CyDmaChEnable(WaveDAC8_3_Wave1Chan, 1u);
  39              		.loc 1 98 0
  40 0006 074C     		ldr	r4, .L3
  41 0008 0121     		movs	r1, #1
  42 000a 2078     		ldrb	r0, [r4]	@ zero_extendqisi2
  43 000c FFF7FEFF 		bl	CyDmaChEnable
  44              	.LVL1:
  99:Generated_Source\PSoC5/WaveDAC8_3.c **** 	(void)CyDmaChEnable(WaveDAC8_3_Wave2Chan, 1u);
  45              		.loc 1 99 0
  46 0010 0121     		movs	r1, #1
  47 0012 6078     		ldrb	r0, [r4, #1]	@ zero_extendqisi2
  48 0014 FFF7FEFF 		bl	CyDmaChEnable
  49              	.LVL2:
 100:Generated_Source\PSoC5/WaveDAC8_3.c **** 	
 101:Generated_Source\PSoC5/WaveDAC8_3.c **** 	/* set the initial value */
 102:Generated_Source\PSoC5/WaveDAC8_3.c **** 	WaveDAC8_3_SetValue(0u);
  50              		.loc 1 102 0
  51 0018 0020     		movs	r0, #0
  52 001a FFF7FEFF 		bl	WaveDAC8_3_VDAC8_SetValue
  53              	.LVL3:
 103:Generated_Source\PSoC5/WaveDAC8_3.c **** 	
 104:Generated_Source\PSoC5/WaveDAC8_3.c **** 	#if(WaveDAC8_3_CLOCK_SRC == WaveDAC8_3_CLOCK_INT)  	
 105:Generated_Source\PSoC5/WaveDAC8_3.c **** 	   WaveDAC8_3_DacClk_Start();
  54              		.loc 1 105 0
  55 001e FFF7FEFF 		bl	WaveDAC8_3_DacClk_Start
  56              	.LVL4:
  57 0022 10BD     		pop	{r4, pc}
  58              	.L4:
  59              		.align	2
  60              	.L3:
  61 0024 00000000 		.word	.LANCHOR0
  62              		.cfi_endproc
  63              	.LFE1:
  64              		.size	WaveDAC8_3_Enable, .-WaveDAC8_3_Enable
  65              		.section	.text.WaveDAC8_3_Stop,"ax",%progbits
  66              		.align	2
ARM GAS  C:\Users\sepp2\AppData\Local\Temp\ccQCQWMk.s 			page 4


  67              		.global	WaveDAC8_3_Stop
  68              		.thumb
  69              		.thumb_func
  70              		.type	WaveDAC8_3_Stop, %function
  71              	WaveDAC8_3_Stop:
  72              	.LFB4:
 106:Generated_Source\PSoC5/WaveDAC8_3.c **** 	#endif /* WaveDAC8_3_CLOCK_SRC == WaveDAC8_3_CLOCK_INT */
 107:Generated_Source\PSoC5/WaveDAC8_3.c **** }
 108:Generated_Source\PSoC5/WaveDAC8_3.c **** 
 109:Generated_Source\PSoC5/WaveDAC8_3.c **** 
 110:Generated_Source\PSoC5/WaveDAC8_3.c **** /*******************************************************************************
 111:Generated_Source\PSoC5/WaveDAC8_3.c **** * Function Name: WaveDAC8_3_Start
 112:Generated_Source\PSoC5/WaveDAC8_3.c **** ********************************************************************************
 113:Generated_Source\PSoC5/WaveDAC8_3.c **** *
 114:Generated_Source\PSoC5/WaveDAC8_3.c **** * Summary:
 115:Generated_Source\PSoC5/WaveDAC8_3.c **** *  The start function initializes the voltage DAC with the default values, 
 116:Generated_Source\PSoC5/WaveDAC8_3.c **** *  and sets the power to the given level.  A power level of 0, is the same as 
 117:Generated_Source\PSoC5/WaveDAC8_3.c **** *  executing the stop function.
 118:Generated_Source\PSoC5/WaveDAC8_3.c **** *
 119:Generated_Source\PSoC5/WaveDAC8_3.c **** * Parameters:  
 120:Generated_Source\PSoC5/WaveDAC8_3.c **** *  None
 121:Generated_Source\PSoC5/WaveDAC8_3.c **** *
 122:Generated_Source\PSoC5/WaveDAC8_3.c **** * Return: 
 123:Generated_Source\PSoC5/WaveDAC8_3.c **** *  None
 124:Generated_Source\PSoC5/WaveDAC8_3.c **** *
 125:Generated_Source\PSoC5/WaveDAC8_3.c **** * Reentrant:
 126:Generated_Source\PSoC5/WaveDAC8_3.c **** *  No
 127:Generated_Source\PSoC5/WaveDAC8_3.c **** *
 128:Generated_Source\PSoC5/WaveDAC8_3.c **** *******************************************************************************/
 129:Generated_Source\PSoC5/WaveDAC8_3.c **** void WaveDAC8_3_Start(void) 
 130:Generated_Source\PSoC5/WaveDAC8_3.c **** {
 131:Generated_Source\PSoC5/WaveDAC8_3.c **** 	/* If not Initialized then initialize all required hardware and software */
 132:Generated_Source\PSoC5/WaveDAC8_3.c **** 	if(WaveDAC8_3_initVar == 0u)
 133:Generated_Source\PSoC5/WaveDAC8_3.c **** 	{
 134:Generated_Source\PSoC5/WaveDAC8_3.c **** 		WaveDAC8_3_Init();
 135:Generated_Source\PSoC5/WaveDAC8_3.c **** 		WaveDAC8_3_initVar = 1u;
 136:Generated_Source\PSoC5/WaveDAC8_3.c **** 	}
 137:Generated_Source\PSoC5/WaveDAC8_3.c **** 	
 138:Generated_Source\PSoC5/WaveDAC8_3.c **** 	WaveDAC8_3_Enable();
 139:Generated_Source\PSoC5/WaveDAC8_3.c **** }
 140:Generated_Source\PSoC5/WaveDAC8_3.c **** 
 141:Generated_Source\PSoC5/WaveDAC8_3.c **** 
 142:Generated_Source\PSoC5/WaveDAC8_3.c **** /*******************************************************************************
 143:Generated_Source\PSoC5/WaveDAC8_3.c **** * Function Name: WaveDAC8_3_StartEx
 144:Generated_Source\PSoC5/WaveDAC8_3.c **** ********************************************************************************
 145:Generated_Source\PSoC5/WaveDAC8_3.c **** *
 146:Generated_Source\PSoC5/WaveDAC8_3.c **** * Summary:
 147:Generated_Source\PSoC5/WaveDAC8_3.c **** *  The StartEx function sets pointers and sizes for both waveforms
 148:Generated_Source\PSoC5/WaveDAC8_3.c **** *  and then starts the component.
 149:Generated_Source\PSoC5/WaveDAC8_3.c **** *
 150:Generated_Source\PSoC5/WaveDAC8_3.c **** * Parameters:  
 151:Generated_Source\PSoC5/WaveDAC8_3.c **** *   uint8 * wavePtr1:     Pointer to the waveform 1 array.
 152:Generated_Source\PSoC5/WaveDAC8_3.c **** *   uint16  sampleSize1:  The amount of samples in the waveform 1.
 153:Generated_Source\PSoC5/WaveDAC8_3.c **** *   uint8 * wavePtr2:     Pointer to the waveform 2 array.
 154:Generated_Source\PSoC5/WaveDAC8_3.c **** *   uint16  sampleSize2:  The amount of samples in the waveform 2.
 155:Generated_Source\PSoC5/WaveDAC8_3.c **** *
 156:Generated_Source\PSoC5/WaveDAC8_3.c **** * Return: 
ARM GAS  C:\Users\sepp2\AppData\Local\Temp\ccQCQWMk.s 			page 5


 157:Generated_Source\PSoC5/WaveDAC8_3.c **** *  None
 158:Generated_Source\PSoC5/WaveDAC8_3.c **** *
 159:Generated_Source\PSoC5/WaveDAC8_3.c **** * Reentrant:
 160:Generated_Source\PSoC5/WaveDAC8_3.c **** *  No
 161:Generated_Source\PSoC5/WaveDAC8_3.c **** *
 162:Generated_Source\PSoC5/WaveDAC8_3.c **** *******************************************************************************/
 163:Generated_Source\PSoC5/WaveDAC8_3.c **** void WaveDAC8_3_StartEx(const uint8 * wavePtr1, uint16 sampleSize1, const uint8 * wavePtr2, uint16 
 164:Generated_Source\PSoC5/WaveDAC8_3.c **** 
 165:Generated_Source\PSoC5/WaveDAC8_3.c **** {
 166:Generated_Source\PSoC5/WaveDAC8_3.c **** 	WaveDAC8_3_Wave1Setup(wavePtr1, sampleSize1);
 167:Generated_Source\PSoC5/WaveDAC8_3.c **** 	WaveDAC8_3_Wave2Setup(wavePtr2, sampleSize2);
 168:Generated_Source\PSoC5/WaveDAC8_3.c **** 	WaveDAC8_3_Start();
 169:Generated_Source\PSoC5/WaveDAC8_3.c **** }
 170:Generated_Source\PSoC5/WaveDAC8_3.c **** 
 171:Generated_Source\PSoC5/WaveDAC8_3.c **** 
 172:Generated_Source\PSoC5/WaveDAC8_3.c **** /*******************************************************************************
 173:Generated_Source\PSoC5/WaveDAC8_3.c **** * Function Name: WaveDAC8_3_Stop
 174:Generated_Source\PSoC5/WaveDAC8_3.c **** ********************************************************************************
 175:Generated_Source\PSoC5/WaveDAC8_3.c **** *
 176:Generated_Source\PSoC5/WaveDAC8_3.c **** * Summary:
 177:Generated_Source\PSoC5/WaveDAC8_3.c **** *  Stops the clock (if internal), disables the DMA channels
 178:Generated_Source\PSoC5/WaveDAC8_3.c **** *  and powers down the DAC.
 179:Generated_Source\PSoC5/WaveDAC8_3.c **** *
 180:Generated_Source\PSoC5/WaveDAC8_3.c **** * Parameters:  
 181:Generated_Source\PSoC5/WaveDAC8_3.c **** *  None  
 182:Generated_Source\PSoC5/WaveDAC8_3.c **** *
 183:Generated_Source\PSoC5/WaveDAC8_3.c **** * Return: 
 184:Generated_Source\PSoC5/WaveDAC8_3.c **** *  None
 185:Generated_Source\PSoC5/WaveDAC8_3.c **** *
 186:Generated_Source\PSoC5/WaveDAC8_3.c **** *******************************************************************************/
 187:Generated_Source\PSoC5/WaveDAC8_3.c **** void WaveDAC8_3_Stop(void) 
 188:Generated_Source\PSoC5/WaveDAC8_3.c **** {
  73              		.loc 1 188 0
  74              		.cfi_startproc
  75              		@ args = 0, pretend = 0, frame = 0
  76              		@ frame_needed = 0, uses_anonymous_args = 0
  77 0000 10B5     		push	{r4, lr}
  78              		.cfi_def_cfa_offset 8
  79              		.cfi_offset 4, -8
  80              		.cfi_offset 14, -4
 189:Generated_Source\PSoC5/WaveDAC8_3.c **** 	/* Turn off internal clock, if one present */
 190:Generated_Source\PSoC5/WaveDAC8_3.c **** 	#if(WaveDAC8_3_CLOCK_SRC == WaveDAC8_3_CLOCK_INT)  	
 191:Generated_Source\PSoC5/WaveDAC8_3.c **** 	   WaveDAC8_3_DacClk_Stop();
  81              		.loc 1 191 0
  82 0002 FFF7FEFF 		bl	WaveDAC8_3_DacClk_Stop
  83              	.LVL5:
 192:Generated_Source\PSoC5/WaveDAC8_3.c **** 	#endif /* WaveDAC8_3_CLOCK_SRC == WaveDAC8_3_CLOCK_INT */
 193:Generated_Source\PSoC5/WaveDAC8_3.c **** 	
 194:Generated_Source\PSoC5/WaveDAC8_3.c **** 	/* Disble DMA channels */
 195:Generated_Source\PSoC5/WaveDAC8_3.c **** 	(void)CyDmaChDisable(WaveDAC8_3_Wave1Chan);
  84              		.loc 1 195 0
  85 0006 054C     		ldr	r4, .L7
  86 0008 2078     		ldrb	r0, [r4]	@ zero_extendqisi2
  87 000a FFF7FEFF 		bl	CyDmaChDisable
  88              	.LVL6:
 196:Generated_Source\PSoC5/WaveDAC8_3.c **** 	(void)CyDmaChDisable(WaveDAC8_3_Wave2Chan);
  89              		.loc 1 196 0
ARM GAS  C:\Users\sepp2\AppData\Local\Temp\ccQCQWMk.s 			page 6


  90 000e 6078     		ldrb	r0, [r4, #1]	@ zero_extendqisi2
  91 0010 FFF7FEFF 		bl	CyDmaChDisable
  92              	.LVL7:
 197:Generated_Source\PSoC5/WaveDAC8_3.c **** 
 198:Generated_Source\PSoC5/WaveDAC8_3.c **** 	/* Disable power to DAC */
 199:Generated_Source\PSoC5/WaveDAC8_3.c **** 	WaveDAC8_3_VDAC8_Stop();
  93              		.loc 1 199 0
  94 0014 FFF7FEFF 		bl	WaveDAC8_3_VDAC8_Stop
  95              	.LVL8:
  96 0018 10BD     		pop	{r4, pc}
  97              	.L8:
  98 001a 00BF     		.align	2
  99              	.L7:
 100 001c 00000000 		.word	.LANCHOR0
 101              		.cfi_endproc
 102              	.LFE4:
 103              		.size	WaveDAC8_3_Stop, .-WaveDAC8_3_Stop
 104              		.section	.text.WaveDAC8_3_Wave1Setup,"ax",%progbits
 105              		.align	2
 106              		.global	WaveDAC8_3_Wave1Setup
 107              		.thumb
 108              		.thumb_func
 109              		.type	WaveDAC8_3_Wave1Setup, %function
 110              	WaveDAC8_3_Wave1Setup:
 111              	.LFB5:
 200:Generated_Source\PSoC5/WaveDAC8_3.c **** }
 201:Generated_Source\PSoC5/WaveDAC8_3.c **** 
 202:Generated_Source\PSoC5/WaveDAC8_3.c **** 
 203:Generated_Source\PSoC5/WaveDAC8_3.c **** /*******************************************************************************
 204:Generated_Source\PSoC5/WaveDAC8_3.c **** * Function Name: WaveDAC8_3_Wave1Setup
 205:Generated_Source\PSoC5/WaveDAC8_3.c **** ********************************************************************************
 206:Generated_Source\PSoC5/WaveDAC8_3.c **** *
 207:Generated_Source\PSoC5/WaveDAC8_3.c **** * Summary:
 208:Generated_Source\PSoC5/WaveDAC8_3.c **** *  Sets pointer and size for waveform 1.                                    
 209:Generated_Source\PSoC5/WaveDAC8_3.c **** *
 210:Generated_Source\PSoC5/WaveDAC8_3.c **** * Parameters:  
 211:Generated_Source\PSoC5/WaveDAC8_3.c **** *  uint8 * WavePtr:     Pointer to the waveform array.
 212:Generated_Source\PSoC5/WaveDAC8_3.c **** *  uint16  SampleSize:  The amount of samples in the waveform.
 213:Generated_Source\PSoC5/WaveDAC8_3.c **** *
 214:Generated_Source\PSoC5/WaveDAC8_3.c **** * Return: 
 215:Generated_Source\PSoC5/WaveDAC8_3.c **** *  None 
 216:Generated_Source\PSoC5/WaveDAC8_3.c **** *
 217:Generated_Source\PSoC5/WaveDAC8_3.c **** *******************************************************************************/
 218:Generated_Source\PSoC5/WaveDAC8_3.c **** void WaveDAC8_3_Wave1Setup(const uint8 * wavePtr, uint16 sampleSize)
 219:Generated_Source\PSoC5/WaveDAC8_3.c **** 
 220:Generated_Source\PSoC5/WaveDAC8_3.c **** {
 112              		.loc 1 220 0
 113              		.cfi_startproc
 114              		@ args = 0, pretend = 0, frame = 0
 115              		@ frame_needed = 0, uses_anonymous_args = 0
 116              	.LVL9:
 117 0000 70B5     		push	{r4, r5, r6, lr}
 118              		.cfi_def_cfa_offset 16
 119              		.cfi_offset 4, -16
 120              		.cfi_offset 5, -12
 121              		.cfi_offset 6, -8
 122              		.cfi_offset 14, -4
ARM GAS  C:\Users\sepp2\AppData\Local\Temp\ccQCQWMk.s 			page 7


 123 0002 0546     		mov	r5, r0
 124 0004 0E46     		mov	r6, r1
 221:Generated_Source\PSoC5/WaveDAC8_3.c **** 	#if (CY_PSOC3)
 222:Generated_Source\PSoC5/WaveDAC8_3.c **** 		uint16 memoryType; /* determining the source memory type */
 223:Generated_Source\PSoC5/WaveDAC8_3.c **** 		memoryType = (WaveDAC8_3_HI16FLASHPTR == HI16(wavePtr)) ? HI16(CYDEV_FLS_BASE) : HI16(CYDEV_SRAM_
 224:Generated_Source\PSoC5/WaveDAC8_3.c **** 		
 225:Generated_Source\PSoC5/WaveDAC8_3.c **** 		WaveDAC8_3_Wave1Chan = WaveDAC8_3_Wave1_DMA_DmaInitialize(
 226:Generated_Source\PSoC5/WaveDAC8_3.c **** 		WaveDAC8_3_Wave1_DMA_BYTES_PER_BURST, WaveDAC8_3_Wave1_DMA_REQUEST_PER_BURST,
 227:Generated_Source\PSoC5/WaveDAC8_3.c **** 		memoryType, HI16(CYDEV_PERIPH_BASE));
 228:Generated_Source\PSoC5/WaveDAC8_3.c **** 	#else /* PSoC 5 */
 229:Generated_Source\PSoC5/WaveDAC8_3.c **** 		WaveDAC8_3_Wave1Chan = WaveDAC8_3_Wave1_DMA_DmaInitialize(
 125              		.loc 1 229 0
 126 0006 4FF48043 		mov	r3, #16384
 127 000a 020C     		lsrs	r2, r0, #16
 128 000c 0121     		movs	r1, #1
 129              	.LVL10:
 130 000e 0846     		mov	r0, r1
 131              	.LVL11:
 132 0010 FFF7FEFF 		bl	WaveDAC8_3_Wave1_DMA_DmaInitialize
 133              	.LVL12:
 134 0014 094C     		ldr	r4, .L11
 135 0016 2070     		strb	r0, [r4]
 230:Generated_Source\PSoC5/WaveDAC8_3.c **** 		WaveDAC8_3_Wave1_DMA_BYTES_PER_BURST, WaveDAC8_3_Wave1_DMA_REQUEST_PER_BURST,
 231:Generated_Source\PSoC5/WaveDAC8_3.c **** 		HI16(wavePtr), HI16(WaveDAC8_3_DAC8__D));
 232:Generated_Source\PSoC5/WaveDAC8_3.c **** 	#endif /* CY_PSOC3 */
 233:Generated_Source\PSoC5/WaveDAC8_3.c **** 	
 234:Generated_Source\PSoC5/WaveDAC8_3.c **** 	/*
 235:Generated_Source\PSoC5/WaveDAC8_3.c **** 	* TD is looping on itself. 
 236:Generated_Source\PSoC5/WaveDAC8_3.c ****     * Increment the source address, but not the destination address. 
 237:Generated_Source\PSoC5/WaveDAC8_3.c **** 	*/
 238:Generated_Source\PSoC5/WaveDAC8_3.c **** 	(void)CyDmaTdSetConfiguration(WaveDAC8_3_Wave1TD, sampleSize, WaveDAC8_3_Wave1TD, 
 136              		.loc 1 238 0
 137 0018 A078     		ldrb	r0, [r4, #2]	@ zero_extendqisi2
 138 001a 0123     		movs	r3, #1
 139 001c 0246     		mov	r2, r0
 140 001e 3146     		mov	r1, r6
 141 0020 FFF7FEFF 		bl	CyDmaTdSetConfiguration
 142              	.LVL13:
 239:Generated_Source\PSoC5/WaveDAC8_3.c ****                                     (uint8)CY_DMA_TD_INC_SRC_ADR | (uint8)WaveDAC8_3_Wave1_DMA__TD_
 240:Generated_Source\PSoC5/WaveDAC8_3.c **** 	
 241:Generated_Source\PSoC5/WaveDAC8_3.c **** 	/* Set the TD source and destination address */
 242:Generated_Source\PSoC5/WaveDAC8_3.c **** 	(void)CyDmaTdSetAddress(WaveDAC8_3_Wave1TD, LO16((uint32)wavePtr), LO16(WaveDAC8_3_DAC8__D));
 143              		.loc 1 242 0
 144 0024 4FF4B742 		mov	r2, #23424
 145 0028 A9B2     		uxth	r1, r5
 146 002a A078     		ldrb	r0, [r4, #2]	@ zero_extendqisi2
 147 002c FFF7FEFF 		bl	CyDmaTdSetAddress
 148              	.LVL14:
 243:Generated_Source\PSoC5/WaveDAC8_3.c **** 	
 244:Generated_Source\PSoC5/WaveDAC8_3.c **** 	/* Associate the TD with the channel */
 245:Generated_Source\PSoC5/WaveDAC8_3.c **** 	(void)CyDmaChSetInitialTd(WaveDAC8_3_Wave1Chan, WaveDAC8_3_Wave1TD);
 149              		.loc 1 245 0
 150 0030 A178     		ldrb	r1, [r4, #2]	@ zero_extendqisi2
 151 0032 2078     		ldrb	r0, [r4]	@ zero_extendqisi2
 152 0034 FFF7FEFF 		bl	CyDmaChSetInitialTd
 153              	.LVL15:
 154 0038 70BD     		pop	{r4, r5, r6, pc}
ARM GAS  C:\Users\sepp2\AppData\Local\Temp\ccQCQWMk.s 			page 8


 155              	.LVL16:
 156              	.L12:
 157 003a 00BF     		.align	2
 158              	.L11:
 159 003c 00000000 		.word	.LANCHOR0
 160              		.cfi_endproc
 161              	.LFE5:
 162              		.size	WaveDAC8_3_Wave1Setup, .-WaveDAC8_3_Wave1Setup
 163              		.section	.text.WaveDAC8_3_Wave2Setup,"ax",%progbits
 164              		.align	2
 165              		.global	WaveDAC8_3_Wave2Setup
 166              		.thumb
 167              		.thumb_func
 168              		.type	WaveDAC8_3_Wave2Setup, %function
 169              	WaveDAC8_3_Wave2Setup:
 170              	.LFB6:
 246:Generated_Source\PSoC5/WaveDAC8_3.c **** }
 247:Generated_Source\PSoC5/WaveDAC8_3.c **** 
 248:Generated_Source\PSoC5/WaveDAC8_3.c **** 
 249:Generated_Source\PSoC5/WaveDAC8_3.c **** /*******************************************************************************
 250:Generated_Source\PSoC5/WaveDAC8_3.c **** * Function Name: WaveDAC8_3_Wave2Setup
 251:Generated_Source\PSoC5/WaveDAC8_3.c **** ********************************************************************************
 252:Generated_Source\PSoC5/WaveDAC8_3.c **** *
 253:Generated_Source\PSoC5/WaveDAC8_3.c **** * Summary:
 254:Generated_Source\PSoC5/WaveDAC8_3.c **** *  Sets pointer and size for waveform 2.                                    
 255:Generated_Source\PSoC5/WaveDAC8_3.c **** *
 256:Generated_Source\PSoC5/WaveDAC8_3.c **** * Parameters:  
 257:Generated_Source\PSoC5/WaveDAC8_3.c **** *  uint8 * WavePtr:     Pointer to the waveform array.
 258:Generated_Source\PSoC5/WaveDAC8_3.c **** *  uint16  SampleSize:  The amount of samples in the waveform.
 259:Generated_Source\PSoC5/WaveDAC8_3.c **** *
 260:Generated_Source\PSoC5/WaveDAC8_3.c **** * Return: 
 261:Generated_Source\PSoC5/WaveDAC8_3.c **** *  None
 262:Generated_Source\PSoC5/WaveDAC8_3.c **** *
 263:Generated_Source\PSoC5/WaveDAC8_3.c **** *******************************************************************************/
 264:Generated_Source\PSoC5/WaveDAC8_3.c **** void WaveDAC8_3_Wave2Setup(const uint8 * wavePtr, uint16 sampleSize)
 265:Generated_Source\PSoC5/WaveDAC8_3.c ****  
 266:Generated_Source\PSoC5/WaveDAC8_3.c **** {
 171              		.loc 1 266 0
 172              		.cfi_startproc
 173              		@ args = 0, pretend = 0, frame = 0
 174              		@ frame_needed = 0, uses_anonymous_args = 0
 175              	.LVL17:
 176 0000 70B5     		push	{r4, r5, r6, lr}
 177              		.cfi_def_cfa_offset 16
 178              		.cfi_offset 4, -16
 179              		.cfi_offset 5, -12
 180              		.cfi_offset 6, -8
 181              		.cfi_offset 14, -4
 182 0002 0546     		mov	r5, r0
 183 0004 0E46     		mov	r6, r1
 267:Generated_Source\PSoC5/WaveDAC8_3.c **** 	#if (CY_PSOC3)
 268:Generated_Source\PSoC5/WaveDAC8_3.c **** 		uint16 memoryType; /* determining the source memory type */
 269:Generated_Source\PSoC5/WaveDAC8_3.c **** 		memoryType = (WaveDAC8_3_HI16FLASHPTR == HI16(wavePtr)) ? HI16(CYDEV_FLS_BASE) : HI16(CYDEV_SRAM_
 270:Generated_Source\PSoC5/WaveDAC8_3.c **** 			
 271:Generated_Source\PSoC5/WaveDAC8_3.c **** 		WaveDAC8_3_Wave2Chan = WaveDAC8_3_Wave2_DMA_DmaInitialize(
 272:Generated_Source\PSoC5/WaveDAC8_3.c **** 		WaveDAC8_3_Wave2_DMA_BYTES_PER_BURST, WaveDAC8_3_Wave2_DMA_REQUEST_PER_BURST,
 273:Generated_Source\PSoC5/WaveDAC8_3.c **** 		memoryType, HI16(CYDEV_PERIPH_BASE));
ARM GAS  C:\Users\sepp2\AppData\Local\Temp\ccQCQWMk.s 			page 9


 274:Generated_Source\PSoC5/WaveDAC8_3.c **** 	#else /* PSoC 5 */
 275:Generated_Source\PSoC5/WaveDAC8_3.c **** 		WaveDAC8_3_Wave2Chan = WaveDAC8_3_Wave2_DMA_DmaInitialize(
 184              		.loc 1 275 0
 185 0006 4FF48043 		mov	r3, #16384
 186 000a 020C     		lsrs	r2, r0, #16
 187 000c 0121     		movs	r1, #1
 188              	.LVL18:
 189 000e 0846     		mov	r0, r1
 190              	.LVL19:
 191 0010 FFF7FEFF 		bl	WaveDAC8_3_Wave2_DMA_DmaInitialize
 192              	.LVL20:
 193 0014 094C     		ldr	r4, .L15
 194 0016 6070     		strb	r0, [r4, #1]
 276:Generated_Source\PSoC5/WaveDAC8_3.c **** 		WaveDAC8_3_Wave2_DMA_BYTES_PER_BURST, WaveDAC8_3_Wave2_DMA_REQUEST_PER_BURST,
 277:Generated_Source\PSoC5/WaveDAC8_3.c **** 		HI16(wavePtr), HI16(WaveDAC8_3_DAC8__D));
 278:Generated_Source\PSoC5/WaveDAC8_3.c **** 	#endif /* CY_PSOC3 */
 279:Generated_Source\PSoC5/WaveDAC8_3.c **** 	
 280:Generated_Source\PSoC5/WaveDAC8_3.c **** 	/*
 281:Generated_Source\PSoC5/WaveDAC8_3.c **** 	* TD is looping on itself. 
 282:Generated_Source\PSoC5/WaveDAC8_3.c **** 	* Increment the source address, but not the destination address. 
 283:Generated_Source\PSoC5/WaveDAC8_3.c **** 	*/
 284:Generated_Source\PSoC5/WaveDAC8_3.c **** 	(void)CyDmaTdSetConfiguration(WaveDAC8_3_Wave2TD, sampleSize, WaveDAC8_3_Wave2TD, 
 195              		.loc 1 284 0
 196 0018 E078     		ldrb	r0, [r4, #3]	@ zero_extendqisi2
 197 001a 0123     		movs	r3, #1
 198 001c 0246     		mov	r2, r0
 199 001e 3146     		mov	r1, r6
 200 0020 FFF7FEFF 		bl	CyDmaTdSetConfiguration
 201              	.LVL21:
 285:Generated_Source\PSoC5/WaveDAC8_3.c ****                                     (uint8)CY_DMA_TD_INC_SRC_ADR | (uint8)WaveDAC8_3_Wave2_DMA__TD_
 286:Generated_Source\PSoC5/WaveDAC8_3.c **** 	
 287:Generated_Source\PSoC5/WaveDAC8_3.c **** 	/* Set the TD source and destination address */
 288:Generated_Source\PSoC5/WaveDAC8_3.c **** 	(void)CyDmaTdSetAddress(WaveDAC8_3_Wave2TD, LO16((uint32)wavePtr), LO16(WaveDAC8_3_DAC8__D));
 202              		.loc 1 288 0
 203 0024 4FF4B742 		mov	r2, #23424
 204 0028 A9B2     		uxth	r1, r5
 205 002a E078     		ldrb	r0, [r4, #3]	@ zero_extendqisi2
 206 002c FFF7FEFF 		bl	CyDmaTdSetAddress
 207              	.LVL22:
 289:Generated_Source\PSoC5/WaveDAC8_3.c **** 	
 290:Generated_Source\PSoC5/WaveDAC8_3.c **** 	/* Associate the TD with the channel */
 291:Generated_Source\PSoC5/WaveDAC8_3.c **** 	(void)CyDmaChSetInitialTd(WaveDAC8_3_Wave2Chan, WaveDAC8_3_Wave2TD);
 208              		.loc 1 291 0
 209 0030 E178     		ldrb	r1, [r4, #3]	@ zero_extendqisi2
 210 0032 6078     		ldrb	r0, [r4, #1]	@ zero_extendqisi2
 211 0034 FFF7FEFF 		bl	CyDmaChSetInitialTd
 212              	.LVL23:
 213 0038 70BD     		pop	{r4, r5, r6, pc}
 214              	.LVL24:
 215              	.L16:
 216 003a 00BF     		.align	2
 217              	.L15:
 218 003c 00000000 		.word	.LANCHOR0
 219              		.cfi_endproc
 220              	.LFE6:
 221              		.size	WaveDAC8_3_Wave2Setup, .-WaveDAC8_3_Wave2Setup
 222              		.section	.text.WaveDAC8_3_Init,"ax",%progbits
ARM GAS  C:\Users\sepp2\AppData\Local\Temp\ccQCQWMk.s 			page 10


 223              		.align	2
 224              		.global	WaveDAC8_3_Init
 225              		.thumb
 226              		.thumb_func
 227              		.type	WaveDAC8_3_Init, %function
 228              	WaveDAC8_3_Init:
 229              	.LFB0:
  44:Generated_Source\PSoC5/WaveDAC8_3.c **** 	WaveDAC8_3_VDAC8_Init();
 230              		.loc 1 44 0
 231              		.cfi_startproc
 232              		@ args = 0, pretend = 0, frame = 0
 233              		@ frame_needed = 0, uses_anonymous_args = 0
 234 0000 10B5     		push	{r4, lr}
 235              		.cfi_def_cfa_offset 8
 236              		.cfi_offset 4, -8
 237              		.cfi_offset 14, -4
  45:Generated_Source\PSoC5/WaveDAC8_3.c **** 	WaveDAC8_3_VDAC8_SetSpeed(WaveDAC8_3_HIGHSPEED);
 238              		.loc 1 45 0
 239 0002 FFF7FEFF 		bl	WaveDAC8_3_VDAC8_Init
 240              	.LVL25:
  46:Generated_Source\PSoC5/WaveDAC8_3.c **** 	WaveDAC8_3_VDAC8_SetRange(WaveDAC8_3_DAC_RANGE);
 241              		.loc 1 46 0
 242 0006 0220     		movs	r0, #2
 243 0008 FFF7FEFF 		bl	WaveDAC8_3_VDAC8_SetSpeed
 244              	.LVL26:
  47:Generated_Source\PSoC5/WaveDAC8_3.c **** 
 245              		.loc 1 47 0
 246 000c 0020     		movs	r0, #0
 247 000e FFF7FEFF 		bl	WaveDAC8_3_VDAC8_SetRange
 248              	.LVL27:
  58:Generated_Source\PSoC5/WaveDAC8_3.c **** 	WaveDAC8_3_Wave2TD = CyDmaTdAllocate();
 249              		.loc 1 58 0
 250 0012 FFF7FEFF 		bl	CyDmaTdAllocate
 251              	.LVL28:
 252 0016 084C     		ldr	r4, .L19
 253 0018 A070     		strb	r0, [r4, #2]
  59:Generated_Source\PSoC5/WaveDAC8_3.c **** 	
 254              		.loc 1 59 0
 255 001a FFF7FEFF 		bl	CyDmaTdAllocate
 256              	.LVL29:
 257 001e E070     		strb	r0, [r4, #3]
  62:Generated_Source\PSoC5/WaveDAC8_3.c **** 	WaveDAC8_3_Wave2Setup(WaveDAC8_3_wave2, WaveDAC8_3_WAVE2_LENGTH) ;
 258              		.loc 1 62 0
 259 0020 064C     		ldr	r4, .L19+4
 260 0022 BC21     		movs	r1, #188
 261 0024 2046     		mov	r0, r4
 262 0026 FFF7FEFF 		bl	WaveDAC8_3_Wave1Setup
 263              	.LVL30:
  63:Generated_Source\PSoC5/WaveDAC8_3.c **** 	
 264              		.loc 1 63 0
 265 002a 6421     		movs	r1, #100
 266 002c 04F1BC00 		add	r0, r4, #188
 267 0030 FFF7FEFF 		bl	WaveDAC8_3_Wave2Setup
 268              	.LVL31:
 269 0034 10BD     		pop	{r4, pc}
 270              	.L20:
 271 0036 00BF     		.align	2
ARM GAS  C:\Users\sepp2\AppData\Local\Temp\ccQCQWMk.s 			page 11


 272              	.L19:
 273 0038 00000000 		.word	.LANCHOR0
 274 003c 00000000 		.word	.LANCHOR1
 275              		.cfi_endproc
 276              	.LFE0:
 277              		.size	WaveDAC8_3_Init, .-WaveDAC8_3_Init
 278              		.section	.text.WaveDAC8_3_Start,"ax",%progbits
 279              		.align	2
 280              		.global	WaveDAC8_3_Start
 281              		.thumb
 282              		.thumb_func
 283              		.type	WaveDAC8_3_Start, %function
 284              	WaveDAC8_3_Start:
 285              	.LFB2:
 130:Generated_Source\PSoC5/WaveDAC8_3.c **** 	/* If not Initialized then initialize all required hardware and software */
 286              		.loc 1 130 0
 287              		.cfi_startproc
 288              		@ args = 0, pretend = 0, frame = 0
 289              		@ frame_needed = 0, uses_anonymous_args = 0
 290 0000 08B5     		push	{r3, lr}
 291              		.cfi_def_cfa_offset 8
 292              		.cfi_offset 3, -8
 293              		.cfi_offset 14, -4
 132:Generated_Source\PSoC5/WaveDAC8_3.c **** 	{
 294              		.loc 1 132 0
 295 0002 054B     		ldr	r3, .L24
 296 0004 1B79     		ldrb	r3, [r3, #4]	@ zero_extendqisi2
 297 0006 23B9     		cbnz	r3, .L22
 134:Generated_Source\PSoC5/WaveDAC8_3.c **** 		WaveDAC8_3_initVar = 1u;
 298              		.loc 1 134 0
 299 0008 FFF7FEFF 		bl	WaveDAC8_3_Init
 300              	.LVL32:
 135:Generated_Source\PSoC5/WaveDAC8_3.c **** 	}
 301              		.loc 1 135 0
 302 000c 0122     		movs	r2, #1
 303 000e 024B     		ldr	r3, .L24
 304 0010 1A71     		strb	r2, [r3, #4]
 305              	.L22:
 138:Generated_Source\PSoC5/WaveDAC8_3.c **** }
 306              		.loc 1 138 0
 307 0012 FFF7FEFF 		bl	WaveDAC8_3_Enable
 308              	.LVL33:
 309 0016 08BD     		pop	{r3, pc}
 310              	.L25:
 311              		.align	2
 312              	.L24:
 313 0018 00000000 		.word	.LANCHOR0
 314              		.cfi_endproc
 315              	.LFE2:
 316              		.size	WaveDAC8_3_Start, .-WaveDAC8_3_Start
 317              		.section	.text.WaveDAC8_3_StartEx,"ax",%progbits
 318              		.align	2
 319              		.global	WaveDAC8_3_StartEx
 320              		.thumb
 321              		.thumb_func
 322              		.type	WaveDAC8_3_StartEx, %function
 323              	WaveDAC8_3_StartEx:
ARM GAS  C:\Users\sepp2\AppData\Local\Temp\ccQCQWMk.s 			page 12


 324              	.LFB3:
 165:Generated_Source\PSoC5/WaveDAC8_3.c **** 	WaveDAC8_3_Wave1Setup(wavePtr1, sampleSize1);
 325              		.loc 1 165 0
 326              		.cfi_startproc
 327              		@ args = 0, pretend = 0, frame = 0
 328              		@ frame_needed = 0, uses_anonymous_args = 0
 329              	.LVL34:
 330 0000 38B5     		push	{r3, r4, r5, lr}
 331              		.cfi_def_cfa_offset 16
 332              		.cfi_offset 3, -16
 333              		.cfi_offset 4, -12
 334              		.cfi_offset 5, -8
 335              		.cfi_offset 14, -4
 336 0002 1446     		mov	r4, r2
 337 0004 1D46     		mov	r5, r3
 166:Generated_Source\PSoC5/WaveDAC8_3.c **** 	WaveDAC8_3_Wave2Setup(wavePtr2, sampleSize2);
 338              		.loc 1 166 0
 339 0006 FFF7FEFF 		bl	WaveDAC8_3_Wave1Setup
 340              	.LVL35:
 167:Generated_Source\PSoC5/WaveDAC8_3.c **** 	WaveDAC8_3_Start();
 341              		.loc 1 167 0
 342 000a 2946     		mov	r1, r5
 343 000c 2046     		mov	r0, r4
 344 000e FFF7FEFF 		bl	WaveDAC8_3_Wave2Setup
 345              	.LVL36:
 168:Generated_Source\PSoC5/WaveDAC8_3.c **** }
 346              		.loc 1 168 0
 347 0012 FFF7FEFF 		bl	WaveDAC8_3_Start
 348              	.LVL37:
 349 0016 38BD     		pop	{r3, r4, r5, pc}
 350              		.cfi_endproc
 351              	.LFE3:
 352              		.size	WaveDAC8_3_StartEx, .-WaveDAC8_3_StartEx
 353              		.global	WaveDAC8_3_wave2
 354              		.global	WaveDAC8_3_wave1
 355              		.global	WaveDAC8_3_initVar
 356              		.section	.rodata
 357              		.align	2
 358              		.set	.LANCHOR1,. + 0
 359              		.type	WaveDAC8_3_wave1, %object
 360              		.size	WaveDAC8_3_wave1, 188
 361              	WaveDAC8_3_wave1:
 362 0000 7D       		.byte	125
 363 0001 81       		.byte	-127
 364 0002 85       		.byte	-123
 365 0003 8A       		.byte	-118
 366 0004 8E       		.byte	-114
 367 0005 92       		.byte	-110
 368 0006 96       		.byte	-106
 369 0007 9A       		.byte	-102
 370 0008 9E       		.byte	-98
 371 0009 A2       		.byte	-94
 372 000a A6       		.byte	-90
 373 000b AA       		.byte	-86
 374 000c AE       		.byte	-82
 375 000d B2       		.byte	-78
 376 000e B5       		.byte	-75
ARM GAS  C:\Users\sepp2\AppData\Local\Temp\ccQCQWMk.s 			page 13


 377 000f B9       		.byte	-71
 378 0010 BD       		.byte	-67
 379 0011 C0       		.byte	-64
 380 0012 C4       		.byte	-60
 381 0013 C7       		.byte	-57
 382 0014 CA       		.byte	-54
 383 0015 CE       		.byte	-50
 384 0016 D1       		.byte	-47
 385 0017 D4       		.byte	-44
 386 0018 D7       		.byte	-41
 387 0019 DA       		.byte	-38
 388 001a DC       		.byte	-36
 389 001b DF       		.byte	-33
 390 001c E2       		.byte	-30
 391 001d E4       		.byte	-28
 392 001e E6       		.byte	-26
 393 001f E9       		.byte	-23
 394 0020 EB       		.byte	-21
 395 0021 ED       		.byte	-19
 396 0022 EE       		.byte	-18
 397 0023 F0       		.byte	-16
 398 0024 F2       		.byte	-14
 399 0025 F3       		.byte	-13
 400 0026 F4       		.byte	-12
 401 0027 F6       		.byte	-10
 402 0028 F7       		.byte	-9
 403 0029 F7       		.byte	-9
 404 002a F8       		.byte	-8
 405 002b F9       		.byte	-7
 406 002c F9       		.byte	-7
 407 002d FA       		.byte	-6
 408 002e FA       		.byte	-6
 409 002f FA       		.byte	-6
 410 0030 FA       		.byte	-6
 411 0031 FA       		.byte	-6
 412 0032 F9       		.byte	-7
 413 0033 F9       		.byte	-7
 414 0034 F8       		.byte	-8
 415 0035 F7       		.byte	-9
 416 0036 F7       		.byte	-9
 417 0037 F6       		.byte	-10
 418 0038 F4       		.byte	-12
 419 0039 F3       		.byte	-13
 420 003a F2       		.byte	-14
 421 003b F0       		.byte	-16
 422 003c EE       		.byte	-18
 423 003d ED       		.byte	-19
 424 003e EB       		.byte	-21
 425 003f E9       		.byte	-23
 426 0040 E6       		.byte	-26
 427 0041 E4       		.byte	-28
 428 0042 E2       		.byte	-30
 429 0043 DF       		.byte	-33
 430 0044 DC       		.byte	-36
 431 0045 DA       		.byte	-38
 432 0046 D7       		.byte	-41
 433 0047 D4       		.byte	-44
ARM GAS  C:\Users\sepp2\AppData\Local\Temp\ccQCQWMk.s 			page 14


 434 0048 D1       		.byte	-47
 435 0049 CE       		.byte	-50
 436 004a CA       		.byte	-54
 437 004b C7       		.byte	-57
 438 004c C4       		.byte	-60
 439 004d C0       		.byte	-64
 440 004e BD       		.byte	-67
 441 004f B9       		.byte	-71
 442 0050 B5       		.byte	-75
 443 0051 B2       		.byte	-78
 444 0052 AE       		.byte	-82
 445 0053 AA       		.byte	-86
 446 0054 A6       		.byte	-90
 447 0055 A2       		.byte	-94
 448 0056 9E       		.byte	-98
 449 0057 9A       		.byte	-102
 450 0058 96       		.byte	-106
 451 0059 92       		.byte	-110
 452 005a 8E       		.byte	-114
 453 005b 8A       		.byte	-118
 454 005c 85       		.byte	-123
 455 005d 81       		.byte	-127
 456 005e 7D       		.byte	125
 457 005f 79       		.byte	121
 458 0060 75       		.byte	117
 459 0061 70       		.byte	112
 460 0062 6C       		.byte	108
 461 0063 68       		.byte	104
 462 0064 64       		.byte	100
 463 0065 60       		.byte	96
 464 0066 5C       		.byte	92
 465 0067 58       		.byte	88
 466 0068 54       		.byte	84
 467 0069 50       		.byte	80
 468 006a 4C       		.byte	76
 469 006b 48       		.byte	72
 470 006c 45       		.byte	69
 471 006d 41       		.byte	65
 472 006e 3D       		.byte	61
 473 006f 3A       		.byte	58
 474 0070 36       		.byte	54
 475 0071 33       		.byte	51
 476 0072 30       		.byte	48
 477 0073 2C       		.byte	44
 478 0074 29       		.byte	41
 479 0075 26       		.byte	38
 480 0076 23       		.byte	35
 481 0077 20       		.byte	32
 482 0078 1E       		.byte	30
 483 0079 1B       		.byte	27
 484 007a 18       		.byte	24
 485 007b 16       		.byte	22
 486 007c 14       		.byte	20
 487 007d 11       		.byte	17
 488 007e 0F       		.byte	15
 489 007f 0D       		.byte	13
 490 0080 0C       		.byte	12
ARM GAS  C:\Users\sepp2\AppData\Local\Temp\ccQCQWMk.s 			page 15


 491 0081 0A       		.byte	10
 492 0082 08       		.byte	8
 493 0083 07       		.byte	7
 494 0084 06       		.byte	6
 495 0085 04       		.byte	4
 496 0086 03       		.byte	3
 497 0087 03       		.byte	3
 498 0088 02       		.byte	2
 499 0089 01       		.byte	1
 500 008a 01       		.byte	1
 501 008b 00       		.byte	0
 502 008c 00       		.byte	0
 503 008d 00       		.byte	0
 504 008e 00       		.byte	0
 505 008f 00       		.byte	0
 506 0090 01       		.byte	1
 507 0091 01       		.byte	1
 508 0092 02       		.byte	2
 509 0093 03       		.byte	3
 510 0094 03       		.byte	3
 511 0095 04       		.byte	4
 512 0096 06       		.byte	6
 513 0097 07       		.byte	7
 514 0098 08       		.byte	8
 515 0099 0A       		.byte	10
 516 009a 0C       		.byte	12
 517 009b 0D       		.byte	13
 518 009c 0F       		.byte	15
 519 009d 11       		.byte	17
 520 009e 14       		.byte	20
 521 009f 16       		.byte	22
 522 00a0 18       		.byte	24
 523 00a1 1B       		.byte	27
 524 00a2 1E       		.byte	30
 525 00a3 20       		.byte	32
 526 00a4 23       		.byte	35
 527 00a5 26       		.byte	38
 528 00a6 29       		.byte	41
 529 00a7 2C       		.byte	44
 530 00a8 30       		.byte	48
 531 00a9 33       		.byte	51
 532 00aa 36       		.byte	54
 533 00ab 3A       		.byte	58
 534 00ac 3D       		.byte	61
 535 00ad 41       		.byte	65
 536 00ae 45       		.byte	69
 537 00af 48       		.byte	72
 538 00b0 4C       		.byte	76
 539 00b1 50       		.byte	80
 540 00b2 54       		.byte	84
 541 00b3 58       		.byte	88
 542 00b4 5C       		.byte	92
 543 00b5 60       		.byte	96
 544 00b6 64       		.byte	100
 545 00b7 68       		.byte	104
 546 00b8 6C       		.byte	108
 547 00b9 70       		.byte	112
ARM GAS  C:\Users\sepp2\AppData\Local\Temp\ccQCQWMk.s 			page 16


 548 00ba 75       		.byte	117
 549 00bb 79       		.byte	121
 550              		.type	WaveDAC8_3_wave2, %object
 551              		.size	WaveDAC8_3_wave2, 100
 552              	WaveDAC8_3_wave2:
 553 00bc 80       		.byte	-128
 554 00bd 80       		.byte	-128
 555 00be 80       		.byte	-128
 556 00bf 80       		.byte	-128
 557 00c0 80       		.byte	-128
 558 00c1 80       		.byte	-128
 559 00c2 80       		.byte	-128
 560 00c3 80       		.byte	-128
 561 00c4 80       		.byte	-128
 562 00c5 80       		.byte	-128
 563 00c6 80       		.byte	-128
 564 00c7 80       		.byte	-128
 565 00c8 80       		.byte	-128
 566 00c9 80       		.byte	-128
 567 00ca 80       		.byte	-128
 568 00cb 80       		.byte	-128
 569 00cc 80       		.byte	-128
 570 00cd 80       		.byte	-128
 571 00ce 80       		.byte	-128
 572 00cf 80       		.byte	-128
 573 00d0 80       		.byte	-128
 574 00d1 80       		.byte	-128
 575 00d2 80       		.byte	-128
 576 00d3 80       		.byte	-128
 577 00d4 80       		.byte	-128
 578 00d5 80       		.byte	-128
 579 00d6 80       		.byte	-128
 580 00d7 80       		.byte	-128
 581 00d8 80       		.byte	-128
 582 00d9 80       		.byte	-128
 583 00da 80       		.byte	-128
 584 00db 80       		.byte	-128
 585 00dc 80       		.byte	-128
 586 00dd 80       		.byte	-128
 587 00de 80       		.byte	-128
 588 00df 80       		.byte	-128
 589 00e0 80       		.byte	-128
 590 00e1 80       		.byte	-128
 591 00e2 80       		.byte	-128
 592 00e3 80       		.byte	-128
 593 00e4 80       		.byte	-128
 594 00e5 80       		.byte	-128
 595 00e6 80       		.byte	-128
 596 00e7 80       		.byte	-128
 597 00e8 80       		.byte	-128
 598 00e9 80       		.byte	-128
 599 00ea 80       		.byte	-128
 600 00eb 80       		.byte	-128
 601 00ec 80       		.byte	-128
 602 00ed 80       		.byte	-128
 603 00ee 80       		.byte	-128
 604 00ef 80       		.byte	-128
ARM GAS  C:\Users\sepp2\AppData\Local\Temp\ccQCQWMk.s 			page 17


 605 00f0 80       		.byte	-128
 606 00f1 80       		.byte	-128
 607 00f2 80       		.byte	-128
 608 00f3 80       		.byte	-128
 609 00f4 80       		.byte	-128
 610 00f5 80       		.byte	-128
 611 00f6 80       		.byte	-128
 612 00f7 80       		.byte	-128
 613 00f8 80       		.byte	-128
 614 00f9 80       		.byte	-128
 615 00fa 80       		.byte	-128
 616 00fb 80       		.byte	-128
 617 00fc 80       		.byte	-128
 618 00fd 80       		.byte	-128
 619 00fe 80       		.byte	-128
 620 00ff 80       		.byte	-128
 621 0100 80       		.byte	-128
 622 0101 80       		.byte	-128
 623 0102 80       		.byte	-128
 624 0103 80       		.byte	-128
 625 0104 80       		.byte	-128
 626 0105 80       		.byte	-128
 627 0106 80       		.byte	-128
 628 0107 80       		.byte	-128
 629 0108 80       		.byte	-128
 630 0109 80       		.byte	-128
 631 010a 80       		.byte	-128
 632 010b 80       		.byte	-128
 633 010c 80       		.byte	-128
 634 010d 80       		.byte	-128
 635 010e 80       		.byte	-128
 636 010f 80       		.byte	-128
 637 0110 80       		.byte	-128
 638 0111 80       		.byte	-128
 639 0112 80       		.byte	-128
 640 0113 80       		.byte	-128
 641 0114 80       		.byte	-128
 642 0115 80       		.byte	-128
 643 0116 80       		.byte	-128
 644 0117 80       		.byte	-128
 645 0118 80       		.byte	-128
 646 0119 80       		.byte	-128
 647 011a 80       		.byte	-128
 648 011b 80       		.byte	-128
 649 011c 80       		.byte	-128
 650 011d 80       		.byte	-128
 651 011e 80       		.byte	-128
 652 011f 80       		.byte	-128
 653              		.bss
 654              		.set	.LANCHOR0,. + 0
 655              		.type	WaveDAC8_3_Wave1Chan, %object
 656              		.size	WaveDAC8_3_Wave1Chan, 1
 657              	WaveDAC8_3_Wave1Chan:
 658 0000 00       		.space	1
 659              		.type	WaveDAC8_3_Wave2Chan, %object
 660              		.size	WaveDAC8_3_Wave2Chan, 1
 661              	WaveDAC8_3_Wave2Chan:
ARM GAS  C:\Users\sepp2\AppData\Local\Temp\ccQCQWMk.s 			page 18


 662 0001 00       		.space	1
 663              		.type	WaveDAC8_3_Wave1TD, %object
 664              		.size	WaveDAC8_3_Wave1TD, 1
 665              	WaveDAC8_3_Wave1TD:
 666 0002 00       		.space	1
 667              		.type	WaveDAC8_3_Wave2TD, %object
 668              		.size	WaveDAC8_3_Wave2TD, 1
 669              	WaveDAC8_3_Wave2TD:
 670 0003 00       		.space	1
 671              		.type	WaveDAC8_3_initVar, %object
 672              		.size	WaveDAC8_3_initVar, 1
 673              	WaveDAC8_3_initVar:
 674 0004 00       		.space	1
 675              		.text
 676              	.Letext0:
 677              		.file 2 "Generated_Source\\PSoC5\\cytypes.h"
 678              		.file 3 "Generated_Source\\PSoC5/WaveDAC8_3_VDAC8.h"
 679              		.file 4 "Generated_Source\\PSoC5/CYDMAC.H"
 680              		.file 5 "Generated_Source\\PSoC5/WaveDAC8_3_DacClk.h"
 681              		.file 6 "Generated_Source\\PSoC5/WaveDAC8_3_Wave1_DMA_dma.h"
 682              		.file 7 "Generated_Source\\PSoC5/WaveDAC8_3_Wave2_DMA_dma.h"
 683              		.section	.debug_info,"",%progbits
 684              	.Ldebug_info0:
 685 0000 13050000 		.4byte	0x513
 686 0004 0400     		.2byte	0x4
 687 0006 00000000 		.4byte	.Ldebug_abbrev0
 688 000a 04       		.byte	0x4
 689 000b 01       		.uleb128 0x1
 690 000c F5000000 		.4byte	.LASF53
 691 0010 0C       		.byte	0xc
 692 0011 9B030000 		.4byte	.LASF54
 693 0015 F9020000 		.4byte	.LASF55
 694 0019 00000000 		.4byte	.Ldebug_ranges0+0
 695 001d 00000000 		.4byte	0
 696 0021 00000000 		.4byte	.Ldebug_line0
 697 0025 02       		.uleb128 0x2
 698 0026 01       		.byte	0x1
 699 0027 06       		.byte	0x6
 700 0028 27040000 		.4byte	.LASF0
 701 002c 02       		.uleb128 0x2
 702 002d 01       		.byte	0x1
 703 002e 08       		.byte	0x8
 704 002f 51020000 		.4byte	.LASF1
 705 0033 02       		.uleb128 0x2
 706 0034 02       		.byte	0x2
 707 0035 05       		.byte	0x5
 708 0036 D2030000 		.4byte	.LASF2
 709 003a 02       		.uleb128 0x2
 710 003b 02       		.byte	0x2
 711 003c 07       		.byte	0x7
 712 003d 84000000 		.4byte	.LASF3
 713 0041 02       		.uleb128 0x2
 714 0042 04       		.byte	0x4
 715 0043 05       		.byte	0x5
 716 0044 12040000 		.4byte	.LASF4
 717 0048 02       		.uleb128 0x2
 718 0049 04       		.byte	0x4
ARM GAS  C:\Users\sepp2\AppData\Local\Temp\ccQCQWMk.s 			page 19


 719 004a 07       		.byte	0x7
 720 004b CD010000 		.4byte	.LASF5
 721 004f 02       		.uleb128 0x2
 722 0050 08       		.byte	0x8
 723 0051 05       		.byte	0x5
 724 0052 72030000 		.4byte	.LASF6
 725 0056 02       		.uleb128 0x2
 726 0057 08       		.byte	0x8
 727 0058 07       		.byte	0x7
 728 0059 D0020000 		.4byte	.LASF7
 729 005d 03       		.uleb128 0x3
 730 005e 04       		.byte	0x4
 731 005f 05       		.byte	0x5
 732 0060 696E7400 		.ascii	"int\000"
 733 0064 02       		.uleb128 0x2
 734 0065 04       		.byte	0x4
 735 0066 07       		.byte	0x7
 736 0067 98020000 		.4byte	.LASF8
 737 006b 04       		.uleb128 0x4
 738 006c F0010000 		.4byte	.LASF9
 739 0070 02       		.byte	0x2
 740 0071 E901     		.2byte	0x1e9
 741 0073 2C000000 		.4byte	0x2c
 742 0077 04       		.uleb128 0x4
 743 0078 8A020000 		.4byte	.LASF10
 744 007c 02       		.byte	0x2
 745 007d EA01     		.2byte	0x1ea
 746 007f 3A000000 		.4byte	0x3a
 747 0083 04       		.uleb128 0x4
 748 0084 91020000 		.4byte	.LASF11
 749 0088 02       		.byte	0x2
 750 0089 EB01     		.2byte	0x1eb
 751 008b 48000000 		.4byte	0x48
 752 008f 02       		.uleb128 0x2
 753 0090 04       		.byte	0x4
 754 0091 04       		.byte	0x4
 755 0092 E4000000 		.4byte	.LASF12
 756 0096 02       		.uleb128 0x2
 757 0097 08       		.byte	0x8
 758 0098 04       		.byte	0x4
 759 0099 5F020000 		.4byte	.LASF13
 760 009d 02       		.uleb128 0x2
 761 009e 01       		.byte	0x1
 762 009f 08       		.byte	0x8
 763 00a0 80030000 		.4byte	.LASF14
 764 00a4 02       		.uleb128 0x2
 765 00a5 08       		.byte	0x8
 766 00a6 04       		.byte	0x4
 767 00a7 1B040000 		.4byte	.LASF15
 768 00ab 02       		.uleb128 0x2
 769 00ac 04       		.byte	0x4
 770 00ad 07       		.byte	0x7
 771 00ae 4F030000 		.4byte	.LASF16
 772 00b2 05       		.uleb128 0x5
 773 00b3 E7020000 		.4byte	.LASF17
 774 00b7 01       		.byte	0x1
 775 00b8 56       		.byte	0x56
ARM GAS  C:\Users\sepp2\AppData\Local\Temp\ccQCQWMk.s 			page 20


 776 00b9 00000000 		.4byte	.LFB1
 777 00bd 28000000 		.4byte	.LFE1-.LFB1
 778 00c1 01       		.uleb128 0x1
 779 00c2 9C       		.byte	0x9c
 780 00c3 13010000 		.4byte	0x113
 781 00c7 06       		.uleb128 0x6
 782 00c8 06000000 		.4byte	.LVL0
 783 00cc 66040000 		.4byte	0x466
 784 00d0 07       		.uleb128 0x7
 785 00d1 10000000 		.4byte	.LVL1
 786 00d5 71040000 		.4byte	0x471
 787 00d9 E3000000 		.4byte	0xe3
 788 00dd 08       		.uleb128 0x8
 789 00de 01       		.uleb128 0x1
 790 00df 51       		.byte	0x51
 791 00e0 01       		.uleb128 0x1
 792 00e1 31       		.byte	0x31
 793 00e2 00       		.byte	0
 794 00e3 07       		.uleb128 0x7
 795 00e4 18000000 		.4byte	.LVL2
 796 00e8 71040000 		.4byte	0x471
 797 00ec F6000000 		.4byte	0xf6
 798 00f0 08       		.uleb128 0x8
 799 00f1 01       		.uleb128 0x1
 800 00f2 51       		.byte	0x51
 801 00f3 01       		.uleb128 0x1
 802 00f4 31       		.byte	0x31
 803 00f5 00       		.byte	0
 804 00f6 07       		.uleb128 0x7
 805 00f7 1E000000 		.4byte	.LVL3
 806 00fb 7C040000 		.4byte	0x47c
 807 00ff 09010000 		.4byte	0x109
 808 0103 08       		.uleb128 0x8
 809 0104 01       		.uleb128 0x1
 810 0105 50       		.byte	0x50
 811 0106 01       		.uleb128 0x1
 812 0107 30       		.byte	0x30
 813 0108 00       		.byte	0
 814 0109 06       		.uleb128 0x6
 815 010a 22000000 		.4byte	.LVL4
 816 010e 87040000 		.4byte	0x487
 817 0112 00       		.byte	0
 818 0113 05       		.uleb128 0x5
 819 0114 22000000 		.4byte	.LASF18
 820 0118 01       		.byte	0x1
 821 0119 BB       		.byte	0xbb
 822 011a 00000000 		.4byte	.LFB4
 823 011e 20000000 		.4byte	.LFE4-.LFB4
 824 0122 01       		.uleb128 0x1
 825 0123 9C       		.byte	0x9c
 826 0124 4D010000 		.4byte	0x14d
 827 0128 06       		.uleb128 0x6
 828 0129 06000000 		.4byte	.LVL5
 829 012d 92040000 		.4byte	0x492
 830 0131 06       		.uleb128 0x6
 831 0132 0E000000 		.4byte	.LVL6
 832 0136 9D040000 		.4byte	0x49d
ARM GAS  C:\Users\sepp2\AppData\Local\Temp\ccQCQWMk.s 			page 21


 833 013a 06       		.uleb128 0x6
 834 013b 14000000 		.4byte	.LVL7
 835 013f 9D040000 		.4byte	0x49d
 836 0143 06       		.uleb128 0x6
 837 0144 18000000 		.4byte	.LVL8
 838 0148 A8040000 		.4byte	0x4a8
 839 014c 00       		.byte	0
 840 014d 05       		.uleb128 0x5
 841 014e 0E020000 		.4byte	.LASF19
 842 0152 01       		.byte	0x1
 843 0153 DA       		.byte	0xda
 844 0154 00000000 		.4byte	.LFB5
 845 0158 40000000 		.4byte	.LFE5-.LFB5
 846 015c 01       		.uleb128 0x1
 847 015d 9C       		.byte	0x9c
 848 015e E5010000 		.4byte	0x1e5
 849 0162 09       		.uleb128 0x9
 850 0163 F6010000 		.4byte	.LASF20
 851 0167 01       		.byte	0x1
 852 0168 DA       		.byte	0xda
 853 0169 E5010000 		.4byte	0x1e5
 854 016d 00000000 		.4byte	.LLST0
 855 0171 09       		.uleb128 0x9
 856 0172 EA000000 		.4byte	.LASF21
 857 0176 01       		.byte	0x1
 858 0177 DA       		.byte	0xda
 859 0178 77000000 		.4byte	0x77
 860 017c 2C000000 		.4byte	.LLST1
 861 0180 07       		.uleb128 0x7
 862 0181 14000000 		.4byte	.LVL12
 863 0185 B3040000 		.4byte	0x4b3
 864 0189 A7010000 		.4byte	0x1a7
 865 018d 08       		.uleb128 0x8
 866 018e 01       		.uleb128 0x1
 867 018f 50       		.byte	0x50
 868 0190 01       		.uleb128 0x1
 869 0191 31       		.byte	0x31
 870 0192 08       		.uleb128 0x8
 871 0193 01       		.uleb128 0x1
 872 0194 51       		.byte	0x51
 873 0195 01       		.uleb128 0x1
 874 0196 31       		.byte	0x31
 875 0197 08       		.uleb128 0x8
 876 0198 01       		.uleb128 0x1
 877 0199 52       		.byte	0x52
 878 019a 04       		.uleb128 0x4
 879 019b 75       		.byte	0x75
 880 019c 00       		.sleb128 0
 881 019d 40       		.byte	0x40
 882 019e 25       		.byte	0x25
 883 019f 08       		.uleb128 0x8
 884 01a0 01       		.uleb128 0x1
 885 01a1 53       		.byte	0x53
 886 01a2 03       		.uleb128 0x3
 887 01a3 0A       		.byte	0xa
 888 01a4 0040     		.2byte	0x4000
 889 01a6 00       		.byte	0
ARM GAS  C:\Users\sepp2\AppData\Local\Temp\ccQCQWMk.s 			page 22


 890 01a7 07       		.uleb128 0x7
 891 01a8 24000000 		.4byte	.LVL13
 892 01ac BE040000 		.4byte	0x4be
 893 01b0 C0010000 		.4byte	0x1c0
 894 01b4 08       		.uleb128 0x8
 895 01b5 01       		.uleb128 0x1
 896 01b6 51       		.byte	0x51
 897 01b7 02       		.uleb128 0x2
 898 01b8 76       		.byte	0x76
 899 01b9 00       		.sleb128 0
 900 01ba 08       		.uleb128 0x8
 901 01bb 01       		.uleb128 0x1
 902 01bc 53       		.byte	0x53
 903 01bd 01       		.uleb128 0x1
 904 01be 31       		.byte	0x31
 905 01bf 00       		.byte	0
 906 01c0 07       		.uleb128 0x7
 907 01c1 30000000 		.4byte	.LVL14
 908 01c5 C9040000 		.4byte	0x4c9
 909 01c9 DB010000 		.4byte	0x1db
 910 01cd 08       		.uleb128 0x8
 911 01ce 01       		.uleb128 0x1
 912 01cf 51       		.byte	0x51
 913 01d0 02       		.uleb128 0x2
 914 01d1 75       		.byte	0x75
 915 01d2 00       		.sleb128 0
 916 01d3 08       		.uleb128 0x8
 917 01d4 01       		.uleb128 0x1
 918 01d5 52       		.byte	0x52
 919 01d6 03       		.uleb128 0x3
 920 01d7 0A       		.byte	0xa
 921 01d8 805B     		.2byte	0x5b80
 922 01da 00       		.byte	0
 923 01db 06       		.uleb128 0x6
 924 01dc 38000000 		.4byte	.LVL15
 925 01e0 D4040000 		.4byte	0x4d4
 926 01e4 00       		.byte	0
 927 01e5 0A       		.uleb128 0xa
 928 01e6 04       		.byte	0x4
 929 01e7 EB010000 		.4byte	0x1eb
 930 01eb 0B       		.uleb128 0xb
 931 01ec 6B000000 		.4byte	0x6b
 932 01f0 0C       		.uleb128 0xc
 933 01f1 85030000 		.4byte	.LASF22
 934 01f5 01       		.byte	0x1
 935 01f6 0801     		.2byte	0x108
 936 01f8 00000000 		.4byte	.LFB6
 937 01fc 40000000 		.4byte	.LFE6-.LFB6
 938 0200 01       		.uleb128 0x1
 939 0201 9C       		.byte	0x9c
 940 0202 8B020000 		.4byte	0x28b
 941 0206 0D       		.uleb128 0xd
 942 0207 F6010000 		.4byte	.LASF20
 943 020b 01       		.byte	0x1
 944 020c 0801     		.2byte	0x108
 945 020e E5010000 		.4byte	0x1e5
 946 0212 4D000000 		.4byte	.LLST2
ARM GAS  C:\Users\sepp2\AppData\Local\Temp\ccQCQWMk.s 			page 23


 947 0216 0D       		.uleb128 0xd
 948 0217 EA000000 		.4byte	.LASF21
 949 021b 01       		.byte	0x1
 950 021c 0801     		.2byte	0x108
 951 021e 77000000 		.4byte	0x77
 952 0222 79000000 		.4byte	.LLST3
 953 0226 07       		.uleb128 0x7
 954 0227 14000000 		.4byte	.LVL20
 955 022b DF040000 		.4byte	0x4df
 956 022f 4D020000 		.4byte	0x24d
 957 0233 08       		.uleb128 0x8
 958 0234 01       		.uleb128 0x1
 959 0235 50       		.byte	0x50
 960 0236 01       		.uleb128 0x1
 961 0237 31       		.byte	0x31
 962 0238 08       		.uleb128 0x8
 963 0239 01       		.uleb128 0x1
 964 023a 51       		.byte	0x51
 965 023b 01       		.uleb128 0x1
 966 023c 31       		.byte	0x31
 967 023d 08       		.uleb128 0x8
 968 023e 01       		.uleb128 0x1
 969 023f 52       		.byte	0x52
 970 0240 04       		.uleb128 0x4
 971 0241 75       		.byte	0x75
 972 0242 00       		.sleb128 0
 973 0243 40       		.byte	0x40
 974 0244 25       		.byte	0x25
 975 0245 08       		.uleb128 0x8
 976 0246 01       		.uleb128 0x1
 977 0247 53       		.byte	0x53
 978 0248 03       		.uleb128 0x3
 979 0249 0A       		.byte	0xa
 980 024a 0040     		.2byte	0x4000
 981 024c 00       		.byte	0
 982 024d 07       		.uleb128 0x7
 983 024e 24000000 		.4byte	.LVL21
 984 0252 BE040000 		.4byte	0x4be
 985 0256 66020000 		.4byte	0x266
 986 025a 08       		.uleb128 0x8
 987 025b 01       		.uleb128 0x1
 988 025c 51       		.byte	0x51
 989 025d 02       		.uleb128 0x2
 990 025e 76       		.byte	0x76
 991 025f 00       		.sleb128 0
 992 0260 08       		.uleb128 0x8
 993 0261 01       		.uleb128 0x1
 994 0262 53       		.byte	0x53
 995 0263 01       		.uleb128 0x1
 996 0264 31       		.byte	0x31
 997 0265 00       		.byte	0
 998 0266 07       		.uleb128 0x7
 999 0267 30000000 		.4byte	.LVL22
 1000 026b C9040000 		.4byte	0x4c9
 1001 026f 81020000 		.4byte	0x281
 1002 0273 08       		.uleb128 0x8
 1003 0274 01       		.uleb128 0x1
ARM GAS  C:\Users\sepp2\AppData\Local\Temp\ccQCQWMk.s 			page 24


 1004 0275 51       		.byte	0x51
 1005 0276 02       		.uleb128 0x2
 1006 0277 75       		.byte	0x75
 1007 0278 00       		.sleb128 0
 1008 0279 08       		.uleb128 0x8
 1009 027a 01       		.uleb128 0x1
 1010 027b 52       		.byte	0x52
 1011 027c 03       		.uleb128 0x3
 1012 027d 0A       		.byte	0xa
 1013 027e 805B     		.2byte	0x5b80
 1014 0280 00       		.byte	0
 1015 0281 06       		.uleb128 0x6
 1016 0282 38000000 		.4byte	.LVL23
 1017 0286 D4040000 		.4byte	0x4d4
 1018 028a 00       		.byte	0
 1019 028b 05       		.uleb128 0x5
 1020 028c FE010000 		.4byte	.LASF23
 1021 0290 01       		.byte	0x1
 1022 0291 2B       		.byte	0x2b
 1023 0292 00000000 		.4byte	.LFB0
 1024 0296 40000000 		.4byte	.LFE0-.LFB0
 1025 029a 01       		.uleb128 0x1
 1026 029b 9C       		.byte	0x9c
 1027 029c 13030000 		.4byte	0x313
 1028 02a0 06       		.uleb128 0x6
 1029 02a1 06000000 		.4byte	.LVL25
 1030 02a5 EA040000 		.4byte	0x4ea
 1031 02a9 07       		.uleb128 0x7
 1032 02aa 0C000000 		.4byte	.LVL26
 1033 02ae F5040000 		.4byte	0x4f5
 1034 02b2 BC020000 		.4byte	0x2bc
 1035 02b6 08       		.uleb128 0x8
 1036 02b7 01       		.uleb128 0x1
 1037 02b8 50       		.byte	0x50
 1038 02b9 01       		.uleb128 0x1
 1039 02ba 32       		.byte	0x32
 1040 02bb 00       		.byte	0
 1041 02bc 07       		.uleb128 0x7
 1042 02bd 12000000 		.4byte	.LVL27
 1043 02c1 00050000 		.4byte	0x500
 1044 02c5 CF020000 		.4byte	0x2cf
 1045 02c9 08       		.uleb128 0x8
 1046 02ca 01       		.uleb128 0x1
 1047 02cb 50       		.byte	0x50
 1048 02cc 01       		.uleb128 0x1
 1049 02cd 30       		.byte	0x30
 1050 02ce 00       		.byte	0
 1051 02cf 06       		.uleb128 0x6
 1052 02d0 16000000 		.4byte	.LVL28
 1053 02d4 0B050000 		.4byte	0x50b
 1054 02d8 06       		.uleb128 0x6
 1055 02d9 1E000000 		.4byte	.LVL29
 1056 02dd 0B050000 		.4byte	0x50b
 1057 02e1 07       		.uleb128 0x7
 1058 02e2 2A000000 		.4byte	.LVL30
 1059 02e6 4D010000 		.4byte	0x14d
 1060 02ea FB020000 		.4byte	0x2fb
ARM GAS  C:\Users\sepp2\AppData\Local\Temp\ccQCQWMk.s 			page 25


 1061 02ee 08       		.uleb128 0x8
 1062 02ef 01       		.uleb128 0x1
 1063 02f0 50       		.byte	0x50
 1064 02f1 02       		.uleb128 0x2
 1065 02f2 74       		.byte	0x74
 1066 02f3 00       		.sleb128 0
 1067 02f4 08       		.uleb128 0x8
 1068 02f5 01       		.uleb128 0x1
 1069 02f6 51       		.byte	0x51
 1070 02f7 02       		.uleb128 0x2
 1071 02f8 08       		.byte	0x8
 1072 02f9 BC       		.byte	0xbc
 1073 02fa 00       		.byte	0
 1074 02fb 0E       		.uleb128 0xe
 1075 02fc 34000000 		.4byte	.LVL31
 1076 0300 F0010000 		.4byte	0x1f0
 1077 0304 08       		.uleb128 0x8
 1078 0305 01       		.uleb128 0x1
 1079 0306 50       		.byte	0x50
 1080 0307 03       		.uleb128 0x3
 1081 0308 74       		.byte	0x74
 1082 0309 BC01     		.sleb128 188
 1083 030b 08       		.uleb128 0x8
 1084 030c 01       		.uleb128 0x1
 1085 030d 51       		.byte	0x51
 1086 030e 02       		.uleb128 0x2
 1087 030f 08       		.byte	0x8
 1088 0310 64       		.byte	0x64
 1089 0311 00       		.byte	0
 1090 0312 00       		.byte	0
 1091 0313 05       		.uleb128 0x5
 1092 0314 DF010000 		.4byte	.LASF24
 1093 0318 01       		.byte	0x1
 1094 0319 81       		.byte	0x81
 1095 031a 00000000 		.4byte	.LFB2
 1096 031e 1C000000 		.4byte	.LFE2-.LFB2
 1097 0322 01       		.uleb128 0x1
 1098 0323 9C       		.byte	0x9c
 1099 0324 3B030000 		.4byte	0x33b
 1100 0328 06       		.uleb128 0x6
 1101 0329 0C000000 		.4byte	.LVL32
 1102 032d 8B020000 		.4byte	0x28b
 1103 0331 06       		.uleb128 0x6
 1104 0332 16000000 		.4byte	.LVL33
 1105 0336 B2000000 		.4byte	0xb2
 1106 033a 00       		.byte	0
 1107 033b 05       		.uleb128 0x5
 1108 033c FF030000 		.4byte	.LASF25
 1109 0340 01       		.byte	0x1
 1110 0341 A3       		.byte	0xa3
 1111 0342 00000000 		.4byte	.LFB3
 1112 0346 18000000 		.4byte	.LFE3-.LFB3
 1113 034a 01       		.uleb128 0x1
 1114 034b 9C       		.byte	0x9c
 1115 034c C5030000 		.4byte	0x3c5
 1116 0350 09       		.uleb128 0x9
 1117 0351 C2000000 		.4byte	.LASF26
ARM GAS  C:\Users\sepp2\AppData\Local\Temp\ccQCQWMk.s 			page 26


 1118 0355 01       		.byte	0x1
 1119 0356 A3       		.byte	0xa3
 1120 0357 E5010000 		.4byte	0x1e5
 1121 035b 9A000000 		.4byte	.LLST4
 1122 035f 09       		.uleb128 0x9
 1123 0360 24020000 		.4byte	.LASF27
 1124 0364 01       		.byte	0x1
 1125 0365 A3       		.byte	0xa3
 1126 0366 77000000 		.4byte	0x77
 1127 036a BB000000 		.4byte	.LLST5
 1128 036e 09       		.uleb128 0x9
 1129 036f CB000000 		.4byte	.LASF28
 1130 0373 01       		.byte	0x1
 1131 0374 A3       		.byte	0xa3
 1132 0375 E5010000 		.4byte	0x1e5
 1133 0379 DC000000 		.4byte	.LLST6
 1134 037d 09       		.uleb128 0x9
 1135 037e 30020000 		.4byte	.LASF29
 1136 0382 01       		.byte	0x1
 1137 0383 A3       		.byte	0xa3
 1138 0384 77000000 		.4byte	0x77
 1139 0388 FA000000 		.4byte	.LLST7
 1140 038c 07       		.uleb128 0x7
 1141 038d 0A000000 		.4byte	.LVL35
 1142 0391 4D010000 		.4byte	0x14d
 1143 0395 A1030000 		.4byte	0x3a1
 1144 0399 08       		.uleb128 0x8
 1145 039a 01       		.uleb128 0x1
 1146 039b 50       		.byte	0x50
 1147 039c 03       		.uleb128 0x3
 1148 039d F3       		.byte	0xf3
 1149 039e 01       		.uleb128 0x1
 1150 039f 50       		.byte	0x50
 1151 03a0 00       		.byte	0
 1152 03a1 07       		.uleb128 0x7
 1153 03a2 12000000 		.4byte	.LVL36
 1154 03a6 F0010000 		.4byte	0x1f0
 1155 03aa BB030000 		.4byte	0x3bb
 1156 03ae 08       		.uleb128 0x8
 1157 03af 01       		.uleb128 0x1
 1158 03b0 50       		.byte	0x50
 1159 03b1 02       		.uleb128 0x2
 1160 03b2 74       		.byte	0x74
 1161 03b3 00       		.sleb128 0
 1162 03b4 08       		.uleb128 0x8
 1163 03b5 01       		.uleb128 0x1
 1164 03b6 51       		.byte	0x51
 1165 03b7 02       		.uleb128 0x2
 1166 03b8 75       		.byte	0x75
 1167 03b9 00       		.sleb128 0
 1168 03ba 00       		.byte	0
 1169 03bb 06       		.uleb128 0x6
 1170 03bc 16000000 		.4byte	.LVL37
 1171 03c0 13030000 		.4byte	0x313
 1172 03c4 00       		.byte	0
 1173 03c5 0F       		.uleb128 0xf
 1174 03c6 AD000000 		.4byte	.LASF30
ARM GAS  C:\Users\sepp2\AppData\Local\Temp\ccQCQWMk.s 			page 27


 1175 03ca 01       		.byte	0x1
 1176 03cb 17       		.byte	0x17
 1177 03cc 6B000000 		.4byte	0x6b
 1178 03d0 05       		.uleb128 0x5
 1179 03d1 03       		.byte	0x3
 1180 03d2 00000000 		.4byte	WaveDAC8_3_Wave1Chan
 1181 03d6 0F       		.uleb128 0xf
 1182 03d7 3C020000 		.4byte	.LASF31
 1183 03db 01       		.byte	0x1
 1184 03dc 18       		.byte	0x18
 1185 03dd 6B000000 		.4byte	0x6b
 1186 03e1 05       		.uleb128 0x5
 1187 03e2 03       		.byte	0x3
 1188 03e3 01000000 		.4byte	WaveDAC8_3_Wave2Chan
 1189 03e7 0F       		.uleb128 0xf
 1190 03e8 32000000 		.4byte	.LASF32
 1191 03ec 01       		.byte	0x1
 1192 03ed 19       		.byte	0x19
 1193 03ee 6B000000 		.4byte	0x6b
 1194 03f2 05       		.uleb128 0x5
 1195 03f3 03       		.byte	0x3
 1196 03f4 02000000 		.4byte	WaveDAC8_3_Wave1TD
 1197 03f8 0F       		.uleb128 0xf
 1198 03f9 45000000 		.4byte	.LASF33
 1199 03fd 01       		.byte	0x1
 1200 03fe 1A       		.byte	0x1a
 1201 03ff 6B000000 		.4byte	0x6b
 1202 0403 05       		.uleb128 0x5
 1203 0404 03       		.byte	0x3
 1204 0405 03000000 		.4byte	WaveDAC8_3_Wave2TD
 1205 0409 10       		.uleb128 0x10
 1206 040a BF030000 		.4byte	.LASF34
 1207 040e 01       		.byte	0x1
 1208 040f 12       		.byte	0x12
 1209 0410 6B000000 		.4byte	0x6b
 1210 0414 05       		.uleb128 0x5
 1211 0415 03       		.byte	0x3
 1212 0416 00000000 		.4byte	WaveDAC8_3_initVar
 1213 041a 11       		.uleb128 0x11
 1214 041b EB010000 		.4byte	0x1eb
 1215 041f 2A040000 		.4byte	0x42a
 1216 0423 12       		.uleb128 0x12
 1217 0424 AB000000 		.4byte	0xab
 1218 0428 BB       		.byte	0xbb
 1219 0429 00       		.byte	0
 1220 042a 10       		.uleb128 0x10
 1221 042b 00000000 		.4byte	.LASF35
 1222 042f 01       		.byte	0x1
 1223 0430 14       		.byte	0x14
 1224 0431 3B040000 		.4byte	0x43b
 1225 0435 05       		.uleb128 0x5
 1226 0436 03       		.byte	0x3
 1227 0437 00000000 		.4byte	WaveDAC8_3_wave1
 1228 043b 0B       		.uleb128 0xb
 1229 043c 1A040000 		.4byte	0x41a
 1230 0440 11       		.uleb128 0x11
 1231 0441 EB010000 		.4byte	0x1eb
ARM GAS  C:\Users\sepp2\AppData\Local\Temp\ccQCQWMk.s 			page 28


 1232 0445 50040000 		.4byte	0x450
 1233 0449 12       		.uleb128 0x12
 1234 044a AB000000 		.4byte	0xab
 1235 044e 63       		.byte	0x63
 1236 044f 00       		.byte	0
 1237 0450 10       		.uleb128 0x10
 1238 0451 11000000 		.4byte	.LASF36
 1239 0455 01       		.byte	0x1
 1240 0456 15       		.byte	0x15
 1241 0457 61040000 		.4byte	0x461
 1242 045b 05       		.uleb128 0x5
 1243 045c 03       		.byte	0x3
 1244 045d 00000000 		.4byte	WaveDAC8_3_wave2
 1245 0461 0B       		.uleb128 0xb
 1246 0462 40040000 		.4byte	0x440
 1247 0466 13       		.uleb128 0x13
 1248 0467 65040000 		.4byte	.LASF37
 1249 046b 65040000 		.4byte	.LASF37
 1250 046f 03       		.byte	0x3
 1251 0470 3A       		.byte	0x3a
 1252 0471 13       		.uleb128 0x13
 1253 0472 7C020000 		.4byte	.LASF38
 1254 0476 7C020000 		.4byte	.LASF38
 1255 047a 04       		.byte	0x4
 1256 047b 29       		.byte	0x29
 1257 047c 13       		.uleb128 0x13
 1258 047d 6A000000 		.4byte	.LASF39
 1259 0481 6A000000 		.4byte	.LASF39
 1260 0485 03       		.byte	0x3
 1261 0486 37       		.byte	0x37
 1262 0487 13       		.uleb128 0x13
 1263 0488 83010000 		.4byte	.LASF40
 1264 048c 83010000 		.4byte	.LASF40
 1265 0490 05       		.byte	0x5
 1266 0491 27       		.byte	0x27
 1267 0492 13       		.uleb128 0x13
 1268 0493 A5020000 		.4byte	.LASF41
 1269 0497 A5020000 		.4byte	.LASF41
 1270 049b 05       		.byte	0x5
 1271 049c 28       		.byte	0x28
 1272 049d 13       		.uleb128 0x13
 1273 049e 56040000 		.4byte	.LASF42
 1274 04a2 56040000 		.4byte	.LASF42
 1275 04a6 04       		.byte	0x4
 1276 04a7 2A       		.byte	0x2a
 1277 04a8 13       		.uleb128 0x13
 1278 04a9 66020000 		.4byte	.LASF43
 1279 04ad 66020000 		.4byte	.LASF43
 1280 04b1 03       		.byte	0x3
 1281 04b2 34       		.byte	0x34
 1282 04b3 13       		.uleb128 0x13
 1283 04b4 DC030000 		.4byte	.LASF44
 1284 04b8 DC030000 		.4byte	.LASF44
 1285 04bc 06       		.byte	0x6
 1286 04bd 1E       		.byte	0x1e
 1287 04be 13       		.uleb128 0x13
 1288 04bf B5010000 		.4byte	.LASF45
ARM GAS  C:\Users\sepp2\AppData\Local\Temp\ccQCQWMk.s 			page 29


 1289 04c3 B5010000 		.4byte	.LASF45
 1290 04c7 04       		.byte	0x4
 1291 04c8 3B       		.byte	0x3b
 1292 04c9 13       		.uleb128 0x13
 1293 04ca 58000000 		.4byte	.LASF46
 1294 04ce 58000000 		.4byte	.LASF46
 1295 04d2 04       		.byte	0x4
 1296 04d3 3F       		.byte	0x3f
 1297 04d4 13       		.uleb128 0x13
 1298 04d5 BC020000 		.4byte	.LASF47
 1299 04d9 BC020000 		.4byte	.LASF47
 1300 04dd 04       		.byte	0x4
 1301 04de 2F       		.byte	0x2f
 1302 04df 13       		.uleb128 0x13
 1303 04e0 33040000 		.4byte	.LASF48
 1304 04e4 33040000 		.4byte	.LASF48
 1305 04e8 07       		.byte	0x7
 1306 04e9 1E       		.byte	0x1e
 1307 04ea 13       		.uleb128 0x13
 1308 04eb 97000000 		.4byte	.LASF49
 1309 04ef 97000000 		.4byte	.LASF49
 1310 04f3 03       		.byte	0x3
 1311 04f4 39       		.byte	0x39
 1312 04f5 13       		.uleb128 0x13
 1313 04f6 58030000 		.4byte	.LASF50
 1314 04fa 58030000 		.4byte	.LASF50
 1315 04fe 03       		.byte	0x3
 1316 04ff 35       		.byte	0x35
 1317 0500 13       		.uleb128 0x13
 1318 0501 9B010000 		.4byte	.LASF51
 1319 0505 9B010000 		.4byte	.LASF51
 1320 0509 03       		.byte	0x3
 1321 050a 36       		.byte	0x36
 1322 050b 13       		.uleb128 0x13
 1323 050c D4000000 		.4byte	.LASF52
 1324 0510 D4000000 		.4byte	.LASF52
 1325 0514 04       		.byte	0x4
 1326 0515 38       		.byte	0x38
 1327 0516 00       		.byte	0
 1328              		.section	.debug_abbrev,"",%progbits
 1329              	.Ldebug_abbrev0:
 1330 0000 01       		.uleb128 0x1
 1331 0001 11       		.uleb128 0x11
 1332 0002 01       		.byte	0x1
 1333 0003 25       		.uleb128 0x25
 1334 0004 0E       		.uleb128 0xe
 1335 0005 13       		.uleb128 0x13
 1336 0006 0B       		.uleb128 0xb
 1337 0007 03       		.uleb128 0x3
 1338 0008 0E       		.uleb128 0xe
 1339 0009 1B       		.uleb128 0x1b
 1340 000a 0E       		.uleb128 0xe
 1341 000b 55       		.uleb128 0x55
 1342 000c 17       		.uleb128 0x17
 1343 000d 11       		.uleb128 0x11
 1344 000e 01       		.uleb128 0x1
 1345 000f 10       		.uleb128 0x10
ARM GAS  C:\Users\sepp2\AppData\Local\Temp\ccQCQWMk.s 			page 30


 1346 0010 17       		.uleb128 0x17
 1347 0011 00       		.byte	0
 1348 0012 00       		.byte	0
 1349 0013 02       		.uleb128 0x2
 1350 0014 24       		.uleb128 0x24
 1351 0015 00       		.byte	0
 1352 0016 0B       		.uleb128 0xb
 1353 0017 0B       		.uleb128 0xb
 1354 0018 3E       		.uleb128 0x3e
 1355 0019 0B       		.uleb128 0xb
 1356 001a 03       		.uleb128 0x3
 1357 001b 0E       		.uleb128 0xe
 1358 001c 00       		.byte	0
 1359 001d 00       		.byte	0
 1360 001e 03       		.uleb128 0x3
 1361 001f 24       		.uleb128 0x24
 1362 0020 00       		.byte	0
 1363 0021 0B       		.uleb128 0xb
 1364 0022 0B       		.uleb128 0xb
 1365 0023 3E       		.uleb128 0x3e
 1366 0024 0B       		.uleb128 0xb
 1367 0025 03       		.uleb128 0x3
 1368 0026 08       		.uleb128 0x8
 1369 0027 00       		.byte	0
 1370 0028 00       		.byte	0
 1371 0029 04       		.uleb128 0x4
 1372 002a 16       		.uleb128 0x16
 1373 002b 00       		.byte	0
 1374 002c 03       		.uleb128 0x3
 1375 002d 0E       		.uleb128 0xe
 1376 002e 3A       		.uleb128 0x3a
 1377 002f 0B       		.uleb128 0xb
 1378 0030 3B       		.uleb128 0x3b
 1379 0031 05       		.uleb128 0x5
 1380 0032 49       		.uleb128 0x49
 1381 0033 13       		.uleb128 0x13
 1382 0034 00       		.byte	0
 1383 0035 00       		.byte	0
 1384 0036 05       		.uleb128 0x5
 1385 0037 2E       		.uleb128 0x2e
 1386 0038 01       		.byte	0x1
 1387 0039 3F       		.uleb128 0x3f
 1388 003a 19       		.uleb128 0x19
 1389 003b 03       		.uleb128 0x3
 1390 003c 0E       		.uleb128 0xe
 1391 003d 3A       		.uleb128 0x3a
 1392 003e 0B       		.uleb128 0xb
 1393 003f 3B       		.uleb128 0x3b
 1394 0040 0B       		.uleb128 0xb
 1395 0041 27       		.uleb128 0x27
 1396 0042 19       		.uleb128 0x19
 1397 0043 11       		.uleb128 0x11
 1398 0044 01       		.uleb128 0x1
 1399 0045 12       		.uleb128 0x12
 1400 0046 06       		.uleb128 0x6
 1401 0047 40       		.uleb128 0x40
 1402 0048 18       		.uleb128 0x18
ARM GAS  C:\Users\sepp2\AppData\Local\Temp\ccQCQWMk.s 			page 31


 1403 0049 9742     		.uleb128 0x2117
 1404 004b 19       		.uleb128 0x19
 1405 004c 01       		.uleb128 0x1
 1406 004d 13       		.uleb128 0x13
 1407 004e 00       		.byte	0
 1408 004f 00       		.byte	0
 1409 0050 06       		.uleb128 0x6
 1410 0051 898201   		.uleb128 0x4109
 1411 0054 00       		.byte	0
 1412 0055 11       		.uleb128 0x11
 1413 0056 01       		.uleb128 0x1
 1414 0057 31       		.uleb128 0x31
 1415 0058 13       		.uleb128 0x13
 1416 0059 00       		.byte	0
 1417 005a 00       		.byte	0
 1418 005b 07       		.uleb128 0x7
 1419 005c 898201   		.uleb128 0x4109
 1420 005f 01       		.byte	0x1
 1421 0060 11       		.uleb128 0x11
 1422 0061 01       		.uleb128 0x1
 1423 0062 31       		.uleb128 0x31
 1424 0063 13       		.uleb128 0x13
 1425 0064 01       		.uleb128 0x1
 1426 0065 13       		.uleb128 0x13
 1427 0066 00       		.byte	0
 1428 0067 00       		.byte	0
 1429 0068 08       		.uleb128 0x8
 1430 0069 8A8201   		.uleb128 0x410a
 1431 006c 00       		.byte	0
 1432 006d 02       		.uleb128 0x2
 1433 006e 18       		.uleb128 0x18
 1434 006f 9142     		.uleb128 0x2111
 1435 0071 18       		.uleb128 0x18
 1436 0072 00       		.byte	0
 1437 0073 00       		.byte	0
 1438 0074 09       		.uleb128 0x9
 1439 0075 05       		.uleb128 0x5
 1440 0076 00       		.byte	0
 1441 0077 03       		.uleb128 0x3
 1442 0078 0E       		.uleb128 0xe
 1443 0079 3A       		.uleb128 0x3a
 1444 007a 0B       		.uleb128 0xb
 1445 007b 3B       		.uleb128 0x3b
 1446 007c 0B       		.uleb128 0xb
 1447 007d 49       		.uleb128 0x49
 1448 007e 13       		.uleb128 0x13
 1449 007f 02       		.uleb128 0x2
 1450 0080 17       		.uleb128 0x17
 1451 0081 00       		.byte	0
 1452 0082 00       		.byte	0
 1453 0083 0A       		.uleb128 0xa
 1454 0084 0F       		.uleb128 0xf
 1455 0085 00       		.byte	0
 1456 0086 0B       		.uleb128 0xb
 1457 0087 0B       		.uleb128 0xb
 1458 0088 49       		.uleb128 0x49
 1459 0089 13       		.uleb128 0x13
ARM GAS  C:\Users\sepp2\AppData\Local\Temp\ccQCQWMk.s 			page 32


 1460 008a 00       		.byte	0
 1461 008b 00       		.byte	0
 1462 008c 0B       		.uleb128 0xb
 1463 008d 26       		.uleb128 0x26
 1464 008e 00       		.byte	0
 1465 008f 49       		.uleb128 0x49
 1466 0090 13       		.uleb128 0x13
 1467 0091 00       		.byte	0
 1468 0092 00       		.byte	0
 1469 0093 0C       		.uleb128 0xc
 1470 0094 2E       		.uleb128 0x2e
 1471 0095 01       		.byte	0x1
 1472 0096 3F       		.uleb128 0x3f
 1473 0097 19       		.uleb128 0x19
 1474 0098 03       		.uleb128 0x3
 1475 0099 0E       		.uleb128 0xe
 1476 009a 3A       		.uleb128 0x3a
 1477 009b 0B       		.uleb128 0xb
 1478 009c 3B       		.uleb128 0x3b
 1479 009d 05       		.uleb128 0x5
 1480 009e 27       		.uleb128 0x27
 1481 009f 19       		.uleb128 0x19
 1482 00a0 11       		.uleb128 0x11
 1483 00a1 01       		.uleb128 0x1
 1484 00a2 12       		.uleb128 0x12
 1485 00a3 06       		.uleb128 0x6
 1486 00a4 40       		.uleb128 0x40
 1487 00a5 18       		.uleb128 0x18
 1488 00a6 9742     		.uleb128 0x2117
 1489 00a8 19       		.uleb128 0x19
 1490 00a9 01       		.uleb128 0x1
 1491 00aa 13       		.uleb128 0x13
 1492 00ab 00       		.byte	0
 1493 00ac 00       		.byte	0
 1494 00ad 0D       		.uleb128 0xd
 1495 00ae 05       		.uleb128 0x5
 1496 00af 00       		.byte	0
 1497 00b0 03       		.uleb128 0x3
 1498 00b1 0E       		.uleb128 0xe
 1499 00b2 3A       		.uleb128 0x3a
 1500 00b3 0B       		.uleb128 0xb
 1501 00b4 3B       		.uleb128 0x3b
 1502 00b5 05       		.uleb128 0x5
 1503 00b6 49       		.uleb128 0x49
 1504 00b7 13       		.uleb128 0x13
 1505 00b8 02       		.uleb128 0x2
 1506 00b9 17       		.uleb128 0x17
 1507 00ba 00       		.byte	0
 1508 00bb 00       		.byte	0
 1509 00bc 0E       		.uleb128 0xe
 1510 00bd 898201   		.uleb128 0x4109
 1511 00c0 01       		.byte	0x1
 1512 00c1 11       		.uleb128 0x11
 1513 00c2 01       		.uleb128 0x1
 1514 00c3 31       		.uleb128 0x31
 1515 00c4 13       		.uleb128 0x13
 1516 00c5 00       		.byte	0
ARM GAS  C:\Users\sepp2\AppData\Local\Temp\ccQCQWMk.s 			page 33


 1517 00c6 00       		.byte	0
 1518 00c7 0F       		.uleb128 0xf
 1519 00c8 34       		.uleb128 0x34
 1520 00c9 00       		.byte	0
 1521 00ca 03       		.uleb128 0x3
 1522 00cb 0E       		.uleb128 0xe
 1523 00cc 3A       		.uleb128 0x3a
 1524 00cd 0B       		.uleb128 0xb
 1525 00ce 3B       		.uleb128 0x3b
 1526 00cf 0B       		.uleb128 0xb
 1527 00d0 49       		.uleb128 0x49
 1528 00d1 13       		.uleb128 0x13
 1529 00d2 02       		.uleb128 0x2
 1530 00d3 18       		.uleb128 0x18
 1531 00d4 00       		.byte	0
 1532 00d5 00       		.byte	0
 1533 00d6 10       		.uleb128 0x10
 1534 00d7 34       		.uleb128 0x34
 1535 00d8 00       		.byte	0
 1536 00d9 03       		.uleb128 0x3
 1537 00da 0E       		.uleb128 0xe
 1538 00db 3A       		.uleb128 0x3a
 1539 00dc 0B       		.uleb128 0xb
 1540 00dd 3B       		.uleb128 0x3b
 1541 00de 0B       		.uleb128 0xb
 1542 00df 49       		.uleb128 0x49
 1543 00e0 13       		.uleb128 0x13
 1544 00e1 3F       		.uleb128 0x3f
 1545 00e2 19       		.uleb128 0x19
 1546 00e3 02       		.uleb128 0x2
 1547 00e4 18       		.uleb128 0x18
 1548 00e5 00       		.byte	0
 1549 00e6 00       		.byte	0
 1550 00e7 11       		.uleb128 0x11
 1551 00e8 01       		.uleb128 0x1
 1552 00e9 01       		.byte	0x1
 1553 00ea 49       		.uleb128 0x49
 1554 00eb 13       		.uleb128 0x13
 1555 00ec 01       		.uleb128 0x1
 1556 00ed 13       		.uleb128 0x13
 1557 00ee 00       		.byte	0
 1558 00ef 00       		.byte	0
 1559 00f0 12       		.uleb128 0x12
 1560 00f1 21       		.uleb128 0x21
 1561 00f2 00       		.byte	0
 1562 00f3 49       		.uleb128 0x49
 1563 00f4 13       		.uleb128 0x13
 1564 00f5 2F       		.uleb128 0x2f
 1565 00f6 0B       		.uleb128 0xb
 1566 00f7 00       		.byte	0
 1567 00f8 00       		.byte	0
 1568 00f9 13       		.uleb128 0x13
 1569 00fa 2E       		.uleb128 0x2e
 1570 00fb 00       		.byte	0
 1571 00fc 3F       		.uleb128 0x3f
 1572 00fd 19       		.uleb128 0x19
 1573 00fe 3C       		.uleb128 0x3c
ARM GAS  C:\Users\sepp2\AppData\Local\Temp\ccQCQWMk.s 			page 34


 1574 00ff 19       		.uleb128 0x19
 1575 0100 6E       		.uleb128 0x6e
 1576 0101 0E       		.uleb128 0xe
 1577 0102 03       		.uleb128 0x3
 1578 0103 0E       		.uleb128 0xe
 1579 0104 3A       		.uleb128 0x3a
 1580 0105 0B       		.uleb128 0xb
 1581 0106 3B       		.uleb128 0x3b
 1582 0107 0B       		.uleb128 0xb
 1583 0108 00       		.byte	0
 1584 0109 00       		.byte	0
 1585 010a 00       		.byte	0
 1586              		.section	.debug_loc,"",%progbits
 1587              	.Ldebug_loc0:
 1588              	.LLST0:
 1589 0000 00000000 		.4byte	.LVL9
 1590 0004 10000000 		.4byte	.LVL11
 1591 0008 0100     		.2byte	0x1
 1592 000a 50       		.byte	0x50
 1593 000b 10000000 		.4byte	.LVL11
 1594 000f 3A000000 		.4byte	.LVL16
 1595 0013 0100     		.2byte	0x1
 1596 0015 55       		.byte	0x55
 1597 0016 3A000000 		.4byte	.LVL16
 1598 001a 40000000 		.4byte	.LFE5
 1599 001e 0400     		.2byte	0x4
 1600 0020 F3       		.byte	0xf3
 1601 0021 01       		.uleb128 0x1
 1602 0022 50       		.byte	0x50
 1603 0023 9F       		.byte	0x9f
 1604 0024 00000000 		.4byte	0
 1605 0028 00000000 		.4byte	0
 1606              	.LLST1:
 1607 002c 00000000 		.4byte	.LVL9
 1608 0030 0E000000 		.4byte	.LVL10
 1609 0034 0100     		.2byte	0x1
 1610 0036 51       		.byte	0x51
 1611 0037 0E000000 		.4byte	.LVL10
 1612 003b 40000000 		.4byte	.LFE5
 1613 003f 0400     		.2byte	0x4
 1614 0041 F3       		.byte	0xf3
 1615 0042 01       		.uleb128 0x1
 1616 0043 51       		.byte	0x51
 1617 0044 9F       		.byte	0x9f
 1618 0045 00000000 		.4byte	0
 1619 0049 00000000 		.4byte	0
 1620              	.LLST2:
 1621 004d 00000000 		.4byte	.LVL17
 1622 0051 10000000 		.4byte	.LVL19
 1623 0055 0100     		.2byte	0x1
 1624 0057 50       		.byte	0x50
 1625 0058 10000000 		.4byte	.LVL19
 1626 005c 3A000000 		.4byte	.LVL24
 1627 0060 0100     		.2byte	0x1
 1628 0062 55       		.byte	0x55
 1629 0063 3A000000 		.4byte	.LVL24
 1630 0067 40000000 		.4byte	.LFE6
ARM GAS  C:\Users\sepp2\AppData\Local\Temp\ccQCQWMk.s 			page 35


 1631 006b 0400     		.2byte	0x4
 1632 006d F3       		.byte	0xf3
 1633 006e 01       		.uleb128 0x1
 1634 006f 50       		.byte	0x50
 1635 0070 9F       		.byte	0x9f
 1636 0071 00000000 		.4byte	0
 1637 0075 00000000 		.4byte	0
 1638              	.LLST3:
 1639 0079 00000000 		.4byte	.LVL17
 1640 007d 0E000000 		.4byte	.LVL18
 1641 0081 0100     		.2byte	0x1
 1642 0083 51       		.byte	0x51
 1643 0084 0E000000 		.4byte	.LVL18
 1644 0088 40000000 		.4byte	.LFE6
 1645 008c 0400     		.2byte	0x4
 1646 008e F3       		.byte	0xf3
 1647 008f 01       		.uleb128 0x1
 1648 0090 51       		.byte	0x51
 1649 0091 9F       		.byte	0x9f
 1650 0092 00000000 		.4byte	0
 1651 0096 00000000 		.4byte	0
 1652              	.LLST4:
 1653 009a 00000000 		.4byte	.LVL34
 1654 009e 09000000 		.4byte	.LVL35-1
 1655 00a2 0100     		.2byte	0x1
 1656 00a4 50       		.byte	0x50
 1657 00a5 09000000 		.4byte	.LVL35-1
 1658 00a9 18000000 		.4byte	.LFE3
 1659 00ad 0400     		.2byte	0x4
 1660 00af F3       		.byte	0xf3
 1661 00b0 01       		.uleb128 0x1
 1662 00b1 50       		.byte	0x50
 1663 00b2 9F       		.byte	0x9f
 1664 00b3 00000000 		.4byte	0
 1665 00b7 00000000 		.4byte	0
 1666              	.LLST5:
 1667 00bb 00000000 		.4byte	.LVL34
 1668 00bf 09000000 		.4byte	.LVL35-1
 1669 00c3 0100     		.2byte	0x1
 1670 00c5 51       		.byte	0x51
 1671 00c6 09000000 		.4byte	.LVL35-1
 1672 00ca 18000000 		.4byte	.LFE3
 1673 00ce 0400     		.2byte	0x4
 1674 00d0 F3       		.byte	0xf3
 1675 00d1 01       		.uleb128 0x1
 1676 00d2 51       		.byte	0x51
 1677 00d3 9F       		.byte	0x9f
 1678 00d4 00000000 		.4byte	0
 1679 00d8 00000000 		.4byte	0
 1680              	.LLST6:
 1681 00dc 00000000 		.4byte	.LVL34
 1682 00e0 09000000 		.4byte	.LVL35-1
 1683 00e4 0100     		.2byte	0x1
 1684 00e6 52       		.byte	0x52
 1685 00e7 09000000 		.4byte	.LVL35-1
 1686 00eb 18000000 		.4byte	.LFE3
 1687 00ef 0100     		.2byte	0x1
ARM GAS  C:\Users\sepp2\AppData\Local\Temp\ccQCQWMk.s 			page 36


 1688 00f1 54       		.byte	0x54
 1689 00f2 00000000 		.4byte	0
 1690 00f6 00000000 		.4byte	0
 1691              	.LLST7:
 1692 00fa 00000000 		.4byte	.LVL34
 1693 00fe 09000000 		.4byte	.LVL35-1
 1694 0102 0100     		.2byte	0x1
 1695 0104 53       		.byte	0x53
 1696 0105 09000000 		.4byte	.LVL35-1
 1697 0109 18000000 		.4byte	.LFE3
 1698 010d 0400     		.2byte	0x4
 1699 010f F3       		.byte	0xf3
 1700 0110 01       		.uleb128 0x1
 1701 0111 53       		.byte	0x53
 1702 0112 9F       		.byte	0x9f
 1703 0113 00000000 		.4byte	0
 1704 0117 00000000 		.4byte	0
 1705              		.section	.debug_aranges,"",%progbits
 1706 0000 4C000000 		.4byte	0x4c
 1707 0004 0200     		.2byte	0x2
 1708 0006 00000000 		.4byte	.Ldebug_info0
 1709 000a 04       		.byte	0x4
 1710 000b 00       		.byte	0
 1711 000c 0000     		.2byte	0
 1712 000e 0000     		.2byte	0
 1713 0010 00000000 		.4byte	.LFB1
 1714 0014 28000000 		.4byte	.LFE1-.LFB1
 1715 0018 00000000 		.4byte	.LFB4
 1716 001c 20000000 		.4byte	.LFE4-.LFB4
 1717 0020 00000000 		.4byte	.LFB5
 1718 0024 40000000 		.4byte	.LFE5-.LFB5
 1719 0028 00000000 		.4byte	.LFB6
 1720 002c 40000000 		.4byte	.LFE6-.LFB6
 1721 0030 00000000 		.4byte	.LFB0
 1722 0034 40000000 		.4byte	.LFE0-.LFB0
 1723 0038 00000000 		.4byte	.LFB2
 1724 003c 1C000000 		.4byte	.LFE2-.LFB2
 1725 0040 00000000 		.4byte	.LFB3
 1726 0044 18000000 		.4byte	.LFE3-.LFB3
 1727 0048 00000000 		.4byte	0
 1728 004c 00000000 		.4byte	0
 1729              		.section	.debug_ranges,"",%progbits
 1730              	.Ldebug_ranges0:
 1731 0000 00000000 		.4byte	.LFB1
 1732 0004 28000000 		.4byte	.LFE1
 1733 0008 00000000 		.4byte	.LFB4
 1734 000c 20000000 		.4byte	.LFE4
 1735 0010 00000000 		.4byte	.LFB5
 1736 0014 40000000 		.4byte	.LFE5
 1737 0018 00000000 		.4byte	.LFB6
 1738 001c 40000000 		.4byte	.LFE6
 1739 0020 00000000 		.4byte	.LFB0
 1740 0024 40000000 		.4byte	.LFE0
 1741 0028 00000000 		.4byte	.LFB2
 1742 002c 1C000000 		.4byte	.LFE2
 1743 0030 00000000 		.4byte	.LFB3
 1744 0034 18000000 		.4byte	.LFE3
ARM GAS  C:\Users\sepp2\AppData\Local\Temp\ccQCQWMk.s 			page 37


 1745 0038 00000000 		.4byte	0
 1746 003c 00000000 		.4byte	0
 1747              		.section	.debug_line,"",%progbits
 1748              	.Ldebug_line0:
 1749 0000 5C010000 		.section	.debug_str,"MS",%progbits,1
 1749      0200BC00 
 1749      00000201 
 1749      FB0E0D00 
 1749      01010101 
 1750              	.LASF35:
 1751 0000 57617665 		.ascii	"WaveDAC8_3_wave1\000"
 1751      44414338 
 1751      5F335F77 
 1751      61766531 
 1751      00
 1752              	.LASF36:
 1753 0011 57617665 		.ascii	"WaveDAC8_3_wave2\000"
 1753      44414338 
 1753      5F335F77 
 1753      61766532 
 1753      00
 1754              	.LASF18:
 1755 0022 57617665 		.ascii	"WaveDAC8_3_Stop\000"
 1755      44414338 
 1755      5F335F53 
 1755      746F7000 
 1756              	.LASF32:
 1757 0032 57617665 		.ascii	"WaveDAC8_3_Wave1TD\000"
 1757      44414338 
 1757      5F335F57 
 1757      61766531 
 1757      544400
 1758              	.LASF33:
 1759 0045 57617665 		.ascii	"WaveDAC8_3_Wave2TD\000"
 1759      44414338 
 1759      5F335F57 
 1759      61766532 
 1759      544400
 1760              	.LASF46:
 1761 0058 4379446D 		.ascii	"CyDmaTdSetAddress\000"
 1761      61546453 
 1761      65744164 
 1761      64726573 
 1761      7300
 1762              	.LASF39:
 1763 006a 57617665 		.ascii	"WaveDAC8_3_VDAC8_SetValue\000"
 1763      44414338 
 1763      5F335F56 
 1763      44414338 
 1763      5F536574 
 1764              	.LASF3:
 1765 0084 73686F72 		.ascii	"short unsigned int\000"
 1765      7420756E 
 1765      7369676E 
 1765      65642069 
 1765      6E7400
 1766              	.LASF49:
ARM GAS  C:\Users\sepp2\AppData\Local\Temp\ccQCQWMk.s 			page 38


 1767 0097 57617665 		.ascii	"WaveDAC8_3_VDAC8_Init\000"
 1767      44414338 
 1767      5F335F56 
 1767      44414338 
 1767      5F496E69 
 1768              	.LASF30:
 1769 00ad 57617665 		.ascii	"WaveDAC8_3_Wave1Chan\000"
 1769      44414338 
 1769      5F335F57 
 1769      61766531 
 1769      4368616E 
 1770              	.LASF26:
 1771 00c2 77617665 		.ascii	"wavePtr1\000"
 1771      50747231 
 1771      00
 1772              	.LASF28:
 1773 00cb 77617665 		.ascii	"wavePtr2\000"
 1773      50747232 
 1773      00
 1774              	.LASF52:
 1775 00d4 4379446D 		.ascii	"CyDmaTdAllocate\000"
 1775      61546441 
 1775      6C6C6F63 
 1775      61746500 
 1776              	.LASF12:
 1777 00e4 666C6F61 		.ascii	"float\000"
 1777      7400
 1778              	.LASF21:
 1779 00ea 73616D70 		.ascii	"sampleSize\000"
 1779      6C655369 
 1779      7A6500
 1780              	.LASF53:
 1781 00f5 474E5520 		.ascii	"GNU C11 5.4.1 20160609 (release) [ARM/embedded-5-br"
 1781      43313120 
 1781      352E342E 
 1781      31203230 
 1781      31363036 
 1782 0128 616E6368 		.ascii	"anch revision 237715] -mcpu=cortex-m3 -mthumb -g -O"
 1782      20726576 
 1782      6973696F 
 1782      6E203233 
 1782      37373135 
 1783 015b 67202D66 		.ascii	"g -ffunction-sections -ffat-lto-objects\000"
 1783      66756E63 
 1783      74696F6E 
 1783      2D736563 
 1783      74696F6E 
 1784              	.LASF40:
 1785 0183 57617665 		.ascii	"WaveDAC8_3_DacClk_Start\000"
 1785      44414338 
 1785      5F335F44 
 1785      6163436C 
 1785      6B5F5374 
 1786              	.LASF51:
 1787 019b 57617665 		.ascii	"WaveDAC8_3_VDAC8_SetRange\000"
 1787      44414338 
 1787      5F335F56 
ARM GAS  C:\Users\sepp2\AppData\Local\Temp\ccQCQWMk.s 			page 39


 1787      44414338 
 1787      5F536574 
 1788              	.LASF45:
 1789 01b5 4379446D 		.ascii	"CyDmaTdSetConfiguration\000"
 1789      61546453 
 1789      6574436F 
 1789      6E666967 
 1789      75726174 
 1790              	.LASF5:
 1791 01cd 6C6F6E67 		.ascii	"long unsigned int\000"
 1791      20756E73 
 1791      69676E65 
 1791      6420696E 
 1791      7400
 1792              	.LASF24:
 1793 01df 57617665 		.ascii	"WaveDAC8_3_Start\000"
 1793      44414338 
 1793      5F335F53 
 1793      74617274 
 1793      00
 1794              	.LASF9:
 1795 01f0 75696E74 		.ascii	"uint8\000"
 1795      3800
 1796              	.LASF20:
 1797 01f6 77617665 		.ascii	"wavePtr\000"
 1797      50747200 
 1798              	.LASF23:
 1799 01fe 57617665 		.ascii	"WaveDAC8_3_Init\000"
 1799      44414338 
 1799      5F335F49 
 1799      6E697400 
 1800              	.LASF19:
 1801 020e 57617665 		.ascii	"WaveDAC8_3_Wave1Setup\000"
 1801      44414338 
 1801      5F335F57 
 1801      61766531 
 1801      53657475 
 1802              	.LASF27:
 1803 0224 73616D70 		.ascii	"sampleSize1\000"
 1803      6C655369 
 1803      7A653100 
 1804              	.LASF29:
 1805 0230 73616D70 		.ascii	"sampleSize2\000"
 1805      6C655369 
 1805      7A653200 
 1806              	.LASF31:
 1807 023c 57617665 		.ascii	"WaveDAC8_3_Wave2Chan\000"
 1807      44414338 
 1807      5F335F57 
 1807      61766532 
 1807      4368616E 
 1808              	.LASF1:
 1809 0251 756E7369 		.ascii	"unsigned char\000"
 1809      676E6564 
 1809      20636861 
 1809      7200
 1810              	.LASF13:
ARM GAS  C:\Users\sepp2\AppData\Local\Temp\ccQCQWMk.s 			page 40


 1811 025f 646F7562 		.ascii	"double\000"
 1811      6C6500
 1812              	.LASF43:
 1813 0266 57617665 		.ascii	"WaveDAC8_3_VDAC8_Stop\000"
 1813      44414338 
 1813      5F335F56 
 1813      44414338 
 1813      5F53746F 
 1814              	.LASF38:
 1815 027c 4379446D 		.ascii	"CyDmaChEnable\000"
 1815      61436845 
 1815      6E61626C 
 1815      6500
 1816              	.LASF10:
 1817 028a 75696E74 		.ascii	"uint16\000"
 1817      313600
 1818              	.LASF11:
 1819 0291 75696E74 		.ascii	"uint32\000"
 1819      333200
 1820              	.LASF8:
 1821 0298 756E7369 		.ascii	"unsigned int\000"
 1821      676E6564 
 1821      20696E74 
 1821      00
 1822              	.LASF41:
 1823 02a5 57617665 		.ascii	"WaveDAC8_3_DacClk_Stop\000"
 1823      44414338 
 1823      5F335F44 
 1823      6163436C 
 1823      6B5F5374 
 1824              	.LASF47:
 1825 02bc 4379446D 		.ascii	"CyDmaChSetInitialTd\000"
 1825      61436853 
 1825      6574496E 
 1825      69746961 
 1825      6C546400 
 1826              	.LASF7:
 1827 02d0 6C6F6E67 		.ascii	"long long unsigned int\000"
 1827      206C6F6E 
 1827      6720756E 
 1827      7369676E 
 1827      65642069 
 1828              	.LASF17:
 1829 02e7 57617665 		.ascii	"WaveDAC8_3_Enable\000"
 1829      44414338 
 1829      5F335F45 
 1829      6E61626C 
 1829      6500
 1830              	.LASF55:
 1831 02f9 433A5C55 		.ascii	"C:\\Users\\sepp2\\Desktop\\Schule\\DIC\\4BHEL\\In_B"
 1831      73657273 
 1831      5C736570 
 1831      70325C44 
 1831      65736B74 
 1832 0325 65617262 		.ascii	"earbeitung\\PSOC\\Synthie\\Synthesizer.cydsn\000"
 1832      65697475 
 1832      6E675C50 
ARM GAS  C:\Users\sepp2\AppData\Local\Temp\ccQCQWMk.s 			page 41


 1832      534F435C 
 1832      53796E74 
 1833              	.LASF16:
 1834 034f 73697A65 		.ascii	"sizetype\000"
 1834      74797065 
 1834      00
 1835              	.LASF50:
 1836 0358 57617665 		.ascii	"WaveDAC8_3_VDAC8_SetSpeed\000"
 1836      44414338 
 1836      5F335F56 
 1836      44414338 
 1836      5F536574 
 1837              	.LASF6:
 1838 0372 6C6F6E67 		.ascii	"long long int\000"
 1838      206C6F6E 
 1838      6720696E 
 1838      7400
 1839              	.LASF14:
 1840 0380 63686172 		.ascii	"char\000"
 1840      00
 1841              	.LASF22:
 1842 0385 57617665 		.ascii	"WaveDAC8_3_Wave2Setup\000"
 1842      44414338 
 1842      5F335F57 
 1842      61766532 
 1842      53657475 
 1843              	.LASF54:
 1844 039b 47656E65 		.ascii	"Generated_Source\\PSoC5\\WaveDAC8_3.c\000"
 1844      72617465 
 1844      645F536F 
 1844      75726365 
 1844      5C50536F 
 1845              	.LASF34:
 1846 03bf 57617665 		.ascii	"WaveDAC8_3_initVar\000"
 1846      44414338 
 1846      5F335F69 
 1846      6E697456 
 1846      617200
 1847              	.LASF2:
 1848 03d2 73686F72 		.ascii	"short int\000"
 1848      7420696E 
 1848      7400
 1849              	.LASF44:
 1850 03dc 57617665 		.ascii	"WaveDAC8_3_Wave1_DMA_DmaInitialize\000"
 1850      44414338 
 1850      5F335F57 
 1850      61766531 
 1850      5F444D41 
 1851              	.LASF25:
 1852 03ff 57617665 		.ascii	"WaveDAC8_3_StartEx\000"
 1852      44414338 
 1852      5F335F53 
 1852      74617274 
 1852      457800
 1853              	.LASF4:
 1854 0412 6C6F6E67 		.ascii	"long int\000"
 1854      20696E74 
ARM GAS  C:\Users\sepp2\AppData\Local\Temp\ccQCQWMk.s 			page 42


 1854      00
 1855              	.LASF15:
 1856 041b 6C6F6E67 		.ascii	"long double\000"
 1856      20646F75 
 1856      626C6500 
 1857              	.LASF0:
 1858 0427 7369676E 		.ascii	"signed char\000"
 1858      65642063 
 1858      68617200 
 1859              	.LASF48:
 1860 0433 57617665 		.ascii	"WaveDAC8_3_Wave2_DMA_DmaInitialize\000"
 1860      44414338 
 1860      5F335F57 
 1860      61766532 
 1860      5F444D41 
 1861              	.LASF42:
 1862 0456 4379446D 		.ascii	"CyDmaChDisable\000"
 1862      61436844 
 1862      69736162 
 1862      6C6500
 1863              	.LASF37:
 1864 0465 57617665 		.ascii	"WaveDAC8_3_VDAC8_Enable\000"
 1864      44414338 
 1864      5F335F56 
 1864      44414338 
 1864      5F456E61 
 1865              		.ident	"GCC: (GNU Tools for ARM Embedded Processors) 5.4.1 20160609 (release) [ARM/embedded-5-bran
