--------------- Build Started: 04/20/2025 23:04:36 Project: Synthesizer, Configuration: ARM GCC 5.4-2016-q2-update Debug ---------------
The code generation step is up to date.
arm-none-eabi-gcc.exe -mcpu=cortex-m3 -mthumb -I. -IGenerated_Source\PSoC5 -Wa,-alh=.\CortexM3\ARM_GCC_541\Debug/main.lst -g -D DEBUG -D CY_CORE_ID=0 -Wall -ffunction-sections -ffat-lto-objects -Og -c main.c -o .\CortexM3\ARM_GCC_541\Debug\main.o
arm-none-eabi-gcc.exe -mcpu=cortex-m3 -mthumb -I. -IGenerated_Source\PSoC5 -Wa,-alh=.\CortexM3\ARM_GCC_541\Debug/Music_Pieces.lst -g -D DEBUG -D CY_CORE_ID=0 -Wall -ffunction-sections -ffat-lto-objects -Og -c Music_Pieces.c -o .\CortexM3\ARM_GCC_541\Debug\Music_Pieces.o
Music_Pieces.c: In function 'play_Narcotic':
Music_Pieces.c:24:9: warning: unused variable 'bpm' [-Wunused-variable]
     int bpm = 102;
         ^
arm-none-eabi-gcc.exe -mcpu=cortex-m3 -mthumb -I. -IGenerated_Source\PSoC5 -Wa,-alh=.\CortexM3\ARM_GCC_541\Debug/Helpers.lst -g -D DEBUG -D CY_CORE_ID=0 -Wall -ffunction-sections -ffat-lto-objects -Og -c Helpers.c -o .\CortexM3\ARM_GCC_541\Debug\Helpers.o
arm-none-eabi-ar.exe -rs .\CortexM3\ARM_GCC_541\Debug\Synthesizer.a .\CortexM3\ARM_GCC_541\Debug\CyDmac.o .\CortexM3\ARM_GCC_541\Debug\CyFlash.o .\CortexM3\ARM_GCC_541\Debug\CyLib.o .\CortexM3\ARM_GCC_541\Debug\cyPm.o .\CortexM3\ARM_GCC_541\Debug\CySpc.o .\CortexM3\ARM_GCC_541\Debug\cyutils.o .\CortexM3\ARM_GCC_541\Debug\cy_em_eeprom.o .\CortexM3\ARM_GCC_541\Debug\LINE_OUT.o .\CortexM3\ARM_GCC_541\Debug\WaveDAC8_2.o .\CortexM3\ARM_GCC_541\Debug\WaveDAC8_2_PM.o .\CortexM3\ARM_GCC_541\Debug\WaveDAC8_3.o .\CortexM3\ARM_GCC_541\Debug\WaveDAC8_3_PM.o .\CortexM3\ARM_GCC_541\Debug\WaveDAC8_1.o .\CortexM3\ARM_GCC_541\Debug\WaveDAC8_1_PM.o .\CortexM3\ARM_GCC_541\Debug\LINE_IN.o .\CortexM3\ARM_GCC_541\Debug\WaveDAC8_2_DacClk.o .\CortexM3\ARM_GCC_541\Debug\WaveDAC8_2_Wave1_DMA_dma.o .\CortexM3\ARM_GCC_541\Debug\WaveDAC8_2_Wave2_DMA_dma.o .\CortexM3\ARM_GCC_541\Debug\WaveDAC8_2_VDAC8.o .\CortexM3\ARM_GCC_541\Debug\WaveDAC8_2_VDAC8_PM.o .\CortexM3\ARM_GCC_541\Debug\WaveDAC8_3_DacClk.o .\CortexM3\ARM_GCC_541\Debug\WaveDAC8_3_Wave1_DMA_dma.o .\CortexM3\ARM_GCC_541\Debug\WaveDAC8_3_Wave2_DMA_dma.o .\CortexM3\ARM_GCC_541\Debug\WaveDAC8_3_VDAC8.o .\CortexM3\ARM_GCC_541\Debug\WaveDAC8_3_VDAC8_PM.o .\CortexM3\ARM_GCC_541\Debug\WaveDAC8_1_DacClk.o .\CortexM3\ARM_GCC_541\Debug\WaveDAC8_1_Wave1_DMA_dma.o .\CortexM3\ARM_GCC_541\Debug\WaveDAC8_1_Wave2_DMA_dma.o .\CortexM3\ARM_GCC_541\Debug\WaveDAC8_1_VDAC8.o .\CortexM3\ARM_GCC_541\Debug\WaveDAC8_1_VDAC8_PM.o .\CortexM3\ARM_GCC_541\Debug\WaveDAC8_4.o .\CortexM3\ARM_GCC_541\Debug\WaveDAC8_4_PM.o .\CortexM3\ARM_GCC_541\Debug\WaveDAC8_4_DacClk.o .\CortexM3\ARM_GCC_541\Debug\WaveDAC8_4_Wave1_DMA_dma.o .\CortexM3\ARM_GCC_541\Debug\WaveDAC8_4_Wave2_DMA_dma.o .\CortexM3\ARM_GCC_541\Debug\WaveDAC8_4_VDAC8.o .\CortexM3\ARM_GCC_541\Debug\WaveDAC8_4_VDAC8_PM.o .\CortexM3\ARM_GCC_541\Debug\CyBootAsmGnu.o
arm-none-eabi-ar.exe: creating .\CortexM3\ARM_GCC_541\Debug\Synthesizer.a
arm-none-eabi-gcc.exe -Wl,--start-group -o C:\Users\sepp2\Desktop\Schule\DIC\4BHEL\In_Bearbeitung\PSOC\Synthie\Synthesizer.cydsn\CortexM3\ARM_GCC_541\Debug\Synthesizer.elf .\CortexM3\ARM_GCC_541\Debug\main.o .\CortexM3\ARM_GCC_541\Debug\Music_Pieces.o .\CortexM3\ARM_GCC_541\Debug\Helpers.o .\CortexM3\ARM_GCC_541\Debug\cyfitter_cfg.o .\CortexM3\ARM_GCC_541\Debug\cymetadata.o .\CortexM3\ARM_GCC_541\Debug\Cm3Start.o .\CortexM3\ARM_GCC_541\Debug\Synthesizer.a "C:\Program Files (x86)\Cypress\PSoC Creator\4.4\PSoC Creator\psoc\content\cycomponentlibrary\CyComponentLibrary.cylib\CortexM3\ARM_GCC_541\Debug\CyComponentLibrary.a" -mcpu=cortex-m3 -mthumb -L Generated_Source\PSoC5 -Wl,-Map,.\CortexM3\ARM_GCC_541\Debug/Synthesizer.map -T Generated_Source\PSoC5\cm3gcc.ld -specs=nano.specs -Wl,--gc-sections -g -ffunction-sections -Og -ffat-lto-objects -Wl,--end-group
cyelftool.exe -C C:\Users\sepp2\Desktop\Schule\DIC\4BHEL\In_Bearbeitung\PSOC\Synthie\Synthesizer.cydsn\CortexM3\ARM_GCC_541\Debug\Synthesizer.elf --flash_row_size 256 --flash_size 262144 --flash_offset 0x00000000
No ELF section .cychecksum found, creating one
Application checksum calculated and stored in ELF section .cychecksum
Checksum calculated and stored in ELF section .cymeta
cyelftool.exe -S C:\Users\sepp2\Desktop\Schule\DIC\4BHEL\In_Bearbeitung\PSOC\Synthie\Synthesizer.cydsn\CortexM3\ARM_GCC_541\Debug\Synthesizer.elf
Flash used: 11822 of 262144 bytes (4,5 %).
SRAM used: 2769 of 65536 bytes (4,2 %). Stack: 2048 bytes. Heap: 128 bytes.
--------------- Build Succeeded: 04/20/2025 23:04:38 ---------------
